
AVRASM ver. 2.1.30  C:\Users\Alireza\Desktop\MicroProcessorLabProjects\Project5\CodeVision\Version-1.0.0\Debug\List\PWM_DC_Motor.asm Sun Nov 03 20:22:53 2019

C:\Users\Alireza\Desktop\MicroProcessorLabProjects\Project5\CodeVision\Version-1.0.0\Debug\List\PWM_DC_Motor.asm(1088): warning: Register r4 already defined by the .DEF directive
C:\Users\Alireza\Desktop\MicroProcessorLabProjects\Project5\CodeVision\Version-1.0.0\Debug\List\PWM_DC_Motor.asm(1089): warning: Register r5 already defined by the .DEF directive
C:\Users\Alireza\Desktop\MicroProcessorLabProjects\Project5\CodeVision\Version-1.0.0\Debug\List\PWM_DC_Motor.asm(1090): warning: Register r6 already defined by the .DEF directive
C:\Users\Alireza\Desktop\MicroProcessorLabProjects\Project5\CodeVision\Version-1.0.0\Debug\List\PWM_DC_Motor.asm(1091): warning: Register r7 already defined by the .DEF directive
C:\Users\Alireza\Desktop\MicroProcessorLabProjects\Project5\CodeVision\Version-1.0.0\Debug\List\PWM_DC_Motor.asm(1092): warning: Register r8 already defined by the .DEF directive
C:\Users\Alireza\Desktop\MicroProcessorLabProjects\Project5\CodeVision\Version-1.0.0\Debug\List\PWM_DC_Motor.asm(1093): warning: Register r9 already defined by the .DEF directive
C:\Users\Alireza\Desktop\MicroProcessorLabProjects\Project5\CodeVision\Version-1.0.0\Debug\List\PWM_DC_Motor.asm(1094): warning: Register r11 already defined by the .DEF directive
C:\Users\Alireza\Desktop\MicroProcessorLabProjects\Project5\CodeVision\Version-1.0.0\Debug\List\PWM_DC_Motor.asm(1095): warning: Register r10 already defined by the .DEF directive
C:\Users\Alireza\Desktop\MicroProcessorLabProjects\Project5\CodeVision\Version-1.0.0\Debug\List\PWM_DC_Motor.asm(1096): warning: Register r13 already defined by the .DEF directive
C:\Users\Alireza\Desktop\MicroProcessorLabProjects\Project5\CodeVision\Version-1.0.0\Debug\List\PWM_DC_Motor.asm(1097): warning: Register r12 already defined by the .DEF directive
                 
                 
                 ;CodeVisionAVR C Compiler V3.12 Advanced
                 ;(C) Copyright 1998-2014 Pavel Haiduc, HP InfoTech s.r.l.
                 ;http://www.hpinfotech.com
                 
                 ;Build configuration    : Debug
                 ;Chip type              : ATmega16
                 ;Program type           : Application
                 ;Clock frequency        : 8/000000 MHz
                 ;Memory model           : Small
                 ;Optimize for           : Size
                 ;(s)printf features     : int, width
                 ;(s)scanf features      : int, width
                 ;External RAM size      : 0
                 ;Data Stack size        : 256 byte(s)
                 ;Heap size              : 0 byte(s)
                 ;Promote 'char' to 'int': Yes
                 ;'char' is unsigned     : Yes
                 ;8 bit enums            : Yes
                 ;Global 'const' stored in FLASH: No
                 ;Enhanced function parameter passing: Yes
                 ;Enhanced core instructions: On
                 ;Automatic register allocation for global variables: On
                 ;Smart register allocation: On
                 
                 	#define _MODEL_SMALL_
                 
                 	#pragma AVRPART ADMIN PART_NAME ATmega16
                 	#pragma AVRPART MEMORY PROG_FLASH 16384
                 	#pragma AVRPART MEMORY EEPROM 512
                 	#pragma AVRPART MEMORY INT_SRAM SIZE 1024
                 	#pragma AVRPART MEMORY INT_SRAM START_ADDR 0x60
                 
                 	#define CALL_SUPPORTED 1
                 
                 	.LISTMAC
                 	.EQU UDRE=0x5
                 	.EQU RXC=0x7
                 	.EQU USR=0xB
                 	.EQU UDR=0xC
                 	.EQU SPSR=0xE
                 	.EQU SPDR=0xF
                 	.EQU EERE=0x0
                 	.EQU EEWE=0x1
                 	.EQU EEMWE=0x2
                 	.EQU EECR=0x1C
                 	.EQU EEDR=0x1D
                 	.EQU EEARL=0x1E
                 	.EQU EEARH=0x1F
                 	.EQU WDTCR=0x21
                 	.EQU MCUCR=0x35
                 	.EQU GICR=0x3B
                 	.EQU SPL=0x3D
                 	.EQU SPH=0x3E
                 	.EQU SREG=0x3F
                 
                 	.DEF R0X0=R0
                 	.DEF R0X1=R1
                 	.DEF R0X2=R2
                 	.DEF R0X3=R3
                 	.DEF R0X4=R4
                 	.DEF R0X5=R5
                 	.DEF R0X6=R6
                 	.DEF R0X7=R7
                 	.DEF R0X8=R8
                 	.DEF R0X9=R9
                 	.DEF R0XA=R10
                 	.DEF R0XB=R11
                 	.DEF R0XC=R12
                 	.DEF R0XD=R13
                 	.DEF R0XE=R14
                 	.DEF R0XF=R15
                 	.DEF R0X10=R16
                 	.DEF R0X11=R17
                 	.DEF R0X12=R18
                 	.DEF R0X13=R19
                 	.DEF R0X14=R20
                 	.DEF R0X15=R21
                 	.DEF R0X16=R22
                 	.DEF R0X17=R23
                 	.DEF R0X18=R24
                 	.DEF R0X19=R25
                 	.DEF R0X1A=R26
                 	.DEF R0X1B=R27
                 	.DEF R0X1C=R28
                 	.DEF R0X1D=R29
                 	.DEF R0X1E=R30
                 	.DEF R0X1F=R31
                 
                 	.EQU __SRAM_START=0x0060
                 	.EQU __SRAM_END=0x045F
                 	.EQU __DSTACK_SIZE=0x0100
                 	.EQU __HEAP_SIZE=0x0000
                 	.EQU __CLEAR_SRAM_SIZE=__SRAM_END-__SRAM_START+1
                 
                 	.MACRO __CPD1N
                 	CPI  R30,LOW(@0)
                 	LDI  R26,HIGH(@0)
                 	CPC  R31,R26
                 	LDI  R26,BYTE3(@0)
                 	CPC  R22,R26
                 	LDI  R26,BYTE4(@0)
                 	CPC  R23,R26
                 	.ENDM
                 
                 	.MACRO __CPD2N
                 	CPI  R26,LOW(@0)
                 	LDI  R30,HIGH(@0)
                 	CPC  R27,R30
                 	LDI  R30,BYTE3(@0)
                 	CPC  R24,R30
                 	LDI  R30,BYTE4(@0)
                 	CPC  R25,R30
                 	.ENDM
                 
                 	.MACRO __CPWRR
                 	CP   R@0,R@2
                 	CPC  R@1,R@3
                 	.ENDM
                 
                 	.MACRO __CPWRN
                 	CPI  R@0,LOW(@2)
                 	LDI  R30,HIGH(@2)
                 	CPC  R@1,R30
                 	.ENDM
                 
                 	.MACRO __ADDB1MN
                 	SUBI R30,LOW(-@0-(@1))
                 	.ENDM
                 
                 	.MACRO __ADDB2MN
                 	SUBI R26,LOW(-@0-(@1))
                 	.ENDM
                 
                 	.MACRO __ADDW1MN
                 	SUBI R30,LOW(-@0-(@1))
                 	SBCI R31,HIGH(-@0-(@1))
                 	.ENDM
                 
                 	.MACRO __ADDW2MN
                 	SUBI R26,LOW(-@0-(@1))
                 	SBCI R27,HIGH(-@0-(@1))
                 	.ENDM
                 
                 	.MACRO __ADDW1FN
                 	SUBI R30,LOW(-2*@0-(@1))
                 	SBCI R31,HIGH(-2*@0-(@1))
                 	.ENDM
                 
                 	.MACRO __ADDD1FN
                 	SUBI R30,LOW(-2*@0-(@1))
                 	SBCI R31,HIGH(-2*@0-(@1))
                 	SBCI R22,BYTE3(-2*@0-(@1))
                 	.ENDM
                 
                 	.MACRO __ADDD1N
                 	SUBI R30,LOW(-@0)
                 	SBCI R31,HIGH(-@0)
                 	SBCI R22,BYTE3(-@0)
                 	SBCI R23,BYTE4(-@0)
                 	.ENDM
                 
                 	.MACRO __ADDD2N
                 	SUBI R26,LOW(-@0)
                 	SBCI R27,HIGH(-@0)
                 	SBCI R24,BYTE3(-@0)
                 	SBCI R25,BYTE4(-@0)
                 	.ENDM
                 
                 	.MACRO __SUBD1N
                 	SUBI R30,LOW(@0)
                 	SBCI R31,HIGH(@0)
                 	SBCI R22,BYTE3(@0)
                 	SBCI R23,BYTE4(@0)
                 	.ENDM
                 
                 	.MACRO __SUBD2N
                 	SUBI R26,LOW(@0)
                 	SBCI R27,HIGH(@0)
                 	SBCI R24,BYTE3(@0)
                 	SBCI R25,BYTE4(@0)
                 	.ENDM
                 
                 	.MACRO __ANDBMNN
                 	LDS  R30,@0+(@1)
                 	ANDI R30,LOW(@2)
                 	STS  @0+(@1),R30
                 	.ENDM
                 
                 	.MACRO __ANDWMNN
                 	LDS  R30,@0+(@1)
                 	ANDI R30,LOW(@2)
                 	STS  @0+(@1),R30
                 	LDS  R30,@0+(@1)+1
                 	ANDI R30,HIGH(@2)
                 	STS  @0+(@1)+1,R30
                 	.ENDM
                 
                 	.MACRO __ANDD1N
                 	ANDI R30,LOW(@0)
                 	ANDI R31,HIGH(@0)
                 	ANDI R22,BYTE3(@0)
                 	ANDI R23,BYTE4(@0)
                 	.ENDM
                 
                 	.MACRO __ANDD2N
                 	ANDI R26,LOW(@0)
                 	ANDI R27,HIGH(@0)
                 	ANDI R24,BYTE3(@0)
                 	ANDI R25,BYTE4(@0)
                 	.ENDM
                 
                 	.MACRO __ORBMNN
                 	LDS  R30,@0+(@1)
                 	ORI  R30,LOW(@2)
                 	STS  @0+(@1),R30
                 	.ENDM
                 
                 	.MACRO __ORWMNN
                 	LDS  R30,@0+(@1)
                 	ORI  R30,LOW(@2)
                 	STS  @0+(@1),R30
                 	LDS  R30,@0+(@1)+1
                 	ORI  R30,HIGH(@2)
                 	STS  @0+(@1)+1,R30
                 	.ENDM
                 
                 	.MACRO __ORD1N
                 	ORI  R30,LOW(@0)
                 	ORI  R31,HIGH(@0)
                 	ORI  R22,BYTE3(@0)
                 	ORI  R23,BYTE4(@0)
                 	.ENDM
                 
                 	.MACRO __ORD2N
                 	ORI  R26,LOW(@0)
                 	ORI  R27,HIGH(@0)
                 	ORI  R24,BYTE3(@0)
                 	ORI  R25,BYTE4(@0)
                 	.ENDM
                 
                 	.MACRO __DELAY_USB
                 	LDI  R24,LOW(@0)
                 __DELAY_USB_LOOP:
                 	DEC  R24
                 	BRNE __DELAY_USB_LOOP
                 	.ENDM
                 
                 	.MACRO __DELAY_USW
                 	LDI  R24,LOW(@0)
                 	LDI  R25,HIGH(@0)
                 __DELAY_USW_LOOP:
                 	SBIW R24,1
                 	BRNE __DELAY_USW_LOOP
                 	.ENDM
                 
                 	.MACRO __GETD1S
                 	LDD  R30,Y+@0
                 	LDD  R31,Y+@0+1
                 	LDD  R22,Y+@0+2
                 	LDD  R23,Y+@0+3
                 	.ENDM
                 
                 	.MACRO __GETD2S
                 	LDD  R26,Y+@0
                 	LDD  R27,Y+@0+1
                 	LDD  R24,Y+@0+2
                 	LDD  R25,Y+@0+3
                 	.ENDM
                 
                 	.MACRO __PUTD1S
                 	STD  Y+@0,R30
                 	STD  Y+@0+1,R31
                 	STD  Y+@0+2,R22
                 	STD  Y+@0+3,R23
                 	.ENDM
                 
                 	.MACRO __PUTD2S
                 	STD  Y+@0,R26
                 	STD  Y+@0+1,R27
                 	STD  Y+@0+2,R24
                 	STD  Y+@0+3,R25
                 	.ENDM
                 
                 	.MACRO __PUTDZ2
                 	STD  Z+@0,R26
                 	STD  Z+@0+1,R27
                 	STD  Z+@0+2,R24
                 	STD  Z+@0+3,R25
                 	.ENDM
                 
                 	.MACRO __CLRD1S
                 	STD  Y+@0,R30
                 	STD  Y+@0+1,R30
                 	STD  Y+@0+2,R30
                 	STD  Y+@0+3,R30
                 	.ENDM
                 
                 	.MACRO __POINTB1MN
                 	LDI  R30,LOW(@0+(@1))
                 	.ENDM
                 
                 	.MACRO __POINTW1MN
                 	LDI  R30,LOW(@0+(@1))
                 	LDI  R31,HIGH(@0+(@1))
                 	.ENDM
                 
                 	.MACRO __POINTD1M
                 	LDI  R30,LOW(@0)
                 	LDI  R31,HIGH(@0)
                 	LDI  R22,BYTE3(@0)
                 	LDI  R23,BYTE4(@0)
                 	.ENDM
                 
                 	.MACRO __POINTW1FN
                 	LDI  R30,LOW(2*@0+(@1))
                 	LDI  R31,HIGH(2*@0+(@1))
                 	.ENDM
                 
                 	.MACRO __POINTD1FN
                 	LDI  R30,LOW(2*@0+(@1))
                 	LDI  R31,HIGH(2*@0+(@1))
                 	LDI  R22,BYTE3(2*@0+(@1))
                 	LDI  R23,BYTE4(2*@0+(@1))
                 	.ENDM
                 
                 	.MACRO __POINTB2MN
                 	LDI  R26,LOW(@0+(@1))
                 	.ENDM
                 
                 	.MACRO __POINTW2MN
                 	LDI  R26,LOW(@0+(@1))
                 	LDI  R27,HIGH(@0+(@1))
                 	.ENDM
                 
                 	.MACRO __POINTW2FN
                 	LDI  R26,LOW(2*@0+(@1))
                 	LDI  R27,HIGH(2*@0+(@1))
                 	.ENDM
                 
                 	.MACRO __POINTD2FN
                 	LDI  R26,LOW(2*@0+(@1))
                 	LDI  R27,HIGH(2*@0+(@1))
                 	LDI  R24,BYTE3(2*@0+(@1))
                 	LDI  R25,BYTE4(2*@0+(@1))
                 	.ENDM
                 
                 	.MACRO __POINTBRM
                 	LDI  R@0,LOW(@1)
                 	.ENDM
                 
                 	.MACRO __POINTWRM
                 	LDI  R@0,LOW(@2)
                 	LDI  R@1,HIGH(@2)
                 	.ENDM
                 
                 	.MACRO __POINTBRMN
                 	LDI  R@0,LOW(@1+(@2))
                 	.ENDM
                 
                 	.MACRO __POINTWRMN
                 	LDI  R@0,LOW(@2+(@3))
                 	LDI  R@1,HIGH(@2+(@3))
                 	.ENDM
                 
                 	.MACRO __POINTWRFN
                 	LDI  R@0,LOW(@2*2+(@3))
                 	LDI  R@1,HIGH(@2*2+(@3))
                 	.ENDM
                 
                 	.MACRO __GETD1N
                 	LDI  R30,LOW(@0)
                 	LDI  R31,HIGH(@0)
                 	LDI  R22,BYTE3(@0)
                 	LDI  R23,BYTE4(@0)
                 	.ENDM
                 
                 	.MACRO __GETD2N
                 	LDI  R26,LOW(@0)
                 	LDI  R27,HIGH(@0)
                 	LDI  R24,BYTE3(@0)
                 	LDI  R25,BYTE4(@0)
                 	.ENDM
                 
                 	.MACRO __GETB1MN
                 	LDS  R30,@0+(@1)
                 	.ENDM
                 
                 	.MACRO __GETB1HMN
                 	LDS  R31,@0+(@1)
                 	.ENDM
                 
                 	.MACRO __GETW1MN
                 	LDS  R30,@0+(@1)
                 	LDS  R31,@0+(@1)+1
                 	.ENDM
                 
                 	.MACRO __GETD1MN
                 	LDS  R30,@0+(@1)
                 	LDS  R31,@0+(@1)+1
                 	LDS  R22,@0+(@1)+2
                 	LDS  R23,@0+(@1)+3
                 	.ENDM
                 
                 	.MACRO __GETBRMN
                 	LDS  R@0,@1+(@2)
                 	.ENDM
                 
                 	.MACRO __GETWRMN
                 	LDS  R@0,@2+(@3)
                 	LDS  R@1,@2+(@3)+1
                 	.ENDM
                 
                 	.MACRO __GETWRZ
                 	LDD  R@0,Z+@2
                 	LDD  R@1,Z+@2+1
                 	.ENDM
                 
                 	.MACRO __GETD2Z
                 	LDD  R26,Z+@0
                 	LDD  R27,Z+@0+1
                 	LDD  R24,Z+@0+2
                 	LDD  R25,Z+@0+3
                 	.ENDM
                 
                 	.MACRO __GETB2MN
                 	LDS  R26,@0+(@1)
                 	.ENDM
                 
                 	.MACRO __GETW2MN
                 	LDS  R26,@0+(@1)
                 	LDS  R27,@0+(@1)+1
                 	.ENDM
                 
                 	.MACRO __GETD2MN
                 	LDS  R26,@0+(@1)
                 	LDS  R27,@0+(@1)+1
                 	LDS  R24,@0+(@1)+2
                 	LDS  R25,@0+(@1)+3
                 	.ENDM
                 
                 	.MACRO __PUTB1MN
                 	STS  @0+(@1),R30
                 	.ENDM
                 
                 	.MACRO __PUTW1MN
                 	STS  @0+(@1),R30
                 	STS  @0+(@1)+1,R31
                 	.ENDM
                 
                 	.MACRO __PUTD1MN
                 	STS  @0+(@1),R30
                 	STS  @0+(@1)+1,R31
                 	STS  @0+(@1)+2,R22
                 	STS  @0+(@1)+3,R23
                 	.ENDM
                 
                 	.MACRO __PUTB1EN
                 	LDI  R26,LOW(@0+(@1))
                 	LDI  R27,HIGH(@0+(@1))
                 	CALL __EEPROMWRB
                 	.ENDM
                 
                 	.MACRO __PUTW1EN
                 	LDI  R26,LOW(@0+(@1))
                 	LDI  R27,HIGH(@0+(@1))
                 	CALL __EEPROMWRW
                 	.ENDM
                 
                 	.MACRO __PUTD1EN
                 	LDI  R26,LOW(@0+(@1))
                 	LDI  R27,HIGH(@0+(@1))
                 	CALL __EEPROMWRD
                 	.ENDM
                 
                 	.MACRO __PUTBR0MN
                 	STS  @0+(@1),R0
                 	.ENDM
                 
                 	.MACRO __PUTBMRN
                 	STS  @0+(@1),R@2
                 	.ENDM
                 
                 	.MACRO __PUTWMRN
                 	STS  @0+(@1),R@2
                 	STS  @0+(@1)+1,R@3
                 	.ENDM
                 
                 	.MACRO __PUTBZR
                 	STD  Z+@1,R@0
                 	.ENDM
                 
                 	.MACRO __PUTWZR
                 	STD  Z+@2,R@0
                 	STD  Z+@2+1,R@1
                 	.ENDM
                 
                 	.MACRO __GETW1R
                 	MOV  R30,R@0
                 	MOV  R31,R@1
                 	.ENDM
                 
                 	.MACRO __GETW2R
                 	MOV  R26,R@0
                 	MOV  R27,R@1
                 	.ENDM
                 
                 	.MACRO __GETWRN
                 	LDI  R@0,LOW(@2)
                 	LDI  R@1,HIGH(@2)
                 	.ENDM
                 
                 	.MACRO __PUTW1R
                 	MOV  R@0,R30
                 	MOV  R@1,R31
                 	.ENDM
                 
                 	.MACRO __PUTW2R
                 	MOV  R@0,R26
                 	MOV  R@1,R27
                 	.ENDM
                 
                 	.MACRO __ADDWRN
                 	SUBI R@0,LOW(-@2)
                 	SBCI R@1,HIGH(-@2)
                 	.ENDM
                 
                 	.MACRO __ADDWRR
                 	ADD  R@0,R@2
                 	ADC  R@1,R@3
                 	.ENDM
                 
                 	.MACRO __SUBWRN
                 	SUBI R@0,LOW(@2)
                 	SBCI R@1,HIGH(@2)
                 	.ENDM
                 
                 	.MACRO __SUBWRR
                 	SUB  R@0,R@2
                 	SBC  R@1,R@3
                 	.ENDM
                 
                 	.MACRO __ANDWRN
                 	ANDI R@0,LOW(@2)
                 	ANDI R@1,HIGH(@2)
                 	.ENDM
                 
                 	.MACRO __ANDWRR
                 	AND  R@0,R@2
                 	AND  R@1,R@3
                 	.ENDM
                 
                 	.MACRO __ORWRN
                 	ORI  R@0,LOW(@2)
                 	ORI  R@1,HIGH(@2)
                 	.ENDM
                 
                 	.MACRO __ORWRR
                 	OR   R@0,R@2
                 	OR   R@1,R@3
                 	.ENDM
                 
                 	.MACRO __EORWRR
                 	EOR  R@0,R@2
                 	EOR  R@1,R@3
                 	.ENDM
                 
                 	.MACRO __GETWRS
                 	LDD  R@0,Y+@2
                 	LDD  R@1,Y+@2+1
                 	.ENDM
                 
                 	.MACRO __PUTBSR
                 	STD  Y+@1,R@0
                 	.ENDM
                 
                 	.MACRO __PUTWSR
                 	STD  Y+@2,R@0
                 	STD  Y+@2+1,R@1
                 	.ENDM
                 
                 	.MACRO __MOVEWRR
                 	MOV  R@0,R@2
                 	MOV  R@1,R@3
                 	.ENDM
                 
                 	.MACRO __INWR
                 	IN   R@0,@2
                 	IN   R@1,@2+1
                 	.ENDM
                 
                 	.MACRO __OUTWR
                 	OUT  @2+1,R@1
                 	OUT  @2,R@0
                 	.ENDM
                 
                 	.MACRO __CALL1MN
                 	LDS  R30,@0+(@1)
                 	LDS  R31,@0+(@1)+1
                 	ICALL
                 	.ENDM
                 
                 	.MACRO __CALL1FN
                 	LDI  R30,LOW(2*@0+(@1))
                 	LDI  R31,HIGH(2*@0+(@1))
                 	CALL __GETW1PF
                 	ICALL
                 	.ENDM
                 
                 	.MACRO __CALL2EN
                 	PUSH R26
                 	PUSH R27
                 	LDI  R26,LOW(@0+(@1))
                 	LDI  R27,HIGH(@0+(@1))
                 	CALL __EEPROMRDW
                 	POP  R27
                 	POP  R26
                 	ICALL
                 	.ENDM
                 
                 	.MACRO __CALL2EX
                 	SUBI R26,LOW(-@0)
                 	SBCI R27,HIGH(-@0)
                 	CALL __EEPROMRDD
                 	ICALL
                 	.ENDM
                 
                 	.MACRO __GETW1STACK
                 	IN   R30,SPL
                 	IN   R31,SPH
                 	ADIW R30,@0+1
                 	LD   R0,Z+
                 	LD   R31,Z
                 	MOV  R30,R0
                 	.ENDM
                 
                 	.MACRO __GETD1STACK
                 	IN   R30,SPL
                 	IN   R31,SPH
                 	ADIW R30,@0+1
                 	LD   R0,Z+
                 	LD   R1,Z+
                 	LD   R22,Z
                 	MOVW R30,R0
                 	.ENDM
                 
                 	.MACRO __NBST
                 	BST  R@0,@1
                 	IN   R30,SREG
                 	LDI  R31,0x40
                 	EOR  R30,R31
                 	OUT  SREG,R30
                 	.ENDM
                 
                 
                 	.MACRO __PUTB1SN
                 	LDD  R26,Y+@0
                 	LDD  R27,Y+@0+1
                 	SUBI R26,LOW(-@1)
                 	SBCI R27,HIGH(-@1)
                 	ST   X,R30
                 	.ENDM
                 
                 	.MACRO __PUTW1SN
                 	LDD  R26,Y+@0
                 	LDD  R27,Y+@0+1
                 	SUBI R26,LOW(-@1)
                 	SBCI R27,HIGH(-@1)
                 	ST   X+,R30
                 	ST   X,R31
                 	.ENDM
                 
                 	.MACRO __PUTD1SN
                 	LDD  R26,Y+@0
                 	LDD  R27,Y+@0+1
                 	SUBI R26,LOW(-@1)
                 	SBCI R27,HIGH(-@1)
                 	CALL __PUTDP1
                 	.ENDM
                 
                 	.MACRO __PUTB1SNS
                 	LDD  R26,Y+@0
                 	LDD  R27,Y+@0+1
                 	ADIW R26,@1
                 	ST   X,R30
                 	.ENDM
                 
                 	.MACRO __PUTW1SNS
                 	LDD  R26,Y+@0
                 	LDD  R27,Y+@0+1
                 	ADIW R26,@1
                 	ST   X+,R30
                 	ST   X,R31
                 	.ENDM
                 
                 	.MACRO __PUTD1SNS
                 	LDD  R26,Y+@0
                 	LDD  R27,Y+@0+1
                 	ADIW R26,@1
                 	CALL __PUTDP1
                 	.ENDM
                 
                 	.MACRO __PUTB1PMN
                 	LDS  R26,@0
                 	LDS  R27,@0+1
                 	SUBI R26,LOW(-@1)
                 	SBCI R27,HIGH(-@1)
                 	ST   X,R30
                 	.ENDM
                 
                 	.MACRO __PUTW1PMN
                 	LDS  R26,@0
                 	LDS  R27,@0+1
                 	SUBI R26,LOW(-@1)
                 	SBCI R27,HIGH(-@1)
                 	ST   X+,R30
                 	ST   X,R31
                 	.ENDM
                 
                 	.MACRO __PUTD1PMN
                 	LDS  R26,@0
                 	LDS  R27,@0+1
                 	SUBI R26,LOW(-@1)
                 	SBCI R27,HIGH(-@1)
                 	CALL __PUTDP1
                 	.ENDM
                 
                 	.MACRO __PUTB1PMNS
                 	LDS  R26,@0
                 	LDS  R27,@0+1
                 	ADIW R26,@1
                 	ST   X,R30
                 	.ENDM
                 
                 	.MACRO __PUTW1PMNS
                 	LDS  R26,@0
                 	LDS  R27,@0+1
                 	ADIW R26,@1
                 	ST   X+,R30
                 	ST   X,R31
                 	.ENDM
                 
                 	.MACRO __PUTD1PMNS
                 	LDS  R26,@0
                 	LDS  R27,@0+1
                 	ADIW R26,@1
                 	CALL __PUTDP1
                 	.ENDM
                 
                 	.MACRO __PUTB1RN
                 	MOVW R26,R@0
                 	SUBI R26,LOW(-@1)
                 	SBCI R27,HIGH(-@1)
                 	ST   X,R30
                 	.ENDM
                 
                 	.MACRO __PUTW1RN
                 	MOVW R26,R@0
                 	SUBI R26,LOW(-@1)
                 	SBCI R27,HIGH(-@1)
                 	ST   X+,R30
                 	ST   X,R31
                 	.ENDM
                 
                 	.MACRO __PUTD1RN
                 	MOVW R26,R@0
                 	SUBI R26,LOW(-@1)
                 	SBCI R27,HIGH(-@1)
                 	CALL __PUTDP1
                 	.ENDM
                 
                 	.MACRO __PUTB1RNS
                 	MOVW R26,R@0
                 	ADIW R26,@1
                 	ST   X,R30
                 	.ENDM
                 
                 	.MACRO __PUTW1RNS
                 	MOVW R26,R@0
                 	ADIW R26,@1
                 	ST   X+,R30
                 	ST   X,R31
                 	.ENDM
                 
                 	.MACRO __PUTD1RNS
                 	MOVW R26,R@0
                 	ADIW R26,@1
                 	CALL __PUTDP1
                 	.ENDM
                 
                 	.MACRO __PUTB1RON
                 	MOV  R26,R@0
                 	MOV  R27,R@1
                 	SUBI R26,LOW(-@2)
                 	SBCI R27,HIGH(-@2)
                 	ST   X,R30
                 	.ENDM
                 
                 	.MACRO __PUTW1RON
                 	MOV  R26,R@0
                 	MOV  R27,R@1
                 	SUBI R26,LOW(-@2)
                 	SBCI R27,HIGH(-@2)
                 	ST   X+,R30
                 	ST   X,R31
                 	.ENDM
                 
                 	.MACRO __PUTD1RON
                 	MOV  R26,R@0
                 	MOV  R27,R@1
                 	SUBI R26,LOW(-@2)
                 	SBCI R27,HIGH(-@2)
                 	CALL __PUTDP1
                 	.ENDM
                 
                 	.MACRO __PUTB1RONS
                 	MOV  R26,R@0
                 	MOV  R27,R@1
                 	ADIW R26,@2
                 	ST   X,R30
                 	.ENDM
                 
                 	.MACRO __PUTW1RONS
                 	MOV  R26,R@0
                 	MOV  R27,R@1
                 	ADIW R26,@2
                 	ST   X+,R30
                 	ST   X,R31
                 	.ENDM
                 
                 	.MACRO __PUTD1RONS
                 	MOV  R26,R@0
                 	MOV  R27,R@1
                 	ADIW R26,@2
                 	CALL __PUTDP1
                 	.ENDM
                 
                 
                 	.MACRO __GETB1SX
                 	MOVW R30,R28
                 	SUBI R30,LOW(-@0)
                 	SBCI R31,HIGH(-@0)
                 	LD   R30,Z
                 	.ENDM
                 
                 	.MACRO __GETB1HSX
                 	MOVW R30,R28
                 	SUBI R30,LOW(-@0)
                 	SBCI R31,HIGH(-@0)
                 	LD   R31,Z
                 	.ENDM
                 
                 	.MACRO __GETW1SX
                 	MOVW R30,R28
                 	SUBI R30,LOW(-@0)
                 	SBCI R31,HIGH(-@0)
                 	LD   R0,Z+
                 	LD   R31,Z
                 	MOV  R30,R0
                 	.ENDM
                 
                 	.MACRO __GETD1SX
                 	MOVW R30,R28
                 	SUBI R30,LOW(-@0)
                 	SBCI R31,HIGH(-@0)
                 	LD   R0,Z+
                 	LD   R1,Z+
                 	LD   R22,Z+
                 	LD   R23,Z
                 	MOVW R30,R0
                 	.ENDM
                 
                 	.MACRO __GETB2SX
                 	MOVW R26,R28
                 	SUBI R26,LOW(-@0)
                 	SBCI R27,HIGH(-@0)
                 	LD   R26,X
                 	.ENDM
                 
                 	.MACRO __GETW2SX
                 	MOVW R26,R28
                 	SUBI R26,LOW(-@0)
                 	SBCI R27,HIGH(-@0)
                 	LD   R0,X+
                 	LD   R27,X
                 	MOV  R26,R0
                 	.ENDM
                 
                 	.MACRO __GETD2SX
                 	MOVW R26,R28
                 	SUBI R26,LOW(-@0)
                 	SBCI R27,HIGH(-@0)
                 	LD   R0,X+
                 	LD   R1,X+
                 	LD   R24,X+
                 	LD   R25,X
                 	MOVW R26,R0
                 	.ENDM
                 
                 	.MACRO __GETBRSX
                 	MOVW R30,R28
                 	SUBI R30,LOW(-@1)
                 	SBCI R31,HIGH(-@1)
                 	LD   R@0,Z
                 	.ENDM
                 
                 	.MACRO __GETWRSX
                 	MOVW R30,R28
                 	SUBI R30,LOW(-@2)
                 	SBCI R31,HIGH(-@2)
                 	LD   R@0,Z+
                 	LD   R@1,Z
                 	.ENDM
                 
                 	.MACRO __GETBRSX2
                 	MOVW R26,R28
                 	SUBI R26,LOW(-@1)
                 	SBCI R27,HIGH(-@1)
                 	LD   R@0,X
                 	.ENDM
                 
                 	.MACRO __GETWRSX2
                 	MOVW R26,R28
                 	SUBI R26,LOW(-@2)
                 	SBCI R27,HIGH(-@2)
                 	LD   R@0,X+
                 	LD   R@1,X
                 	.ENDM
                 
                 	.MACRO __LSLW8SX
                 	MOVW R30,R28
                 	SUBI R30,LOW(-@0)
                 	SBCI R31,HIGH(-@0)
                 	LD   R31,Z
                 	CLR  R30
                 	.ENDM
                 
                 	.MACRO __PUTB1SX
                 	MOVW R26,R28
                 	SUBI R26,LOW(-@0)
                 	SBCI R27,HIGH(-@0)
                 	ST   X,R30
                 	.ENDM
                 
                 	.MACRO __PUTW1SX
                 	MOVW R26,R28
                 	SUBI R26,LOW(-@0)
                 	SBCI R27,HIGH(-@0)
                 	ST   X+,R30
                 	ST   X,R31
                 	.ENDM
                 
                 	.MACRO __PUTD1SX
                 	MOVW R26,R28
                 	SUBI R26,LOW(-@0)
                 	SBCI R27,HIGH(-@0)
                 	ST   X+,R30
                 	ST   X+,R31
                 	ST   X+,R22
                 	ST   X,R23
                 	.ENDM
                 
                 	.MACRO __CLRW1SX
                 	MOVW R26,R28
                 	SUBI R26,LOW(-@0)
                 	SBCI R27,HIGH(-@0)
                 	ST   X+,R30
                 	ST   X,R30
                 	.ENDM
                 
                 	.MACRO __CLRD1SX
                 	MOVW R26,R28
                 	SUBI R26,LOW(-@0)
                 	SBCI R27,HIGH(-@0)
                 	ST   X+,R30
                 	ST   X+,R30
                 	ST   X+,R30
                 	ST   X,R30
                 	.ENDM
                 
                 	.MACRO __PUTB2SX
                 	MOVW R30,R28
                 	SUBI R30,LOW(-@0)
                 	SBCI R31,HIGH(-@0)
                 	ST   Z,R26
                 	.ENDM
                 
                 	.MACRO __PUTW2SX
                 	MOVW R30,R28
                 	SUBI R30,LOW(-@0)
                 	SBCI R31,HIGH(-@0)
                 	ST   Z+,R26
                 	ST   Z,R27
                 	.ENDM
                 
                 	.MACRO __PUTD2SX
                 	MOVW R30,R28
                 	SUBI R30,LOW(-@0)
                 	SBCI R31,HIGH(-@0)
                 	ST   Z+,R26
                 	ST   Z+,R27
                 	ST   Z+,R24
                 	ST   Z,R25
                 	.ENDM
                 
                 	.MACRO __PUTBSRX
                 	MOVW R30,R28
                 	SUBI R30,LOW(-@1)
                 	SBCI R31,HIGH(-@1)
                 	ST   Z,R@0
                 	.ENDM
                 
                 	.MACRO __PUTWSRX
                 	MOVW R30,R28
                 	SUBI R30,LOW(-@2)
                 	SBCI R31,HIGH(-@2)
                 	ST   Z+,R@0
                 	ST   Z,R@1
                 	.ENDM
                 
                 	.MACRO __PUTB1SNX
                 	MOVW R26,R28
                 	SUBI R26,LOW(-@0)
                 	SBCI R27,HIGH(-@0)
                 	LD   R0,X+
                 	LD   R27,X
                 	MOV  R26,R0
                 	SUBI R26,LOW(-@1)
                 	SBCI R27,HIGH(-@1)
                 	ST   X,R30
                 	.ENDM
                 
                 	.MACRO __PUTW1SNX
                 	MOVW R26,R28
                 	SUBI R26,LOW(-@0)
                 	SBCI R27,HIGH(-@0)
                 	LD   R0,X+
                 	LD   R27,X
                 	MOV  R26,R0
                 	SUBI R26,LOW(-@1)
                 	SBCI R27,HIGH(-@1)
                 	ST   X+,R30
                 	ST   X,R31
                 	.ENDM
                 
                 	.MACRO __PUTD1SNX
                 	MOVW R26,R28
                 	SUBI R26,LOW(-@0)
                 	SBCI R27,HIGH(-@0)
                 	LD   R0,X+
                 	LD   R27,X
                 	MOV  R26,R0
                 	SUBI R26,LOW(-@1)
                 	SBCI R27,HIGH(-@1)
                 	ST   X+,R30
                 	ST   X+,R31
                 	ST   X+,R22
                 	ST   X,R23
                 	.ENDM
                 
                 	.MACRO __MULBRR
                 	MULS R@0,R@1
                 	MOVW R30,R0
                 	.ENDM
                 
                 	.MACRO __MULBRRU
                 	MUL  R@0,R@1
                 	MOVW R30,R0
                 	.ENDM
                 
                 	.MACRO __MULBRR0
                 	MULS R@0,R@1
                 	.ENDM
                 
                 	.MACRO __MULBRRU0
                 	MUL  R@0,R@1
                 	.ENDM
                 
                 	.MACRO __MULBNWRU
                 	LDI  R26,@2
                 	MUL  R26,R@0
                 	MOVW R30,R0
                 	MUL  R26,R@1
                 	ADD  R31,R0
                 	.ENDM
                 
                 ;NAME DEFINITIONS FOR GLOBAL VARIABLES ALLOCATED TO REGISTERS
                 	.DEF _increasePressedCount=R4
                 	.DEF _increasePressedCount_msb=R5
                 	.DEF _decreasePressedCount=R6
                 	.DEF _decreasePressedCount_msb=R7
                 	.DEF _bothPressedCount=R8
                 	.DEF _bothPressedCount_msb=R9
                 	.DEF _increasePressed=R11
                 	.DEF _decreasePressed=R10
                 	.DEF _reversed=R13
                 	.DEF _configureMode=R12
                 
                 	.CSEG
                 	.ORG 0x00
                 
                 ;START OF CODE MARKER
                 __START_OF_CODE:
                 
                 ;INTERRUPT VECTORS
000000 940c 005f 	JMP  __RESET
000002 940c 0193 	JMP  _ext_int0_isr
000004 940c 019f 	JMP  _ext_int1_isr
000006 940c 0000 	JMP  0x00
000008 940c 0000 	JMP  0x00
00000a 940c 0000 	JMP  0x00
00000c 940c 0000 	JMP  0x00
00000e 940c 0000 	JMP  0x00
000010 940c 0000 	JMP  0x00
000012 940c 008c 	JMP  _timer0_ovf_isr
000014 940c 0000 	JMP  0x00
000016 940c 0000 	JMP  0x00
000018 940c 0000 	JMP  0x00
00001a 940c 0000 	JMP  0x00
00001c 940c 0000 	JMP  0x00
00001e 940c 0000 	JMP  0x00
000020 940c 0000 	JMP  0x00
000022 940c 0000 	JMP  0x00
000024 940c 0000 	JMP  0x00
000026 940c 0000 	JMP  0x00
000028 940c 0000 	JMP  0x00
                 
                 _tbl10_G102:
00002a 2710
00002b 03e8
00002c 0064
00002d 000a      	.DB  0x10,0x27,0xE8,0x3,0x64,0x0,0xA,0x0
00002e 0001      	.DB  0x1,0x0
                 _tbl16_G102:
00002f 1000
000030 0100
000031 0010
000032 0001      	.DB  0x0,0x10,0x0,0x1,0x10,0x0,0x1,0x0
                 
                 ;GLOBAL REGISTER VARIABLES INITIALIZATION
                 __REG_VARS:
000033 0000
000034 0000      	.DB  0x0,0x0,0x0,0x0
000035 0000      	.DB  0x0,0x0
                 
                 _0x3:
C:\Users\Alireza\Desktop\MicroProcessorLabProjects\Project5\CodeVision\Version-1.0.0\Debug\List\PWM_DC_Motor.asm(1140): warning: .cseg .db misalignment - padding zero byte
000036 003c      	.DB  0x3C
                 _0x0:
000037 2020
000038 2020
000039 2020
00003a 2020      	.DB  0x20,0x20,0x20,0x20,0x20,0x20,0x20,0x20
00003b 2020
00003c 2020
00003d 2020
00003e 2020      	.DB  0x20,0x20,0x20,0x20,0x20,0x20,0x20,0x20
00003f 5300
000040 6574
000041 2070
000042 6953      	.DB  0x0,0x53,0x74,0x65,0x70,0x20,0x53,0x69
000043 657a
000044 003a      	.DB  0x7A,0x65,0x3A,0x0
                 _0x2000003:
000045 c080      	.DB  0x80,0xC0
                 _0x2060060:
C:\Users\Alireza\Desktop\MicroProcessorLabProjects\Project5\CodeVision\Version-1.0.0\Debug\List\PWM_DC_Motor.asm(1149): warning: .cseg .db misalignment - padding zero byte
000046 0001      	.DB  0x1
                 _0x2060000:
000047 4e2d
000048 4e41
000049 4900
00004a 464e      	.DB  0x2D,0x4E,0x41,0x4E,0x0,0x49,0x4E,0x46
C:\Users\Alireza\Desktop\MicroProcessorLabProjects\Project5\CodeVision\Version-1.0.0\Debug\List\PWM_DC_Motor.asm(1152): warning: .cseg .db misalignment - padding zero byte
00004b 0000      	.DB  0x0
                 
                 __GLOBAL_INI_TBL:
00004c 0006      	.DW  0x06
00004d 0008      	.DW  0x08
00004e 0066      	.DW  __REG_VARS*2
                 
00004f 0001      	.DW  0x01
000050 017c      	.DW  _stepSize
000051 006c      	.DW  _0x3*2
                 
000052 0011      	.DW  0x11
000053 0160      	.DW  _0x34
000054 006e      	.DW  _0x0*2
                 
000055 000b      	.DW  0x0B
000056 0171      	.DW  _0x35
000057 007f      	.DW  _0x0*2+17
                 
000058 0002      	.DW  0x02
000059 017e      	.DW  __base_y_G100
00005a 008a      	.DW  _0x2000003*2
                 
00005b 0001      	.DW  0x01
00005c 0185      	.DW  __seed_G103
00005d 008c      	.DW  _0x2060060*2
                 
                 _0xFFFFFFFF:
00005e 0000      	.DW  0
                 
                 #define __GLOBAL_INI_TBL_PRESENT 1
                 
                 __RESET:
00005f 94f8      	CLI
000060 27ee      	CLR  R30
000061 bbec      	OUT  EECR,R30
                 
                 ;INTERRUPT VECTORS ARE PLACED
                 ;AT THE START OF FLASH
000062 e0f1      	LDI  R31,1
000063 bffb      	OUT  GICR,R31
000064 bfeb      	OUT  GICR,R30
000065 bfe5      	OUT  MCUCR,R30
                 
                 ;CLEAR R2-R14
000066 e08d      	LDI  R24,(14-2)+1
000067 e0a2      	LDI  R26,2
000068 27bb      	CLR  R27
                 __CLEAR_REG:
000069 93ed      	ST   X+,R30
00006a 958a      	DEC  R24
00006b f7e9      	BRNE __CLEAR_REG
                 
                 ;CLEAR SRAM
00006c e080      	LDI  R24,LOW(__CLEAR_SRAM_SIZE)
00006d e094      	LDI  R25,HIGH(__CLEAR_SRAM_SIZE)
00006e e6a0      	LDI  R26,__SRAM_START
                 __CLEAR_SRAM:
00006f 93ed      	ST   X+,R30
000070 9701      	SBIW R24,1
000071 f7e9      	BRNE __CLEAR_SRAM
                 
                 ;GLOBAL VARIABLES INITIALIZATION
000072 e9e8      	LDI  R30,LOW(__GLOBAL_INI_TBL*2)
000073 e0f0      	LDI  R31,HIGH(__GLOBAL_INI_TBL*2)
                 __GLOBAL_INI_NEXT:
000074 9185      	LPM  R24,Z+
000075 9195      	LPM  R25,Z+
000076 9700      	SBIW R24,0
000077 f061      	BREQ __GLOBAL_INI_END
000078 91a5      	LPM  R26,Z+
000079 91b5      	LPM  R27,Z+
00007a 9005      	LPM  R0,Z+
00007b 9015      	LPM  R1,Z+
00007c 01bf      	MOVW R22,R30
00007d 01f0      	MOVW R30,R0
                 __GLOBAL_INI_LOOP:
00007e 9005      	LPM  R0,Z+
00007f 920d      	ST   X+,R0
000080 9701      	SBIW R24,1
000081 f7e1      	BRNE __GLOBAL_INI_LOOP
000082 01fb      	MOVW R30,R22
000083 cff0      	RJMP __GLOBAL_INI_NEXT
                 __GLOBAL_INI_END:
                 
                 ;HARDWARE STACK POINTER INITIALIZATION
000084 e5ef      	LDI  R30,LOW(__SRAM_END-__HEAP_SIZE)
000085 bfed      	OUT  SPL,R30
000086 e0e4      	LDI  R30,HIGH(__SRAM_END-__HEAP_SIZE)
000087 bfee      	OUT  SPH,R30
                 
                 ;DATA STACK POINTER INITIALIZATION
000088 e6c0      	LDI  R28,LOW(__SRAM_START+__DSTACK_SIZE)
000089 e0d1      	LDI  R29,HIGH(__SRAM_START+__DSTACK_SIZE)
                 
00008a 940c 01ae 	JMP  _main
                 
                 	.ESEG
                 	.ORG 0
                 
                 	.DSEG
                 	.ORG 0x160
                 
                 	.CSEG
                 ;/*
                 ; * PWM_DC_Motor.c
                 ; *
                 ; * Created: 31/10/2019 02:35:49 È.Ù
                 ; */
                 ;
                 ;#include <io.h>
                 	#ifndef __SLEEP_DEFINED__
                 	#define __SLEEP_DEFINED__
                 	.EQU __se_bit=0x40
                 	.EQU __sm_mask=0xB0
                 	.EQU __sm_powerdown=0x20
                 	.EQU __sm_powersave=0x30
                 	.EQU __sm_standby=0xA0
                 	.EQU __sm_ext_standby=0xB0
                 	.EQU __sm_adc_noise_red=0x10
                 	.SET power_ctrl_reg=mcucr
                 	#endif
                 ;#include <delay.h>
                 ;#include <stdbool.h>
                 ;#include <alcd.h>
                 ;#include <string.h>
                 ;#include <stdio.h>
                 ;#include <stdlib.h>
                 ;
                 ;#define DEBOUNCE_TIME 2
                 ;int increasePressedCount;
                 ;int decreasePressedCount;
                 ;int bothPressedCount = 0;
                 ;bool increasePressed;
                 ;bool decreasePressed;
                 ;
                 ;void enterConfigureMode();
                 ;void exitConfigureMode();
                 ;void clearNCharOnXY(int n, int x, int y);
                 ;void showStringOnXY(int x, int y, char *string);
                 ;char* toString(unsigned long x);
                 ;bool reversed = false;
                 ;bool configureMode = false;
                 ;int stepSize = 60;
                 
                 	.DSEG
                 ;// Timer 0 overflow interrupt service routine
                 ;interrupt [TIM0_OVF] void timer0_ovf_isr(void)
                 ; 0000 0020 {
                 
                 	.CSEG
                 _timer0_ovf_isr:
                 ; .FSTART _timer0_ovf_isr
00008c 920a      	ST   -Y,R0
00008d 921a      	ST   -Y,R1
00008e 92fa      	ST   -Y,R15
00008f 936a      	ST   -Y,R22
000090 937a      	ST   -Y,R23
000091 938a      	ST   -Y,R24
000092 939a      	ST   -Y,R25
000093 93aa      	ST   -Y,R26
000094 93ba      	ST   -Y,R27
000095 93ea      	ST   -Y,R30
000096 93fa      	ST   -Y,R31
000097 b7ef      	IN   R30,SREG
000098 93ea      	ST   -Y,R30
                 ; 0000 0021    if (increasePressed)
000099 20bb      	TST  R11
00009a f019      	BREQ _0x4
                 ; 0000 0022        increasePressedCount++;
00009b 01f2      	MOVW R30,R4
00009c 9631      	ADIW R30,1
00009d 012f      	MOVW R4,R30
                 ; 0000 0023 
                 ; 0000 0024    if (decreasePressed)
                 _0x4:
00009e 20aa      	TST  R10
00009f f019      	BREQ _0x5
                 ; 0000 0025        decreasePressedCount++;
0000a0 01f3      	MOVW R30,R6
0000a1 9631      	ADIW R30,1
0000a2 013f      	MOVW R6,R30
                 ; 0000 0026 
                 ; 0000 0027    if (increasePressed && decreasePressed)
                 _0x5:
0000a3 20bb      	TST  R11
0000a4 f011      	BREQ _0x7
0000a5 20aa      	TST  R10
0000a6 f409      	BRNE _0x8
                 _0x7:
0000a7 c004      	RJMP _0x6
                 _0x8:
                 ; 0000 0028        bothPressedCount++;
0000a8 01f4      	MOVW R30,R8
0000a9 9631      	ADIW R30,1
0000aa 014f      	MOVW R8,R30
                 ; 0000 0029    else bothPressedCount = 0;
0000ab c002      	RJMP _0x9
                 _0x6:
0000ac 2488      	CLR  R8
0000ad 2499      	CLR  R9
                 ; 0000 002A 
                 ; 0000 002B    if (increasePressed && decreasePressed && bothPressedCount == DEBOUNCE_TIME && configureMode){
                 _0x9:
0000ae 20bb      	TST  R11
0000af f049      	BREQ _0xB
0000b0 20aa      	TST  R10
0000b1 f039      	BREQ _0xB
0000b2 e0e2      	LDI  R30,LOW(2)
0000b3 e0f0      	LDI  R31,HIGH(2)
0000b4 15e8      	CP   R30,R8
0000b5 05f9      	CPC  R31,R9
0000b6 f411      	BRNE _0xB
0000b7 20cc      	TST  R12
0000b8 f409      	BRNE _0xC
                 _0xB:
0000b9 c005      	RJMP _0xA
                 _0xC:
                 ; 0000 002C        configureMode = false;
0000ba 24cc      	CLR  R12
                 ; 0000 002D        exitConfigureMode();
0000bb d161      	RCALL _exitConfigureMode
                 ; 0000 002E        bothPressedCount++;
0000bc 01f4      	MOVW R30,R8
0000bd 9631      	ADIW R30,1
0000be 014f      	MOVW R8,R30
                 ; 0000 002F 
                 ; 0000 0030        }
                 ; 0000 0031 
                 ; 0000 0032    if (increasePressed && decreasePressed && bothPressedCount == DEBOUNCE_TIME && !configureMode){
                 _0xA:
0000bf 20bb      	TST  R11
0000c0 f049      	BREQ _0xE
0000c1 20aa      	TST  R10
0000c2 f039      	BREQ _0xE
0000c3 e0e2      	LDI  R30,LOW(2)
0000c4 e0f0      	LDI  R31,HIGH(2)
0000c5 15e8      	CP   R30,R8
0000c6 05f9      	CPC  R31,R9
0000c7 f411      	BRNE _0xE
0000c8 20cc      	TST  R12
0000c9 f009      	BREQ _0xF
                 _0xE:
0000ca c003      	RJMP _0xD
                 _0xF:
                 ; 0000 0033        configureMode = true;
0000cb e0e1      	LDI  R30,LOW(1)
0000cc 2ece      	MOV  R12,R30
                 ; 0000 0034        enterConfigureMode();
0000cd d13e      	RCALL _enterConfigureMode
                 ; 0000 0035        }
                 ; 0000 0036 
                 ; 0000 0037    if (!configureMode && increasePressed && increasePressedCount >= DEBOUNCE_TIME){
                 _0xD:
0000ce 20cc      	TST  R12
0000cf f439      	BRNE _0x11
0000d0 20bb      	TST  R11
0000d1 f029      	BREQ _0x11
0000d2 e0e2      	LDI  R30,LOW(2)
0000d3 e0f0      	LDI  R31,HIGH(2)
0000d4 164e      	CP   R4,R30
0000d5 065f      	CPC  R5,R31
0000d6 f40c      	BRGE _0x12
                 _0x11:
0000d7 c036      	RJMP _0x10
                 _0x12:
                 ; 0000 0038    if (!reversed){
0000d8 20dd      	TST  R13
0000d9 f491      	BRNE _0x13
                 ; 0000 0039       if (OCR1A + stepSize <= 511){
0000da 940e 0329 	CALL SUBOPT_0x0
0000dc 0fae      	ADD  R26,R30
0000dd 1fbf      	ADC  R27,R31
0000de 30a0      	CPI  R26,LOW(0x200)
0000df e0e2      	LDI  R30,HIGH(0x200)
0000e0 07be      	CPC  R27,R30
0000e1 f428      	BRSH _0x14
                 ; 0000 003A          OCR1A += stepSize;
0000e2 940e 0329 	CALL SUBOPT_0x0
0000e4 0fea      	ADD  R30,R26
0000e5 1ffb      	ADC  R31,R27
0000e6 c002      	RJMP _0x36
                 ; 0000 003B       }else {
                 _0x14:
                 ; 0000 003C          OCR1A  = 511;
0000e7 efef      	LDI  R30,LOW(511)
0000e8 e0f1      	LDI  R31,HIGH(511)
                 _0x36:
0000e9 bdfb      	OUT  0x2A+1,R31
0000ea bdea      	OUT  0x2A,R30
                 ; 0000 003D       }
                 ; 0000 003E    }else{
0000eb c012      	RJMP _0x16
                 _0x13:
                 ; 0000 003F      if (OCR1B - stepSize <= OCR1B)
0000ec 940e 0330 	CALL SUBOPT_0x1
0000ee 01df      	MOVW R26,R30
0000ef b5e8      	IN   R30,0x28
0000f0 b5f9      	IN   R31,0x28+1
0000f1 17ea      	CP   R30,R26
0000f2 07fb      	CPC  R31,R27
0000f3 f028      	BRLO _0x17
                 ; 0000 0040          OCR1B -= stepSize;
0000f4 940e 0330 	CALL SUBOPT_0x1
0000f6 bdf9      	OUT  0x28+1,R31
0000f7 bde8      	OUT  0x28,R30
                 ; 0000 0041       else {
0000f8 c005      	RJMP _0x18
                 _0x17:
                 ; 0000 0042          OCR1B  = 0;
0000f9 e0e0      	LDI  R30,LOW(0)
0000fa e0f0      	LDI  R31,HIGH(0)
0000fb bdf9      	OUT  0x28+1,R31
0000fc bde8      	OUT  0x28,R30
                 ; 0000 0043          reversed = false;
0000fd 24dd      	CLR  R13
                 ; 0000 0044       }
                 _0x18:
                 ; 0000 0045    }
                 _0x16:
                 ; 0000 0046    clearNCharOnXY(0,0,0);
0000fe 940e 0339 	CALL SUBOPT_0x2
000100 940e 0339 	CALL SUBOPT_0x2
000102 940e 033e 	CALL SUBOPT_0x3
                 ; 0000 0047    showStringOnXY(0,0,toString(OCR1A));
000104 940e 0339 	CALL SUBOPT_0x2
000106 940e 0343 	CALL SUBOPT_0x4
                 ; 0000 0048    delay_ms(10);
                 ; 0000 0049    clearNCharOnXY(0,0,1);
000108 940e 0339 	CALL SUBOPT_0x2
00010a 940e 0353 	CALL SUBOPT_0x5
                 ; 0000 004A    showStringOnXY(0,1,toString(OCR1B));
00010c 940e 0358 	CALL SUBOPT_0x6
                 ; 0000 004B    }
                 ; 0000 004C     if (!configureMode && decreasePressed && decreasePressedCount >= DEBOUNCE_TIME){
                 _0x10:
00010e 20cc      	TST  R12
00010f f439      	BRNE _0x1A
000110 20aa      	TST  R10
000111 f029      	BREQ _0x1A
000112 e0e2      	LDI  R30,LOW(2)
000113 e0f0      	LDI  R31,HIGH(2)
000114 166e      	CP   R6,R30
000115 067f      	CPC  R7,R31
000116 f40c      	BRGE _0x1B
                 _0x1A:
000117 c03b      	RJMP _0x19
                 _0x1B:
                 ; 0000 004D         if (!reversed){
000118 20dd      	TST  R13
000119 f4c1      	BRNE _0x1C
                 ; 0000 004E       if (OCR1A - stepSize <= OCR1A)
00011a 940e 0329 	CALL SUBOPT_0x0
00011c 1bea      	SUB  R30,R26
00011d 0bfb      	SBC  R31,R27
00011e 01df      	MOVW R26,R30
00011f b5ea      	IN   R30,0x2A
000120 b5fb      	IN   R31,0x2A+1
000121 17ea      	CP   R30,R26
000122 07fb      	CPC  R31,R27
000123 f038      	BRLO _0x1D
                 ; 0000 004F          OCR1A -= stepSize;
000124 940e 0329 	CALL SUBOPT_0x0
000126 1bea      	SUB  R30,R26
000127 0bfb      	SBC  R31,R27
000128 bdfb      	OUT  0x2A+1,R31
000129 bdea      	OUT  0x2A,R30
                 ; 0000 0050       else {
00012a c006      	RJMP _0x1E
                 _0x1D:
                 ; 0000 0051          OCR1A  = 0;
00012b e0e0      	LDI  R30,LOW(0)
00012c e0f0      	LDI  R31,HIGH(0)
00012d bdfb      	OUT  0x2A+1,R31
00012e bdea      	OUT  0x2A,R30
                 ; 0000 0052          reversed = true;
00012f e0e1      	LDI  R30,LOW(1)
000130 2ede      	MOV  R13,R30
                 ; 0000 0053       }
                 _0x1E:
                 ; 0000 0054    }else{
000131 c011      	RJMP _0x1F
                 _0x1C:
                 ; 0000 0055      if (OCR1B + stepSize <= 511)
000132 940e 0367 	CALL SUBOPT_0x7
000134 0fae      	ADD  R26,R30
000135 1fbf      	ADC  R27,R31
000136 30a0      	CPI  R26,LOW(0x200)
000137 e0e2      	LDI  R30,HIGH(0x200)
000138 07be      	CPC  R27,R30
000139 f428      	BRSH _0x20
                 ; 0000 0056          OCR1B += stepSize;
00013a 940e 0367 	CALL SUBOPT_0x7
00013c 0fea      	ADD  R30,R26
00013d 1ffb      	ADC  R31,R27
00013e c002      	RJMP _0x37
                 ; 0000 0057       else {
                 _0x20:
                 ; 0000 0058          OCR1B  = 511;
00013f efef      	LDI  R30,LOW(511)
000140 e0f1      	LDI  R31,HIGH(511)
                 _0x37:
000141 bdf9      	OUT  0x28+1,R31
000142 bde8      	OUT  0x28,R30
                 ; 0000 0059       }
                 ; 0000 005A    }
                 _0x1F:
                 ; 0000 005B    clearNCharOnXY(0,0,0);
000143 940e 0339 	CALL SUBOPT_0x2
000145 940e 0339 	CALL SUBOPT_0x2
000147 940e 033e 	CALL SUBOPT_0x3
                 ; 0000 005C    showStringOnXY(0,0,toString(OCR1A));
000149 940e 0339 	CALL SUBOPT_0x2
00014b 940e 0343 	CALL SUBOPT_0x4
                 ; 0000 005D    delay_ms(10);
                 ; 0000 005E    clearNCharOnXY(0,0,1);
00014d 940e 0339 	CALL SUBOPT_0x2
00014f 940e 0353 	CALL SUBOPT_0x5
                 ; 0000 005F    showStringOnXY(0,1,toString(OCR1B));
000151 940e 0358 	CALL SUBOPT_0x6
                 ; 0000 0060     }
                 ; 0000 0061 
                 ; 0000 0062     if (configureMode && increasePressed && increasePressedCount >= DEBOUNCE_TIME){
                 _0x19:
000153 20cc      	TST  R12
000154 f039      	BREQ _0x23
000155 20bb      	TST  R11
000156 f029      	BREQ _0x23
000157 e0e2      	LDI  R30,LOW(2)
000158 e0f0      	LDI  R31,HIGH(2)
000159 164e      	CP   R4,R30
00015a 065f      	CPC  R5,R31
00015b f40c      	BRGE _0x24
                 _0x23:
00015c c00f      	RJMP _0x22
                 _0x24:
                 ; 0000 0063         stepSize++;
00015d e7ac      	LDI  R26,LOW(_stepSize)
00015e e0b1      	LDI  R27,HIGH(_stepSize)
00015f 91ed      	LD   R30,X+
000160 91fd      	LD   R31,X+
000161 9631      	ADIW R30,1
000162 93fe      	ST   -X,R31
000163 93ee      	ST   -X,R30
                 ; 0000 0064         clearNCharOnXY(0,0,1);
000164 940e 0339 	CALL SUBOPT_0x2
000166 940e 0339 	CALL SUBOPT_0x2
000168 940e 0353 	CALL SUBOPT_0x5
                 ; 0000 0065         showStringOnXY(0,1,toString(stepSize));
00016a 940e 036e 	CALL SUBOPT_0x8
                 ; 0000 0066     }
                 ; 0000 0067 
                 ; 0000 0068     if (configureMode && decreasePressed && decreasePressedCount >= DEBOUNCE_TIME){
                 _0x22:
00016c 20cc      	TST  R12
00016d f039      	BREQ _0x26
00016e 20aa      	TST  R10
00016f f029      	BREQ _0x26
000170 e0e2      	LDI  R30,LOW(2)
000171 e0f0      	LDI  R31,HIGH(2)
000172 166e      	CP   R6,R30
000173 067f      	CPC  R7,R31
000174 f40c      	BRGE _0x27
                 _0x26:
000175 c00f      	RJMP _0x25
                 _0x27:
                 ; 0000 0069         stepSize--;
000176 e7ac      	LDI  R26,LOW(_stepSize)
000177 e0b1      	LDI  R27,HIGH(_stepSize)
000178 91ed      	LD   R30,X+
000179 91fd      	LD   R31,X+
00017a 9731      	SBIW R30,1
00017b 93fe      	ST   -X,R31
00017c 93ee      	ST   -X,R30
                 ; 0000 006A         clearNCharOnXY(0,0,1);
00017d 940e 0339 	CALL SUBOPT_0x2
00017f 940e 0339 	CALL SUBOPT_0x2
000181 940e 0353 	CALL SUBOPT_0x5
                 ; 0000 006B         showStringOnXY(0,1,toString(stepSize));
000183 940e 036e 	CALL SUBOPT_0x8
                 ; 0000 006C     }
                 ; 0000 006D     /*
                 ; 0000 006E    if (increasePressed && increasePressedCount >= DEBOUNCE_TIME){
                 ; 0000 006F     if (increasePressedCount % DEBOUNCE_TIME == DEBOUNCE_TIME -1){
                 ; 0000 0070        if (OCR1AL + 10 <= 254){
                 ; 0000 0071        OCR1AL+=10;
                 ; 0000 0072        clearNCharOnXY(6,0, 1);
                 ; 0000 0073        showStringOnXY(0, 1, toString(OCR1AL));
                 ; 0000 0074        }
                 ; 0000 0075        else {OCR1AL = 254;
                 ; 0000 0076        clearNCharOnXY(6,0, 1);
                 ; 0000 0077        showStringOnXY(0, 1, toString(OCR1AL));
                 ; 0000 0078        OCR1AL = 0;
                 ; 0000 0079        }
                 ; 0000 007A 
                 ; 0000 007B        }
                 ; 0000 007C        else if (increasePressedCount == DEBOUNCE_TIME){
                 ; 0000 007D        if (OCR1AL + 10 <= 254){
                 ; 0000 007E        OCR1AL+=10;
                 ; 0000 007F        clearNCharOnXY(6,0, 1);
                 ; 0000 0080        showStringOnXY(0, 1, toString(OCR1AL));
                 ; 0000 0081        }
                 ; 0000 0082        else {OCR1AL = 254;
                 ; 0000 0083        clearNCharOnXY(6,0, 1);
                 ; 0000 0084        showStringOnXY(0, 1, toString(OCR1AL));
                 ; 0000 0085        OCR1AL = 0;
                 ; 0000 0086        }
                 ; 0000 0087        clearNCharOnXY(16,0,0);
                 ; 0000 0088        showStringOnXY(0, 0, "Increasing...");
                 ; 0000 0089        clearNCharOnXY(16,0, 1);
                 ; 0000 008A        showStringOnXY(0, 1, toString(OCR1AL));
                 ; 0000 008B        }
                 ; 0000 008C        }
                 ; 0000 008D    if (decreasePressed && decreasePressedCount > DEBOUNCE_TIME){
                 ; 0000 008E        OCR2--;
                 ; 0000 008F        clearNCharOnXY(16,0,0);
                 ; 0000 0090        showStringOnXY(0, 0, "Decreasing...");
                 ; 0000 0091        clearNCharOnXY(16,0, 1);
                 ; 0000 0092        showStringOnXY(0, 1, toString(OCR2));
                 ; 0000 0093        }
                 ; 0000 0094        */
                 ; 0000 0095 }
                 _0x25:
000185 91e9      	LD   R30,Y+
000186 bfef      	OUT  SREG,R30
000187 91f9      	LD   R31,Y+
000188 91e9      	LD   R30,Y+
000189 91b9      	LD   R27,Y+
00018a 91a9      	LD   R26,Y+
00018b 9199      	LD   R25,Y+
00018c 9189      	LD   R24,Y+
00018d 9179      	LD   R23,Y+
00018e 9169      	LD   R22,Y+
00018f 90f9      	LD   R15,Y+
000190 9019      	LD   R1,Y+
000191 9009      	LD   R0,Y+
000192 9518      	RETI
                 ; .FEND
                 ;	//unsigned char duty;
                 ;interrupt [EXT_INT0] void ext_int0_isr(void)
                 ; 0000 0098 {
                 _ext_int0_isr:
                 ; .FSTART _ext_int0_isr
000193 93ea      	ST   -Y,R30
000194 b7ef      	IN   R30,SREG
000195 93ea      	ST   -Y,R30
                 ; 0000 0099     if (PIND.2 == 0){
000196 9982      	SBIC 0x10,2
000197 c003      	RJMP _0x28
                 ; 0000 009A         increasePressed = true;
000198 e0e1      	LDI  R30,LOW(1)
000199 2ebe      	MOV  R11,R30
                 ; 0000 009B     }else{
00019a c003      	RJMP _0x29
                 _0x28:
                 ; 0000 009C         increasePressedCount = 0;
00019b 2444      	CLR  R4
00019c 2455      	CLR  R5
                 ; 0000 009D         increasePressed = false;
00019d 24bb      	CLR  R11
                 ; 0000 009E     }
                 _0x29:
                 ; 0000 009F }
00019e c00b      	RJMP _0x38
                 ; .FEND
                 ;
                 ;// External Interrupt 1 service routine
                 ;interrupt [EXT_INT1] void ext_int1_isr(void)
                 ; 0000 00A3 {
                 _ext_int1_isr:
                 ; .FSTART _ext_int1_isr
00019f 93ea      	ST   -Y,R30
0001a0 b7ef      	IN   R30,SREG
0001a1 93ea      	ST   -Y,R30
                 ; 0000 00A4      if (PIND.3 == 0){
0001a2 9983      	SBIC 0x10,3
0001a3 c003      	RJMP _0x2A
                 ; 0000 00A5         decreasePressed = true;
0001a4 e0e1      	LDI  R30,LOW(1)
0001a5 2eae      	MOV  R10,R30
                 ; 0000 00A6      }else{
0001a6 c003      	RJMP _0x2B
                 _0x2A:
                 ; 0000 00A7         decreasePressed = false;
0001a7 24aa      	CLR  R10
                 ; 0000 00A8         decreasePressedCount = 0;
0001a8 2466      	CLR  R6
0001a9 2477      	CLR  R7
                 ; 0000 00A9      }
                 _0x2B:
                 ; 0000 00AA }
                 _0x38:
0001aa 91e9      	LD   R30,Y+
0001ab bfef      	OUT  SREG,R30
0001ac 91e9      	LD   R30,Y+
0001ad 9518      	RETI
                 ; .FEND
                 ;
                 ;void main(void)
                 ; 0000 00AD {
                 _main:
                 ; .FSTART _main
                 ; 0000 00AE lcd_init(16);
0001ae e1a0      	LDI  R26,LOW(16)
0001af d0ef      	RCALL _lcd_init
                 ; 0000 00AF // Timer/Counter 0 initialization
                 ; 0000 00B0 // Clock source: System Clock
                 ; 0000 00B1 // Clock value: 7/813 kHz
                 ; 0000 00B2 // Mode: Normal top=0xFF
                 ; 0000 00B3 // OC0 output: Disconnected
                 ; 0000 00B4 // Timer Period: 14/976 ms
                 ; 0000 00B5 TCCR0=(0<<WGM00) | (0<<COM01) | (0<<COM00) | (0<<WGM01) | (1<<CS02) | (0<<CS01) | (1<<CS00);
0001b0 e0e5      	LDI  R30,LOW(5)
0001b1 bfe3      	OUT  0x33,R30
                 ; 0000 00B6 TCNT0=0x8B;
0001b2 e8eb      	LDI  R30,LOW(139)
0001b3 bfe2      	OUT  0x32,R30
                 ; 0000 00B7 OCR0=0x00;
0001b4 e0e0      	LDI  R30,LOW(0)
0001b5 bfec      	OUT  0x3C,R30
                 ; 0000 00B8 
                 ; 0000 00B9 // Timer/Counter 1 initialization
                 ; 0000 00BA // Clock source: System Clock
                 ; 0000 00BB // Clock value: 125/000 kHz
                 ; 0000 00BC // Mode: Ph. correct PWM top=0x01FF
                 ; 0000 00BD // OC1A output: Non-Inverted PWM
                 ; 0000 00BE // OC1B output: Non-Inverted PWM
                 ; 0000 00BF // Noise Canceler: Off
                 ; 0000 00C0 // Input Capture on Falling Edge
                 ; 0000 00C1 // Timer Period: 8/176 ms
                 ; 0000 00C2 // Output Pulse(s):
                 ; 0000 00C3 // OC1A Period: 8/176 ms Width: 0 us
                 ; 0000 00C4 // OC1B Period: 8/176 ms Width: 0 us
                 ; 0000 00C5 // Timer1 Overflow Interrupt: Off
                 ; 0000 00C6 // Input Capture Interrupt: Off
                 ; 0000 00C7 // Compare A Match Interrupt: Off
                 ; 0000 00C8 // Compare B Match Interrupt: Off
                 ; 0000 00C9 TCCR1A=(1<<COM1A1) | (0<<COM1A0) | (1<<COM1B1) | (0<<COM1B0) | (1<<WGM11) | (0<<WGM10);
0001b6 eae2      	LDI  R30,LOW(162)
0001b7 bdef      	OUT  0x2F,R30
                 ; 0000 00CA TCCR1B=(0<<ICNC1) | (0<<ICES1) | (0<<WGM13) | (0<<WGM12) | (0<<CS12) | (1<<CS11) | (1<<CS10);
0001b8 e0e3      	LDI  R30,LOW(3)
0001b9 bdee      	OUT  0x2E,R30
                 ; 0000 00CB TCNT1H=0x00;
0001ba e0e0      	LDI  R30,LOW(0)
0001bb bded      	OUT  0x2D,R30
                 ; 0000 00CC TCNT1L=0x00;
0001bc bdec      	OUT  0x2C,R30
                 ; 0000 00CD ICR1H=0x00;
0001bd bde7      	OUT  0x27,R30
                 ; 0000 00CE ICR1L=0x00;
0001be bde6      	OUT  0x26,R30
                 ; 0000 00CF /*
                 ; 0000 00D0 OCR1AH=0x00;
                 ; 0000 00D1 OCR1AL=0x00;
                 ; 0000 00D2 OCR1BH=0x00;
                 ; 0000 00D3 OCR1BL=0x00;
                 ; 0000 00D4 */
                 ; 0000 00D5 //OCR1A = 65000;
                 ; 0000 00D6 OCR1A = 0;
0001bf e0e0      	LDI  R30,LOW(0)
0001c0 e0f0      	LDI  R31,HIGH(0)
0001c1 bdfb      	OUT  0x2A+1,R31
0001c2 bdea      	OUT  0x2A,R30
                 ; 0000 00D7 OCR1B = 0;
0001c3 bdf9      	OUT  0x28+1,R31
0001c4 bde8      	OUT  0x28,R30
                 ; 0000 00D8 // Port D initialization
                 ; 0000 00D9 // Function: Bit7=Out Bit6=In Bit5=Out Bit4=Out Bit3=In Bit2=In Bit1=In Bit0=In
                 ; 0000 00DA DDRD=(1<<DDD7) | (0<<DDD6) | (1<<DDD5) | (1<<DDD4) | (0<<DDD3) | (0<<DDD2) | (0<<DDD1) | (0<<DDD0);
0001c5 ebe0      	LDI  R30,LOW(176)
0001c6 bbe1      	OUT  0x11,R30
                 ; 0000 00DB PORTD.2 = 1;
0001c7 9a92      	SBI  0x12,2
                 ; 0000 00DC PORTD.3 = 1;
0001c8 9a93      	SBI  0x12,3
                 ; 0000 00DD 
                 ; 0000 00DE // External Interrupt(s) initialization
                 ; 0000 00DF // INT0: On
                 ; 0000 00E0 // INT0 Mode: Any change
                 ; 0000 00E1 // INT1: On
                 ; 0000 00E2 // INT1 Mode: Any change
                 ; 0000 00E3 // INT2: Off
                 ; 0000 00E4 GICR|=(1<<INT1) | (1<<INT0) | (0<<INT2);
0001c9 b7eb      	IN   R30,0x3B
0001ca 6ce0      	ORI  R30,LOW(0xC0)
0001cb bfeb      	OUT  0x3B,R30
                 ; 0000 00E5 MCUCR=(0<<ISC11) | (1<<ISC10) | (0<<ISC01) | (1<<ISC00);
0001cc e0e5      	LDI  R30,LOW(5)
0001cd bfe5      	OUT  0x35,R30
                 ; 0000 00E6 MCUCSR=(0<<ISC2);
0001ce e0e0      	LDI  R30,LOW(0)
0001cf bfe4      	OUT  0x34,R30
                 ; 0000 00E7 GIFR=(1<<INTF1) | (1<<INTF0) | (0<<INTF2);
0001d0 ece0      	LDI  R30,LOW(192)
0001d1 bfea      	OUT  0x3A,R30
                 ; 0000 00E8 
                 ; 0000 00E9 
                 ; 0000 00EA // Timer(s)/Counter(s) Interrupt(s) initialization
                 ; 0000 00EB TIMSK=(0<<OCIE2) | (0<<TOIE2) | (0<<TICIE1) | (0<<OCIE1A) | (0<<OCIE1B) | (0<<TOIE1) | (0<<OCIE0) | (1<<TOIE0);
0001d2 e0e1      	LDI  R30,LOW(1)
0001d3 bfe9      	OUT  0x39,R30
                 ; 0000 00EC 
                 ; 0000 00ED // Global enable interrupts
                 ; 0000 00EE #asm("sei")
0001d4 9478      	sei
                 ; 0000 00EF 
                 ; 0000 00F0    clearNCharOnXY(0,1,0);
0001d5 940e 0339 	CALL SUBOPT_0x2
0001d7 940e 037d 	CALL SUBOPT_0x9
                 ; 0000 00F1    showStringOnXY(0,1,toString(OCR1B));
0001d9 940e 0358 	CALL SUBOPT_0x6
                 ; 0000 00F2    clearNCharOnXY(0,0,0);
0001db 940e 0339 	CALL SUBOPT_0x2
0001dd 940e 0339 	CALL SUBOPT_0x2
0001df 940e 033e 	CALL SUBOPT_0x3
                 ; 0000 00F3    showStringOnXY(0,0,toString(OCR1A));
0001e1 940e 0339 	CALL SUBOPT_0x2
0001e3 940e 0382 	CALL SUBOPT_0xA
0001e5 d00b      	RCALL _showStringOnXY
                 ; 0000 00F4 while (1)
                 _0x30:
                 ; 0000 00F5     {
                 ; 0000 00F6 
                 ; 0000 00F7     }
0001e6 cfff      	RJMP _0x30
                 ; 0000 00F8 }
                 _0x33:
0001e7 cfff      	RJMP _0x33
                 ; .FEND
                 ;void clearNCharOnXY(int n, int x, int y){
                 ; 0000 00F9 void clearNCharOnXY(int n, int x, int y){
                 _clearNCharOnXY:
                 ; .FSTART _clearNCharOnXY
                 ; 0000 00FA         /*char *blank = "";
                 ; 0000 00FB         int a;
                 ; 0000 00FC         lcd_gotoxy(x, y);
                 ; 0000 00FD         for (a = 0; a< n;a++)
                 ; 0000 00FE             strcat(blank, " ");
                 ; 0000 00FF             */
                 ; 0000 0100             lcd_gotoxy(0, y);
0001e8 93ba      	ST   -Y,R27
0001e9 93aa      	ST   -Y,R26
                 ;	n -> Y+4
                 ;	x -> Y+2
                 ;	y -> Y+0
0001ea e0e0      	LDI  R30,LOW(0)
0001eb 93ea      	ST   -Y,R30
0001ec 81a9      	LDD  R26,Y+1
0001ed d061      	RCALL _lcd_gotoxy
                 ; 0000 0101         lcd_puts("                ");
                +
0001ee e6a0     +LDI R26 , LOW ( _0x34 + ( 0 ) )
0001ef e0b1     +LDI R27 , HIGH ( _0x34 + ( 0 ) )
                 	__POINTW2MN _0x34,0
0001f0 c008      	RJMP _0x20C0003
                 ; 0000 0102 }
                 ; .FEND
                 
                 	.DSEG
                 _0x34:
000160           	.BYTE 0x11
                 ;
                 ;void showStringOnXY(int x, int y, char *string){
                 ; 0000 0104 void showStringOnXY(int x, int y, char *string){
                 
                 	.CSEG
                 _showStringOnXY:
                 ; .FSTART _showStringOnXY
                 ; 0000 0105         lcd_gotoxy(x, y);
0001f1 93ba      	ST   -Y,R27
0001f2 93aa      	ST   -Y,R26
                 ;	x -> Y+4
                 ;	y -> Y+2
                 ;	*string -> Y+0
0001f3 81ec      	LDD  R30,Y+4
0001f4 93ea      	ST   -Y,R30
0001f5 81ab      	LDD  R26,Y+3
0001f6 d058      	RCALL _lcd_gotoxy
                 ; 0000 0106         lcd_puts(string);
0001f7 81a8      	LD   R26,Y
0001f8 81b9      	LDD  R27,Y+1
                 _0x20C0003:
0001f9 d094      	RCALL _lcd_puts
                 ; 0000 0107     }
0001fa 9626      	ADIW R28,6
0001fb 9508      	RET
                 ; .FEND
                 ;
                 ;char* toString(unsigned long x){
                 ; 0000 0109 char* toString(unsigned long x){
                 _toString:
                 ; .FSTART _toString
                 ; 0000 010A     char string[55];
                 ; 0000 010B     ltoa(x,string);
0001fc 940e 03ef 	CALL __PUTPARD2
0001fe 97e7      	SBIW R28,55
                 ;	x -> Y+55
                 ;	string -> Y+0
                +
0001ff a9ef     +LDD R30 , Y + 55
000200 adf8     +LDD R31 , Y + 55 + 1
000201 ad69     +LDD R22 , Y + 55 + 2
000202 ad7a     +LDD R23 , Y + 55 + 3
                 	__GETD1S 55
000203 940e 03ea 	CALL __PUTPARD1
000205 01de      	MOVW R26,R28
000206 9614      	ADIW R26,4
000207 940e 02ce 	CALL _ltoa
                 ; 0000 010C     return string;
000209 01fe      	MOVW R30,R28
00020a 96eb      	ADIW R28,59
00020b 9508      	RET
                 ; 0000 010D }
                 ; .FEND
                 ;
                 ;void enterConfigureMode(){
                 ; 0000 010F void enterConfigureMode(){
                 _enterConfigureMode:
                 ; .FSTART _enterConfigureMode
                 ; 0000 0110    clearNCharOnXY(0,1,0);
00020c 940e 0339 	CALL SUBOPT_0x2
00020e 940e 037d 	CALL SUBOPT_0x9
                 ; 0000 0111    showStringOnXY(0,1,toString(stepSize));
000210 940e 036e 	CALL SUBOPT_0x8
                 ; 0000 0112    clearNCharOnXY(0,0,0);
000212 940e 0339 	CALL SUBOPT_0x2
000214 940e 0339 	CALL SUBOPT_0x2
000216 940e 033e 	CALL SUBOPT_0x3
                 ; 0000 0113    showStringOnXY(0,0,"Step Size:");
000218 940e 0339 	CALL SUBOPT_0x2
                +
00021a e7a1     +LDI R26 , LOW ( _0x35 + ( 0 ) )
00021b e0b1     +LDI R27 , HIGH ( _0x35 + ( 0 ) )
                 	__POINTW2MN _0x35,0
00021c c010      	RJMP _0x20C0002
                 ; 0000 0114 }
                 ; .FEND
                 
                 	.DSEG
                 _0x35:
000171           	.BYTE 0xB
                 ;
                 ;void exitConfigureMode(){
                 ; 0000 0116 void exitConfigureMode(){
                 
                 	.CSEG
                 _exitConfigureMode:
                 ; .FSTART _exitConfigureMode
                 ; 0000 0117    clearNCharOnXY(0,1,0);
00021d 940e 0339 	CALL SUBOPT_0x2
00021f 940e 037d 	CALL SUBOPT_0x9
                 ; 0000 0118    showStringOnXY(0,1,toString(OCR1B));
000221 940e 0358 	CALL SUBOPT_0x6
                 ; 0000 0119    clearNCharOnXY(0,0,0);
000223 940e 0339 	CALL SUBOPT_0x2
000225 940e 0339 	CALL SUBOPT_0x2
000227 940e 033e 	CALL SUBOPT_0x3
                 ; 0000 011A    showStringOnXY(0,0,toString(OCR1A));
000229 940e 0339 	CALL SUBOPT_0x2
00022b 940e 0382 	CALL SUBOPT_0xA
                 _0x20C0002:
00022d dfc3      	RCALL _showStringOnXY
                 ; 0000 011B }
00022e 9508      	RET
                 ; .FEND
                 	#ifndef __SLEEP_DEFINED__
                 	#endif
                 
                 	.DSEG
                 
                 	.CSEG
                 __lcd_write_nibble_G100:
                 ; .FSTART __lcd_write_nibble_G100
00022f 93aa      	ST   -Y,R26
000230 b3e8      	IN   R30,0x18
000231 70ef      	ANDI R30,LOW(0xF)
000232 2fae      	MOV  R26,R30
000233 81e8      	LD   R30,Y
000234 7fe0      	ANDI R30,LOW(0xF0)
000235 2bea      	OR   R30,R26
000236 bbe8      	OUT  0x18,R30
                +
000237 e08d     +LDI R24 , LOW ( 13 )
                +__DELAY_USB_LOOP :
000238 958a     +DEC R24
000239 f7f1     +BRNE __DELAY_USB_LOOP
                 	__DELAY_USB 13
00023a 9ac2      	SBI  0x18,2
                +
00023b e08d     +LDI R24 , LOW ( 13 )
                +__DELAY_USB_LOOP :
00023c 958a     +DEC R24
00023d f7f1     +BRNE __DELAY_USB_LOOP
                 	__DELAY_USB 13
00023e 98c2      	CBI  0x18,2
                +
00023f e08d     +LDI R24 , LOW ( 13 )
                +__DELAY_USB_LOOP :
000240 958a     +DEC R24
000241 f7f1     +BRNE __DELAY_USB_LOOP
                 	__DELAY_USB 13
000242 c089      	RJMP _0x20C0001
                 ; .FEND
                 __lcd_write_data:
                 ; .FSTART __lcd_write_data
000243 93aa      	ST   -Y,R26
000244 81a8      	LD   R26,Y
000245 dfe9      	RCALL __lcd_write_nibble_G100
000246 81e8          ld    r30,y
000247 95e2          swap  r30
000248 83e8          st    y,r30
000249 81a8      	LD   R26,Y
00024a dfe4      	RCALL __lcd_write_nibble_G100
                +
00024b e885     +LDI R24 , LOW ( 133 )
                +__DELAY_USB_LOOP :
00024c 958a     +DEC R24
00024d f7f1     +BRNE __DELAY_USB_LOOP
                 	__DELAY_USB 133
00024e c07d      	RJMP _0x20C0001
                 ; .FEND
                 _lcd_gotoxy:
                 ; .FSTART _lcd_gotoxy
00024f 93aa      	ST   -Y,R26
000250 81e8      	LD   R30,Y
000251 e0f0      	LDI  R31,0
000252 58e2      	SUBI R30,LOW(-__base_y_G100)
000253 4ffe      	SBCI R31,HIGH(-__base_y_G100)
000254 81e0      	LD   R30,Z
000255 81a9      	LDD  R26,Y+1
000256 0fae      	ADD  R26,R30
000257 dfeb      	RCALL __lcd_write_data
000258 81e9      	LDD  R30,Y+1
000259 93e0 0182 	STS  __lcd_x,R30
00025b 81e8      	LD   R30,Y
00025c 93e0 0183 	STS  __lcd_y,R30
00025e 9622      	ADIW R28,2
00025f 9508      	RET
                 ; .FEND
                 _lcd_clear:
                 ; .FSTART _lcd_clear
000260 e0a2      	LDI  R26,LOW(2)
000261 940e 038c 	CALL SUBOPT_0xB
000263 e0ac      	LDI  R26,LOW(12)
000264 dfde      	RCALL __lcd_write_data
000265 e0a1      	LDI  R26,LOW(1)
000266 940e 038c 	CALL SUBOPT_0xB
000268 e0e0      	LDI  R30,LOW(0)
000269 93e0 0183 	STS  __lcd_y,R30
00026b 93e0 0182 	STS  __lcd_x,R30
00026d 9508      	RET
                 ; .FEND
                 _lcd_putchar:
                 ; .FSTART _lcd_putchar
00026e 93aa      	ST   -Y,R26
00026f 81a8      	LD   R26,Y
000270 30aa      	CPI  R26,LOW(0xA)
000271 f031      	BREQ _0x2000005
000272 91e0 0184 	LDS  R30,__lcd_maxx
000274 91a0 0182 	LDS  R26,__lcd_x
000276 17ae      	CP   R26,R30
000277 f060      	BRLO _0x2000004
                 _0x2000005:
000278 e0e0      	LDI  R30,LOW(0)
000279 93ea      	ST   -Y,R30
00027a 91a0 0183 	LDS  R26,__lcd_y
00027c 5faf      	SUBI R26,-LOW(1)
00027d 93a0 0183 	STS  __lcd_y,R26
00027f dfcf      	RCALL _lcd_gotoxy
000280 81a8      	LD   R26,Y
000281 30aa      	CPI  R26,LOW(0xA)
000282 f409      	BRNE _0x2000007
000283 c048      	RJMP _0x20C0001
                 _0x2000007:
                 _0x2000004:
000284 91e0 0182 	LDS  R30,__lcd_x
000286 5fef      	SUBI R30,-LOW(1)
000287 93e0 0182 	STS  __lcd_x,R30
000289 9ac0      	SBI  0x18,0
00028a 81a8      	LD   R26,Y
00028b dfb7      	RCALL __lcd_write_data
00028c 98c0      	CBI  0x18,0
00028d c03e      	RJMP _0x20C0001
                 ; .FEND
                 _lcd_puts:
                 ; .FSTART _lcd_puts
00028e 93ba      	ST   -Y,R27
00028f 93aa      	ST   -Y,R26
000290 931a      	ST   -Y,R17
                 _0x2000008:
000291 81a9      	LDD  R26,Y+1
000292 81ba      	LDD  R27,Y+1+1
000293 91ed      	LD   R30,X+
000294 83a9      	STD  Y+1,R26
000295 83ba      	STD  Y+1+1,R27
000296 2f1e      	MOV  R17,R30
000297 30e0      	CPI  R30,0
000298 f019      	BREQ _0x200000A
000299 2fa1      	MOV  R26,R17
00029a dfd3      	RCALL _lcd_putchar
00029b cff5      	RJMP _0x2000008
                 _0x200000A:
00029c 8118      	LDD  R17,Y+0
00029d 9623      	ADIW R28,3
00029e 9508      	RET
                 ; .FEND
                 _lcd_init:
                 ; .FSTART _lcd_init
00029f 93aa      	ST   -Y,R26
0002a0 b3e7      	IN   R30,0x17
0002a1 6fe0      	ORI  R30,LOW(0xF0)
0002a2 bbe7      	OUT  0x17,R30
0002a3 9aba      	SBI  0x17,2
0002a4 9ab8      	SBI  0x17,0
0002a5 9ab9      	SBI  0x17,1
0002a6 98c2      	CBI  0x18,2
0002a7 98c0      	CBI  0x18,0
0002a8 98c1      	CBI  0x18,1
0002a9 81e8      	LD   R30,Y
0002aa 93e0 0184 	STS  __lcd_maxx,R30
0002ac 58e0      	SUBI R30,-LOW(128)
                +
0002ad 93e0 0180+STS __base_y_G100 + ( 2 ) , R30
                 	__PUTB1MN __base_y_G100,2
0002af 81e8      	LD   R30,Y
0002b0 54e0      	SUBI R30,-LOW(192)
                +
0002b1 93e0 0181+STS __base_y_G100 + ( 3 ) , R30
                 	__PUTB1MN __base_y_G100,3
0002b3 e1a4      	LDI  R26,LOW(20)
0002b4 e0b0      	LDI  R27,0
0002b5 940e 03aa 	CALL _delay_ms
0002b7 940e 0392 	CALL SUBOPT_0xC
0002b9 940e 0392 	CALL SUBOPT_0xC
0002bb 940e 0392 	CALL SUBOPT_0xC
0002bd e2a0      	LDI  R26,LOW(32)
0002be df70      	RCALL __lcd_write_nibble_G100
                +
0002bf ec88     +LDI R24 , LOW ( 200 )
0002c0 e090     +LDI R25 , HIGH ( 200 )
                +__DELAY_USW_LOOP :
0002c1 9701     +SBIW R24 , 1
0002c2 f7f1     +BRNE __DELAY_USW_LOOP
                 	__DELAY_USW 200
0002c3 e2a8      	LDI  R26,LOW(40)
0002c4 df7e      	RCALL __lcd_write_data
0002c5 e0a4      	LDI  R26,LOW(4)
0002c6 df7c      	RCALL __lcd_write_data
0002c7 e8a5      	LDI  R26,LOW(133)
0002c8 df7a      	RCALL __lcd_write_data
0002c9 e0a6      	LDI  R26,LOW(6)
0002ca df78      	RCALL __lcd_write_data
0002cb df94      	RCALL _lcd_clear
                 _0x20C0001:
0002cc 9621      	ADIW R28,1
0002cd 9508      	RET
                 ; .FEND
                 
                 	.CSEG
                 	#ifndef __SLEEP_DEFINED__
                 	#endif
                 
                 	.CSEG
                 
                 	.CSEG
                 _ltoa:
                 ; .FSTART _ltoa
0002ce 93ba      	ST   -Y,R27
0002cf 93aa      	ST   -Y,R26
0002d0 9724      	SBIW R28,4
0002d1 931a      	ST   -Y,R17
0002d2 930a      	ST   -Y,R16
                +
0002d3 e0e0     +LDI R30 , LOW ( 0x3B9ACA00 )
0002d4 ecfa     +LDI R31 , HIGH ( 0x3B9ACA00 )
0002d5 e96a     +LDI R22 , BYTE3 ( 0x3B9ACA00 )
0002d6 e37b     +LDI R23 , BYTE4 ( 0x3B9ACA00 )
                 	__GETD1N 0x3B9ACA00
                +
0002d7 83ea     +STD Y + 2 , R30
0002d8 83fb     +STD Y + 2 + 1 , R31
0002d9 836c     +STD Y + 2 + 2 , R22
0002da 837d     +STD Y + 2 + 3 , R23
                 	__PUTD1S 2
0002db e000      	LDI  R16,LOW(0)
0002dc 85ab      	LDD  R26,Y+11
0002dd 23aa      	TST  R26
0002de f472      	BRPL _0x2060003
                +
0002df 85e8     +LDD R30 , Y + 8
0002e0 85f9     +LDD R31 , Y + 8 + 1
0002e1 856a     +LDD R22 , Y + 8 + 2
0002e2 857b     +LDD R23 , Y + 8 + 3
                 	__GETD1S 8
0002e3 940e 03b4 	CALL __ANEGD1
                +
0002e5 87e8     +STD Y + 8 , R30
0002e6 87f9     +STD Y + 8 + 1 , R31
0002e7 876a     +STD Y + 8 + 2 , R22
0002e8 877b     +STD Y + 8 + 3 , R23
                 	__PUTD1S 8
0002e9 940e 039a 	CALL SUBOPT_0xD
0002eb e2ed      	LDI  R30,LOW(45)
0002ec 93ec      	ST   X,R30
                 _0x2060003:
                 _0x2060005:
0002ed 940e 03a1 	CALL SUBOPT_0xE
0002ef 940e 03c1 	CALL __DIVD21U
0002f1 2f1e      	MOV  R17,R30
0002f2 3010      	CPI  R17,0
0002f3 f471      	BRNE _0x2060008
0002f4 3000      	CPI  R16,0
0002f5 f461      	BRNE _0x2060008
                +
0002f6 81aa     +LDD R26 , Y + 2
0002f7 81bb     +LDD R27 , Y + 2 + 1
0002f8 818c     +LDD R24 , Y + 2 + 2
0002f9 819d     +LDD R25 , Y + 2 + 3
                 	__GETD2S 2
                +
0002fa 30a1     +CPI R26 , LOW ( 0x1 )
0002fb e0e0     +LDI R30 , HIGH ( 0x1 )
0002fc 07be     +CPC R27 , R30
0002fd e0e0     +LDI R30 , BYTE3 ( 0x1 )
0002fe 078e     +CPC R24 , R30
0002ff e0e0     +LDI R30 , BYTE4 ( 0x1 )
000300 079e     +CPC R25 , R30
                 	__CPD2N 0x1
000301 f431      	BRNE _0x2060007
                 _0x2060008:
000302 940e 039a 	CALL SUBOPT_0xD
000304 2fe1      	MOV  R30,R17
000305 5de0      	SUBI R30,-LOW(48)
000306 93ec      	ST   X,R30
000307 e001      	LDI  R16,LOW(1)
                 _0x2060007:
000308 940e 03a1 	CALL SUBOPT_0xE
00030a 940e 03e6 	CALL __MODD21U
                +
00030c 87e8     +STD Y + 8 , R30
00030d 87f9     +STD Y + 8 + 1 , R31
00030e 876a     +STD Y + 8 + 2 , R22
00030f 877b     +STD Y + 8 + 3 , R23
                 	__PUTD1S 8
                +
000310 81aa     +LDD R26 , Y + 2
000311 81bb     +LDD R27 , Y + 2 + 1
000312 818c     +LDD R24 , Y + 2 + 2
000313 819d     +LDD R25 , Y + 2 + 3
                 	__GETD2S 2
                +
000314 e0ea     +LDI R30 , LOW ( 0xA )
000315 e0f0     +LDI R31 , HIGH ( 0xA )
000316 e060     +LDI R22 , BYTE3 ( 0xA )
000317 e070     +LDI R23 , BYTE4 ( 0xA )
                 	__GETD1N 0xA
000318 940e 03c1 	CALL __DIVD21U
                +
00031a 83ea     +STD Y + 2 , R30
00031b 83fb     +STD Y + 2 + 1 , R31
00031c 836c     +STD Y + 2 + 2 , R22
00031d 837d     +STD Y + 2 + 3 , R23
                 	__PUTD1S 2
00031e 940e 03f4 	CALL __CPD10
000320 f661      	BRNE _0x2060005
000321 81ae      	LDD  R26,Y+6
000322 81bf      	LDD  R27,Y+6+1
000323 e0e0      	LDI  R30,LOW(0)
000324 93ec      	ST   X,R30
000325 8119      	LDD  R17,Y+1
000326 8108      	LDD  R16,Y+0
000327 962c      	ADIW R28,12
000328 9508      	RET
                 ; .FEND
                 
                 	.DSEG
                 
                 	.CSEG
                 
                 	.CSEG
                 
                 	.CSEG
                 
                 	.DSEG
                 _stepSize:
00017c           	.BYTE 0x2
                 __base_y_G100:
00017e           	.BYTE 0x4
                 __lcd_x:
000182           	.BYTE 0x1
                 __lcd_y:
000183           	.BYTE 0x1
                 __lcd_maxx:
000184           	.BYTE 0x1
                 __seed_G103:
000185           	.BYTE 0x4
                 
                 	.CSEG
                 ;OPTIMIZER ADDED SUBROUTINE, CALLED 4 TIMES, CODE SIZE REDUCTION:9 WORDS
                 SUBOPT_0x0:
000329 b5ea      	IN   R30,0x2A
00032a b5fb      	IN   R31,0x2A+1
00032b 91a0 017c 	LDS  R26,_stepSize
00032d 91b0 017d 	LDS  R27,_stepSize+1
00032f 9508      	RET
                 
                 ;OPTIMIZER ADDED SUBROUTINE, CALLED 2 TIMES, CODE SIZE REDUCTION:3 WORDS
                 SUBOPT_0x1:
000330 b5e8      	IN   R30,0x28
000331 b5f9      	IN   R31,0x28+1
000332 91a0 017c 	LDS  R26,_stepSize
000334 91b0 017d 	LDS  R27,_stepSize+1
000336 1bea      	SUB  R30,R26
000337 0bfb      	SBC  R31,R27
000338 9508      	RET
                 
                 ;OPTIMIZER ADDED SUBROUTINE, CALLED 38 TIMES, CODE SIZE REDUCTION:71 WORDS
                 SUBOPT_0x2:
000339 e0e0      	LDI  R30,LOW(0)
00033a e0f0      	LDI  R31,HIGH(0)
00033b 93fa      	ST   -Y,R31
00033c 93ea      	ST   -Y,R30
00033d 9508      	RET
                 
                 ;OPTIMIZER ADDED SUBROUTINE, CALLED 8 TIMES, CODE SIZE REDUCTION:25 WORDS
                 SUBOPT_0x3:
00033e e0a0      	LDI  R26,LOW(0)
00033f e0b0      	LDI  R27,0
000340 940e 01e8 	CALL _clearNCharOnXY
000342 cff6      	RJMP SUBOPT_0x2
                 
                 ;OPTIMIZER ADDED SUBROUTINE, CALLED 2 TIMES, CODE SIZE REDUCTION:12 WORDS
                 SUBOPT_0x4:
000343 b5ea      	IN   R30,0x2A
000344 b5fb      	IN   R31,0x2A+1
000345 2766      	CLR  R22
000346 2777      	CLR  R23
000347 01df      	MOVW R26,R30
000348 01cb      	MOVW R24,R22
000349 940e 01fc 	CALL _toString
00034b 01df      	MOVW R26,R30
00034c 940e 01f1 	CALL _showStringOnXY
00034e e0aa      	LDI  R26,LOW(10)
00034f e0b0      	LDI  R27,0
000350 940e 03aa 	CALL _delay_ms
000352 cfe6      	RJMP SUBOPT_0x2
                 
                 ;OPTIMIZER ADDED SUBROUTINE, CALLED 4 TIMES, CODE SIZE REDUCTION:9 WORDS
                 SUBOPT_0x5:
000353 e0a1      	LDI  R26,LOW(1)
000354 e0b0      	LDI  R27,0
000355 940e 01e8 	CALL _clearNCharOnXY
000357 cfe1      	RJMP SUBOPT_0x2
                 
                 ;OPTIMIZER ADDED SUBROUTINE, CALLED 4 TIMES, CODE SIZE REDUCTION:36 WORDS
                 SUBOPT_0x6:
000358 e0e1      	LDI  R30,LOW(1)
000359 e0f0      	LDI  R31,HIGH(1)
00035a 93fa      	ST   -Y,R31
00035b 93ea      	ST   -Y,R30
00035c b5e8      	IN   R30,0x28
00035d b5f9      	IN   R31,0x28+1
00035e 2766      	CLR  R22
00035f 2777      	CLR  R23
000360 01df      	MOVW R26,R30
000361 01cb      	MOVW R24,R22
000362 940e 01fc 	CALL _toString
000364 01df      	MOVW R26,R30
000365 940c 01f1 	JMP  _showStringOnXY
                 
                 ;OPTIMIZER ADDED SUBROUTINE, CALLED 2 TIMES, CODE SIZE REDUCTION:1 WORDS
                 SUBOPT_0x7:
000367 b5e8      	IN   R30,0x28
000368 b5f9      	IN   R31,0x28+1
000369 91a0 017c 	LDS  R26,_stepSize
00036b 91b0 017d 	LDS  R27,_stepSize+1
00036d 9508      	RET
                 
                 ;OPTIMIZER ADDED SUBROUTINE, CALLED 3 TIMES, CODE SIZE REDUCTION:23 WORDS
                 SUBOPT_0x8:
00036e e0e1      	LDI  R30,LOW(1)
00036f e0f0      	LDI  R31,HIGH(1)
000370 93fa      	ST   -Y,R31
000371 93ea      	ST   -Y,R30
000372 91a0 017c 	LDS  R26,_stepSize
000374 91b0 017d 	LDS  R27,_stepSize+1
000376 940e 03bc 	CALL __CWD2
000378 940e 01fc 	CALL _toString
00037a 01df      	MOVW R26,R30
00037b 940c 01f1 	JMP  _showStringOnXY
                 
                 ;OPTIMIZER ADDED SUBROUTINE, CALLED 3 TIMES, CODE SIZE REDUCTION:5 WORDS
                 SUBOPT_0x9:
00037d e0e1      	LDI  R30,LOW(1)
00037e e0f0      	LDI  R31,HIGH(1)
00037f 93fa      	ST   -Y,R31
000380 93ea      	ST   -Y,R30
000381 cfbc      	RJMP SUBOPT_0x3
                 
                 ;OPTIMIZER ADDED SUBROUTINE, CALLED 2 TIMES, CODE SIZE REDUCTION:4 WORDS
                 SUBOPT_0xA:
000382 b5ea      	IN   R30,0x2A
000383 b5fb      	IN   R31,0x2A+1
000384 2766      	CLR  R22
000385 2777      	CLR  R23
000386 01df      	MOVW R26,R30
000387 01cb      	MOVW R24,R22
000388 940e 01fc 	CALL _toString
00038a 01df      	MOVW R26,R30
00038b 9508      	RET
                 
                 ;OPTIMIZER ADDED SUBROUTINE, CALLED 2 TIMES, CODE SIZE REDUCTION:1 WORDS
                 SUBOPT_0xB:
00038c 940e 0243 	CALL __lcd_write_data
00038e e0a3      	LDI  R26,LOW(3)
00038f e0b0      	LDI  R27,0
000390 940c 03aa 	JMP  _delay_ms
                 
                 ;OPTIMIZER ADDED SUBROUTINE, CALLED 3 TIMES, CODE SIZE REDUCTION:7 WORDS
                 SUBOPT_0xC:
000392 e3a0      	LDI  R26,LOW(48)
000393 940e 022f 	CALL __lcd_write_nibble_G100
                +
000395 ec88     +LDI R24 , LOW ( 200 )
000396 e090     +LDI R25 , HIGH ( 200 )
                +__DELAY_USW_LOOP :
000397 9701     +SBIW R24 , 1
000398 f7f1     +BRNE __DELAY_USW_LOOP
                 	__DELAY_USW 200
000399 9508      	RET
                 
                 ;OPTIMIZER ADDED SUBROUTINE, CALLED 2 TIMES, CODE SIZE REDUCTION:1 WORDS
                 SUBOPT_0xD:
00039a 81ae      	LDD  R26,Y+6
00039b 81bf      	LDD  R27,Y+6+1
00039c 9611      	ADIW R26,1
00039d 83ae      	STD  Y+6,R26
00039e 83bf      	STD  Y+6+1,R27
00039f 9711      	SBIW R26,1
0003a0 9508      	RET
                 
                 ;OPTIMIZER ADDED SUBROUTINE, CALLED 2 TIMES, CODE SIZE REDUCTION:3 WORDS
                 SUBOPT_0xE:
                +
0003a1 81ea     +LDD R30 , Y + 2
0003a2 81fb     +LDD R31 , Y + 2 + 1
0003a3 816c     +LDD R22 , Y + 2 + 2
0003a4 817d     +LDD R23 , Y + 2 + 3
                 	__GETD1S 2
                +
0003a5 85a8     +LDD R26 , Y + 8
0003a6 85b9     +LDD R27 , Y + 8 + 1
0003a7 858a     +LDD R24 , Y + 8 + 2
0003a8 859b     +LDD R25 , Y + 8 + 3
                 	__GETD2S 8
0003a9 9508      	RET
                 
                 
                 	.CSEG
                 _delay_ms:
0003aa 9610      	adiw r26,0
0003ab f039      	breq __delay_ms1
                 __delay_ms0:
                +
0003ac ed80     +LDI R24 , LOW ( 0x7D0 )
0003ad e097     +LDI R25 , HIGH ( 0x7D0 )
                +__DELAY_USW_LOOP :
0003ae 9701     +SBIW R24 , 1
0003af f7f1     +BRNE __DELAY_USW_LOOP
                 	__DELAY_USW 0x7D0
0003b0 95a8      	wdr
0003b1 9711      	sbiw r26,1
0003b2 f7c9      	brne __delay_ms0
                 __delay_ms1:
0003b3 9508      	ret
                 
                 __ANEGD1:
0003b4 95f0      	COM  R31
0003b5 9560      	COM  R22
0003b6 9570      	COM  R23
0003b7 95e1      	NEG  R30
0003b8 4fff      	SBCI R31,-1
0003b9 4f6f      	SBCI R22,-1
0003ba 4f7f      	SBCI R23,-1
0003bb 9508      	RET
                 
                 __CWD2:
0003bc 2f8b      	MOV  R24,R27
0003bd 0f88      	ADD  R24,R24
0003be 0b88      	SBC  R24,R24
0003bf 2f98      	MOV  R25,R24
0003c0 9508      	RET
                 
                 __DIVD21U:
0003c1 933f      	PUSH R19
0003c2 934f      	PUSH R20
0003c3 935f      	PUSH R21
0003c4 2400      	CLR  R0
0003c5 2411      	CLR  R1
0003c6 2744      	CLR  R20
0003c7 2755      	CLR  R21
0003c8 e230      	LDI  R19,32
                 __DIVD21U1:
0003c9 0faa      	LSL  R26
0003ca 1fbb      	ROL  R27
0003cb 1f88      	ROL  R24
0003cc 1f99      	ROL  R25
0003cd 1c00      	ROL  R0
0003ce 1c11      	ROL  R1
0003cf 1f44      	ROL  R20
0003d0 1f55      	ROL  R21
0003d1 1a0e      	SUB  R0,R30
0003d2 0a1f      	SBC  R1,R31
0003d3 0b46      	SBC  R20,R22
0003d4 0b57      	SBC  R21,R23
0003d5 f428      	BRCC __DIVD21U2
0003d6 0e0e      	ADD  R0,R30
0003d7 1e1f      	ADC  R1,R31
0003d8 1f46      	ADC  R20,R22
0003d9 1f57      	ADC  R21,R23
0003da c001      	RJMP __DIVD21U3
                 __DIVD21U2:
0003db 60a1      	SBR  R26,1
                 __DIVD21U3:
0003dc 953a      	DEC  R19
0003dd f759      	BRNE __DIVD21U1
0003de 01fd      	MOVW R30,R26
0003df 01bc      	MOVW R22,R24
0003e0 01d0      	MOVW R26,R0
0003e1 01ca      	MOVW R24,R20
0003e2 915f      	POP  R21
0003e3 914f      	POP  R20
0003e4 913f      	POP  R19
0003e5 9508      	RET
                 
                 __MODD21U:
0003e6 dfda      	RCALL __DIVD21U
0003e7 01fd      	MOVW R30,R26
0003e8 01bc      	MOVW R22,R24
0003e9 9508      	RET
                 
                 __PUTPARD1:
0003ea 937a      	ST   -Y,R23
0003eb 936a      	ST   -Y,R22
0003ec 93fa      	ST   -Y,R31
0003ed 93ea      	ST   -Y,R30
0003ee 9508      	RET
                 
                 __PUTPARD2:
0003ef 939a      	ST   -Y,R25
0003f0 938a      	ST   -Y,R24
0003f1 93ba      	ST   -Y,R27
0003f2 93aa      	ST   -Y,R26
0003f3 9508      	RET
                 
                 __CPD10:
0003f4 9730      	SBIW R30,0
0003f5 4060      	SBCI R22,0
0003f6 4070      	SBCI R23,0
0003f7 9508      	RET
                 
                 ;END OF CODE MARKER
                 __END_OF_CODE:


RESOURCE USE INFORMATION
------------------------

Notice:
The register and instruction counts are symbol table hit counts,
and hence implicitly used resources are not counted, eg, the
'lpm' instruction without operands implicitly uses r0 and z,
none of which are counted.

x,y,z are separate entities in the symbol table and are
counted separately from r26..r31 here.

.dseg memory usage only counts static data declared with .byte

ATmega16 register use summary:
r0 :  11 r1 :   7 r2 :   0 r3 :   0 r4 :   5 r5 :   3 r6 :   5 r7 :   3 
r8 :   7 r9 :   3 r10:   8 r11:   8 r12:   8 r13:   4 r14:   0 r15:   2 
r16:   5 r17:   9 r18:   0 r19:   4 r20:   7 r21:   6 r22:  27 r23:  20 
r24:  41 r25:  14 r26: 100 r27:  45 r28:  11 r29:   1 r30: 222 r31:  75 
x  :  15 y  : 138 z  :   8 
Registers used: 31 out of 35 (88.6%)

ATmega16 instruction use summary:
.lds  :   0 .lds.l:   0 .sts  :   0 .sts.l:   0 adc   :   7 add   :   7 
adiw  :  14 and   :   0 andi  :   2 asr   :   0 bclr  :   0 bld   :   0 
brbc  :   0 brbs  :   0 brcc  :   1 brcs  :   0 break :   0 breq  :  18 
brge  :   4 brhc  :   0 brhs  :   0 brid  :   0 brie  :   0 brlo  :   3 
brlt  :   0 brmi  :   0 brne  :  25 brpl  :   1 brsh  :   2 brtc  :   0 
brts  :   0 brvc  :   0 brvs  :   0 bset  :   0 bst   :   0 call  :  84 
cbi   :   5 cbr   :   0 clc   :   0 clh   :   0 cli   :   1 cln   :   0 
clr   :  22 cls   :   0 clt   :   0 clv   :   0 clz   :   0 com   :   3 
cp    :   9 cpc   :  13 cpi   :   8 cpse  :   0 dec   :   6 des   :   0 
eor   :   0 fmul  :   0 fmuls :   0 fmulsu:   0 icall :   0 ijmp  :   0 
in    :  22 inc   :   0 jmp   :  25 ld    :  32 ldd   :  40 ldi   : 117 
lds   :  12 lpm   :   7 lsl   :   1 lsr   :   0 mov   :  11 movw  :  31 
mul   :   0 muls  :   0 mulsu :   0 neg   :   1 nop   :   0 or    :   1 
ori   :   2 out   :  41 pop   :   3 push  :   3 rcall :  22 ret   :  24 
reti  :   2 rjmp  :  34 rol   :   7 ror   :   0 sbc   :   7 sbci  :   6 
sbi   :   7 sbic  :   2 sbis  :   0 sbiw  :  12 sbr   :   1 sbrc  :   0 
sbrs  :   0 sec   :   0 seh   :   0 sei   :   1 sen   :   0 ser   :   0 
ses   :   0 set   :   0 sev   :   0 sez   :   0 sleep :   0 spm   :   0 
st    :  62 std   :  20 sts   :   9 sub   :   4 subi  :   6 swap  :   1 
tst   :  21 wdr   :   1 
Instructions used: 56 out of 116 (48.3%)

ATmega16 memory use summary [bytes]:
Segment   Begin    End      Code   Data   Used    Size   Use%
---------------------------------------------------------------
[.cseg] 0x000000 0x0007f0   1926    106   2032   16384  12.4%
[.dseg] 0x000060 0x000189      0     41     41    1024   4.0%
[.eseg] 0x000000 0x000000      0      0      0     512   0.0%

Assembly complete, 0 errors, 13 warnings
