
AVRASM ver. 2.1.30  C:\Users\Alireza\Desktop\MicroProcessorLabProjects\Project2\CodeVision\Version-1.0.1\Debug\List\HasChangeCode.asm Sun Oct 13 22:28:03 2019

C:\Users\Alireza\Desktop\MicroProcessorLabProjects\Project2\CodeVision\Version-1.0.1\Debug\List\HasChangeCode.asm(1088): warning: Register r4 already defined by the .DEF directive
C:\Users\Alireza\Desktop\MicroProcessorLabProjects\Project2\CodeVision\Version-1.0.1\Debug\List\HasChangeCode.asm(1089): warning: Register r5 already defined by the .DEF directive
C:\Users\Alireza\Desktop\MicroProcessorLabProjects\Project2\CodeVision\Version-1.0.1\Debug\List\HasChangeCode.asm(1090): warning: Register r7 already defined by the .DEF directive
C:\Users\Alireza\Desktop\MicroProcessorLabProjects\Project2\CodeVision\Version-1.0.1\Debug\List\HasChangeCode.asm(1091): warning: Register r6 already defined by the .DEF directive
C:\Users\Alireza\Desktop\MicroProcessorLabProjects\Project2\CodeVision\Version-1.0.1\Debug\List\HasChangeCode.asm(1092): warning: Register r9 already defined by the .DEF directive
C:\Users\Alireza\Desktop\MicroProcessorLabProjects\Project2\CodeVision\Version-1.0.1\Debug\List\HasChangeCode.asm(1093): warning: Register r10 already defined by the .DEF directive
C:\Users\Alireza\Desktop\MicroProcessorLabProjects\Project2\CodeVision\Version-1.0.1\Debug\List\HasChangeCode.asm(1094): warning: Register r11 already defined by the .DEF directive
C:\Users\Alireza\Desktop\MicroProcessorLabProjects\Project2\CodeVision\Version-1.0.1\Debug\List\HasChangeCode.asm(1095): warning: Register r12 already defined by the .DEF directive
C:\Users\Alireza\Desktop\MicroProcessorLabProjects\Project2\CodeVision\Version-1.0.1\Debug\List\HasChangeCode.asm(1096): warning: Register r13 already defined by the .DEF directive
C:\Users\Alireza\Desktop\MicroProcessorLabProjects\Project2\CodeVision\Version-1.0.1\Debug\List\HasChangeCode.asm(1097): warning: Register r8 already defined by the .DEF directive
                 
                 
                 ;CodeVisionAVR C Compiler V3.12 Advanced
                 ;(C) Copyright 1998-2014 Pavel Haiduc, HP InfoTech s.r.l.
                 ;http://www.hpinfotech.com
                 
                 ;Build configuration    : Debug
                 ;Chip type              : ATmega16
                 ;Program type           : Application
                 ;Clock frequency        : 8/000000 MHz
                 ;Memory model           : Small
                 ;Optimize for           : Size
                 ;(s)printf features     : int, width
                 ;(s)scanf features      : int, width
                 ;External RAM size      : 0
                 ;Data Stack size        : 256 byte(s)
                 ;Heap size              : 0 byte(s)
                 ;Promote 'char' to 'int': Yes
                 ;'char' is unsigned     : Yes
                 ;8 bit enums            : Yes
                 ;Global 'const' stored in FLASH: No
                 ;Enhanced function parameter passing: Yes
                 ;Enhanced core instructions: On
                 ;Automatic register allocation for global variables: On
                 ;Smart register allocation: On
                 
                 	#define _MODEL_SMALL_
                 
                 	#pragma AVRPART ADMIN PART_NAME ATmega16
                 	#pragma AVRPART MEMORY PROG_FLASH 16384
                 	#pragma AVRPART MEMORY EEPROM 512
                 	#pragma AVRPART MEMORY INT_SRAM SIZE 1024
                 	#pragma AVRPART MEMORY INT_SRAM START_ADDR 0x60
                 
                 	#define CALL_SUPPORTED 1
                 
                 	.LISTMAC
                 	.EQU UDRE=0x5
                 	.EQU RXC=0x7
                 	.EQU USR=0xB
                 	.EQU UDR=0xC
                 	.EQU SPSR=0xE
                 	.EQU SPDR=0xF
                 	.EQU EERE=0x0
                 	.EQU EEWE=0x1
                 	.EQU EEMWE=0x2
                 	.EQU EECR=0x1C
                 	.EQU EEDR=0x1D
                 	.EQU EEARL=0x1E
                 	.EQU EEARH=0x1F
                 	.EQU WDTCR=0x21
                 	.EQU MCUCR=0x35
                 	.EQU GICR=0x3B
                 	.EQU SPL=0x3D
                 	.EQU SPH=0x3E
                 	.EQU SREG=0x3F
                 
                 	.DEF R0X0=R0
                 	.DEF R0X1=R1
                 	.DEF R0X2=R2
                 	.DEF R0X3=R3
                 	.DEF R0X4=R4
                 	.DEF R0X5=R5
                 	.DEF R0X6=R6
                 	.DEF R0X7=R7
                 	.DEF R0X8=R8
                 	.DEF R0X9=R9
                 	.DEF R0XA=R10
                 	.DEF R0XB=R11
                 	.DEF R0XC=R12
                 	.DEF R0XD=R13
                 	.DEF R0XE=R14
                 	.DEF R0XF=R15
                 	.DEF R0X10=R16
                 	.DEF R0X11=R17
                 	.DEF R0X12=R18
                 	.DEF R0X13=R19
                 	.DEF R0X14=R20
                 	.DEF R0X15=R21
                 	.DEF R0X16=R22
                 	.DEF R0X17=R23
                 	.DEF R0X18=R24
                 	.DEF R0X19=R25
                 	.DEF R0X1A=R26
                 	.DEF R0X1B=R27
                 	.DEF R0X1C=R28
                 	.DEF R0X1D=R29
                 	.DEF R0X1E=R30
                 	.DEF R0X1F=R31
                 
                 	.EQU __SRAM_START=0x0060
                 	.EQU __SRAM_END=0x045F
                 	.EQU __DSTACK_SIZE=0x0100
                 	.EQU __HEAP_SIZE=0x0000
                 	.EQU __CLEAR_SRAM_SIZE=__SRAM_END-__SRAM_START+1
                 
                 	.MACRO __CPD1N
                 	CPI  R30,LOW(@0)
                 	LDI  R26,HIGH(@0)
                 	CPC  R31,R26
                 	LDI  R26,BYTE3(@0)
                 	CPC  R22,R26
                 	LDI  R26,BYTE4(@0)
                 	CPC  R23,R26
                 	.ENDM
                 
                 	.MACRO __CPD2N
                 	CPI  R26,LOW(@0)
                 	LDI  R30,HIGH(@0)
                 	CPC  R27,R30
                 	LDI  R30,BYTE3(@0)
                 	CPC  R24,R30
                 	LDI  R30,BYTE4(@0)
                 	CPC  R25,R30
                 	.ENDM
                 
                 	.MACRO __CPWRR
                 	CP   R@0,R@2
                 	CPC  R@1,R@3
                 	.ENDM
                 
                 	.MACRO __CPWRN
                 	CPI  R@0,LOW(@2)
                 	LDI  R30,HIGH(@2)
                 	CPC  R@1,R30
                 	.ENDM
                 
                 	.MACRO __ADDB1MN
                 	SUBI R30,LOW(-@0-(@1))
                 	.ENDM
                 
                 	.MACRO __ADDB2MN
                 	SUBI R26,LOW(-@0-(@1))
                 	.ENDM
                 
                 	.MACRO __ADDW1MN
                 	SUBI R30,LOW(-@0-(@1))
                 	SBCI R31,HIGH(-@0-(@1))
                 	.ENDM
                 
                 	.MACRO __ADDW2MN
                 	SUBI R26,LOW(-@0-(@1))
                 	SBCI R27,HIGH(-@0-(@1))
                 	.ENDM
                 
                 	.MACRO __ADDW1FN
                 	SUBI R30,LOW(-2*@0-(@1))
                 	SBCI R31,HIGH(-2*@0-(@1))
                 	.ENDM
                 
                 	.MACRO __ADDD1FN
                 	SUBI R30,LOW(-2*@0-(@1))
                 	SBCI R31,HIGH(-2*@0-(@1))
                 	SBCI R22,BYTE3(-2*@0-(@1))
                 	.ENDM
                 
                 	.MACRO __ADDD1N
                 	SUBI R30,LOW(-@0)
                 	SBCI R31,HIGH(-@0)
                 	SBCI R22,BYTE3(-@0)
                 	SBCI R23,BYTE4(-@0)
                 	.ENDM
                 
                 	.MACRO __ADDD2N
                 	SUBI R26,LOW(-@0)
                 	SBCI R27,HIGH(-@0)
                 	SBCI R24,BYTE3(-@0)
                 	SBCI R25,BYTE4(-@0)
                 	.ENDM
                 
                 	.MACRO __SUBD1N
                 	SUBI R30,LOW(@0)
                 	SBCI R31,HIGH(@0)
                 	SBCI R22,BYTE3(@0)
                 	SBCI R23,BYTE4(@0)
                 	.ENDM
                 
                 	.MACRO __SUBD2N
                 	SUBI R26,LOW(@0)
                 	SBCI R27,HIGH(@0)
                 	SBCI R24,BYTE3(@0)
                 	SBCI R25,BYTE4(@0)
                 	.ENDM
                 
                 	.MACRO __ANDBMNN
                 	LDS  R30,@0+(@1)
                 	ANDI R30,LOW(@2)
                 	STS  @0+(@1),R30
                 	.ENDM
                 
                 	.MACRO __ANDWMNN
                 	LDS  R30,@0+(@1)
                 	ANDI R30,LOW(@2)
                 	STS  @0+(@1),R30
                 	LDS  R30,@0+(@1)+1
                 	ANDI R30,HIGH(@2)
                 	STS  @0+(@1)+1,R30
                 	.ENDM
                 
                 	.MACRO __ANDD1N
                 	ANDI R30,LOW(@0)
                 	ANDI R31,HIGH(@0)
                 	ANDI R22,BYTE3(@0)
                 	ANDI R23,BYTE4(@0)
                 	.ENDM
                 
                 	.MACRO __ANDD2N
                 	ANDI R26,LOW(@0)
                 	ANDI R27,HIGH(@0)
                 	ANDI R24,BYTE3(@0)
                 	ANDI R25,BYTE4(@0)
                 	.ENDM
                 
                 	.MACRO __ORBMNN
                 	LDS  R30,@0+(@1)
                 	ORI  R30,LOW(@2)
                 	STS  @0+(@1),R30
                 	.ENDM
                 
                 	.MACRO __ORWMNN
                 	LDS  R30,@0+(@1)
                 	ORI  R30,LOW(@2)
                 	STS  @0+(@1),R30
                 	LDS  R30,@0+(@1)+1
                 	ORI  R30,HIGH(@2)
                 	STS  @0+(@1)+1,R30
                 	.ENDM
                 
                 	.MACRO __ORD1N
                 	ORI  R30,LOW(@0)
                 	ORI  R31,HIGH(@0)
                 	ORI  R22,BYTE3(@0)
                 	ORI  R23,BYTE4(@0)
                 	.ENDM
                 
                 	.MACRO __ORD2N
                 	ORI  R26,LOW(@0)
                 	ORI  R27,HIGH(@0)
                 	ORI  R24,BYTE3(@0)
                 	ORI  R25,BYTE4(@0)
                 	.ENDM
                 
                 	.MACRO __DELAY_USB
                 	LDI  R24,LOW(@0)
                 __DELAY_USB_LOOP:
                 	DEC  R24
                 	BRNE __DELAY_USB_LOOP
                 	.ENDM
                 
                 	.MACRO __DELAY_USW
                 	LDI  R24,LOW(@0)
                 	LDI  R25,HIGH(@0)
                 __DELAY_USW_LOOP:
                 	SBIW R24,1
                 	BRNE __DELAY_USW_LOOP
                 	.ENDM
                 
                 	.MACRO __GETD1S
                 	LDD  R30,Y+@0
                 	LDD  R31,Y+@0+1
                 	LDD  R22,Y+@0+2
                 	LDD  R23,Y+@0+3
                 	.ENDM
                 
                 	.MACRO __GETD2S
                 	LDD  R26,Y+@0
                 	LDD  R27,Y+@0+1
                 	LDD  R24,Y+@0+2
                 	LDD  R25,Y+@0+3
                 	.ENDM
                 
                 	.MACRO __PUTD1S
                 	STD  Y+@0,R30
                 	STD  Y+@0+1,R31
                 	STD  Y+@0+2,R22
                 	STD  Y+@0+3,R23
                 	.ENDM
                 
                 	.MACRO __PUTD2S
                 	STD  Y+@0,R26
                 	STD  Y+@0+1,R27
                 	STD  Y+@0+2,R24
                 	STD  Y+@0+3,R25
                 	.ENDM
                 
                 	.MACRO __PUTDZ2
                 	STD  Z+@0,R26
                 	STD  Z+@0+1,R27
                 	STD  Z+@0+2,R24
                 	STD  Z+@0+3,R25
                 	.ENDM
                 
                 	.MACRO __CLRD1S
                 	STD  Y+@0,R30
                 	STD  Y+@0+1,R30
                 	STD  Y+@0+2,R30
                 	STD  Y+@0+3,R30
                 	.ENDM
                 
                 	.MACRO __POINTB1MN
                 	LDI  R30,LOW(@0+(@1))
                 	.ENDM
                 
                 	.MACRO __POINTW1MN
                 	LDI  R30,LOW(@0+(@1))
                 	LDI  R31,HIGH(@0+(@1))
                 	.ENDM
                 
                 	.MACRO __POINTD1M
                 	LDI  R30,LOW(@0)
                 	LDI  R31,HIGH(@0)
                 	LDI  R22,BYTE3(@0)
                 	LDI  R23,BYTE4(@0)
                 	.ENDM
                 
                 	.MACRO __POINTW1FN
                 	LDI  R30,LOW(2*@0+(@1))
                 	LDI  R31,HIGH(2*@0+(@1))
                 	.ENDM
                 
                 	.MACRO __POINTD1FN
                 	LDI  R30,LOW(2*@0+(@1))
                 	LDI  R31,HIGH(2*@0+(@1))
                 	LDI  R22,BYTE3(2*@0+(@1))
                 	LDI  R23,BYTE4(2*@0+(@1))
                 	.ENDM
                 
                 	.MACRO __POINTB2MN
                 	LDI  R26,LOW(@0+(@1))
                 	.ENDM
                 
                 	.MACRO __POINTW2MN
                 	LDI  R26,LOW(@0+(@1))
                 	LDI  R27,HIGH(@0+(@1))
                 	.ENDM
                 
                 	.MACRO __POINTW2FN
                 	LDI  R26,LOW(2*@0+(@1))
                 	LDI  R27,HIGH(2*@0+(@1))
                 	.ENDM
                 
                 	.MACRO __POINTD2FN
                 	LDI  R26,LOW(2*@0+(@1))
                 	LDI  R27,HIGH(2*@0+(@1))
                 	LDI  R24,BYTE3(2*@0+(@1))
                 	LDI  R25,BYTE4(2*@0+(@1))
                 	.ENDM
                 
                 	.MACRO __POINTBRM
                 	LDI  R@0,LOW(@1)
                 	.ENDM
                 
                 	.MACRO __POINTWRM
                 	LDI  R@0,LOW(@2)
                 	LDI  R@1,HIGH(@2)
                 	.ENDM
                 
                 	.MACRO __POINTBRMN
                 	LDI  R@0,LOW(@1+(@2))
                 	.ENDM
                 
                 	.MACRO __POINTWRMN
                 	LDI  R@0,LOW(@2+(@3))
                 	LDI  R@1,HIGH(@2+(@3))
                 	.ENDM
                 
                 	.MACRO __POINTWRFN
                 	LDI  R@0,LOW(@2*2+(@3))
                 	LDI  R@1,HIGH(@2*2+(@3))
                 	.ENDM
                 
                 	.MACRO __GETD1N
                 	LDI  R30,LOW(@0)
                 	LDI  R31,HIGH(@0)
                 	LDI  R22,BYTE3(@0)
                 	LDI  R23,BYTE4(@0)
                 	.ENDM
                 
                 	.MACRO __GETD2N
                 	LDI  R26,LOW(@0)
                 	LDI  R27,HIGH(@0)
                 	LDI  R24,BYTE3(@0)
                 	LDI  R25,BYTE4(@0)
                 	.ENDM
                 
                 	.MACRO __GETB1MN
                 	LDS  R30,@0+(@1)
                 	.ENDM
                 
                 	.MACRO __GETB1HMN
                 	LDS  R31,@0+(@1)
                 	.ENDM
                 
                 	.MACRO __GETW1MN
                 	LDS  R30,@0+(@1)
                 	LDS  R31,@0+(@1)+1
                 	.ENDM
                 
                 	.MACRO __GETD1MN
                 	LDS  R30,@0+(@1)
                 	LDS  R31,@0+(@1)+1
                 	LDS  R22,@0+(@1)+2
                 	LDS  R23,@0+(@1)+3
                 	.ENDM
                 
                 	.MACRO __GETBRMN
                 	LDS  R@0,@1+(@2)
                 	.ENDM
                 
                 	.MACRO __GETWRMN
                 	LDS  R@0,@2+(@3)
                 	LDS  R@1,@2+(@3)+1
                 	.ENDM
                 
                 	.MACRO __GETWRZ
                 	LDD  R@0,Z+@2
                 	LDD  R@1,Z+@2+1
                 	.ENDM
                 
                 	.MACRO __GETD2Z
                 	LDD  R26,Z+@0
                 	LDD  R27,Z+@0+1
                 	LDD  R24,Z+@0+2
                 	LDD  R25,Z+@0+3
                 	.ENDM
                 
                 	.MACRO __GETB2MN
                 	LDS  R26,@0+(@1)
                 	.ENDM
                 
                 	.MACRO __GETW2MN
                 	LDS  R26,@0+(@1)
                 	LDS  R27,@0+(@1)+1
                 	.ENDM
                 
                 	.MACRO __GETD2MN
                 	LDS  R26,@0+(@1)
                 	LDS  R27,@0+(@1)+1
                 	LDS  R24,@0+(@1)+2
                 	LDS  R25,@0+(@1)+3
                 	.ENDM
                 
                 	.MACRO __PUTB1MN
                 	STS  @0+(@1),R30
                 	.ENDM
                 
                 	.MACRO __PUTW1MN
                 	STS  @0+(@1),R30
                 	STS  @0+(@1)+1,R31
                 	.ENDM
                 
                 	.MACRO __PUTD1MN
                 	STS  @0+(@1),R30
                 	STS  @0+(@1)+1,R31
                 	STS  @0+(@1)+2,R22
                 	STS  @0+(@1)+3,R23
                 	.ENDM
                 
                 	.MACRO __PUTB1EN
                 	LDI  R26,LOW(@0+(@1))
                 	LDI  R27,HIGH(@0+(@1))
                 	CALL __EEPROMWRB
                 	.ENDM
                 
                 	.MACRO __PUTW1EN
                 	LDI  R26,LOW(@0+(@1))
                 	LDI  R27,HIGH(@0+(@1))
                 	CALL __EEPROMWRW
                 	.ENDM
                 
                 	.MACRO __PUTD1EN
                 	LDI  R26,LOW(@0+(@1))
                 	LDI  R27,HIGH(@0+(@1))
                 	CALL __EEPROMWRD
                 	.ENDM
                 
                 	.MACRO __PUTBR0MN
                 	STS  @0+(@1),R0
                 	.ENDM
                 
                 	.MACRO __PUTBMRN
                 	STS  @0+(@1),R@2
                 	.ENDM
                 
                 	.MACRO __PUTWMRN
                 	STS  @0+(@1),R@2
                 	STS  @0+(@1)+1,R@3
                 	.ENDM
                 
                 	.MACRO __PUTBZR
                 	STD  Z+@1,R@0
                 	.ENDM
                 
                 	.MACRO __PUTWZR
                 	STD  Z+@2,R@0
                 	STD  Z+@2+1,R@1
                 	.ENDM
                 
                 	.MACRO __GETW1R
                 	MOV  R30,R@0
                 	MOV  R31,R@1
                 	.ENDM
                 
                 	.MACRO __GETW2R
                 	MOV  R26,R@0
                 	MOV  R27,R@1
                 	.ENDM
                 
                 	.MACRO __GETWRN
                 	LDI  R@0,LOW(@2)
                 	LDI  R@1,HIGH(@2)
                 	.ENDM
                 
                 	.MACRO __PUTW1R
                 	MOV  R@0,R30
                 	MOV  R@1,R31
                 	.ENDM
                 
                 	.MACRO __PUTW2R
                 	MOV  R@0,R26
                 	MOV  R@1,R27
                 	.ENDM
                 
                 	.MACRO __ADDWRN
                 	SUBI R@0,LOW(-@2)
                 	SBCI R@1,HIGH(-@2)
                 	.ENDM
                 
                 	.MACRO __ADDWRR
                 	ADD  R@0,R@2
                 	ADC  R@1,R@3
                 	.ENDM
                 
                 	.MACRO __SUBWRN
                 	SUBI R@0,LOW(@2)
                 	SBCI R@1,HIGH(@2)
                 	.ENDM
                 
                 	.MACRO __SUBWRR
                 	SUB  R@0,R@2
                 	SBC  R@1,R@3
                 	.ENDM
                 
                 	.MACRO __ANDWRN
                 	ANDI R@0,LOW(@2)
                 	ANDI R@1,HIGH(@2)
                 	.ENDM
                 
                 	.MACRO __ANDWRR
                 	AND  R@0,R@2
                 	AND  R@1,R@3
                 	.ENDM
                 
                 	.MACRO __ORWRN
                 	ORI  R@0,LOW(@2)
                 	ORI  R@1,HIGH(@2)
                 	.ENDM
                 
                 	.MACRO __ORWRR
                 	OR   R@0,R@2
                 	OR   R@1,R@3
                 	.ENDM
                 
                 	.MACRO __EORWRR
                 	EOR  R@0,R@2
                 	EOR  R@1,R@3
                 	.ENDM
                 
                 	.MACRO __GETWRS
                 	LDD  R@0,Y+@2
                 	LDD  R@1,Y+@2+1
                 	.ENDM
                 
                 	.MACRO __PUTBSR
                 	STD  Y+@1,R@0
                 	.ENDM
                 
                 	.MACRO __PUTWSR
                 	STD  Y+@2,R@0
                 	STD  Y+@2+1,R@1
                 	.ENDM
                 
                 	.MACRO __MOVEWRR
                 	MOV  R@0,R@2
                 	MOV  R@1,R@3
                 	.ENDM
                 
                 	.MACRO __INWR
                 	IN   R@0,@2
                 	IN   R@1,@2+1
                 	.ENDM
                 
                 	.MACRO __OUTWR
                 	OUT  @2+1,R@1
                 	OUT  @2,R@0
                 	.ENDM
                 
                 	.MACRO __CALL1MN
                 	LDS  R30,@0+(@1)
                 	LDS  R31,@0+(@1)+1
                 	ICALL
                 	.ENDM
                 
                 	.MACRO __CALL1FN
                 	LDI  R30,LOW(2*@0+(@1))
                 	LDI  R31,HIGH(2*@0+(@1))
                 	CALL __GETW1PF
                 	ICALL
                 	.ENDM
                 
                 	.MACRO __CALL2EN
                 	PUSH R26
                 	PUSH R27
                 	LDI  R26,LOW(@0+(@1))
                 	LDI  R27,HIGH(@0+(@1))
                 	CALL __EEPROMRDW
                 	POP  R27
                 	POP  R26
                 	ICALL
                 	.ENDM
                 
                 	.MACRO __CALL2EX
                 	SUBI R26,LOW(-@0)
                 	SBCI R27,HIGH(-@0)
                 	CALL __EEPROMRDD
                 	ICALL
                 	.ENDM
                 
                 	.MACRO __GETW1STACK
                 	IN   R30,SPL
                 	IN   R31,SPH
                 	ADIW R30,@0+1
                 	LD   R0,Z+
                 	LD   R31,Z
                 	MOV  R30,R0
                 	.ENDM
                 
                 	.MACRO __GETD1STACK
                 	IN   R30,SPL
                 	IN   R31,SPH
                 	ADIW R30,@0+1
                 	LD   R0,Z+
                 	LD   R1,Z+
                 	LD   R22,Z
                 	MOVW R30,R0
                 	.ENDM
                 
                 	.MACRO __NBST
                 	BST  R@0,@1
                 	IN   R30,SREG
                 	LDI  R31,0x40
                 	EOR  R30,R31
                 	OUT  SREG,R30
                 	.ENDM
                 
                 
                 	.MACRO __PUTB1SN
                 	LDD  R26,Y+@0
                 	LDD  R27,Y+@0+1
                 	SUBI R26,LOW(-@1)
                 	SBCI R27,HIGH(-@1)
                 	ST   X,R30
                 	.ENDM
                 
                 	.MACRO __PUTW1SN
                 	LDD  R26,Y+@0
                 	LDD  R27,Y+@0+1
                 	SUBI R26,LOW(-@1)
                 	SBCI R27,HIGH(-@1)
                 	ST   X+,R30
                 	ST   X,R31
                 	.ENDM
                 
                 	.MACRO __PUTD1SN
                 	LDD  R26,Y+@0
                 	LDD  R27,Y+@0+1
                 	SUBI R26,LOW(-@1)
                 	SBCI R27,HIGH(-@1)
                 	CALL __PUTDP1
                 	.ENDM
                 
                 	.MACRO __PUTB1SNS
                 	LDD  R26,Y+@0
                 	LDD  R27,Y+@0+1
                 	ADIW R26,@1
                 	ST   X,R30
                 	.ENDM
                 
                 	.MACRO __PUTW1SNS
                 	LDD  R26,Y+@0
                 	LDD  R27,Y+@0+1
                 	ADIW R26,@1
                 	ST   X+,R30
                 	ST   X,R31
                 	.ENDM
                 
                 	.MACRO __PUTD1SNS
                 	LDD  R26,Y+@0
                 	LDD  R27,Y+@0+1
                 	ADIW R26,@1
                 	CALL __PUTDP1
                 	.ENDM
                 
                 	.MACRO __PUTB1PMN
                 	LDS  R26,@0
                 	LDS  R27,@0+1
                 	SUBI R26,LOW(-@1)
                 	SBCI R27,HIGH(-@1)
                 	ST   X,R30
                 	.ENDM
                 
                 	.MACRO __PUTW1PMN
                 	LDS  R26,@0
                 	LDS  R27,@0+1
                 	SUBI R26,LOW(-@1)
                 	SBCI R27,HIGH(-@1)
                 	ST   X+,R30
                 	ST   X,R31
                 	.ENDM
                 
                 	.MACRO __PUTD1PMN
                 	LDS  R26,@0
                 	LDS  R27,@0+1
                 	SUBI R26,LOW(-@1)
                 	SBCI R27,HIGH(-@1)
                 	CALL __PUTDP1
                 	.ENDM
                 
                 	.MACRO __PUTB1PMNS
                 	LDS  R26,@0
                 	LDS  R27,@0+1
                 	ADIW R26,@1
                 	ST   X,R30
                 	.ENDM
                 
                 	.MACRO __PUTW1PMNS
                 	LDS  R26,@0
                 	LDS  R27,@0+1
                 	ADIW R26,@1
                 	ST   X+,R30
                 	ST   X,R31
                 	.ENDM
                 
                 	.MACRO __PUTD1PMNS
                 	LDS  R26,@0
                 	LDS  R27,@0+1
                 	ADIW R26,@1
                 	CALL __PUTDP1
                 	.ENDM
                 
                 	.MACRO __PUTB1RN
                 	MOVW R26,R@0
                 	SUBI R26,LOW(-@1)
                 	SBCI R27,HIGH(-@1)
                 	ST   X,R30
                 	.ENDM
                 
                 	.MACRO __PUTW1RN
                 	MOVW R26,R@0
                 	SUBI R26,LOW(-@1)
                 	SBCI R27,HIGH(-@1)
                 	ST   X+,R30
                 	ST   X,R31
                 	.ENDM
                 
                 	.MACRO __PUTD1RN
                 	MOVW R26,R@0
                 	SUBI R26,LOW(-@1)
                 	SBCI R27,HIGH(-@1)
                 	CALL __PUTDP1
                 	.ENDM
                 
                 	.MACRO __PUTB1RNS
                 	MOVW R26,R@0
                 	ADIW R26,@1
                 	ST   X,R30
                 	.ENDM
                 
                 	.MACRO __PUTW1RNS
                 	MOVW R26,R@0
                 	ADIW R26,@1
                 	ST   X+,R30
                 	ST   X,R31
                 	.ENDM
                 
                 	.MACRO __PUTD1RNS
                 	MOVW R26,R@0
                 	ADIW R26,@1
                 	CALL __PUTDP1
                 	.ENDM
                 
                 	.MACRO __PUTB1RON
                 	MOV  R26,R@0
                 	MOV  R27,R@1
                 	SUBI R26,LOW(-@2)
                 	SBCI R27,HIGH(-@2)
                 	ST   X,R30
                 	.ENDM
                 
                 	.MACRO __PUTW1RON
                 	MOV  R26,R@0
                 	MOV  R27,R@1
                 	SUBI R26,LOW(-@2)
                 	SBCI R27,HIGH(-@2)
                 	ST   X+,R30
                 	ST   X,R31
                 	.ENDM
                 
                 	.MACRO __PUTD1RON
                 	MOV  R26,R@0
                 	MOV  R27,R@1
                 	SUBI R26,LOW(-@2)
                 	SBCI R27,HIGH(-@2)
                 	CALL __PUTDP1
                 	.ENDM
                 
                 	.MACRO __PUTB1RONS
                 	MOV  R26,R@0
                 	MOV  R27,R@1
                 	ADIW R26,@2
                 	ST   X,R30
                 	.ENDM
                 
                 	.MACRO __PUTW1RONS
                 	MOV  R26,R@0
                 	MOV  R27,R@1
                 	ADIW R26,@2
                 	ST   X+,R30
                 	ST   X,R31
                 	.ENDM
                 
                 	.MACRO __PUTD1RONS
                 	MOV  R26,R@0
                 	MOV  R27,R@1
                 	ADIW R26,@2
                 	CALL __PUTDP1
                 	.ENDM
                 
                 
                 	.MACRO __GETB1SX
                 	MOVW R30,R28
                 	SUBI R30,LOW(-@0)
                 	SBCI R31,HIGH(-@0)
                 	LD   R30,Z
                 	.ENDM
                 
                 	.MACRO __GETB1HSX
                 	MOVW R30,R28
                 	SUBI R30,LOW(-@0)
                 	SBCI R31,HIGH(-@0)
                 	LD   R31,Z
                 	.ENDM
                 
                 	.MACRO __GETW1SX
                 	MOVW R30,R28
                 	SUBI R30,LOW(-@0)
                 	SBCI R31,HIGH(-@0)
                 	LD   R0,Z+
                 	LD   R31,Z
                 	MOV  R30,R0
                 	.ENDM
                 
                 	.MACRO __GETD1SX
                 	MOVW R30,R28
                 	SUBI R30,LOW(-@0)
                 	SBCI R31,HIGH(-@0)
                 	LD   R0,Z+
                 	LD   R1,Z+
                 	LD   R22,Z+
                 	LD   R23,Z
                 	MOVW R30,R0
                 	.ENDM
                 
                 	.MACRO __GETB2SX
                 	MOVW R26,R28
                 	SUBI R26,LOW(-@0)
                 	SBCI R27,HIGH(-@0)
                 	LD   R26,X
                 	.ENDM
                 
                 	.MACRO __GETW2SX
                 	MOVW R26,R28
                 	SUBI R26,LOW(-@0)
                 	SBCI R27,HIGH(-@0)
                 	LD   R0,X+
                 	LD   R27,X
                 	MOV  R26,R0
                 	.ENDM
                 
                 	.MACRO __GETD2SX
                 	MOVW R26,R28
                 	SUBI R26,LOW(-@0)
                 	SBCI R27,HIGH(-@0)
                 	LD   R0,X+
                 	LD   R1,X+
                 	LD   R24,X+
                 	LD   R25,X
                 	MOVW R26,R0
                 	.ENDM
                 
                 	.MACRO __GETBRSX
                 	MOVW R30,R28
                 	SUBI R30,LOW(-@1)
                 	SBCI R31,HIGH(-@1)
                 	LD   R@0,Z
                 	.ENDM
                 
                 	.MACRO __GETWRSX
                 	MOVW R30,R28
                 	SUBI R30,LOW(-@2)
                 	SBCI R31,HIGH(-@2)
                 	LD   R@0,Z+
                 	LD   R@1,Z
                 	.ENDM
                 
                 	.MACRO __GETBRSX2
                 	MOVW R26,R28
                 	SUBI R26,LOW(-@1)
                 	SBCI R27,HIGH(-@1)
                 	LD   R@0,X
                 	.ENDM
                 
                 	.MACRO __GETWRSX2
                 	MOVW R26,R28
                 	SUBI R26,LOW(-@2)
                 	SBCI R27,HIGH(-@2)
                 	LD   R@0,X+
                 	LD   R@1,X
                 	.ENDM
                 
                 	.MACRO __LSLW8SX
                 	MOVW R30,R28
                 	SUBI R30,LOW(-@0)
                 	SBCI R31,HIGH(-@0)
                 	LD   R31,Z
                 	CLR  R30
                 	.ENDM
                 
                 	.MACRO __PUTB1SX
                 	MOVW R26,R28
                 	SUBI R26,LOW(-@0)
                 	SBCI R27,HIGH(-@0)
                 	ST   X,R30
                 	.ENDM
                 
                 	.MACRO __PUTW1SX
                 	MOVW R26,R28
                 	SUBI R26,LOW(-@0)
                 	SBCI R27,HIGH(-@0)
                 	ST   X+,R30
                 	ST   X,R31
                 	.ENDM
                 
                 	.MACRO __PUTD1SX
                 	MOVW R26,R28
                 	SUBI R26,LOW(-@0)
                 	SBCI R27,HIGH(-@0)
                 	ST   X+,R30
                 	ST   X+,R31
                 	ST   X+,R22
                 	ST   X,R23
                 	.ENDM
                 
                 	.MACRO __CLRW1SX
                 	MOVW R26,R28
                 	SUBI R26,LOW(-@0)
                 	SBCI R27,HIGH(-@0)
                 	ST   X+,R30
                 	ST   X,R30
                 	.ENDM
                 
                 	.MACRO __CLRD1SX
                 	MOVW R26,R28
                 	SUBI R26,LOW(-@0)
                 	SBCI R27,HIGH(-@0)
                 	ST   X+,R30
                 	ST   X+,R30
                 	ST   X+,R30
                 	ST   X,R30
                 	.ENDM
                 
                 	.MACRO __PUTB2SX
                 	MOVW R30,R28
                 	SUBI R30,LOW(-@0)
                 	SBCI R31,HIGH(-@0)
                 	ST   Z,R26
                 	.ENDM
                 
                 	.MACRO __PUTW2SX
                 	MOVW R30,R28
                 	SUBI R30,LOW(-@0)
                 	SBCI R31,HIGH(-@0)
                 	ST   Z+,R26
                 	ST   Z,R27
                 	.ENDM
                 
                 	.MACRO __PUTD2SX
                 	MOVW R30,R28
                 	SUBI R30,LOW(-@0)
                 	SBCI R31,HIGH(-@0)
                 	ST   Z+,R26
                 	ST   Z+,R27
                 	ST   Z+,R24
                 	ST   Z,R25
                 	.ENDM
                 
                 	.MACRO __PUTBSRX
                 	MOVW R30,R28
                 	SUBI R30,LOW(-@1)
                 	SBCI R31,HIGH(-@1)
                 	ST   Z,R@0
                 	.ENDM
                 
                 	.MACRO __PUTWSRX
                 	MOVW R30,R28
                 	SUBI R30,LOW(-@2)
                 	SBCI R31,HIGH(-@2)
                 	ST   Z+,R@0
                 	ST   Z,R@1
                 	.ENDM
                 
                 	.MACRO __PUTB1SNX
                 	MOVW R26,R28
                 	SUBI R26,LOW(-@0)
                 	SBCI R27,HIGH(-@0)
                 	LD   R0,X+
                 	LD   R27,X
                 	MOV  R26,R0
                 	SUBI R26,LOW(-@1)
                 	SBCI R27,HIGH(-@1)
                 	ST   X,R30
                 	.ENDM
                 
                 	.MACRO __PUTW1SNX
                 	MOVW R26,R28
                 	SUBI R26,LOW(-@0)
                 	SBCI R27,HIGH(-@0)
                 	LD   R0,X+
                 	LD   R27,X
                 	MOV  R26,R0
                 	SUBI R26,LOW(-@1)
                 	SBCI R27,HIGH(-@1)
                 	ST   X+,R30
                 	ST   X,R31
                 	.ENDM
                 
                 	.MACRO __PUTD1SNX
                 	MOVW R26,R28
                 	SUBI R26,LOW(-@0)
                 	SBCI R27,HIGH(-@0)
                 	LD   R0,X+
                 	LD   R27,X
                 	MOV  R26,R0
                 	SUBI R26,LOW(-@1)
                 	SBCI R27,HIGH(-@1)
                 	ST   X+,R30
                 	ST   X+,R31
                 	ST   X+,R22
                 	ST   X,R23
                 	.ENDM
                 
                 	.MACRO __MULBRR
                 	MULS R@0,R@1
                 	MOVW R30,R0
                 	.ENDM
                 
                 	.MACRO __MULBRRU
                 	MUL  R@0,R@1
                 	MOVW R30,R0
                 	.ENDM
                 
                 	.MACRO __MULBRR0
                 	MULS R@0,R@1
                 	.ENDM
                 
                 	.MACRO __MULBRRU0
                 	MUL  R@0,R@1
                 	.ENDM
                 
                 	.MACRO __MULBNWRU
                 	LDI  R26,@2
                 	MUL  R26,R@0
                 	MOVW R30,R0
                 	MUL  R26,R@1
                 	ADD  R31,R0
                 	.ENDM
                 
                 ;NAME DEFINITIONS FOR GLOBAL VARIABLES ALLOCATED TO REGISTERS
                 	.DEF _validationCodeLength=R4
                 	.DEF _validationCodeLength_msb=R5
                 	.DEF _opened=R7
                 	.DEF _inputPressed=R6
                 	.DEF _resetPressed=R9
                 	.DEF _inputPressedCount=R10
                 	.DEF _inputPressedCount_msb=R11
                 	.DEF _resetPressedCount=R12
                 	.DEF _resetPressedCount_msb=R13
                 	.DEF _changeCodeMode=R8
                 
                 	.CSEG
                 	.ORG 0x00
                 
                 ;START OF CODE MARKER
                 __START_OF_CODE:
                 
                 ;INTERRUPT VECTORS
000000 940c 0050 	JMP  __RESET
000002 940c 0164 	JMP  _ext_int0_isr
000004 940c 017e 	JMP  _ext_int1_isr
000006 940c 0000 	JMP  0x00
000008 940c 0000 	JMP  0x00
00000a 940c 0000 	JMP  0x00
00000c 940c 0000 	JMP  0x00
00000e 940c 0000 	JMP  0x00
000010 940c 0000 	JMP  0x00
000012 940c 00d7 	JMP  _timer0_ovf_isr
000014 940c 0000 	JMP  0x00
000016 940c 0000 	JMP  0x00
000018 940c 0000 	JMP  0x00
00001a 940c 0000 	JMP  0x00
00001c 940c 0000 	JMP  0x00
00001e 940c 0000 	JMP  0x00
000020 940c 0000 	JMP  0x00
000022 940c 0000 	JMP  0x00
000024 940c 0000 	JMP  0x00
000026 940c 0000 	JMP  0x00
000028 940c 0000 	JMP  0x00
                 
                 _tbl10_G100:
00002a 2710
00002b 03e8
00002c 0064
00002d 000a      	.DB  0x10,0x27,0xE8,0x3,0x64,0x0,0xA,0x0
00002e 0001      	.DB  0x1,0x0
                 _tbl16_G100:
00002f 1000
000030 0100
000031 0010
000032 0001      	.DB  0x0,0x10,0x0,0x1,0x10,0x0,0x1,0x0
                 
                 ;GLOBAL REGISTER VARIABLES INITIALIZATION
                 __REG_VARS:
000033 0004
000034 0000      	.DB  0x4,0x0,0x0,0x0
000035 0000
000036 0000      	.DB  0x0,0x0,0x0,0x0
000037 0000      	.DB  0x0,0x0
                 
                 _0x3:
000038 0001
000039 0001
00003a 0001
C:\Users\Alireza\Desktop\MicroProcessorLabProjects\Project2\CodeVision\Version-1.0.1\Debug\List\HasChangeCode.asm(1141): warning: .cseg .db misalignment - padding zero byte
00003b 0001      	.DB  0x1,0x0,0x1,0x0,0x1,0x0,0x1
                 _0x4:
00003c 003f
00003d 0006
C:\Users\Alireza\Desktop\MicroProcessorLabProjects\Project2\CodeVision\Version-1.0.1\Debug\List\HasChangeCode.asm(1143): warning: .cseg .db misalignment - padding zero byte
00003e 0040      	.DB  0x3F,0x0,0x6,0x0,0x40
                 _0x5:
00003f ffff
000040 ffff
000041 ffff
000042 ffff      	.DB  0xFF,0xFF,0xFF,0xFF,0xFF,0xFF,0xFF,0xFF
                 
                 __GLOBAL_INI_TBL:
000043 000a      	.DW  0x0A
000044 0004      	.DW  0x04
000045 0066      	.DW  __REG_VARS*2
                 
000046 0007      	.DW  0x07
000047 0160      	.DW  _validationCode
000048 0070      	.DW  _0x3*2
                 
000049 0005      	.DW  0x05
00004a 016a      	.DW  _digits
00004b 0078      	.DW  _0x4*2
                 
00004c 0008      	.DW  0x08
00004d 0172      	.DW  _input
00004e 007e      	.DW  _0x5*2
                 
                 _0xFFFFFFFF:
00004f 0000      	.DW  0
                 
                 #define __GLOBAL_INI_TBL_PRESENT 1
                 
                 __RESET:
000050 94f8      	CLI
000051 27ee      	CLR  R30
000052 bbec      	OUT  EECR,R30
                 
                 ;INTERRUPT VECTORS ARE PLACED
                 ;AT THE START OF FLASH
000053 e0f1      	LDI  R31,1
000054 bffb      	OUT  GICR,R31
000055 bfeb      	OUT  GICR,R30
000056 bfe5      	OUT  MCUCR,R30
                 
                 ;CLEAR R2-R14
000057 e08d      	LDI  R24,(14-2)+1
000058 e0a2      	LDI  R26,2
000059 27bb      	CLR  R27
                 __CLEAR_REG:
00005a 93ed      	ST   X+,R30
00005b 958a      	DEC  R24
00005c f7e9      	BRNE __CLEAR_REG
                 
                 ;CLEAR SRAM
00005d e080      	LDI  R24,LOW(__CLEAR_SRAM_SIZE)
00005e e094      	LDI  R25,HIGH(__CLEAR_SRAM_SIZE)
00005f e6a0      	LDI  R26,__SRAM_START
                 __CLEAR_SRAM:
000060 93ed      	ST   X+,R30
000061 9701      	SBIW R24,1
000062 f7e9      	BRNE __CLEAR_SRAM
                 
                 ;GLOBAL VARIABLES INITIALIZATION
000063 e8e6      	LDI  R30,LOW(__GLOBAL_INI_TBL*2)
000064 e0f0      	LDI  R31,HIGH(__GLOBAL_INI_TBL*2)
                 __GLOBAL_INI_NEXT:
000065 9185      	LPM  R24,Z+
000066 9195      	LPM  R25,Z+
000067 9700      	SBIW R24,0
000068 f061      	BREQ __GLOBAL_INI_END
000069 91a5      	LPM  R26,Z+
00006a 91b5      	LPM  R27,Z+
00006b 9005      	LPM  R0,Z+
00006c 9015      	LPM  R1,Z+
00006d 01bf      	MOVW R22,R30
00006e 01f0      	MOVW R30,R0
                 __GLOBAL_INI_LOOP:
00006f 9005      	LPM  R0,Z+
000070 920d      	ST   X+,R0
000071 9701      	SBIW R24,1
000072 f7e1      	BRNE __GLOBAL_INI_LOOP
000073 01fb      	MOVW R30,R22
000074 cff0      	RJMP __GLOBAL_INI_NEXT
                 __GLOBAL_INI_END:
                 
                 ;HARDWARE STACK POINTER INITIALIZATION
000075 e5ef      	LDI  R30,LOW(__SRAM_END-__HEAP_SIZE)
000076 bfed      	OUT  SPL,R30
000077 e0e4      	LDI  R30,HIGH(__SRAM_END-__HEAP_SIZE)
000078 bfee      	OUT  SPH,R30
                 
                 ;DATA STACK POINTER INITIALIZATION
000079 e6c0      	LDI  R28,LOW(__SRAM_START+__DSTACK_SIZE)
00007a e0d1      	LDI  R29,HIGH(__SRAM_START+__DSTACK_SIZE)
                 
00007b 940c 01c2 	JMP  _main
                 
                 	.ESEG
                 	.ORG 0
                 
                 	.DSEG
                 	.ORG 0x160
                 
                 	.CSEG
                 ;/*
                 ; * HasChangeCode.c
                 ; *
                 ; * Created: 13/10/2019 08:37:14 È.Ù
                 ; * Author: Alireza
                 ; */
                 ;
                 ;
                 ;#include <io.h>
                 	#ifndef __SLEEP_DEFINED__
                 	#define __SLEEP_DEFINED__
                 	.EQU __se_bit=0x40
                 	.EQU __sm_mask=0xB0
                 	.EQU __sm_powerdown=0x20
                 	.EQU __sm_powersave=0x30
                 	.EQU __sm_standby=0xA0
                 	.EQU __sm_ext_standby=0xB0
                 	.EQU __sm_adc_noise_red=0x10
                 	.SET power_ctrl_reg=mcucr
                 	#endif
                 ;#include <stdbool.h>
                 ;#include <stdio.h>
                 ;    int validationCode[] = {1, 1, 1, 1};
                 
                 	.DSEG
                 ;    int validationCodeLength = 4 ;
                 ;    //,1,1, 0,0,0};
                 ;    bool opened = false;
                 ;    bool inputPressed = false;
                 ;    bool resetPressed = false;
                 ;    int inputPressedCount = 0;
                 ;    int resetPressedCount = 0;
                 ;    bool changeCodeMode = false;
                 ;    int inputLength = 0;
                 ;    unsigned int digits[4] = {0x3f, 0x06, 0b01000000};
                 ;    int input[validationCodeLength] = {-1, -1, -1, -1};
                 ;
                 ;
                 ;    void checkCode(){
                 ; 0000 001A void checkCode(){
                 
                 	.CSEG
                 _checkCode:
                 ; .FSTART _checkCode
                 ; 0000 001B     bool correct = true;
                 ; 0000 001C     int a = 0;
                 ; 0000 001D     //if (inputLength == validationCodeLength)
                 ; 0000 001E     for (a = 0; a<validationCodeLength ; a++){
00007d 940e 0221 	CALL __SAVELOCR4
                 ;	correct -> R17
                 ;	a -> R18,R19
00007f e011      	LDI  R17,1
                +
000080 e020     +LDI R18 , LOW ( 0 )
000081 e030     +LDI R19 , HIGH ( 0 )
                 	__GETWRN 18,19,0
                +
000082 e020     +LDI R18 , LOW ( 0 )
000083 e030     +LDI R19 , HIGH ( 0 )
                 	__GETWRN 18,19,0
                 _0x7:
                +
000084 1524     +CP R18 , R4
000085 0535     +CPC R19 , R5
                 	__CPWRR 18,19,4,5
000086 f49c      	BRGE _0x8
                 ; 0000 001F         if (validationCode[a] != input[a])
000087 01f9      	MOVW R30,R18
000088 e6a0      	LDI  R26,LOW(_validationCode)
000089 e0b1      	LDI  R27,HIGH(_validationCode)
00008a 940e 01e2 	CALL SUBOPT_0x0
00008c 900d      	LD   R0,X+
00008d 901c      	LD   R1,X
00008e 01f9      	MOVW R30,R18
00008f 940e 01e7 	CALL SUBOPT_0x1
000091 940e 021d 	CALL __GETW1P
000093 15e0      	CP   R30,R0
000094 05f1      	CPC  R31,R1
000095 f009      	BREQ _0x9
                 ; 0000 0020             correct = false;
000096 e010      	LDI  R17,LOW(0)
                 ; 0000 0021     }// else correct = false;
                 _0x9:
                +
000097 5f2f     +SUBI R18 , LOW ( - 1 )
000098 4f3f     +SBCI R19 , HIGH ( - 1 )
                 	__ADDWRN 18,19,1
000099 cfea      	RJMP _0x7
                 _0x8:
                 ; 0000 0022         if (correct){
00009a 3010      	CPI  R17,0
00009b f031      	BREQ _0xA
                 ; 0000 0023           PORTC = digits[3];
                +
00009c 91e0 0170+LDS R30 , _digits + ( 6 )
                 	__GETB1MN _digits,6
00009e bbe5      	OUT  0x15,R30
                 ; 0000 0024           PORTA.0 = 1;
00009f 9ad8      	SBI  0x1B,0
                 ; 0000 0025           opened = true;
0000a0 e0e1      	LDI  R30,LOW(1)
0000a1 2e7e      	MOV  R7,R30
                 ; 0000 0026         }
                 ; 0000 0027     }
                 _0xA:
0000a2 940e 0226 	CALL __LOADLOCR4
0000a4 9624      	ADIW R28,4
0000a5 9508      	RET
                 ; .FEND
                 ;
                 ;    void changeCode(){
                 ; 0000 0029 void changeCode(){
                 _changeCode:
                 ; .FSTART _changeCode
                 ; 0000 002A     int a =0;
                 ; 0000 002B         for (a = 0; a<validationCodeLength;a++)
0000a6 931a      	ST   -Y,R17
0000a7 930a      	ST   -Y,R16
                 ;	a -> R16,R17
                +
0000a8 e000     +LDI R16 , LOW ( 0 )
0000a9 e010     +LDI R17 , HIGH ( 0 )
                 	__GETWRN 16,17,0
                +
0000aa e000     +LDI R16 , LOW ( 0 )
0000ab e010     +LDI R17 , HIGH ( 0 )
                 	__GETWRN 16,17,0
                 _0xE:
                +
0000ac 1504     +CP R16 , R4
0000ad 0515     +CPC R17 , R5
                 	__CPWRR 16,17,4,5
0000ae f49c      	BRGE _0xF
                 ; 0000 002C             validationCode[a] = input[a];
0000af 01f8      	MOVW R30,R16
0000b0 e6a0      	LDI  R26,LOW(_validationCode)
0000b1 e0b1      	LDI  R27,HIGH(_validationCode)
0000b2 0fee      	LSL  R30
0000b3 1fff      	ROL  R31
0000b4 0fea      	ADD  R30,R26
0000b5 1ffb      	ADC  R31,R27
0000b6 010f      	MOVW R0,R30
0000b7 01f8      	MOVW R30,R16
0000b8 940e 01e7 	CALL SUBOPT_0x1
0000ba 940e 021d 	CALL __GETW1P
0000bc 01d0      	MOVW R26,R0
0000bd 93ed      	ST   X+,R30
0000be 93fc      	ST   X,R31
                +
0000bf 5f0f     +SUBI R16 , LOW ( - 1 )
0000c0 4f1f     +SBCI R17 , HIGH ( - 1 )
                 	__ADDWRN 16,17,1
0000c1 cfea      	RJMP _0xE
                 _0xF:
                 ; 0000 002D inputPressedCount = 0;
0000c2 940e 01ea 	CALL SUBOPT_0x2
                 ; 0000 002E         inputLength = 0;
                 ; 0000 002F         a = 0;
                 ; 0000 0030         for (a = 0; a<validationCodeLength; a++)
                +
0000c4 e000     +LDI R16 , LOW ( 0 )
0000c5 e010     +LDI R17 , HIGH ( 0 )
                 	__GETWRN 16,17,0
                 _0x11:
                +
0000c6 1504     +CP R16 , R4
0000c7 0515     +CPC R17 , R5
                 	__CPWRR 16,17,4,5
0000c8 f444      	BRGE _0x12
                 ; 0000 0031         input[a] = -1;
0000c9 01f8      	MOVW R30,R16
0000ca 940e 01e7 	CALL SUBOPT_0x1
0000cc 940e 01f4 	CALL SUBOPT_0x3
                +
0000ce 5f0f     +SUBI R16 , LOW ( - 1 )
0000cf 4f1f     +SBCI R17 , HIGH ( - 1 )
                 	__ADDWRN 16,17,1
0000d0 cff5      	RJMP _0x11
                 _0x12:
                 ; 0000 0032 PORTA.0 = 0;
0000d1 98d8      	CBI  0x1B,0
                 ; 0000 0033         opened = false;
0000d2 2477      	CLR  R7
                 ; 0000 0034         changeCodeMode = false;
0000d3 2488      	CLR  R8
                 ; 0000 0035     }
0000d4 9109      	LD   R16,Y+
0000d5 9119      	LD   R17,Y+
0000d6 9508      	RET
                 ; .FEND
                 ;
                 ;    interrupt [TIM0_OVF] void timer0_ovf_isr(void){
                 ; 0000 0037 interrupt [10] void timer0_ovf_isr(void){
                 _timer0_ovf_isr:
                 ; .FSTART _timer0_ovf_isr
0000d7 920a      	ST   -Y,R0
0000d8 921a      	ST   -Y,R1
0000d9 92fa      	ST   -Y,R15
0000da 936a      	ST   -Y,R22
0000db 937a      	ST   -Y,R23
0000dc 938a      	ST   -Y,R24
0000dd 939a      	ST   -Y,R25
0000de 93aa      	ST   -Y,R26
0000df 93ba      	ST   -Y,R27
0000e0 93ea      	ST   -Y,R30
0000e1 93fa      	ST   -Y,R31
0000e2 b7ef      	IN   R30,SREG
0000e3 93ea      	ST   -Y,R30
                 ; 0000 0038         TCNT0=0xB2;
0000e4 ebe2      	LDI  R30,LOW(178)
0000e5 bfe2      	OUT  0x32,R30
                 ; 0000 0039         if (inputPressed)
0000e6 2066      	TST  R6
0000e7 f019      	BREQ _0x15
                 ; 0000 003A             inputPressedCount++;
0000e8 01f5      	MOVW R30,R10
0000e9 9631      	ADIW R30,1
0000ea 015f      	MOVW R10,R30
                 ; 0000 003B         if (resetPressed)
                 _0x15:
0000eb 2099      	TST  R9
0000ec f019      	BREQ _0x16
                 ; 0000 003C             resetPressedCount++;
0000ed 01f6      	MOVW R30,R12
0000ee 9631      	ADIW R30,1
0000ef 016f      	MOVW R12,R30
                 ; 0000 003D             if (!changeCodeMode && inputPressed && inputPressedCount == 7){
                 _0x16:
0000f0 2088      	TST  R8
0000f1 f439      	BRNE _0x18
0000f2 2066      	TST  R6
0000f3 f029      	BREQ _0x18
0000f4 e0e7      	LDI  R30,LOW(7)
0000f5 e0f0      	LDI  R31,HIGH(7)
0000f6 15ea      	CP   R30,R10
0000f7 05fb      	CPC  R31,R11
0000f8 f009      	BREQ _0x19
                 _0x18:
0000f9 c005      	RJMP _0x17
                 _0x19:
                 ; 0000 003E               PORTC = digits[0];
0000fa 940e 01f9 	CALL SUBOPT_0x4
                 ; 0000 003F               input[inputLength] = 0;
0000fc 940e 0201 	CALL SUBOPT_0x5
                 ; 0000 0040               inputLength++;
                 ; 0000 0041               checkCode();
0000fe df7e      	RCALL _checkCode
                 ; 0000 0042               }
                 ; 0000 0043               if (!changeCodeMode && inputPressed && inputPressedCount == 15){
                 _0x17:
0000ff 2088      	TST  R8
000100 f439      	BRNE _0x1B
000101 2066      	TST  R6
000102 f029      	BREQ _0x1B
000103 e0ef      	LDI  R30,LOW(15)
000104 e0f0      	LDI  R31,HIGH(15)
000105 15ea      	CP   R30,R10
000106 05fb      	CPC  R31,R11
000107 f009      	BREQ _0x1C
                 _0x1B:
000108 c007      	RJMP _0x1A
                 _0x1C:
                 ; 0000 0044               PORTC = digits[1];
000109 940e 020d 	CALL SUBOPT_0x6
                 ; 0000 0045               input[inputLength-1] = 1;
00010b e0e1      	LDI  R30,LOW(1)
00010c e0f0      	LDI  R31,HIGH(1)
00010d 93ed      	ST   X+,R30
00010e 93fc      	ST   X,R31
                 ; 0000 0046               checkCode();
00010f df6d      	RCALL _checkCode
                 ; 0000 0047               }
                 ; 0000 0048 
                 ; 0000 0049             if (changeCodeMode && inputPressed && inputPressedCount == 7){
                 _0x1A:
000110 2088      	TST  R8
000111 f039      	BREQ _0x1E
000112 2066      	TST  R6
000113 f029      	BREQ _0x1E
000114 e0e7      	LDI  R30,LOW(7)
000115 e0f0      	LDI  R31,HIGH(7)
000116 15ea      	CP   R30,R10
000117 05fb      	CPC  R31,R11
000118 f009      	BREQ _0x1F
                 _0x1E:
000119 c008      	RJMP _0x1D
                 _0x1F:
                 ; 0000 004A               PORTC = digits[0];
00011a 940e 01f9 	CALL SUBOPT_0x4
                 ; 0000 004B               input[inputLength] = 0;
00011c 940e 0201 	CALL SUBOPT_0x5
                 ; 0000 004C               inputLength++;
                 ; 0000 004D               if (inputLength == validationCodeLength)
00011e 940e 0216 	CALL SUBOPT_0x7
000120 f409      	BRNE _0x20
                 ; 0000 004E                 changeCode();
000121 df84      	RCALL _changeCode
                 ; 0000 004F               }
                 _0x20:
                 ; 0000 0050               if (changeCodeMode && inputPressed && inputPressedCount == 15){
                 _0x1D:
000122 2088      	TST  R8
000123 f039      	BREQ _0x22
000124 2066      	TST  R6
000125 f029      	BREQ _0x22
000126 e0ef      	LDI  R30,LOW(15)
000127 e0f0      	LDI  R31,HIGH(15)
000128 15ea      	CP   R30,R10
000129 05fb      	CPC  R31,R11
00012a f009      	BREQ _0x23
                 _0x22:
00012b c00a      	RJMP _0x21
                 _0x23:
                 ; 0000 0051               PORTC = digits[1];
00012c 940e 020d 	CALL SUBOPT_0x6
                 ; 0000 0052               input[inputLength-1] = 1;
00012e e0e1      	LDI  R30,LOW(1)
00012f e0f0      	LDI  R31,HIGH(1)
000130 93ed      	ST   X+,R30
000131 93fc      	ST   X,R31
                 ; 0000 0053               if (inputLength == validationCodeLength)
000132 940e 0216 	CALL SUBOPT_0x7
000134 f409      	BRNE _0x24
                 ; 0000 0054                 changeCode();
000135 df70      	RCALL _changeCode
                 ; 0000 0055               }
                 _0x24:
                 ; 0000 0056               if (resetPressed && resetPressedCount == 15 && !changeCodeMode){
                 _0x21:
000136 2099      	TST  R9
000137 f039      	BREQ _0x26
000138 e0ef      	LDI  R30,LOW(15)
000139 e0f0      	LDI  R31,HIGH(15)
00013a 15ec      	CP   R30,R12
00013b 05fd      	CPC  R31,R13
00013c f411      	BRNE _0x26
00013d 2088      	TST  R8
00013e f009      	BREQ _0x27
                 _0x26:
00013f c003      	RJMP _0x25
                 _0x27:
                 ; 0000 0057                  changeCodeMode = true;
000140 e0e1      	LDI  R30,LOW(1)
000141 2e8e      	MOV  R8,R30
                 ; 0000 0058               }
                 ; 0000 0059               else if (resetPressed && resetPressedCount == 15 && changeCodeMode){
000142 c00c      	RJMP _0x28
                 _0x25:
000143 2099      	TST  R9
000144 f039      	BREQ _0x2A
000145 e0ef      	LDI  R30,LOW(15)
000146 e0f0      	LDI  R31,HIGH(15)
000147 15ec      	CP   R30,R12
000148 05fd      	CPC  R31,R13
000149 f411      	BRNE _0x2A
00014a 2088      	TST  R8
00014b f409      	BRNE _0x2B
                 _0x2A:
00014c c002      	RJMP _0x29
                 _0x2B:
                 ; 0000 005A                  changeCodeMode = false;
00014d 2488      	CLR  R8
                 ; 0000 005B                  PORTA.0 = 0;
00014e 98d8      	CBI  0x1B,0
                 ; 0000 005C               }
                 ; 0000 005D               if (changeCodeMode)
                 _0x29:
                 _0x28:
00014f 2088      	TST  R8
000150 f029      	BREQ _0x2E
                 ; 0000 005E                 PORTA.0 = ~PORTA.0;
000151 9bd8      	SBIS 0x1B,0
000152 c002      	RJMP _0x2F
000153 98d8      	CBI  0x1B,0
000154 c001      	RJMP _0x30
                 _0x2F:
000155 9ad8      	SBI  0x1B,0
                 _0x30:
                 ; 0000 005F     }
                 _0x2E:
000156 91e9      	LD   R30,Y+
000157 bfef      	OUT  SREG,R30
000158 91f9      	LD   R31,Y+
000159 91e9      	LD   R30,Y+
00015a 91b9      	LD   R27,Y+
00015b 91a9      	LD   R26,Y+
00015c 9199      	LD   R25,Y+
00015d 9189      	LD   R24,Y+
00015e 9179      	LD   R23,Y+
00015f 9169      	LD   R22,Y+
000160 90f9      	LD   R15,Y+
000161 9019      	LD   R1,Y+
000162 9009      	LD   R0,Y+
000163 9518      	RETI
                 ; .FEND
                 ;
                 ;    interrupt [EXT_INT0] void ext_int0_isr(void){
                 ; 0000 0061 interrupt [2] void ext_int0_isr(void){
                 _ext_int0_isr:
                 ; .FSTART _ext_int0_isr
000164 93ea      	ST   -Y,R30
000165 b7ef      	IN   R30,SREG
000166 93ea      	ST   -Y,R30
                 ; 0000 0062     if (PIND.2 == 1){
000167 9b82      	SBIS 0x10,2
000168 c007      	RJMP _0x31
                 ; 0000 0063         if (!changeCodeMode){
000169 2088      	TST  R8
00016a f011      	BREQ _0x4D
                 ; 0000 0064         inputPressed = true;
                 ; 0000 0065         }else if (changeCodeMode) inputPressed = true;}
00016b 2088      	TST  R8
00016c f011      	BREQ _0x34
                 _0x4D:
00016d e0e1      	LDI  R30,LOW(1)
00016e 2e6e      	MOV  R6,R30
                 _0x34:
                 ; 0000 0066         else {
00016f c00a      	RJMP _0x35
                 _0x31:
                 ; 0000 0067         if (!changeCodeMode){
000170 2088      	TST  R8
000171 f011      	BREQ _0x4E
                 ; 0000 0068         inputPressed = false;
                 ; 0000 0069         inputPressedCount = 0;
                 ; 0000 006A         PORTC = digits[2];
                 ; 0000 006B         }else if (changeCodeMode){
000172 2088      	TST  R8
000173 f031      	BREQ _0x38
                 ; 0000 006C             inputPressed = false;
                 _0x4E:
000174 2466      	CLR  R6
                 ; 0000 006D             inputPressedCount = 0;
000175 24aa      	CLR  R10
000176 24bb      	CLR  R11
                 ; 0000 006E             PORTC = digits[2];
                +
000177 91e0 016e+LDS R30 , _digits + ( 4 )
                 	__GETB1MN _digits,4
000179 bbe5      	OUT  0x15,R30
                 ; 0000 006F         }
                 ; 0000 0070             }
                 _0x38:
                 _0x35:
                 ; 0000 0071 
                 ; 0000 0072     }
00017a 91e9      	LD   R30,Y+
00017b bfef      	OUT  SREG,R30
00017c 91e9      	LD   R30,Y+
00017d 9518      	RETI
                 ; .FEND
                 ;
                 ;    interrupt [EXT_INT1] void ext_int1_isr(void){
                 ; 0000 0074 interrupt [3] void ext_int1_isr(void){
                 _ext_int1_isr:
                 ; .FSTART _ext_int1_isr
00017e 93aa      	ST   -Y,R26
00017f 93ba      	ST   -Y,R27
000180 93ea      	ST   -Y,R30
000181 93fa      	ST   -Y,R31
000182 b7ef      	IN   R30,SREG
000183 93ea      	ST   -Y,R30
                 ; 0000 0075     int b = 0;
                 ; 0000 0076         if (PIND.3 == 1){
000184 931a      	ST   -Y,R17
000185 930a      	ST   -Y,R16
                 ;	b -> R16,R17
                +
000186 e000     +LDI R16 , LOW ( 0 )
000187 e010     +LDI R17 , HIGH ( 0 )
                 	__GETWRN 16,17,0
000188 9b83      	SBIS 0x10,3
000189 c02d      	RJMP _0x39
                 ; 0000 0077         if (!changeCodeMode){
00018a 2088      	TST  R8
00018b f491      	BRNE _0x3A
                 ; 0000 0078         resetPressed = true;
00018c e0e1      	LDI  R30,LOW(1)
00018d 2e9e      	MOV  R9,R30
                 ; 0000 0079         inputPressedCount = 0;
00018e 940e 01ea 	CALL SUBOPT_0x2
                 ; 0000 007A         inputLength = 0;
                 ; 0000 007B         for (b = 0; b<validationCodeLength; b++)
                 _0x3C:
                +
000190 1504     +CP R16 , R4
000191 0515     +CPC R17 , R5
                 	__CPWRR 16,17,4,5
000192 f444      	BRGE _0x3D
                 ; 0000 007C         input[b] = -1;
000193 01f8      	MOVW R30,R16
000194 940e 01e7 	CALL SUBOPT_0x1
000196 940e 01f4 	CALL SUBOPT_0x3
                +
000198 5f0f     +SUBI R16 , LOW ( - 1 )
000199 4f1f     +SBCI R17 , HIGH ( - 1 )
                 	__ADDWRN 16,17,1
00019a cff5      	RJMP _0x3C
                 _0x3D:
                 ; 0000 007D PORTA.0 = 0;
00019b 98d8      	CBI  0x1B,0
                 ; 0000 007E         opened = false;
00019c 2477      	CLR  R7
                 ; 0000 007F         }
                 ; 0000 0080         else if (changeCodeMode){
00019d c018      	RJMP _0x40
                 _0x3A:
00019e 2088      	TST  R8
00019f f0b1      	BREQ _0x41
                 ; 0000 0081         resetPressed = true;
0001a0 e0e1      	LDI  R30,LOW(1)
0001a1 2e9e      	MOV  R9,R30
                 ; 0000 0082         resetPressedCount = 0;
0001a2 24cc      	CLR  R12
0001a3 24dd      	CLR  R13
                 ; 0000 0083         inputLength = 0;
0001a4 e0e0      	LDI  R30,LOW(0)
0001a5 93e0 0168 	STS  _inputLength,R30
0001a7 93e0 0169 	STS  _inputLength+1,R30
                 ; 0000 0084         for (b = 0; b<validationCodeLength; b++)
                +
0001a9 e000     +LDI R16 , LOW ( 0 )
0001aa e010     +LDI R17 , HIGH ( 0 )
                 	__GETWRN 16,17,0
                 _0x43:
                +
0001ab 1504     +CP R16 , R4
0001ac 0515     +CPC R17 , R5
                 	__CPWRR 16,17,4,5
0001ad f444      	BRGE _0x44
                 ; 0000 0085         input[b] = -1;
0001ae 01f8      	MOVW R30,R16
0001af 940e 01e7 	CALL SUBOPT_0x1
0001b1 940e 01f4 	CALL SUBOPT_0x3
                +
0001b3 5f0f     +SUBI R16 , LOW ( - 1 )
0001b4 4f1f     +SBCI R17 , HIGH ( - 1 )
                 	__ADDWRN 16,17,1
0001b5 cff5      	RJMP _0x43
                 _0x44:
                 ; 0000 0086 }
                 ; 0000 0087         }else if (PIND.3 == 0) resetPressed = false;
                 _0x41:
                 _0x40:
0001b6 c002      	RJMP _0x45
                 _0x39:
0001b7 9b83      	SBIS 0x10,3
0001b8 2499      	CLR  R9
                 ; 0000 0088     }
                 _0x45:
0001b9 9109      	LD   R16,Y+
0001ba 9119      	LD   R17,Y+
0001bb 91e9      	LD   R30,Y+
0001bc bfef      	OUT  SREG,R30
0001bd 91f9      	LD   R31,Y+
0001be 91e9      	LD   R30,Y+
0001bf 91b9      	LD   R27,Y+
0001c0 91a9      	LD   R26,Y+
0001c1 9518      	RETI
                 ; .FEND
                 ;
                 ;void main(void){
                 ; 0000 008A void main(void){
                 _main:
                 ; .FSTART _main
                 ; 0000 008B     DDRA = 0b00000001;
0001c2 e0e1      	LDI  R30,LOW(1)
0001c3 bbea      	OUT  0x1A,R30
                 ; 0000 008C     DDRD = 0b00000000;
0001c4 e0e0      	LDI  R30,LOW(0)
0001c5 bbe1      	OUT  0x11,R30
                 ; 0000 008D     DDRC = 0xff;
0001c6 efef      	LDI  R30,LOW(255)
0001c7 bbe4      	OUT  0x14,R30
                 ; 0000 008E     PORTC = 0b00000000;
0001c8 e0e0      	LDI  R30,LOW(0)
0001c9 bbe5      	OUT  0x15,R30
                 ; 0000 008F     PORTC = digits[2];
                +
0001ca 91e0 016e+LDS R30 , _digits + ( 4 )
                 	__GETB1MN _digits,4
0001cc bbe5      	OUT  0x15,R30
                 ; 0000 0090     PORTA.0 = 0;
0001cd 98d8      	CBI  0x1B,0
                 ; 0000 0091     TCCR0=(0<<WGM00) | (0<<COM01) | (0<<COM00) | (0<<WGM01) | (1<<CS02) | (0<<CS01) | (1<<CS00);
0001ce e0e5      	LDI  R30,LOW(5)
0001cf bfe3      	OUT  0x33,R30
                 ; 0000 0092     TCNT0=0x06;
0001d0 e0e6      	LDI  R30,LOW(6)
0001d1 bfe2      	OUT  0x32,R30
                 ; 0000 0093     OCR0=0x00;
0001d2 e0e0      	LDI  R30,LOW(0)
0001d3 bfec      	OUT  0x3C,R30
                 ; 0000 0094     TIMSK=(0<<OCIE2) | (0<<TOIE2) | (0<<TICIE1) | (0<<OCIE1A) | (0<<OCIE1B) | (0<<TOIE1) | (0<<OCIE0) | (1<<TOIE0);
0001d4 e0e1      	LDI  R30,LOW(1)
0001d5 bfe9      	OUT  0x39,R30
                 ; 0000 0095     GICR|=(1<<INT1) | (1<<INT0) | (0<<INT2);
0001d6 b7eb      	IN   R30,0x3B
0001d7 6ce0      	ORI  R30,LOW(0xC0)
0001d8 bfeb      	OUT  0x3B,R30
                 ; 0000 0096     MCUCR=(0<<ISC11) | (1<<ISC10) | (0<<ISC01) | (1<<ISC00);
0001d9 e0e5      	LDI  R30,LOW(5)
0001da bfe5      	OUT  0x35,R30
                 ; 0000 0097     MCUCSR=(0<<ISC2);
0001db e0e0      	LDI  R30,LOW(0)
0001dc bfe4      	OUT  0x34,R30
                 ; 0000 0098     GIFR=(1<<INTF1) | (1<<INTF0) | (0<<INTF2);
0001dd ece0      	LDI  R30,LOW(192)
0001de bfea      	OUT  0x3A,R30
                 ; 0000 0099 
                 ; 0000 009A     #asm("sei");
0001df 9478      	sei
                 ; 0000 009B while (1){
                 _0x49:
                 ; 0000 009C 
                 ; 0000 009D     }
0001e0 cfff      	RJMP _0x49
                 ; 0000 009E }
                 _0x4C:
0001e1 cfff      	RJMP _0x4C
                 ; .FEND
                 ;
                 	#ifndef __SLEEP_DEFINED__
                 	#endif
                 
                 	.CSEG
                 
                 	.CSEG
                 
                 	.CSEG
                 
                 	.DSEG
                 _validationCode:
000160           	.BYTE 0x8
                 _inputLength:
000168           	.BYTE 0x2
                 _digits:
00016a           	.BYTE 0x8
                 _input:
000172           	.BYTE 0x8
                 
                 	.CSEG
                 ;OPTIMIZER ADDED SUBROUTINE, CALLED 10 TIMES, CODE SIZE REDUCTION:15 WORDS
                 SUBOPT_0x0:
0001e2 0fee      	LSL  R30
0001e3 1fff      	ROL  R31
0001e4 0fae      	ADD  R26,R30
0001e5 1fbf      	ADC  R27,R31
0001e6 9508      	RET
                 
                 ;OPTIMIZER ADDED SUBROUTINE, CALLED 9 TIMES, CODE SIZE REDUCTION:13 WORDS
                 SUBOPT_0x1:
0001e7 e7a2      	LDI  R26,LOW(_input)
0001e8 e0b1      	LDI  R27,HIGH(_input)
0001e9 cff8      	RJMP SUBOPT_0x0
                 
                 ;OPTIMIZER ADDED SUBROUTINE, CALLED 2 TIMES, CODE SIZE REDUCTION:4 WORDS
                 SUBOPT_0x2:
0001ea 24aa      	CLR  R10
0001eb 24bb      	CLR  R11
0001ec e0e0      	LDI  R30,LOW(0)
0001ed 93e0 0168 	STS  _inputLength,R30
0001ef 93e0 0169 	STS  _inputLength+1,R30
                +
0001f1 e000     +LDI R16 , LOW ( 0 )
0001f2 e010     +LDI R17 , HIGH ( 0 )
                 	__GETWRN 16,17,0
0001f3 9508      	RET
                 
                 ;OPTIMIZER ADDED SUBROUTINE, CALLED 3 TIMES, CODE SIZE REDUCTION:1 WORDS
                 SUBOPT_0x3:
0001f4 efef      	LDI  R30,LOW(65535)
0001f5 efff      	LDI  R31,HIGH(65535)
0001f6 93ed      	ST   X+,R30
0001f7 93fc      	ST   X,R31
0001f8 9508      	RET
                 
                 ;OPTIMIZER ADDED SUBROUTINE, CALLED 2 TIMES, CODE SIZE REDUCTION:4 WORDS
                 SUBOPT_0x4:
0001f9 91e0 016a 	LDS  R30,_digits
0001fb bbe5      	OUT  0x15,R30
0001fc 91e0 0168 	LDS  R30,_inputLength
0001fe 91f0 0169 	LDS  R31,_inputLength+1
000200 cfe6      	RJMP SUBOPT_0x1
                 
                 ;OPTIMIZER ADDED SUBROUTINE, CALLED 2 TIMES, CODE SIZE REDUCTION:6 WORDS
                 SUBOPT_0x5:
000201 e0e0      	LDI  R30,LOW(0)
000202 e0f0      	LDI  R31,HIGH(0)
000203 93ed      	ST   X+,R30
000204 93fc      	ST   X,R31
000205 e6a8      	LDI  R26,LOW(_inputLength)
000206 e0b1      	LDI  R27,HIGH(_inputLength)
000207 91ed      	LD   R30,X+
000208 91fd      	LD   R31,X+
000209 9631      	ADIW R30,1
00020a 93fe      	ST   -X,R31
00020b 93ee      	ST   -X,R30
00020c 9508      	RET
                 
                 ;OPTIMIZER ADDED SUBROUTINE, CALLED 2 TIMES, CODE SIZE REDUCTION:5 WORDS
                 SUBOPT_0x6:
                +
00020d 91e0 016c+LDS R30 , _digits + ( 2 )
                 	__GETB1MN _digits,2
00020f bbe5      	OUT  0x15,R30
000210 91e0 0168 	LDS  R30,_inputLength
000212 91f0 0169 	LDS  R31,_inputLength+1
000214 9731      	SBIW R30,1
000215 cfd1      	RJMP SUBOPT_0x1
                 
                 ;OPTIMIZER ADDED SUBROUTINE, CALLED 2 TIMES, CODE SIZE REDUCTION:1 WORDS
                 SUBOPT_0x7:
000216 91a0 0168 	LDS  R26,_inputLength
000218 91b0 0169 	LDS  R27,_inputLength+1
00021a 164a      	CP   R4,R26
00021b 065b      	CPC  R5,R27
00021c 9508      	RET
                 
                 
                 	.CSEG
                 __GETW1P:
00021d 91ed      	LD   R30,X+
00021e 91fc      	LD   R31,X
00021f 9711      	SBIW R26,1
000220 9508      	RET
                 
                 __SAVELOCR4:
000221 933a      	ST   -Y,R19
                 __SAVELOCR3:
000222 932a      	ST   -Y,R18
                 __SAVELOCR2:
000223 931a      	ST   -Y,R17
000224 930a      	ST   -Y,R16
000225 9508      	RET
                 
                 __LOADLOCR4:
000226 813b      	LDD  R19,Y+3
                 __LOADLOCR3:
000227 812a      	LDD  R18,Y+2
                 __LOADLOCR2:
000228 8119      	LDD  R17,Y+1
000229 8108      	LD   R16,Y
00022a 9508      	RET
                 
                 ;END OF CODE MARKER
                 __END_OF_CODE:


RESOURCE USE INFORMATION
------------------------

Notice:
The register and instruction counts are symbol table hit counts,
and hence implicitly used resources are not counted, eg, the
'lpm' instruction without operands implicitly uses r0 and z,
none of which are counted.

x,y,z are separate entities in the symbol table and are
counted separately from r26..r31 here.

.dseg memory usage only counts static data declared with .byte

ATmega16 register use summary:
r0 :  10 r1 :   5 r2 :   0 r3 :   0 r4 :   6 r5 :   6 r6 :   7 r7 :   3 
r8 :  16 r9 :   6 r10:   8 r11:   6 r12:   5 r13:   3 r14:   0 r15:   2 
r16:  25 r17:  23 r18:   8 r19:   6 r20:   0 r21:   0 r22:   4 r23:   2 
r24:   9 r25:   4 r26:  17 r27:  14 r28:   2 r29:   1 r30: 132 r31:  38 
x  :  21 y  :  54 z  :   7 
Registers used: 30 out of 35 (85.7%)

ATmega16 instruction use summary:
.lds  :   0 .lds.l:   0 .sts  :   0 .sts.l:   0 adc   :   2 add   :   2 
adiw  :   4 and   :   0 andi  :   0 asr   :   0 bclr  :   0 bld   :   0 
brbc  :   0 brbs  :   0 brcc  :   0 brcs  :   0 break :   0 breq  :  24 
brge  :   5 brhc  :   0 brhs  :   0 brid  :   0 brie  :   0 brlo  :   0 
brlt  :   0 brmi  :   0 brne  :  11 brpl  :   0 brsh  :   0 brtc  :   0 
brts  :   0 brvc  :   0 brvs  :   0 bset  :   0 bst   :   0 call  :  23 
cbi   :   5 cbr   :   0 clc   :   0 clh   :   0 cli   :   1 cln   :   0 
clr   :  14 cls   :   0 clt   :   0 clv   :   0 clz   :   0 com   :   0 
cp    :  13 cpc   :  13 cpi   :   1 cpse  :   0 dec   :   1 des   :   0 
eor   :   0 fmul  :   0 fmuls :   0 fmulsu:   0 icall :   0 ijmp  :   0 
in    :   4 inc   :   0 jmp   :  22 ld    :  30 ldd   :   3 ldi   :  77 
lds   :  11 lpm   :   7 lsl   :   2 lsr   :   0 mov   :   5 movw  :  16 
mul   :   0 muls  :   0 mulsu :   0 neg   :   0 nop   :   0 or    :   0 
ori   :   1 out   :  27 pop   :   0 push  :   0 rcall :   4 ret   :  10 
reti  :   3 rjmp  :  25 rol   :   2 ror   :   0 sbc   :   0 sbci  :   5 
sbi   :   2 sbic  :   0 sbis  :   4 sbiw  :   5 sbr   :   0 sbrc  :   0 
sbrs  :   0 sec   :   0 seh   :   0 sei   :   1 sen   :   0 ser   :   0 
ses   :   0 set   :   0 sev   :   0 sez   :   0 sleep :   0 spm   :   0 
st    :  42 std   :   0 sts   :   4 sub   :   0 subi  :   5 swap  :   0 
tst   :  21 wdr   :   0 
Instructions used: 40 out of 116 (34.5%)

ATmega16 memory use summary [bytes]:
Segment   Begin    End      Code   Data   Used    Size   Use%
---------------------------------------------------------------
[.cseg] 0x000000 0x000456   1034     76   1110   16384   6.8%
[.dseg] 0x000060 0x00017a      0     26     26    1024   2.5%
[.eseg] 0x000000 0x000000      0      0      0     512   0.0%

Assembly complete, 0 errors, 12 warnings
