
AVRASM ver. 2.1.30  C:\Users\Alireza\Desktop\MicroProcessorLabProjects\Project3\CodeVision\Version-1.0.0\Debug\List\FrequencyMeter.asm Thu Oct 24 17:28:34 2019

C:\Users\Alireza\Desktop\MicroProcessorLabProjects\Project3\CodeVision\Version-1.0.0\Debug\List\FrequencyMeter.asm(1088): warning: Register r4 already defined by the .DEF directive
C:\Users\Alireza\Desktop\MicroProcessorLabProjects\Project3\CodeVision\Version-1.0.0\Debug\List\FrequencyMeter.asm(1089): warning: Register r5 already defined by the .DEF directive
C:\Users\Alireza\Desktop\MicroProcessorLabProjects\Project3\CodeVision\Version-1.0.0\Debug\List\FrequencyMeter.asm(1090): warning: Register r6 already defined by the .DEF directive
C:\Users\Alireza\Desktop\MicroProcessorLabProjects\Project3\CodeVision\Version-1.0.0\Debug\List\FrequencyMeter.asm(1091): warning: Register r7 already defined by the .DEF directive
C:\Users\Alireza\Desktop\MicroProcessorLabProjects\Project3\CodeVision\Version-1.0.0\Debug\List\FrequencyMeter.asm(1092): warning: Register r9 already defined by the .DEF directive
C:\Users\Alireza\Desktop\MicroProcessorLabProjects\Project3\CodeVision\Version-1.0.0\Debug\List\FrequencyMeter.asm(1093): warning: Register r8 already defined by the .DEF directive
C:\Users\Alireza\Desktop\MicroProcessorLabProjects\Project3\CodeVision\Version-1.0.0\Debug\List\FrequencyMeter.asm(1094): warning: Register r10 already defined by the .DEF directive
C:\Users\Alireza\Desktop\MicroProcessorLabProjects\Project3\CodeVision\Version-1.0.0\Debug\List\FrequencyMeter.asm(1095): warning: Register r11 already defined by the .DEF directive
C:\Users\Alireza\Desktop\MicroProcessorLabProjects\Project3\CodeVision\Version-1.0.0\Debug\List\FrequencyMeter.asm(1096): warning: Register r12 already defined by the .DEF directive
C:\Users\Alireza\Desktop\MicroProcessorLabProjects\Project3\CodeVision\Version-1.0.0\Debug\List\FrequencyMeter.asm(1097): warning: Register r13 already defined by the .DEF directive
                 
                 
                 ;CodeVisionAVR C Compiler V3.12 Advanced
                 ;(C) Copyright 1998-2014 Pavel Haiduc, HP InfoTech s.r.l.
                 ;http://www.hpinfotech.com
                 
                 ;Build configuration    : Debug
                 ;Chip type              : ATmega16
                 ;Program type           : Application
                 ;Clock frequency        : 8/000000 MHz
                 ;Memory model           : Small
                 ;Optimize for           : Size
                 ;(s)printf features     : int, width
                 ;(s)scanf features      : int, width
                 ;External RAM size      : 0
                 ;Data Stack size        : 256 byte(s)
                 ;Heap size              : 0 byte(s)
                 ;Promote 'char' to 'int': Yes
                 ;'char' is unsigned     : Yes
                 ;8 bit enums            : Yes
                 ;Global 'const' stored in FLASH: No
                 ;Enhanced function parameter passing: Yes
                 ;Enhanced core instructions: On
                 ;Automatic register allocation for global variables: On
                 ;Smart register allocation: On
                 
                 	#define _MODEL_SMALL_
                 
                 	#pragma AVRPART ADMIN PART_NAME ATmega16
                 	#pragma AVRPART MEMORY PROG_FLASH 16384
                 	#pragma AVRPART MEMORY EEPROM 512
                 	#pragma AVRPART MEMORY INT_SRAM SIZE 1024
                 	#pragma AVRPART MEMORY INT_SRAM START_ADDR 0x60
                 
                 	#define CALL_SUPPORTED 1
                 
                 	.LISTMAC
                 	.EQU UDRE=0x5
                 	.EQU RXC=0x7
                 	.EQU USR=0xB
                 	.EQU UDR=0xC
                 	.EQU SPSR=0xE
                 	.EQU SPDR=0xF
                 	.EQU EERE=0x0
                 	.EQU EEWE=0x1
                 	.EQU EEMWE=0x2
                 	.EQU EECR=0x1C
                 	.EQU EEDR=0x1D
                 	.EQU EEARL=0x1E
                 	.EQU EEARH=0x1F
                 	.EQU WDTCR=0x21
                 	.EQU MCUCR=0x35
                 	.EQU GICR=0x3B
                 	.EQU SPL=0x3D
                 	.EQU SPH=0x3E
                 	.EQU SREG=0x3F
                 
                 	.DEF R0X0=R0
                 	.DEF R0X1=R1
                 	.DEF R0X2=R2
                 	.DEF R0X3=R3
                 	.DEF R0X4=R4
                 	.DEF R0X5=R5
                 	.DEF R0X6=R6
                 	.DEF R0X7=R7
                 	.DEF R0X8=R8
                 	.DEF R0X9=R9
                 	.DEF R0XA=R10
                 	.DEF R0XB=R11
                 	.DEF R0XC=R12
                 	.DEF R0XD=R13
                 	.DEF R0XE=R14
                 	.DEF R0XF=R15
                 	.DEF R0X10=R16
                 	.DEF R0X11=R17
                 	.DEF R0X12=R18
                 	.DEF R0X13=R19
                 	.DEF R0X14=R20
                 	.DEF R0X15=R21
                 	.DEF R0X16=R22
                 	.DEF R0X17=R23
                 	.DEF R0X18=R24
                 	.DEF R0X19=R25
                 	.DEF R0X1A=R26
                 	.DEF R0X1B=R27
                 	.DEF R0X1C=R28
                 	.DEF R0X1D=R29
                 	.DEF R0X1E=R30
                 	.DEF R0X1F=R31
                 
                 	.EQU __SRAM_START=0x0060
                 	.EQU __SRAM_END=0x045F
                 	.EQU __DSTACK_SIZE=0x0100
                 	.EQU __HEAP_SIZE=0x0000
                 	.EQU __CLEAR_SRAM_SIZE=__SRAM_END-__SRAM_START+1
                 
                 	.MACRO __CPD1N
                 	CPI  R30,LOW(@0)
                 	LDI  R26,HIGH(@0)
                 	CPC  R31,R26
                 	LDI  R26,BYTE3(@0)
                 	CPC  R22,R26
                 	LDI  R26,BYTE4(@0)
                 	CPC  R23,R26
                 	.ENDM
                 
                 	.MACRO __CPD2N
                 	CPI  R26,LOW(@0)
                 	LDI  R30,HIGH(@0)
                 	CPC  R27,R30
                 	LDI  R30,BYTE3(@0)
                 	CPC  R24,R30
                 	LDI  R30,BYTE4(@0)
                 	CPC  R25,R30
                 	.ENDM
                 
                 	.MACRO __CPWRR
                 	CP   R@0,R@2
                 	CPC  R@1,R@3
                 	.ENDM
                 
                 	.MACRO __CPWRN
                 	CPI  R@0,LOW(@2)
                 	LDI  R30,HIGH(@2)
                 	CPC  R@1,R30
                 	.ENDM
                 
                 	.MACRO __ADDB1MN
                 	SUBI R30,LOW(-@0-(@1))
                 	.ENDM
                 
                 	.MACRO __ADDB2MN
                 	SUBI R26,LOW(-@0-(@1))
                 	.ENDM
                 
                 	.MACRO __ADDW1MN
                 	SUBI R30,LOW(-@0-(@1))
                 	SBCI R31,HIGH(-@0-(@1))
                 	.ENDM
                 
                 	.MACRO __ADDW2MN
                 	SUBI R26,LOW(-@0-(@1))
                 	SBCI R27,HIGH(-@0-(@1))
                 	.ENDM
                 
                 	.MACRO __ADDW1FN
                 	SUBI R30,LOW(-2*@0-(@1))
                 	SBCI R31,HIGH(-2*@0-(@1))
                 	.ENDM
                 
                 	.MACRO __ADDD1FN
                 	SUBI R30,LOW(-2*@0-(@1))
                 	SBCI R31,HIGH(-2*@0-(@1))
                 	SBCI R22,BYTE3(-2*@0-(@1))
                 	.ENDM
                 
                 	.MACRO __ADDD1N
                 	SUBI R30,LOW(-@0)
                 	SBCI R31,HIGH(-@0)
                 	SBCI R22,BYTE3(-@0)
                 	SBCI R23,BYTE4(-@0)
                 	.ENDM
                 
                 	.MACRO __ADDD2N
                 	SUBI R26,LOW(-@0)
                 	SBCI R27,HIGH(-@0)
                 	SBCI R24,BYTE3(-@0)
                 	SBCI R25,BYTE4(-@0)
                 	.ENDM
                 
                 	.MACRO __SUBD1N
                 	SUBI R30,LOW(@0)
                 	SBCI R31,HIGH(@0)
                 	SBCI R22,BYTE3(@0)
                 	SBCI R23,BYTE4(@0)
                 	.ENDM
                 
                 	.MACRO __SUBD2N
                 	SUBI R26,LOW(@0)
                 	SBCI R27,HIGH(@0)
                 	SBCI R24,BYTE3(@0)
                 	SBCI R25,BYTE4(@0)
                 	.ENDM
                 
                 	.MACRO __ANDBMNN
                 	LDS  R30,@0+(@1)
                 	ANDI R30,LOW(@2)
                 	STS  @0+(@1),R30
                 	.ENDM
                 
                 	.MACRO __ANDWMNN
                 	LDS  R30,@0+(@1)
                 	ANDI R30,LOW(@2)
                 	STS  @0+(@1),R30
                 	LDS  R30,@0+(@1)+1
                 	ANDI R30,HIGH(@2)
                 	STS  @0+(@1)+1,R30
                 	.ENDM
                 
                 	.MACRO __ANDD1N
                 	ANDI R30,LOW(@0)
                 	ANDI R31,HIGH(@0)
                 	ANDI R22,BYTE3(@0)
                 	ANDI R23,BYTE4(@0)
                 	.ENDM
                 
                 	.MACRO __ANDD2N
                 	ANDI R26,LOW(@0)
                 	ANDI R27,HIGH(@0)
                 	ANDI R24,BYTE3(@0)
                 	ANDI R25,BYTE4(@0)
                 	.ENDM
                 
                 	.MACRO __ORBMNN
                 	LDS  R30,@0+(@1)
                 	ORI  R30,LOW(@2)
                 	STS  @0+(@1),R30
                 	.ENDM
                 
                 	.MACRO __ORWMNN
                 	LDS  R30,@0+(@1)
                 	ORI  R30,LOW(@2)
                 	STS  @0+(@1),R30
                 	LDS  R30,@0+(@1)+1
                 	ORI  R30,HIGH(@2)
                 	STS  @0+(@1)+1,R30
                 	.ENDM
                 
                 	.MACRO __ORD1N
                 	ORI  R30,LOW(@0)
                 	ORI  R31,HIGH(@0)
                 	ORI  R22,BYTE3(@0)
                 	ORI  R23,BYTE4(@0)
                 	.ENDM
                 
                 	.MACRO __ORD2N
                 	ORI  R26,LOW(@0)
                 	ORI  R27,HIGH(@0)
                 	ORI  R24,BYTE3(@0)
                 	ORI  R25,BYTE4(@0)
                 	.ENDM
                 
                 	.MACRO __DELAY_USB
                 	LDI  R24,LOW(@0)
                 __DELAY_USB_LOOP:
                 	DEC  R24
                 	BRNE __DELAY_USB_LOOP
                 	.ENDM
                 
                 	.MACRO __DELAY_USW
                 	LDI  R24,LOW(@0)
                 	LDI  R25,HIGH(@0)
                 __DELAY_USW_LOOP:
                 	SBIW R24,1
                 	BRNE __DELAY_USW_LOOP
                 	.ENDM
                 
                 	.MACRO __GETD1S
                 	LDD  R30,Y+@0
                 	LDD  R31,Y+@0+1
                 	LDD  R22,Y+@0+2
                 	LDD  R23,Y+@0+3
                 	.ENDM
                 
                 	.MACRO __GETD2S
                 	LDD  R26,Y+@0
                 	LDD  R27,Y+@0+1
                 	LDD  R24,Y+@0+2
                 	LDD  R25,Y+@0+3
                 	.ENDM
                 
                 	.MACRO __PUTD1S
                 	STD  Y+@0,R30
                 	STD  Y+@0+1,R31
                 	STD  Y+@0+2,R22
                 	STD  Y+@0+3,R23
                 	.ENDM
                 
                 	.MACRO __PUTD2S
                 	STD  Y+@0,R26
                 	STD  Y+@0+1,R27
                 	STD  Y+@0+2,R24
                 	STD  Y+@0+3,R25
                 	.ENDM
                 
                 	.MACRO __PUTDZ2
                 	STD  Z+@0,R26
                 	STD  Z+@0+1,R27
                 	STD  Z+@0+2,R24
                 	STD  Z+@0+3,R25
                 	.ENDM
                 
                 	.MACRO __CLRD1S
                 	STD  Y+@0,R30
                 	STD  Y+@0+1,R30
                 	STD  Y+@0+2,R30
                 	STD  Y+@0+3,R30
                 	.ENDM
                 
                 	.MACRO __POINTB1MN
                 	LDI  R30,LOW(@0+(@1))
                 	.ENDM
                 
                 	.MACRO __POINTW1MN
                 	LDI  R30,LOW(@0+(@1))
                 	LDI  R31,HIGH(@0+(@1))
                 	.ENDM
                 
                 	.MACRO __POINTD1M
                 	LDI  R30,LOW(@0)
                 	LDI  R31,HIGH(@0)
                 	LDI  R22,BYTE3(@0)
                 	LDI  R23,BYTE4(@0)
                 	.ENDM
                 
                 	.MACRO __POINTW1FN
                 	LDI  R30,LOW(2*@0+(@1))
                 	LDI  R31,HIGH(2*@0+(@1))
                 	.ENDM
                 
                 	.MACRO __POINTD1FN
                 	LDI  R30,LOW(2*@0+(@1))
                 	LDI  R31,HIGH(2*@0+(@1))
                 	LDI  R22,BYTE3(2*@0+(@1))
                 	LDI  R23,BYTE4(2*@0+(@1))
                 	.ENDM
                 
                 	.MACRO __POINTB2MN
                 	LDI  R26,LOW(@0+(@1))
                 	.ENDM
                 
                 	.MACRO __POINTW2MN
                 	LDI  R26,LOW(@0+(@1))
                 	LDI  R27,HIGH(@0+(@1))
                 	.ENDM
                 
                 	.MACRO __POINTW2FN
                 	LDI  R26,LOW(2*@0+(@1))
                 	LDI  R27,HIGH(2*@0+(@1))
                 	.ENDM
                 
                 	.MACRO __POINTD2FN
                 	LDI  R26,LOW(2*@0+(@1))
                 	LDI  R27,HIGH(2*@0+(@1))
                 	LDI  R24,BYTE3(2*@0+(@1))
                 	LDI  R25,BYTE4(2*@0+(@1))
                 	.ENDM
                 
                 	.MACRO __POINTBRM
                 	LDI  R@0,LOW(@1)
                 	.ENDM
                 
                 	.MACRO __POINTWRM
                 	LDI  R@0,LOW(@2)
                 	LDI  R@1,HIGH(@2)
                 	.ENDM
                 
                 	.MACRO __POINTBRMN
                 	LDI  R@0,LOW(@1+(@2))
                 	.ENDM
                 
                 	.MACRO __POINTWRMN
                 	LDI  R@0,LOW(@2+(@3))
                 	LDI  R@1,HIGH(@2+(@3))
                 	.ENDM
                 
                 	.MACRO __POINTWRFN
                 	LDI  R@0,LOW(@2*2+(@3))
                 	LDI  R@1,HIGH(@2*2+(@3))
                 	.ENDM
                 
                 	.MACRO __GETD1N
                 	LDI  R30,LOW(@0)
                 	LDI  R31,HIGH(@0)
                 	LDI  R22,BYTE3(@0)
                 	LDI  R23,BYTE4(@0)
                 	.ENDM
                 
                 	.MACRO __GETD2N
                 	LDI  R26,LOW(@0)
                 	LDI  R27,HIGH(@0)
                 	LDI  R24,BYTE3(@0)
                 	LDI  R25,BYTE4(@0)
                 	.ENDM
                 
                 	.MACRO __GETB1MN
                 	LDS  R30,@0+(@1)
                 	.ENDM
                 
                 	.MACRO __GETB1HMN
                 	LDS  R31,@0+(@1)
                 	.ENDM
                 
                 	.MACRO __GETW1MN
                 	LDS  R30,@0+(@1)
                 	LDS  R31,@0+(@1)+1
                 	.ENDM
                 
                 	.MACRO __GETD1MN
                 	LDS  R30,@0+(@1)
                 	LDS  R31,@0+(@1)+1
                 	LDS  R22,@0+(@1)+2
                 	LDS  R23,@0+(@1)+3
                 	.ENDM
                 
                 	.MACRO __GETBRMN
                 	LDS  R@0,@1+(@2)
                 	.ENDM
                 
                 	.MACRO __GETWRMN
                 	LDS  R@0,@2+(@3)
                 	LDS  R@1,@2+(@3)+1
                 	.ENDM
                 
                 	.MACRO __GETWRZ
                 	LDD  R@0,Z+@2
                 	LDD  R@1,Z+@2+1
                 	.ENDM
                 
                 	.MACRO __GETD2Z
                 	LDD  R26,Z+@0
                 	LDD  R27,Z+@0+1
                 	LDD  R24,Z+@0+2
                 	LDD  R25,Z+@0+3
                 	.ENDM
                 
                 	.MACRO __GETB2MN
                 	LDS  R26,@0+(@1)
                 	.ENDM
                 
                 	.MACRO __GETW2MN
                 	LDS  R26,@0+(@1)
                 	LDS  R27,@0+(@1)+1
                 	.ENDM
                 
                 	.MACRO __GETD2MN
                 	LDS  R26,@0+(@1)
                 	LDS  R27,@0+(@1)+1
                 	LDS  R24,@0+(@1)+2
                 	LDS  R25,@0+(@1)+3
                 	.ENDM
                 
                 	.MACRO __PUTB1MN
                 	STS  @0+(@1),R30
                 	.ENDM
                 
                 	.MACRO __PUTW1MN
                 	STS  @0+(@1),R30
                 	STS  @0+(@1)+1,R31
                 	.ENDM
                 
                 	.MACRO __PUTD1MN
                 	STS  @0+(@1),R30
                 	STS  @0+(@1)+1,R31
                 	STS  @0+(@1)+2,R22
                 	STS  @0+(@1)+3,R23
                 	.ENDM
                 
                 	.MACRO __PUTB1EN
                 	LDI  R26,LOW(@0+(@1))
                 	LDI  R27,HIGH(@0+(@1))
                 	CALL __EEPROMWRB
                 	.ENDM
                 
                 	.MACRO __PUTW1EN
                 	LDI  R26,LOW(@0+(@1))
                 	LDI  R27,HIGH(@0+(@1))
                 	CALL __EEPROMWRW
                 	.ENDM
                 
                 	.MACRO __PUTD1EN
                 	LDI  R26,LOW(@0+(@1))
                 	LDI  R27,HIGH(@0+(@1))
                 	CALL __EEPROMWRD
                 	.ENDM
                 
                 	.MACRO __PUTBR0MN
                 	STS  @0+(@1),R0
                 	.ENDM
                 
                 	.MACRO __PUTBMRN
                 	STS  @0+(@1),R@2
                 	.ENDM
                 
                 	.MACRO __PUTWMRN
                 	STS  @0+(@1),R@2
                 	STS  @0+(@1)+1,R@3
                 	.ENDM
                 
                 	.MACRO __PUTBZR
                 	STD  Z+@1,R@0
                 	.ENDM
                 
                 	.MACRO __PUTWZR
                 	STD  Z+@2,R@0
                 	STD  Z+@2+1,R@1
                 	.ENDM
                 
                 	.MACRO __GETW1R
                 	MOV  R30,R@0
                 	MOV  R31,R@1
                 	.ENDM
                 
                 	.MACRO __GETW2R
                 	MOV  R26,R@0
                 	MOV  R27,R@1
                 	.ENDM
                 
                 	.MACRO __GETWRN
                 	LDI  R@0,LOW(@2)
                 	LDI  R@1,HIGH(@2)
                 	.ENDM
                 
                 	.MACRO __PUTW1R
                 	MOV  R@0,R30
                 	MOV  R@1,R31
                 	.ENDM
                 
                 	.MACRO __PUTW2R
                 	MOV  R@0,R26
                 	MOV  R@1,R27
                 	.ENDM
                 
                 	.MACRO __ADDWRN
                 	SUBI R@0,LOW(-@2)
                 	SBCI R@1,HIGH(-@2)
                 	.ENDM
                 
                 	.MACRO __ADDWRR
                 	ADD  R@0,R@2
                 	ADC  R@1,R@3
                 	.ENDM
                 
                 	.MACRO __SUBWRN
                 	SUBI R@0,LOW(@2)
                 	SBCI R@1,HIGH(@2)
                 	.ENDM
                 
                 	.MACRO __SUBWRR
                 	SUB  R@0,R@2
                 	SBC  R@1,R@3
                 	.ENDM
                 
                 	.MACRO __ANDWRN
                 	ANDI R@0,LOW(@2)
                 	ANDI R@1,HIGH(@2)
                 	.ENDM
                 
                 	.MACRO __ANDWRR
                 	AND  R@0,R@2
                 	AND  R@1,R@3
                 	.ENDM
                 
                 	.MACRO __ORWRN
                 	ORI  R@0,LOW(@2)
                 	ORI  R@1,HIGH(@2)
                 	.ENDM
                 
                 	.MACRO __ORWRR
                 	OR   R@0,R@2
                 	OR   R@1,R@3
                 	.ENDM
                 
                 	.MACRO __EORWRR
                 	EOR  R@0,R@2
                 	EOR  R@1,R@3
                 	.ENDM
                 
                 	.MACRO __GETWRS
                 	LDD  R@0,Y+@2
                 	LDD  R@1,Y+@2+1
                 	.ENDM
                 
                 	.MACRO __PUTBSR
                 	STD  Y+@1,R@0
                 	.ENDM
                 
                 	.MACRO __PUTWSR
                 	STD  Y+@2,R@0
                 	STD  Y+@2+1,R@1
                 	.ENDM
                 
                 	.MACRO __MOVEWRR
                 	MOV  R@0,R@2
                 	MOV  R@1,R@3
                 	.ENDM
                 
                 	.MACRO __INWR
                 	IN   R@0,@2
                 	IN   R@1,@2+1
                 	.ENDM
                 
                 	.MACRO __OUTWR
                 	OUT  @2+1,R@1
                 	OUT  @2,R@0
                 	.ENDM
                 
                 	.MACRO __CALL1MN
                 	LDS  R30,@0+(@1)
                 	LDS  R31,@0+(@1)+1
                 	ICALL
                 	.ENDM
                 
                 	.MACRO __CALL1FN
                 	LDI  R30,LOW(2*@0+(@1))
                 	LDI  R31,HIGH(2*@0+(@1))
                 	CALL __GETW1PF
                 	ICALL
                 	.ENDM
                 
                 	.MACRO __CALL2EN
                 	PUSH R26
                 	PUSH R27
                 	LDI  R26,LOW(@0+(@1))
                 	LDI  R27,HIGH(@0+(@1))
                 	CALL __EEPROMRDW
                 	POP  R27
                 	POP  R26
                 	ICALL
                 	.ENDM
                 
                 	.MACRO __CALL2EX
                 	SUBI R26,LOW(-@0)
                 	SBCI R27,HIGH(-@0)
                 	CALL __EEPROMRDD
                 	ICALL
                 	.ENDM
                 
                 	.MACRO __GETW1STACK
                 	IN   R30,SPL
                 	IN   R31,SPH
                 	ADIW R30,@0+1
                 	LD   R0,Z+
                 	LD   R31,Z
                 	MOV  R30,R0
                 	.ENDM
                 
                 	.MACRO __GETD1STACK
                 	IN   R30,SPL
                 	IN   R31,SPH
                 	ADIW R30,@0+1
                 	LD   R0,Z+
                 	LD   R1,Z+
                 	LD   R22,Z
                 	MOVW R30,R0
                 	.ENDM
                 
                 	.MACRO __NBST
                 	BST  R@0,@1
                 	IN   R30,SREG
                 	LDI  R31,0x40
                 	EOR  R30,R31
                 	OUT  SREG,R30
                 	.ENDM
                 
                 
                 	.MACRO __PUTB1SN
                 	LDD  R26,Y+@0
                 	LDD  R27,Y+@0+1
                 	SUBI R26,LOW(-@1)
                 	SBCI R27,HIGH(-@1)
                 	ST   X,R30
                 	.ENDM
                 
                 	.MACRO __PUTW1SN
                 	LDD  R26,Y+@0
                 	LDD  R27,Y+@0+1
                 	SUBI R26,LOW(-@1)
                 	SBCI R27,HIGH(-@1)
                 	ST   X+,R30
                 	ST   X,R31
                 	.ENDM
                 
                 	.MACRO __PUTD1SN
                 	LDD  R26,Y+@0
                 	LDD  R27,Y+@0+1
                 	SUBI R26,LOW(-@1)
                 	SBCI R27,HIGH(-@1)
                 	CALL __PUTDP1
                 	.ENDM
                 
                 	.MACRO __PUTB1SNS
                 	LDD  R26,Y+@0
                 	LDD  R27,Y+@0+1
                 	ADIW R26,@1
                 	ST   X,R30
                 	.ENDM
                 
                 	.MACRO __PUTW1SNS
                 	LDD  R26,Y+@0
                 	LDD  R27,Y+@0+1
                 	ADIW R26,@1
                 	ST   X+,R30
                 	ST   X,R31
                 	.ENDM
                 
                 	.MACRO __PUTD1SNS
                 	LDD  R26,Y+@0
                 	LDD  R27,Y+@0+1
                 	ADIW R26,@1
                 	CALL __PUTDP1
                 	.ENDM
                 
                 	.MACRO __PUTB1PMN
                 	LDS  R26,@0
                 	LDS  R27,@0+1
                 	SUBI R26,LOW(-@1)
                 	SBCI R27,HIGH(-@1)
                 	ST   X,R30
                 	.ENDM
                 
                 	.MACRO __PUTW1PMN
                 	LDS  R26,@0
                 	LDS  R27,@0+1
                 	SUBI R26,LOW(-@1)
                 	SBCI R27,HIGH(-@1)
                 	ST   X+,R30
                 	ST   X,R31
                 	.ENDM
                 
                 	.MACRO __PUTD1PMN
                 	LDS  R26,@0
                 	LDS  R27,@0+1
                 	SUBI R26,LOW(-@1)
                 	SBCI R27,HIGH(-@1)
                 	CALL __PUTDP1
                 	.ENDM
                 
                 	.MACRO __PUTB1PMNS
                 	LDS  R26,@0
                 	LDS  R27,@0+1
                 	ADIW R26,@1
                 	ST   X,R30
                 	.ENDM
                 
                 	.MACRO __PUTW1PMNS
                 	LDS  R26,@0
                 	LDS  R27,@0+1
                 	ADIW R26,@1
                 	ST   X+,R30
                 	ST   X,R31
                 	.ENDM
                 
                 	.MACRO __PUTD1PMNS
                 	LDS  R26,@0
                 	LDS  R27,@0+1
                 	ADIW R26,@1
                 	CALL __PUTDP1
                 	.ENDM
                 
                 	.MACRO __PUTB1RN
                 	MOVW R26,R@0
                 	SUBI R26,LOW(-@1)
                 	SBCI R27,HIGH(-@1)
                 	ST   X,R30
                 	.ENDM
                 
                 	.MACRO __PUTW1RN
                 	MOVW R26,R@0
                 	SUBI R26,LOW(-@1)
                 	SBCI R27,HIGH(-@1)
                 	ST   X+,R30
                 	ST   X,R31
                 	.ENDM
                 
                 	.MACRO __PUTD1RN
                 	MOVW R26,R@0
                 	SUBI R26,LOW(-@1)
                 	SBCI R27,HIGH(-@1)
                 	CALL __PUTDP1
                 	.ENDM
                 
                 	.MACRO __PUTB1RNS
                 	MOVW R26,R@0
                 	ADIW R26,@1
                 	ST   X,R30
                 	.ENDM
                 
                 	.MACRO __PUTW1RNS
                 	MOVW R26,R@0
                 	ADIW R26,@1
                 	ST   X+,R30
                 	ST   X,R31
                 	.ENDM
                 
                 	.MACRO __PUTD1RNS
                 	MOVW R26,R@0
                 	ADIW R26,@1
                 	CALL __PUTDP1
                 	.ENDM
                 
                 	.MACRO __PUTB1RON
                 	MOV  R26,R@0
                 	MOV  R27,R@1
                 	SUBI R26,LOW(-@2)
                 	SBCI R27,HIGH(-@2)
                 	ST   X,R30
                 	.ENDM
                 
                 	.MACRO __PUTW1RON
                 	MOV  R26,R@0
                 	MOV  R27,R@1
                 	SUBI R26,LOW(-@2)
                 	SBCI R27,HIGH(-@2)
                 	ST   X+,R30
                 	ST   X,R31
                 	.ENDM
                 
                 	.MACRO __PUTD1RON
                 	MOV  R26,R@0
                 	MOV  R27,R@1
                 	SUBI R26,LOW(-@2)
                 	SBCI R27,HIGH(-@2)
                 	CALL __PUTDP1
                 	.ENDM
                 
                 	.MACRO __PUTB1RONS
                 	MOV  R26,R@0
                 	MOV  R27,R@1
                 	ADIW R26,@2
                 	ST   X,R30
                 	.ENDM
                 
                 	.MACRO __PUTW1RONS
                 	MOV  R26,R@0
                 	MOV  R27,R@1
                 	ADIW R26,@2
                 	ST   X+,R30
                 	ST   X,R31
                 	.ENDM
                 
                 	.MACRO __PUTD1RONS
                 	MOV  R26,R@0
                 	MOV  R27,R@1
                 	ADIW R26,@2
                 	CALL __PUTDP1
                 	.ENDM
                 
                 
                 	.MACRO __GETB1SX
                 	MOVW R30,R28
                 	SUBI R30,LOW(-@0)
                 	SBCI R31,HIGH(-@0)
                 	LD   R30,Z
                 	.ENDM
                 
                 	.MACRO __GETB1HSX
                 	MOVW R30,R28
                 	SUBI R30,LOW(-@0)
                 	SBCI R31,HIGH(-@0)
                 	LD   R31,Z
                 	.ENDM
                 
                 	.MACRO __GETW1SX
                 	MOVW R30,R28
                 	SUBI R30,LOW(-@0)
                 	SBCI R31,HIGH(-@0)
                 	LD   R0,Z+
                 	LD   R31,Z
                 	MOV  R30,R0
                 	.ENDM
                 
                 	.MACRO __GETD1SX
                 	MOVW R30,R28
                 	SUBI R30,LOW(-@0)
                 	SBCI R31,HIGH(-@0)
                 	LD   R0,Z+
                 	LD   R1,Z+
                 	LD   R22,Z+
                 	LD   R23,Z
                 	MOVW R30,R0
                 	.ENDM
                 
                 	.MACRO __GETB2SX
                 	MOVW R26,R28
                 	SUBI R26,LOW(-@0)
                 	SBCI R27,HIGH(-@0)
                 	LD   R26,X
                 	.ENDM
                 
                 	.MACRO __GETW2SX
                 	MOVW R26,R28
                 	SUBI R26,LOW(-@0)
                 	SBCI R27,HIGH(-@0)
                 	LD   R0,X+
                 	LD   R27,X
                 	MOV  R26,R0
                 	.ENDM
                 
                 	.MACRO __GETD2SX
                 	MOVW R26,R28
                 	SUBI R26,LOW(-@0)
                 	SBCI R27,HIGH(-@0)
                 	LD   R0,X+
                 	LD   R1,X+
                 	LD   R24,X+
                 	LD   R25,X
                 	MOVW R26,R0
                 	.ENDM
                 
                 	.MACRO __GETBRSX
                 	MOVW R30,R28
                 	SUBI R30,LOW(-@1)
                 	SBCI R31,HIGH(-@1)
                 	LD   R@0,Z
                 	.ENDM
                 
                 	.MACRO __GETWRSX
                 	MOVW R30,R28
                 	SUBI R30,LOW(-@2)
                 	SBCI R31,HIGH(-@2)
                 	LD   R@0,Z+
                 	LD   R@1,Z
                 	.ENDM
                 
                 	.MACRO __GETBRSX2
                 	MOVW R26,R28
                 	SUBI R26,LOW(-@1)
                 	SBCI R27,HIGH(-@1)
                 	LD   R@0,X
                 	.ENDM
                 
                 	.MACRO __GETWRSX2
                 	MOVW R26,R28
                 	SUBI R26,LOW(-@2)
                 	SBCI R27,HIGH(-@2)
                 	LD   R@0,X+
                 	LD   R@1,X
                 	.ENDM
                 
                 	.MACRO __LSLW8SX
                 	MOVW R30,R28
                 	SUBI R30,LOW(-@0)
                 	SBCI R31,HIGH(-@0)
                 	LD   R31,Z
                 	CLR  R30
                 	.ENDM
                 
                 	.MACRO __PUTB1SX
                 	MOVW R26,R28
                 	SUBI R26,LOW(-@0)
                 	SBCI R27,HIGH(-@0)
                 	ST   X,R30
                 	.ENDM
                 
                 	.MACRO __PUTW1SX
                 	MOVW R26,R28
                 	SUBI R26,LOW(-@0)
                 	SBCI R27,HIGH(-@0)
                 	ST   X+,R30
                 	ST   X,R31
                 	.ENDM
                 
                 	.MACRO __PUTD1SX
                 	MOVW R26,R28
                 	SUBI R26,LOW(-@0)
                 	SBCI R27,HIGH(-@0)
                 	ST   X+,R30
                 	ST   X+,R31
                 	ST   X+,R22
                 	ST   X,R23
                 	.ENDM
                 
                 	.MACRO __CLRW1SX
                 	MOVW R26,R28
                 	SUBI R26,LOW(-@0)
                 	SBCI R27,HIGH(-@0)
                 	ST   X+,R30
                 	ST   X,R30
                 	.ENDM
                 
                 	.MACRO __CLRD1SX
                 	MOVW R26,R28
                 	SUBI R26,LOW(-@0)
                 	SBCI R27,HIGH(-@0)
                 	ST   X+,R30
                 	ST   X+,R30
                 	ST   X+,R30
                 	ST   X,R30
                 	.ENDM
                 
                 	.MACRO __PUTB2SX
                 	MOVW R30,R28
                 	SUBI R30,LOW(-@0)
                 	SBCI R31,HIGH(-@0)
                 	ST   Z,R26
                 	.ENDM
                 
                 	.MACRO __PUTW2SX
                 	MOVW R30,R28
                 	SUBI R30,LOW(-@0)
                 	SBCI R31,HIGH(-@0)
                 	ST   Z+,R26
                 	ST   Z,R27
                 	.ENDM
                 
                 	.MACRO __PUTD2SX
                 	MOVW R30,R28
                 	SUBI R30,LOW(-@0)
                 	SBCI R31,HIGH(-@0)
                 	ST   Z+,R26
                 	ST   Z+,R27
                 	ST   Z+,R24
                 	ST   Z,R25
                 	.ENDM
                 
                 	.MACRO __PUTBSRX
                 	MOVW R30,R28
                 	SUBI R30,LOW(-@1)
                 	SBCI R31,HIGH(-@1)
                 	ST   Z,R@0
                 	.ENDM
                 
                 	.MACRO __PUTWSRX
                 	MOVW R30,R28
                 	SUBI R30,LOW(-@2)
                 	SBCI R31,HIGH(-@2)
                 	ST   Z+,R@0
                 	ST   Z,R@1
                 	.ENDM
                 
                 	.MACRO __PUTB1SNX
                 	MOVW R26,R28
                 	SUBI R26,LOW(-@0)
                 	SBCI R27,HIGH(-@0)
                 	LD   R0,X+
                 	LD   R27,X
                 	MOV  R26,R0
                 	SUBI R26,LOW(-@1)
                 	SBCI R27,HIGH(-@1)
                 	ST   X,R30
                 	.ENDM
                 
                 	.MACRO __PUTW1SNX
                 	MOVW R26,R28
                 	SUBI R26,LOW(-@0)
                 	SBCI R27,HIGH(-@0)
                 	LD   R0,X+
                 	LD   R27,X
                 	MOV  R26,R0
                 	SUBI R26,LOW(-@1)
                 	SBCI R27,HIGH(-@1)
                 	ST   X+,R30
                 	ST   X,R31
                 	.ENDM
                 
                 	.MACRO __PUTD1SNX
                 	MOVW R26,R28
                 	SUBI R26,LOW(-@0)
                 	SBCI R27,HIGH(-@0)
                 	LD   R0,X+
                 	LD   R27,X
                 	MOV  R26,R0
                 	SUBI R26,LOW(-@1)
                 	SBCI R27,HIGH(-@1)
                 	ST   X+,R30
                 	ST   X+,R31
                 	ST   X+,R22
                 	ST   X,R23
                 	.ENDM
                 
                 	.MACRO __MULBRR
                 	MULS R@0,R@1
                 	MOVW R30,R0
                 	.ENDM
                 
                 	.MACRO __MULBRRU
                 	MUL  R@0,R@1
                 	MOVW R30,R0
                 	.ENDM
                 
                 	.MACRO __MULBRR0
                 	MULS R@0,R@1
                 	.ENDM
                 
                 	.MACRO __MULBRRU0
                 	MUL  R@0,R@1
                 	.ENDM
                 
                 	.MACRO __MULBNWRU
                 	LDI  R26,@2
                 	MUL  R26,R@0
                 	MOVW R30,R0
                 	MUL  R26,R@1
                 	ADD  R31,R0
                 	.ENDM
                 
                 ;NAME DEFINITIONS FOR GLOBAL VARIABLES ALLOCATED TO REGISTERS
                 	.DEF _previousRising=R4
                 	.DEF _previousRising_msb=R5
                 	.DEF _timerOverflow=R6
                 	.DEF _timerOverflow_msb=R7
                 	.DEF _rov_counter=R9
                 	.DEF _counter=R8
                 	.DEF _starting_edge=R10
                 	.DEF _starting_edge_msb=R11
                 	.DEF _ending_edge=R12
                 	.DEF _ending_edge_msb=R13
                 
                 	.CSEG
                 	.ORG 0x00
                 
                 ;START OF CODE MARKER
                 __START_OF_CODE:
                 
                 ;INTERRUPT VECTORS
000000 940c 0059 	JMP  __RESET
000002 940c 0000 	JMP  0x00
000004 940c 0000 	JMP  0x00
000006 940c 0000 	JMP  0x00
000008 940c 0000 	JMP  0x00
00000a 940c 0096 	JMP  _timer1_capt_isr
00000c 940c 0000 	JMP  0x00
00000e 940c 0000 	JMP  0x00
000010 940c 0086 	JMP  _timer1_ovf_isr
000012 940c 0000 	JMP  0x00
000014 940c 0000 	JMP  0x00
000016 940c 0000 	JMP  0x00
000018 940c 0000 	JMP  0x00
00001a 940c 0000 	JMP  0x00
00001c 940c 0000 	JMP  0x00
00001e 940c 0000 	JMP  0x00
000020 940c 0000 	JMP  0x00
000022 940c 0000 	JMP  0x00
000024 940c 0000 	JMP  0x00
000026 940c 0000 	JMP  0x00
000028 940c 0000 	JMP  0x00
                 
                 _tbl10_G101:
00002a 2710
00002b 03e8
00002c 0064
00002d 000a      	.DB  0x10,0x27,0xE8,0x3,0x64,0x0,0xA,0x0
00002e 0001      	.DB  0x1,0x0
                 _tbl16_G101:
00002f 1000
000030 0100
000031 0010
000032 0001      	.DB  0x0,0x10,0x0,0x1,0x10,0x0,0x1,0x0
                 
                 _0x3:
000033 003f
000034 0006
000035 005b
000036 004f      	.DB  0x3F,0x0,0x6,0x0,0x5B,0x0,0x4F,0x0
000037 0066
000038 006d
000039 00fd
00003a 0007      	.DB  0x66,0x0,0x6D,0x0,0xFD,0x0,0x7,0x0
00003b 00ff
C:\Users\Alireza\Desktop\MicroProcessorLabProjects\Project3\CodeVision\Version-1.0.0\Debug\List\FrequencyMeter.asm(1137): warning: .cseg .db misalignment - padding zero byte
00003c 006f      	.DB  0xFF,0x0,0x6F
                 _0x0:
00003d 7246
00003e 7165
00003f 6575
000040 636e      	.DB  0x46,0x72,0x65,0x71,0x75,0x65,0x6E,0x63
000041 3a79
000042 0020
000043 6425
C:\Users\Alireza\Desktop\MicroProcessorLabProjects\Project3\CodeVision\Version-1.0.0\Debug\List\FrequencyMeter.asm(1140): warning: .cseg .db misalignment - padding zero byte
000044 0000      	.DB  0x79,0x3A,0x20,0x0,0x25,0x64,0x0
                 _0x2000003:
000045 c080      	.DB  0x80,0xC0
                 _0x2040060:
C:\Users\Alireza\Desktop\MicroProcessorLabProjects\Project3\CodeVision\Version-1.0.0\Debug\List\FrequencyMeter.asm(1144): warning: .cseg .db misalignment - padding zero byte
000046 0001      	.DB  0x1
                 _0x2040000:
000047 4e2d
000048 4e41
000049 4900
00004a 464e      	.DB  0x2D,0x4E,0x41,0x4E,0x0,0x49,0x4E,0x46
C:\Users\Alireza\Desktop\MicroProcessorLabProjects\Project3\CodeVision\Version-1.0.0\Debug\List\FrequencyMeter.asm(1147): warning: .cseg .db misalignment - padding zero byte
00004b 0000      	.DB  0x0
                 
                 __GLOBAL_INI_TBL:
00004c 0013      	.DW  0x13
00004d 0273      	.DW  _digits
00004e 0066      	.DW  _0x3*2
                 
00004f 000c      	.DW  0x0C
000050 0160      	.DW  _0x4
000051 007a      	.DW  _0x0*2
                 
000052 0002      	.DW  0x02
000053 0289      	.DW  __base_y_G100
000054 008a      	.DW  _0x2000003*2
                 
000055 0001      	.DW  0x01
000056 0290      	.DW  __seed_G102
000057 008c      	.DW  _0x2040060*2
                 
                 _0xFFFFFFFF:
000058 0000      	.DW  0
                 
                 #define __GLOBAL_INI_TBL_PRESENT 1
                 
                 __RESET:
000059 94f8      	CLI
00005a 27ee      	CLR  R30
00005b bbec      	OUT  EECR,R30
                 
                 ;INTERRUPT VECTORS ARE PLACED
                 ;AT THE START OF FLASH
00005c e0f1      	LDI  R31,1
00005d bffb      	OUT  GICR,R31
00005e bfeb      	OUT  GICR,R30
00005f bfe5      	OUT  MCUCR,R30
                 
                 ;CLEAR R2-R14
000060 e08d      	LDI  R24,(14-2)+1
000061 e0a2      	LDI  R26,2
000062 27bb      	CLR  R27
                 __CLEAR_REG:
000063 93ed      	ST   X+,R30
000064 958a      	DEC  R24
000065 f7e9      	BRNE __CLEAR_REG
                 
                 ;CLEAR SRAM
000066 e080      	LDI  R24,LOW(__CLEAR_SRAM_SIZE)
000067 e094      	LDI  R25,HIGH(__CLEAR_SRAM_SIZE)
000068 e6a0      	LDI  R26,__SRAM_START
                 __CLEAR_SRAM:
000069 93ed      	ST   X+,R30
00006a 9701      	SBIW R24,1
00006b f7e9      	BRNE __CLEAR_SRAM
                 
                 ;GLOBAL VARIABLES INITIALIZATION
00006c e9e8      	LDI  R30,LOW(__GLOBAL_INI_TBL*2)
00006d e0f0      	LDI  R31,HIGH(__GLOBAL_INI_TBL*2)
                 __GLOBAL_INI_NEXT:
00006e 9185      	LPM  R24,Z+
00006f 9195      	LPM  R25,Z+
000070 9700      	SBIW R24,0
000071 f061      	BREQ __GLOBAL_INI_END
000072 91a5      	LPM  R26,Z+
000073 91b5      	LPM  R27,Z+
000074 9005      	LPM  R0,Z+
000075 9015      	LPM  R1,Z+
000076 01bf      	MOVW R22,R30
000077 01f0      	MOVW R30,R0
                 __GLOBAL_INI_LOOP:
000078 9005      	LPM  R0,Z+
000079 920d      	ST   X+,R0
00007a 9701      	SBIW R24,1
00007b f7e1      	BRNE __GLOBAL_INI_LOOP
00007c 01fb      	MOVW R30,R22
00007d cff0      	RJMP __GLOBAL_INI_NEXT
                 __GLOBAL_INI_END:
                 
                 ;HARDWARE STACK POINTER INITIALIZATION
00007e e5ef      	LDI  R30,LOW(__SRAM_END-__HEAP_SIZE)
00007f bfed      	OUT  SPL,R30
000080 e0e4      	LDI  R30,HIGH(__SRAM_END-__HEAP_SIZE)
000081 bfee      	OUT  SPH,R30
                 
                 ;DATA STACK POINTER INITIALIZATION
000082 e6c0      	LDI  R28,LOW(__SRAM_START+__DSTACK_SIZE)
000083 e0d1      	LDI  R29,HIGH(__SRAM_START+__DSTACK_SIZE)
                 
000084 940c 00e3 	JMP  _main
                 
                 	.ESEG
                 	.ORG 0
                 
                 	.DSEG
                 	.ORG 0x160
                 
                 	.CSEG
                 ;/*
                 ; * FrequencyMeter.c
                 ; *
                 ; * Created: 19/10/2019 09:18:07 Þ.Ù
                 ; * Author: Alireza
                 ; */
                 ;
                 ;#include <io.h>
                 	#ifndef __SLEEP_DEFINED__
                 	#define __SLEEP_DEFINED__
                 	.EQU __se_bit=0x40
                 	.EQU __sm_mask=0xB0
                 	.EQU __sm_powerdown=0x20
                 	.EQU __sm_powersave=0x30
                 	.EQU __sm_standby=0xA0
                 	.EQU __sm_ext_standby=0xB0
                 	.EQU __sm_adc_noise_red=0x10
                 	.SET power_ctrl_reg=mcucr
                 	#endif
                 ;// Alphanumeric LCD functions
                 ;#include <alcd.h>
                 ;#include <delay.h>
                 ;#include <stdio.h>
                 ;#include <stdlib.h>
                 ;#include <string.h>
                 ;       #include <mega16.h>
                 ;
                 ;char str[255];
                 ;unsigned int previousRising;
                 ;unsigned long elapsedTime;
                 ;unsigned int timerOverflow;
                 ;unsigned long currentTime;
                 ;unsigned long int freq;
                 ;
                 ;unsigned char rov_counter,counter;
                 ;unsigned int starting_edge,ending_edge;
                 ;
                 ;unsigned int digits[11] = {0x3f, 0x06, 0x5b, 0x4f, 0x66, 0x6d, 0xfd, 0x07, 0xff, 0b01101111, 0b00000000};
                 
                 	.DSEG
                 ;// Timer1 overflow interrupt service routine
                 ;interrupt [TIM1_OVF] void timer1_ovf_isr(void)
                 ; 0000 001E {
                 
                 	.CSEG
                 _timer1_ovf_isr:
                 ; .FSTART _timer1_ovf_isr
000086 93ea      	ST   -Y,R30
000087 93fa      	ST   -Y,R31
000088 b7ef      	IN   R30,SREG
000089 93ea      	ST   -Y,R30
                 ; 0000 001F // Reinitialize Timer1 value
                 ; 0000 0020 TCNT1H=0xD8F0 >> 8;
00008a ede8      	LDI  R30,LOW(216)
00008b bded      	OUT  0x2D,R30
                 ; 0000 0021 TCNT1L=0xD8F0 & 0xff;
00008c efe0      	LDI  R30,LOW(240)
00008d bdec      	OUT  0x2C,R30
                 ; 0000 0022 //TCNT1H=0x00;;
                 ; 0000 0023 //TCNT1L=0x00;;
                 ; 0000 0024 timerOverflow++;
00008e 01f3      	MOVW R30,R6
00008f 9631      	ADIW R30,1
000090 013f      	MOVW R6,R30
                 ; 0000 0025 
                 ; 0000 0026 }
000091 91e9      	LD   R30,Y+
000092 bfef      	OUT  SREG,R30
000093 91f9      	LD   R31,Y+
000094 91e9      	LD   R30,Y+
000095 9518      	RETI
                 ; .FEND
                 ;int c ;
                 ;// Timer1 input capture interrupt service routine
                 ;interrupt [TIM1_CAPT] void timer1_capt_isr(void)
                 ; 0000 002A {
                 _timer1_capt_isr:
                 ; .FSTART _timer1_capt_isr
000096 920a      	ST   -Y,R0
000097 921a      	ST   -Y,R1
000098 936a      	ST   -Y,R22
000099 937a      	ST   -Y,R23
00009a 938a      	ST   -Y,R24
00009b 939a      	ST   -Y,R25
00009c 93aa      	ST   -Y,R26
00009d 93ba      	ST   -Y,R27
00009e 93ea      	ST   -Y,R30
00009f 93fa      	ST   -Y,R31
0000a0 b7ef      	IN   R30,SREG
0000a1 93ea      	ST   -Y,R30
                 ; 0000 002B     currentTime = 256*ICR1H + ICR1L;
0000a2 b5e7      	IN   R30,0x27
0000a3 2ffe      	MOV  R31,R30
0000a4 e0e0      	LDI  R30,0
0000a5 01df      	MOVW R26,R30
0000a6 b5e6      	IN   R30,0x26
0000a7 e0f0      	LDI  R31,0
0000a8 0fea      	ADD  R30,R26
0000a9 1ffb      	ADC  R31,R27
0000aa 940e 044b 	CALL __CWD1
0000ac 93e0 026b 	STS  _currentTime,R30
0000ae 93f0 026c 	STS  _currentTime+1,R31
0000b0 9360 026d 	STS  _currentTime+2,R22
0000b2 9370 026e 	STS  _currentTime+3,R23
                 ; 0000 002C     PORTC = digits[currentTime % 10];
0000b4 91a0 026b 	LDS  R26,_currentTime
0000b6 91b0 026c 	LDS  R27,_currentTime+1
0000b8 9180 026d 	LDS  R24,_currentTime+2
0000ba 9190 026e 	LDS  R25,_currentTime+3
                +
0000bc e0ea     +LDI R30 , LOW ( 0xA )
0000bd e0f0     +LDI R31 , HIGH ( 0xA )
0000be e060     +LDI R22 , BYTE3 ( 0xA )
0000bf e070     +LDI R23 , BYTE4 ( 0xA )
                 	__GETD1N 0xA
0000c0 940e 047d 	CALL __MODD21U
0000c2 e7a3      	LDI  R26,LOW(_digits)
0000c3 e0b2      	LDI  R27,HIGH(_digits)
0000c4 0fee      	LSL  R30
0000c5 1fff      	ROL  R31
0000c6 0fae      	ADD  R26,R30
0000c7 1fbf      	ADC  R27,R31
0000c8 91ec      	LD   R30,X
0000c9 bbe5      	OUT  0x15,R30
                 ; 0000 002D     freq =  186*221;
                +
0000ca e9e2     +LDI R30 , LOW ( 0xA092 )
0000cb eaf0     +LDI R31 , HIGH ( 0xA092 )
0000cc e060     +LDI R22 , BYTE3 ( 0xA092 )
0000cd e070     +LDI R23 , BYTE4 ( 0xA092 )
                 	__GETD1N 0xA092
0000ce 93e0 026f 	STS  _freq,R30
0000d0 93f0 0270 	STS  _freq+1,R31
0000d2 9360 0271 	STS  _freq+2,R22
0000d4 9370 0272 	STS  _freq+3,R23
                 ; 0000 002E    /* elapsedTime = currentTime + timerOverflow * 65536 - previousRising;
                 ; 0000 002F     c = ICR1H;
                 ; 0000 0030     freq = elapsedTime;//8000000;
                 ; 0000 0031     timerOverflow = 0;
                 ; 0000 0032     previousRising = currentTime;
                 ; 0000 0033      */
                 ; 0000 0034 
                 ; 0000 0035 }
0000d6 91e9      	LD   R30,Y+
0000d7 bfef      	OUT  SREG,R30
0000d8 91f9      	LD   R31,Y+
0000d9 91e9      	LD   R30,Y+
0000da 91b9      	LD   R27,Y+
0000db 91a9      	LD   R26,Y+
0000dc 9199      	LD   R25,Y+
0000dd 9189      	LD   R24,Y+
0000de 9179      	LD   R23,Y+
0000df 9169      	LD   R22,Y+
0000e0 9019      	LD   R1,Y+
0000e1 9009      	LD   R0,Y+
0000e2 9518      	RETI
                 ; .FEND
                 ;
                 ;        char* a;
                 ;        int x;
                 ;void main(void)
                 ; 0000 003A {
                 _main:
                 ; .FSTART _main
                 ; 0000 003B DDRC = 0xff;
0000e3 efef      	LDI  R30,LOW(255)
0000e4 bbe4      	OUT  0x14,R30
                 ; 0000 003C 
                 ; 0000 003D TCCR1A=(0<<COM1A1) | (0<<COM1A0) | (0<<COM1B1) | (0<<COM1B0) | (0<<WGM11) | (0<<WGM10);
0000e5 e0e0      	LDI  R30,LOW(0)
0000e6 bdef      	OUT  0x2F,R30
                 ; 0000 003E TCCR1B=(0<<ICNC1) | (1<<ICES1) | (0<<WGM13) | (0<<WGM12) | (0<<CS12) | (0<<CS11) | (1<<CS10);
0000e7 e4e1      	LDI  R30,LOW(65)
0000e8 bdee      	OUT  0x2E,R30
                 ; 0000 003F TCNT1H=0x00;
0000e9 e0e0      	LDI  R30,LOW(0)
0000ea bded      	OUT  0x2D,R30
                 ; 0000 0040 TCNT1L=0x00;
0000eb bdec      	OUT  0x2C,R30
                 ; 0000 0041 ICR1H=0x00;
0000ec bde7      	OUT  0x27,R30
                 ; 0000 0042 ICR1L=0x00;
0000ed bde6      	OUT  0x26,R30
                 ; 0000 0043 OCR1AH=0x00;
0000ee bdeb      	OUT  0x2B,R30
                 ; 0000 0044 OCR1AL=0x00;
0000ef bdea      	OUT  0x2A,R30
                 ; 0000 0045 OCR1BH=0x00;
0000f0 bde9      	OUT  0x29,R30
                 ; 0000 0046 OCR1BL=0x00;
0000f1 bde8      	OUT  0x28,R30
                 ; 0000 0047 
                 ; 0000 0048 // Timer(s)/Counter(s) Interrupt(s) initialization
                 ; 0000 0049 TIMSK=(0<<OCIE2) | (0<<TOIE2) | (1<<TICIE1) | (0<<OCIE1A) | (0<<OCIE1B) | (1<<TOIE1) | (0<<OCIE0) | (0<<TOIE0);
0000f2 e2e4      	LDI  R30,LOW(36)
0000f3 bfe9      	OUT  0x39,R30
                 ; 0000 004A 
                 ; 0000 004B // Alphanumeric LCD initialization
                 ; 0000 004C // Connections are specified in the
                 ; 0000 004D // Project|Configure|C Compiler|Libraries|Alphanumeric LCD menu:
                 ; 0000 004E // RS - PORTB Bit 0
                 ; 0000 004F // RD - PORTB Bit 1
                 ; 0000 0050 // EN - PORTB Bit 2
                 ; 0000 0051 // D4 - PORTB Bit 4
                 ; 0000 0052 // D5 - PORTB Bit 5
                 ; 0000 0053 // D6 - PORTB Bit 6
                 ; 0000 0054 // D7 - PORTB Bit 7
                 ; 0000 0055 // Characters/line: 16
                 ; 0000 0056 lcd_init(16);
0000f4 e1a0      	LDI  R26,LOW(16)
0000f5 d0a8      	RCALL _lcd_init
                 ; 0000 0057 
                 ; 0000 0058 
                 ; 0000 0059         lcd_gotoxy(0,0);
0000f6 e0e0      	LDI  R30,LOW(0)
0000f7 93ea      	ST   -Y,R30
0000f8 e0a0      	LDI  R26,LOW(0)
0000f9 940e 03e5 	CALL SUBOPT_0x0
                 ; 0000 005A         delay_ms(50);
                 ; 0000 005B         lcd_puts("Frequency: ");
                +
0000fb e6a0     +LDI R26 , LOW ( _0x4 + ( 0 ) )
0000fc e0b1     +LDI R27 , HIGH ( _0x4 + ( 0 ) )
                 	__POINTW2MN _0x4,0
0000fd 940e 03eb 	CALL SUBOPT_0x1
                 ; 0000 005C         delay_ms(50);
                 ; 0000 005D 
                 ; 0000 005E // Global enable interrupts
                 ; 0000 005F #asm("sei")
0000ff 9478      	sei
                 ; 0000 0060  PORTC = digits[10];
                +
000100 91e0 0287+LDS R30 , _digits + ( 20 )
                 	__GETB1MN _digits,20
000102 bbe5      	OUT  0x15,R30
                 ; 0000 0061 while (1){
                 _0x5:
                 ; 0000 0062 
                 ; 0000 0063         lcd_gotoxy(0,1);
000103 e0e0      	LDI  R30,LOW(0)
000104 93ea      	ST   -Y,R30
000105 e0a1      	LDI  R26,LOW(1)
000106 940e 03e5 	CALL SUBOPT_0x0
                 ; 0000 0064         delay_ms(50);
                 ; 0000 0065         //sprintf(str, "%d", 1/elapsedTime);
                 ; 0000 0066         //sprintf(str, "%d", TCNT1+timerOverflow*65536);
                 ; 0000 0067         ltoa(freq, str);
000108 91e0 026f 	LDS  R30,_freq
00010a 91f0 0270 	LDS  R31,_freq+1
00010c 9160 0271 	LDS  R22,_freq+2
00010e 9170 0272 	LDS  R23,_freq+3
000110 940e 0485 	CALL __PUTPARD1
000112 e6ac      	LDI  R26,LOW(_str)
000113 e0b1      	LDI  R27,HIGH(_str)
000114 940e 0367 	CALL _ltoa
                 ; 0000 0068         sscanf(str, "%d", &freq);
000116 e6ec      	LDI  R30,LOW(_str)
000117 e0f1      	LDI  R31,HIGH(_str)
000118 93fa      	ST   -Y,R31
000119 93ea      	ST   -Y,R30
                +
00011a e8e6     +LDI R30 , LOW ( 2 * _0x0 + ( 12 ) )
00011b e0f0     +LDI R31 , HIGH ( 2 * _0x0 + ( 12 ) )
                 	__POINTW1FN _0x0,12
00011c 93fa      	ST   -Y,R31
00011d 93ea      	ST   -Y,R30
00011e e6ef      	LDI  R30,LOW(_freq)
00011f e0f2      	LDI  R31,HIGH(_freq)
000120 2766      	CLR  R22
000121 2777      	CLR  R23
000122 940e 0485 	CALL __PUTPARD1
000124 e084      	LDI  R24,4
000125 940e 033c 	CALL _sscanf
000127 9628      	ADIW R28,8
                 ; 0000 0069         //ltoa(timerOverflow, str);
                 ; 0000 006A         //lcd_putsf(str);
                 ; 0000 006B         //strncpy(a,str, 1);
                 ; 0000 006C         lcd_puts(str);
000128 e6ac      	LDI  R26,LOW(_str)
000129 e0b1      	LDI  R27,HIGH(_str)
00012a 940e 03eb 	CALL SUBOPT_0x1
                 ; 0000 006D         delay_ms(50);
                 ; 0000 006E     }
00012c cfd6      	RJMP _0x5
                 ; 0000 006F }
                 _0x8:
00012d cfff      	RJMP _0x8
                 ; .FEND
                 
                 	.DSEG
                 _0x4:
000160           	.BYTE 0xC
                 	#ifndef __SLEEP_DEFINED__
                 	#endif
                 
                 	.DSEG
                 
                 	.CSEG
                 __lcd_write_nibble_G100:
                 ; .FSTART __lcd_write_nibble_G100
00012e 93aa      	ST   -Y,R26
00012f b3e8      	IN   R30,0x18
000130 70ef      	ANDI R30,LOW(0xF)
000131 2fae      	MOV  R26,R30
000132 81e8      	LD   R30,Y
000133 7fe0      	ANDI R30,LOW(0xF0)
000134 2bea      	OR   R30,R26
000135 bbe8      	OUT  0x18,R30
                +
000136 e08d     +LDI R24 , LOW ( 13 )
                +__DELAY_USB_LOOP :
000137 958a     +DEC R24
000138 f7f1     +BRNE __DELAY_USB_LOOP
                 	__DELAY_USB 13
000139 9ac2      	SBI  0x18,2
                +
00013a e08d     +LDI R24 , LOW ( 13 )
                +__DELAY_USB_LOOP :
00013b 958a     +DEC R24
00013c f7f1     +BRNE __DELAY_USB_LOOP
                 	__DELAY_USB 13
00013d 98c2      	CBI  0x18,2
                +
00013e e08d     +LDI R24 , LOW ( 13 )
                +__DELAY_USB_LOOP :
00013f 958a     +DEC R24
000140 f7f1     +BRNE __DELAY_USB_LOOP
                 	__DELAY_USB 13
000141 c089      	RJMP _0x20C0004
                 ; .FEND
                 __lcd_write_data:
                 ; .FSTART __lcd_write_data
000142 93aa      	ST   -Y,R26
000143 81a8      	LD   R26,Y
000144 dfe9      	RCALL __lcd_write_nibble_G100
000145 81e8          ld    r30,y
000146 95e2          swap  r30
000147 83e8          st    y,r30
000148 81a8      	LD   R26,Y
000149 dfe4      	RCALL __lcd_write_nibble_G100
                +
00014a e885     +LDI R24 , LOW ( 133 )
                +__DELAY_USB_LOOP :
00014b 958a     +DEC R24
00014c f7f1     +BRNE __DELAY_USB_LOOP
                 	__DELAY_USB 133
00014d c07d      	RJMP _0x20C0004
                 ; .FEND
                 _lcd_gotoxy:
                 ; .FSTART _lcd_gotoxy
00014e 93aa      	ST   -Y,R26
00014f 81e8      	LD   R30,Y
000150 e0f0      	LDI  R31,0
000151 57e7      	SUBI R30,LOW(-__base_y_G100)
000152 4ffd      	SBCI R31,HIGH(-__base_y_G100)
000153 81e0      	LD   R30,Z
000154 81a9      	LDD  R26,Y+1
000155 0fae      	ADD  R26,R30
000156 dfeb      	RCALL __lcd_write_data
000157 81e9      	LDD  R30,Y+1
000158 93e0 028d 	STS  __lcd_x,R30
00015a 81e8      	LD   R30,Y
00015b 93e0 028e 	STS  __lcd_y,R30
00015d 9622      	ADIW R28,2
00015e 9508      	RET
                 ; .FEND
                 _lcd_clear:
                 ; .FSTART _lcd_clear
00015f e0a2      	LDI  R26,LOW(2)
000160 940e 03f1 	CALL SUBOPT_0x2
000162 e0ac      	LDI  R26,LOW(12)
000163 dfde      	RCALL __lcd_write_data
000164 e0a1      	LDI  R26,LOW(1)
000165 940e 03f1 	CALL SUBOPT_0x2
000167 e0e0      	LDI  R30,LOW(0)
000168 93e0 028e 	STS  __lcd_y,R30
00016a 93e0 028d 	STS  __lcd_x,R30
00016c 9508      	RET
                 ; .FEND
                 _lcd_putchar:
                 ; .FSTART _lcd_putchar
00016d 93aa      	ST   -Y,R26
00016e 81a8      	LD   R26,Y
00016f 30aa      	CPI  R26,LOW(0xA)
000170 f031      	BREQ _0x2000005
000171 91e0 028f 	LDS  R30,__lcd_maxx
000173 91a0 028d 	LDS  R26,__lcd_x
000175 17ae      	CP   R26,R30
000176 f060      	BRLO _0x2000004
                 _0x2000005:
000177 e0e0      	LDI  R30,LOW(0)
000178 93ea      	ST   -Y,R30
000179 91a0 028e 	LDS  R26,__lcd_y
00017b 5faf      	SUBI R26,-LOW(1)
00017c 93a0 028e 	STS  __lcd_y,R26
00017e dfcf      	RCALL _lcd_gotoxy
00017f 81a8      	LD   R26,Y
000180 30aa      	CPI  R26,LOW(0xA)
000181 f409      	BRNE _0x2000007
000182 c048      	RJMP _0x20C0004
                 _0x2000007:
                 _0x2000004:
000183 91e0 028d 	LDS  R30,__lcd_x
000185 5fef      	SUBI R30,-LOW(1)
000186 93e0 028d 	STS  __lcd_x,R30
000188 9ac0      	SBI  0x18,0
000189 81a8      	LD   R26,Y
00018a dfb7      	RCALL __lcd_write_data
00018b 98c0      	CBI  0x18,0
00018c c03e      	RJMP _0x20C0004
                 ; .FEND
                 _lcd_puts:
                 ; .FSTART _lcd_puts
00018d 93ba      	ST   -Y,R27
00018e 93aa      	ST   -Y,R26
00018f 931a      	ST   -Y,R17
                 _0x2000008:
000190 81a9      	LDD  R26,Y+1
000191 81ba      	LDD  R27,Y+1+1
000192 91ed      	LD   R30,X+
000193 83a9      	STD  Y+1,R26
000194 83ba      	STD  Y+1+1,R27
000195 2f1e      	MOV  R17,R30
000196 30e0      	CPI  R30,0
000197 f019      	BREQ _0x200000A
000198 2fa1      	MOV  R26,R17
000199 dfd3      	RCALL _lcd_putchar
00019a cff5      	RJMP _0x2000008
                 _0x200000A:
00019b 8118      	LDD  R17,Y+0
00019c 9623      	ADIW R28,3
00019d 9508      	RET
                 ; .FEND
                 _lcd_init:
                 ; .FSTART _lcd_init
00019e 93aa      	ST   -Y,R26
00019f b3e7      	IN   R30,0x17
0001a0 6fe0      	ORI  R30,LOW(0xF0)
0001a1 bbe7      	OUT  0x17,R30
0001a2 9aba      	SBI  0x17,2
0001a3 9ab8      	SBI  0x17,0
0001a4 9ab9      	SBI  0x17,1
0001a5 98c2      	CBI  0x18,2
0001a6 98c0      	CBI  0x18,0
0001a7 98c1      	CBI  0x18,1
0001a8 81e8      	LD   R30,Y
0001a9 93e0 028f 	STS  __lcd_maxx,R30
0001ab 58e0      	SUBI R30,-LOW(128)
                +
0001ac 93e0 028b+STS __base_y_G100 + ( 2 ) , R30
                 	__PUTB1MN __base_y_G100,2
0001ae 81e8      	LD   R30,Y
0001af 54e0      	SUBI R30,-LOW(192)
                +
0001b0 93e0 028c+STS __base_y_G100 + ( 3 ) , R30
                 	__PUTB1MN __base_y_G100,3
0001b2 e1a4      	LDI  R26,LOW(20)
0001b3 e0b0      	LDI  R27,0
0001b4 940e 0431 	CALL _delay_ms
0001b6 940e 03f7 	CALL SUBOPT_0x3
0001b8 940e 03f7 	CALL SUBOPT_0x3
0001ba 940e 03f7 	CALL SUBOPT_0x3
0001bc e2a0      	LDI  R26,LOW(32)
0001bd df70      	RCALL __lcd_write_nibble_G100
                +
0001be ec88     +LDI R24 , LOW ( 200 )
0001bf e090     +LDI R25 , HIGH ( 200 )
                +__DELAY_USW_LOOP :
0001c0 9701     +SBIW R24 , 1
0001c1 f7f1     +BRNE __DELAY_USW_LOOP
                 	__DELAY_USW 200
0001c2 e2a8      	LDI  R26,LOW(40)
0001c3 df7e      	RCALL __lcd_write_data
0001c4 e0a4      	LDI  R26,LOW(4)
0001c5 df7c      	RCALL __lcd_write_data
0001c6 e8a5      	LDI  R26,LOW(133)
0001c7 df7a      	RCALL __lcd_write_data
0001c8 e0a6      	LDI  R26,LOW(6)
0001c9 df78      	RCALL __lcd_write_data
0001ca df94      	RCALL _lcd_clear
                 _0x20C0004:
0001cb 9621      	ADIW R28,1
0001cc 9508      	RET
                 ; .FEND
                 	#ifndef __SLEEP_DEFINED__
                 	#endif
                 
                 	.CSEG
                 _get_buff_G101:
                 ; .FSTART _get_buff_G101
0001cd 93ba      	ST   -Y,R27
0001ce 93aa      	ST   -Y,R26
0001cf 931a      	ST   -Y,R17
0001d0 81a9      	LDD  R26,Y+1
0001d1 81ba      	LDD  R27,Y+1+1
0001d2 e0e0      	LDI  R30,LOW(0)
0001d3 93ec      	ST   X,R30
0001d4 81ab      	LDD  R26,Y+3
0001d5 81bc      	LDD  R27,Y+3+1
0001d6 91ec      	LD   R30,X
0001d7 2f1e      	MOV  R17,R30
0001d8 30e0      	CPI  R30,0
0001d9 f019      	BREQ _0x202007A
0001da e0e0      	LDI  R30,LOW(0)
0001db 93ec      	ST   X,R30
0001dc c019      	RJMP _0x202007B
                 _0x202007A:
0001dd 81a9      	LDD  R26,Y+1
0001de 81ba      	LDD  R27,Y+1+1
0001df 9611      	ADIW R26,1
0001e0 940e 0481 	CALL __GETW1P
0001e2 9730      	SBIW R30,0
0001e3 f089      	BREQ _0x202007C
0001e4 81e9      	LDD  R30,Y+1
0001e5 81fa      	LDD  R31,Y+1+1
0001e6 81a1      	LDD  R26,Z+1
0001e7 81b2      	LDD  R27,Z+2
0001e8 91ec      	LD   R30,X
0001e9 2f1e      	MOV  R17,R30
0001ea 30e0      	CPI  R30,0
0001eb f041      	BREQ _0x202007D
0001ec 81a9      	LDD  R26,Y+1
0001ed 81ba      	LDD  R27,Y+1+1
0001ee 9611      	ADIW R26,1
0001ef 91ed      	LD   R30,X+
0001f0 91fd      	LD   R31,X+
0001f1 9631      	ADIW R30,1
0001f2 93fe      	ST   -X,R31
0001f3 93ee      	ST   -X,R30
                 _0x202007D:
0001f4 c001      	RJMP _0x202007E
                 _0x202007C:
0001f5 e010      	LDI  R17,LOW(0)
                 _0x202007E:
                 _0x202007B:
0001f6 2fe1      	MOV  R30,R17
0001f7 8118      	LDD  R17,Y+0
0001f8 9625      	ADIW R28,5
0001f9 9508      	RET
                 ; .FEND
                 __scanf_G101:
                 ; .FSTART __scanf_G101
0001fa 92ff      	PUSH R15
0001fb 93ba      	ST   -Y,R27
0001fc 93aa      	ST   -Y,R26
0001fd 9724      	SBIW R28,4
0001fe 940e 048e 	CALL __SAVELOCR6
000200 e0e0      	LDI  R30,LOW(0)
000201 e0f0      	LDI  R31,HIGH(0)
000202 87e8      	STD  Y+8,R30
000203 87f9      	STD  Y+8+1,R31
000204 2f4e      	MOV  R20,R30
                 _0x202007F:
000205 89e8      	LDD  R30,Y+16
000206 89f9      	LDD  R31,Y+16+1
000207 9631      	ADIW R30,1
000208 8be8      	STD  Y+16,R30
000209 8bf9      	STD  Y+16+1,R31
00020a 9731      	SBIW R30,1
00020b 91e4      	LPM  R30,Z
00020c 2f3e      	MOV  R19,R30
00020d 30e0      	CPI  R30,0
00020e f409      	BRNE PC+2
00020f c125      	RJMP _0x2020081
000210 940e 03ff 	CALL SUBOPT_0x4
000212 f0c1      	BREQ _0x2020082
                 _0x2020083:
000213 b7ed      	IN   R30,SPL
000214 b7fe      	IN   R31,SPH
000215 93fa      	ST   -Y,R31
000216 93ea      	ST   -Y,R30
000217 934f      	PUSH R20
000218 940e 0404 	CALL SUBOPT_0x5
00021a 914f      	POP  R20
00021b 2f3e      	MOV  R19,R30
00021c 30e0      	CPI  R30,0
00021d f019      	BREQ _0x2020086
00021e 940e 03ff 	CALL SUBOPT_0x4
000220 f409      	BRNE _0x2020087
                 _0x2020086:
000221 c007      	RJMP _0x2020085
                 _0x2020087:
000222 940e 040a 	CALL SUBOPT_0x6
000224 f41c      	BRGE _0x2020088
000225 efef      	LDI  R30,LOW(65535)
000226 efff      	LDI  R31,HIGH(65535)
000227 c10f      	RJMP _0x20C0002
                 _0x2020088:
000228 cfea      	RJMP _0x2020083
                 _0x2020085:
000229 2f43      	MOV  R20,R19
00022a c109      	RJMP _0x2020089
                 _0x2020082:
00022b 3235      	CPI  R19,37
00022c f009      	BREQ PC+2
00022d c0ee      	RJMP _0x202008A
00022e e050      	LDI  R21,LOW(0)
                 _0x202008B:
00022f 89e8      	LDD  R30,Y+16
000230 89f9      	LDD  R31,Y+16+1
000231 9135      	LPM  R19,Z+
000232 8be8      	STD  Y+16,R30
000233 8bf9      	STD  Y+16+1,R31
000234 3330      	CPI  R19,48
000235 f010      	BRLO _0x202008F
000236 333a      	CPI  R19,58
000237 f008      	BRLO _0x202008E
                 _0x202008F:
000238 c007      	RJMP _0x202008D
                 _0x202008E:
000239 e0aa      	LDI  R26,LOW(10)
00023a 9f5a      	MUL  R21,R26
00023b 2d50      	MOV  R21,R0
00023c 2fe3      	MOV  R30,R19
00023d 53e0      	SUBI R30,LOW(48)
00023e 0f5e      	ADD  R21,R30
00023f cfef      	RJMP _0x202008B
                 _0x202008D:
000240 3030      	CPI  R19,0
000241 f409      	BRNE _0x2020091
000242 c0f2      	RJMP _0x2020081
                 _0x2020091:
                 _0x2020092:
000243 b7ed      	IN   R30,SPL
000244 b7fe      	IN   R31,SPH
000245 93fa      	ST   -Y,R31
000246 93ea      	ST   -Y,R30
000247 934f      	PUSH R20
000248 940e 0404 	CALL SUBOPT_0x5
00024a 914f      	POP  R20
00024b 2f2e      	MOV  R18,R30
00024c 2fae      	MOV  R26,R30
00024d 940e 03cb 	CALL _isspace
00024f 30e0      	CPI  R30,0
000250 f039      	BREQ _0x2020094
000251 940e 040a 	CALL SUBOPT_0x6
000253 f41c      	BRGE _0x2020095
000254 efef      	LDI  R30,LOW(65535)
000255 efff      	LDI  R31,HIGH(65535)
000256 c0e0      	RJMP _0x20C0002
                 _0x2020095:
000257 cfeb      	RJMP _0x2020092
                 _0x2020094:
000258 3020      	CPI  R18,0
000259 f409      	BRNE _0x2020096
00025a c0d1      	RJMP _0x2020097
                 _0x2020096:
00025b 2f42      	MOV  R20,R18
00025c 3050      	CPI  R21,0
00025d f409      	BRNE _0x2020098
00025e ef5f      	LDI  R21,LOW(255)
                 _0x2020098:
00025f 2fe3      	MOV  R30,R19
000260 36e3      	CPI  R30,LOW(0x63)
000261 f499      	BRNE _0x202009C
000262 940e 040f 	CALL SUBOPT_0x7
000264 b7ed      	IN   R30,SPL
000265 b7fe      	IN   R31,SPH
000266 93fa      	ST   -Y,R31
000267 93ea      	ST   -Y,R30
000268 934f      	PUSH R20
000269 940e 0404 	CALL SUBOPT_0x5
00026b 914f      	POP  R20
00026c 01d8      	MOVW R26,R16
00026d 93ec      	ST   X,R30
00026e 940e 040a 	CALL SUBOPT_0x6
000270 f41c      	BRGE _0x202009D
000271 efef      	LDI  R30,LOW(65535)
000272 efff      	LDI  R31,HIGH(65535)
000273 c0c3      	RJMP _0x20C0002
                 _0x202009D:
000274 c0a1      	RJMP _0x202009B
                 _0x202009C:
000275 37e3      	CPI  R30,LOW(0x73)
000276 f541      	BRNE _0x20200A6
000277 940e 040f 	CALL SUBOPT_0x7
                 _0x202009F:
000279 2fe5      	MOV  R30,R21
00027a 5051      	SUBI R21,1
00027b 30e0      	CPI  R30,0
00027c f0f1      	BREQ _0x20200A1
00027d b7ed      	IN   R30,SPL
00027e b7fe      	IN   R31,SPH
00027f 93fa      	ST   -Y,R31
000280 93ea      	ST   -Y,R30
000281 934f      	PUSH R20
000282 940e 0404 	CALL SUBOPT_0x5
000284 914f      	POP  R20
000285 2f3e      	MOV  R19,R30
000286 30e0      	CPI  R30,0
000287 f019      	BREQ _0x20200A3
000288 940e 03ff 	CALL SUBOPT_0x4
00028a f039      	BREQ _0x20200A2
                 _0x20200A3:
00028b 940e 040a 	CALL SUBOPT_0x6
00028d f41c      	BRGE _0x20200A5
00028e efef      	LDI  R30,LOW(65535)
00028f efff      	LDI  R31,HIGH(65535)
000290 c0a6      	RJMP _0x20C0002
                 _0x20200A5:
000291 c009      	RJMP _0x20200A1
                 _0x20200A2:
000292 931f      	PUSH R17
000293 930f      	PUSH R16
                +
000294 5f0f     +SUBI R16 , LOW ( - 1 )
000295 4f1f     +SBCI R17 , HIGH ( - 1 )
                 	__ADDWRN 16,17,1
000296 2fe3      	MOV  R30,R19
000297 91af      	POP  R26
000298 91bf      	POP  R27
000299 93ec      	ST   X,R30
00029a cfde      	RJMP _0x202009F
                 _0x20200A1:
00029b 01d8      	MOVW R26,R16
00029c e0e0      	LDI  R30,LOW(0)
00029d 93ec      	ST   X,R30
00029e c077      	RJMP _0x202009B
                 _0x20200A6:
00029f 9468      	SET
0002a0 f8f1      	BLD  R15,1
0002a1 94e8      	CLT
0002a2 f8f2      	BLD  R15,2
0002a3 2fe3      	MOV  R30,R19
0002a4 36e4      	CPI  R30,LOW(0x64)
0002a5 f011      	BREQ _0x20200AB
0002a6 36e9      	CPI  R30,LOW(0x69)
0002a7 f419      	BRNE _0x20200AC
                 _0x20200AB:
0002a8 94e8      	CLT
0002a9 f8f1      	BLD  R15,1
0002aa c002      	RJMP _0x20200AD
                 _0x20200AC:
0002ab 37e5      	CPI  R30,LOW(0x75)
0002ac f411      	BRNE _0x20200AE
                 _0x20200AD:
0002ad e02a      	LDI  R18,LOW(10)
0002ae c008      	RJMP _0x20200A9
                 _0x20200AE:
0002af 37e8      	CPI  R30,LOW(0x78)
0002b0 f411      	BRNE _0x20200AF
0002b1 e120      	LDI  R18,LOW(16)
0002b2 c004      	RJMP _0x20200A9
                 _0x20200AF:
0002b3 32e5      	CPI  R30,LOW(0x25)
0002b4 f409      	BRNE _0x20200B2
0002b5 c066      	RJMP _0x20200B1
                 _0x20200B2:
0002b6 c07e      	RJMP _0x20C0003
                 _0x20200A9:
0002b7 e0e0      	LDI  R30,LOW(0)
0002b8 83ee      	STD  Y+6,R30
0002b9 83ef      	STD  Y+6+1,R30
0002ba 9468      	SET
0002bb f8f0      	BLD  R15,0
                 _0x20200B3:
0002bc 2fe5      	MOV  R30,R21
0002bd 5051      	SUBI R21,1
0002be 30e0      	CPI  R30,0
0002bf f409      	BRNE PC+2
0002c0 c046      	RJMP _0x20200B5
0002c1 b7ed      	IN   R30,SPL
0002c2 b7fe      	IN   R31,SPH
0002c3 93fa      	ST   -Y,R31
0002c4 93ea      	ST   -Y,R30
0002c5 934f      	PUSH R20
0002c6 940e 0404 	CALL SUBOPT_0x5
0002c8 914f      	POP  R20
0002c9 2f3e      	MOV  R19,R30
0002ca 32e1      	CPI  R30,LOW(0x21)
0002cb f438      	BRSH _0x20200B6
0002cc 940e 040a 	CALL SUBOPT_0x6
0002ce f41c      	BRGE _0x20200B7
0002cf efef      	LDI  R30,LOW(65535)
0002d0 efff      	LDI  R31,HIGH(65535)
0002d1 c065      	RJMP _0x20C0002
                 _0x20200B7:
0002d2 c017      	RJMP _0x20200B8
                 _0x20200B6:
0002d3 fcf1      	SBRC R15,1
0002d4 c008      	RJMP _0x20200B9
0002d5 9468      	SET
0002d6 f8f1      	BLD  R15,1
0002d7 323d      	CPI  R19,45
0002d8 f411      	BRNE _0x20200BA
0002d9 f8f2      	BLD  R15,2
0002da cfe1      	RJMP _0x20200B3
                 _0x20200BA:
0002db 323b      	CPI  R19,43
0002dc f2f9      	BREQ _0x20200B3
                 _0x20200B9:
0002dd 3120      	CPI  R18,16
0002de f431      	BRNE _0x20200BC
0002df 2fa3      	MOV  R26,R19
0002e0 940e 03d6 	CALL _isxdigit
0002e2 30e0      	CPI  R30,0
0002e3 f031      	BREQ _0x20200B8
0002e4 c009      	RJMP _0x20200BE
                 _0x20200BC:
0002e5 2fa3      	MOV  R26,R19
0002e6 940e 03c2 	CALL _isdigit
0002e8 30e0      	CPI  R30,0
0002e9 f421      	BRNE _0x20200BF
                 _0x20200B8:
0002ea fcf0      	SBRC R15,0
0002eb c049      	RJMP _0x20200C1
0002ec 2f43      	MOV  R20,R19
0002ed c019      	RJMP _0x20200B5
                 _0x20200BF:
                 _0x20200BE:
0002ee 3631      	CPI  R19,97
0002ef f010      	BRLO _0x20200C2
0002f0 5537      	SUBI R19,LOW(87)
0002f1 c005      	RJMP _0x20200C3
                 _0x20200C2:
0002f2 3431      	CPI  R19,65
0002f3 f010      	BRLO _0x20200C4
0002f4 5337      	SUBI R19,LOW(55)
0002f5 c001      	RJMP _0x20200C5
                 _0x20200C4:
0002f6 5330      	SUBI R19,LOW(48)
                 _0x20200C5:
                 _0x20200C3:
0002f7 2fe2      	MOV  R30,R18
0002f8 81ae      	LDD  R26,Y+6
0002f9 81bf      	LDD  R27,Y+6+1
0002fa e0f0      	LDI  R31,0
0002fb 940e 0450 	CALL __MULW12U
0002fd 01df      	MOVW R26,R30
0002fe 2fe3      	MOV  R30,R19
0002ff e0f0      	LDI  R31,0
000300 0fea      	ADD  R30,R26
000301 1ffb      	ADC  R31,R27
000302 83ee      	STD  Y+6,R30
000303 83ff      	STD  Y+6+1,R31
000304 94e8      	CLT
000305 f8f0      	BLD  R15,0
000306 cfb5      	RJMP _0x20200B3
                 _0x20200B5:
000307 940e 040f 	CALL SUBOPT_0x7
000309 fef2      	SBRS R15,2
00030a c006      	RJMP _0x20200C6
00030b 81ee      	LDD  R30,Y+6
00030c 81ff      	LDD  R31,Y+6+1
00030d 940e 043f 	CALL __ANEGW1
00030f 83ee      	STD  Y+6,R30
000310 83ff      	STD  Y+6+1,R31
                 _0x20200C6:
000311 81ee      	LDD  R30,Y+6
000312 81ff      	LDD  R31,Y+6+1
000313 01d8      	MOVW R26,R16
000314 93ed      	ST   X+,R30
000315 93fc      	ST   X,R31
                 _0x202009B:
000316 85e8      	LDD  R30,Y+8
000317 85f9      	LDD  R31,Y+8+1
000318 9631      	ADIW R30,1
000319 87e8      	STD  Y+8,R30
00031a 87f9      	STD  Y+8+1,R31
00031b c018      	RJMP _0x20200C7
                 _0x202008A:
                 _0x20200B1:
00031c b7ed      	IN   R30,SPL
00031d b7fe      	IN   R31,SPH
00031e 93fa      	ST   -Y,R31
00031f 93ea      	ST   -Y,R30
000320 934f      	PUSH R20
000321 940e 0404 	CALL SUBOPT_0x5
000323 914f      	POP  R20
000324 17e3      	CP   R30,R19
000325 f071      	BREQ _0x20200C8
000326 940e 040a 	CALL SUBOPT_0x6
000328 f41c      	BRGE _0x20200C9
000329 efef      	LDI  R30,LOW(65535)
00032a efff      	LDI  R31,HIGH(65535)
00032b c00b      	RJMP _0x20C0002
                 _0x20200C9:
                 _0x2020097:
00032c 85e8      	LDD  R30,Y+8
00032d 85f9      	LDD  R31,Y+8+1
00032e 9730      	SBIW R30,0
00032f f419      	BRNE _0x20200CA
000330 efef      	LDI  R30,LOW(65535)
000331 efff      	LDI  R31,HIGH(65535)
000332 c004      	RJMP _0x20C0002
                 _0x20200CA:
000333 c001      	RJMP _0x2020081
                 _0x20200C8:
                 _0x20200C7:
                 _0x2020089:
000334 ced0      	RJMP _0x202007F
                 _0x2020081:
                 _0x20200C1:
                 _0x20C0003:
000335 85e8      	LDD  R30,Y+8
000336 85f9      	LDD  R31,Y+8+1
                 _0x20C0002:
000337 940e 0495 	CALL __LOADLOCR6
000339 9662      	ADIW R28,18
00033a 90ff      	POP  R15
00033b 9508      	RET
                 ; .FEND
                 _sscanf:
                 ; .FSTART _sscanf
00033c 92ff      	PUSH R15
00033d 2ef8      	MOV  R15,R24
00033e 9723      	SBIW R28,3
00033f 931a      	ST   -Y,R17
000340 930a      	ST   -Y,R16
000341 940e 041a 	CALL SUBOPT_0x8
000343 9730      	SBIW R30,0
000344 f419      	BRNE _0x20200CB
000345 efef      	LDI  R30,LOW(65535)
000346 efff      	LDI  R31,HIGH(65535)
000347 c01a      	RJMP _0x20C0001
                 _0x20200CB:
000348 01de      	MOVW R26,R28
000349 9611      	ADIW R26,1
00034a 940e 043b 	CALL __ADDW2R15
00034c 018d      	MOVW R16,R26
00034d 940e 041a 	CALL SUBOPT_0x8
00034f 83eb      	STD  Y+3,R30
000350 83fc      	STD  Y+3+1,R31
000351 01de      	MOVW R26,R28
000352 9615      	ADIW R26,5
000353 940e 043b 	CALL __ADDW2R15
000355 940e 0481 	CALL __GETW1P
000357 93fa      	ST   -Y,R31
000358 93ea      	ST   -Y,R30
000359 931a      	ST   -Y,R17
00035a 930a      	ST   -Y,R16
00035b eced      	LDI  R30,LOW(_get_buff_G101)
00035c e0f1      	LDI  R31,HIGH(_get_buff_G101)
00035d 93fa      	ST   -Y,R31
00035e 93ea      	ST   -Y,R30
00035f 01de      	MOVW R26,R28
000360 9618      	ADIW R26,8
000361 de98      	RCALL __scanf_G101
                 _0x20C0001:
000362 8119      	LDD  R17,Y+1
000363 8108      	LDD  R16,Y+0
000364 9625      	ADIW R28,5
000365 90ff      	POP  R15
000366 9508      	RET
                 ; .FEND
                 
                 	.CSEG
                 _ltoa:
                 ; .FSTART _ltoa
000367 93ba      	ST   -Y,R27
000368 93aa      	ST   -Y,R26
000369 9724      	SBIW R28,4
00036a 931a      	ST   -Y,R17
00036b 930a      	ST   -Y,R16
                +
00036c e0e0     +LDI R30 , LOW ( 0x3B9ACA00 )
00036d ecfa     +LDI R31 , HIGH ( 0x3B9ACA00 )
00036e e96a     +LDI R22 , BYTE3 ( 0x3B9ACA00 )
00036f e37b     +LDI R23 , BYTE4 ( 0x3B9ACA00 )
                 	__GETD1N 0x3B9ACA00
                +
000370 83ea     +STD Y + 2 , R30
000371 83fb     +STD Y + 2 + 1 , R31
000372 836c     +STD Y + 2 + 2 , R22
000373 837d     +STD Y + 2 + 3 , R23
                 	__PUTD1S 2
000374 e000      	LDI  R16,LOW(0)
000375 85ab      	LDD  R26,Y+11
000376 23aa      	TST  R26
000377 f472      	BRPL _0x2040003
                +
000378 85e8     +LDD R30 , Y + 8
000379 85f9     +LDD R31 , Y + 8 + 1
00037a 856a     +LDD R22 , Y + 8 + 2
00037b 857b     +LDD R23 , Y + 8 + 3
                 	__GETD1S 8
00037c 940e 0443 	CALL __ANEGD1
                +
00037e 87e8     +STD Y + 8 , R30
00037f 87f9     +STD Y + 8 + 1 , R31
000380 876a     +STD Y + 8 + 2 , R22
000381 877b     +STD Y + 8 + 3 , R23
                 	__PUTD1S 8
000382 940e 0421 	CALL SUBOPT_0x9
000384 e2ed      	LDI  R30,LOW(45)
000385 93ec      	ST   X,R30
                 _0x2040003:
                 _0x2040005:
000386 940e 0428 	CALL SUBOPT_0xA
000388 940e 0458 	CALL __DIVD21U
00038a 2f1e      	MOV  R17,R30
00038b 3010      	CPI  R17,0
00038c f471      	BRNE _0x2040008
00038d 3000      	CPI  R16,0
00038e f461      	BRNE _0x2040008
                +
00038f 81aa     +LDD R26 , Y + 2
000390 81bb     +LDD R27 , Y + 2 + 1
000391 818c     +LDD R24 , Y + 2 + 2
000392 819d     +LDD R25 , Y + 2 + 3
                 	__GETD2S 2
                +
000393 30a1     +CPI R26 , LOW ( 0x1 )
000394 e0e0     +LDI R30 , HIGH ( 0x1 )
000395 07be     +CPC R27 , R30
000396 e0e0     +LDI R30 , BYTE3 ( 0x1 )
000397 078e     +CPC R24 , R30
000398 e0e0     +LDI R30 , BYTE4 ( 0x1 )
000399 079e     +CPC R25 , R30
                 	__CPD2N 0x1
00039a f431      	BRNE _0x2040007
                 _0x2040008:
00039b 940e 0421 	CALL SUBOPT_0x9
00039d 2fe1      	MOV  R30,R17
00039e 5de0      	SUBI R30,-LOW(48)
00039f 93ec      	ST   X,R30
0003a0 e001      	LDI  R16,LOW(1)
                 _0x2040007:
0003a1 940e 0428 	CALL SUBOPT_0xA
0003a3 940e 047d 	CALL __MODD21U
                +
0003a5 87e8     +STD Y + 8 , R30
0003a6 87f9     +STD Y + 8 + 1 , R31
0003a7 876a     +STD Y + 8 + 2 , R22
0003a8 877b     +STD Y + 8 + 3 , R23
                 	__PUTD1S 8
                +
0003a9 81aa     +LDD R26 , Y + 2
0003aa 81bb     +LDD R27 , Y + 2 + 1
0003ab 818c     +LDD R24 , Y + 2 + 2
0003ac 819d     +LDD R25 , Y + 2 + 3
                 	__GETD2S 2
                +
0003ad e0ea     +LDI R30 , LOW ( 0xA )
0003ae e0f0     +LDI R31 , HIGH ( 0xA )
0003af e060     +LDI R22 , BYTE3 ( 0xA )
0003b0 e070     +LDI R23 , BYTE4 ( 0xA )
                 	__GETD1N 0xA
0003b1 940e 0458 	CALL __DIVD21U
                +
0003b3 83ea     +STD Y + 2 , R30
0003b4 83fb     +STD Y + 2 + 1 , R31
0003b5 836c     +STD Y + 2 + 2 , R22
0003b6 837d     +STD Y + 2 + 3 , R23
                 	__PUTD1S 2
0003b7 940e 048a 	CALL __CPD10
0003b9 f661      	BRNE _0x2040005
0003ba 81ae      	LDD  R26,Y+6
0003bb 81bf      	LDD  R27,Y+6+1
0003bc e0e0      	LDI  R30,LOW(0)
0003bd 93ec      	ST   X,R30
0003be 8119      	LDD  R17,Y+1
0003bf 8108      	LDD  R16,Y+0
0003c0 962c      	ADIW R28,12
0003c1 9508      	RET
                 ; .FEND
                 
                 	.DSEG
                 
                 	.CSEG
                 
                 	.CSEG
                 
                 	.CSEG
                 _isdigit:
                 ; .FSTART _isdigit
0003c2 93aa      	ST   -Y,R26
0003c3 e0e1          ldi  r30,1
0003c4 91f9          ld   r31,y+
0003c5 33f0          cpi  r31,'0'
0003c6 f010          brlo isdigit0
0003c7 33fa          cpi  r31,'9'+1
0003c8 f008          brlo isdigit1
                 isdigit0:
0003c9 27ee          clr  r30
                 isdigit1:
0003ca 9508          ret
                 ; .FEND
                 _isspace:
                 ; .FSTART _isspace
0003cb 93aa      	ST   -Y,R26
0003cc e0e1          ldi  r30,1
0003cd 91f9          ld   r31,y+
0003ce 32f0          cpi  r31,' '
0003cf f029          breq isspace1
0003d0 30f9          cpi  r31,9
0003d1 f010          brlo isspace0
0003d2 30fe          cpi  r31,13+1
0003d3 f008          brlo isspace1
                 isspace0:
0003d4 27ee          clr  r30
                 isspace1:
0003d5 9508          ret
                 ; .FEND
                 _isxdigit:
                 ; .FSTART _isxdigit
0003d6 93aa      	ST   -Y,R26
0003d7 e0e1          ldi  r30,1
0003d8 91f9          ld   r31,y+
0003d9 53f0          subi r31,0x30
0003da f040          brcs isxdigit0
0003db 30fa          cpi  r31,10
0003dc f038          brcs isxdigit1
0003dd 75ff          andi r31,0x5f
0003de 50f7          subi r31,7
0003df 30fa          cpi  r31,10
0003e0 f010          brcs isxdigit0
0003e1 31f0          cpi  r31,16
0003e2 f008          brcs isxdigit1
                 isxdigit0:
0003e3 27ee          clr  r30
                 isxdigit1:
0003e4 9508          ret
                 ; .FEND
                 
                 	.CSEG
                 
                 	.DSEG
                 _str:
00016c           	.BYTE 0xFF
                 _currentTime:
00026b           	.BYTE 0x4
                 _freq:
00026f           	.BYTE 0x4
                 _digits:
000273           	.BYTE 0x16
                 __base_y_G100:
000289           	.BYTE 0x4
                 __lcd_x:
00028d           	.BYTE 0x1
                 __lcd_y:
00028e           	.BYTE 0x1
                 __lcd_maxx:
00028f           	.BYTE 0x1
                 __seed_G102:
000290           	.BYTE 0x4
                 
                 	.CSEG
                 ;OPTIMIZER ADDED SUBROUTINE, CALLED 2 TIMES, CODE SIZE REDUCTION:1 WORDS
                 SUBOPT_0x0:
0003e5 940e 014e 	CALL _lcd_gotoxy
0003e7 e3a2      	LDI  R26,LOW(50)
0003e8 e0b0      	LDI  R27,0
0003e9 940c 0431 	JMP  _delay_ms
                 
                 ;OPTIMIZER ADDED SUBROUTINE, CALLED 2 TIMES, CODE SIZE REDUCTION:1 WORDS
                 SUBOPT_0x1:
0003eb 940e 018d 	CALL _lcd_puts
0003ed e3a2      	LDI  R26,LOW(50)
0003ee e0b0      	LDI  R27,0
0003ef 940c 0431 	JMP  _delay_ms
                 
                 ;OPTIMIZER ADDED SUBROUTINE, CALLED 2 TIMES, CODE SIZE REDUCTION:1 WORDS
                 SUBOPT_0x2:
0003f1 940e 0142 	CALL __lcd_write_data
0003f3 e0a3      	LDI  R26,LOW(3)
0003f4 e0b0      	LDI  R27,0
0003f5 940c 0431 	JMP  _delay_ms
                 
                 ;OPTIMIZER ADDED SUBROUTINE, CALLED 3 TIMES, CODE SIZE REDUCTION:7 WORDS
                 SUBOPT_0x3:
0003f7 e3a0      	LDI  R26,LOW(48)
0003f8 940e 012e 	CALL __lcd_write_nibble_G100
                +
0003fa ec88     +LDI R24 , LOW ( 200 )
0003fb e090     +LDI R25 , HIGH ( 200 )
                +__DELAY_USW_LOOP :
0003fc 9701     +SBIW R24 , 1
0003fd f7f1     +BRNE __DELAY_USW_LOOP
                 	__DELAY_USW 200
0003fe 9508      	RET
                 
                 ;OPTIMIZER ADDED SUBROUTINE, CALLED 3 TIMES, CODE SIZE REDUCTION:1 WORDS
                 SUBOPT_0x4:
0003ff 2fa3      	MOV  R26,R19
000400 940e 03cb 	CALL _isspace
000402 30e0      	CPI  R30,0
000403 9508      	RET
                 
                 ;OPTIMIZER ADDED SUBROUTINE, CALLED 6 TIMES, CODE SIZE REDUCTION:12 WORDS
                 SUBOPT_0x5:
000404 85ac      	LDD  R26,Y+12
000405 85bd      	LDD  R27,Y+12+1
000406 85ee      	LDD  R30,Y+14
000407 85ff      	LDD  R31,Y+14+1
000408 9509      	ICALL
000409 9508      	RET
                 
                 ;OPTIMIZER ADDED SUBROUTINE, CALLED 6 TIMES, CODE SIZE REDUCTION:7 WORDS
                 SUBOPT_0x6:
00040a 85aa      	LDD  R26,Y+10
00040b 85bb      	LDD  R27,Y+10+1
00040c 91ac      	LD   R26,X
00040d 30a0      	CPI  R26,0
00040e 9508      	RET
                 
                 ;OPTIMIZER ADDED SUBROUTINE, CALLED 3 TIMES, CODE SIZE REDUCTION:13 WORDS
                 SUBOPT_0x7:
00040f 85ee      	LDD  R30,Y+14
000410 85ff      	LDD  R31,Y+14+1
000411 9734      	SBIW R30,4
000412 87ee      	STD  Y+14,R30
000413 87ff      	STD  Y+14+1,R31
000414 85ae      	LDD  R26,Y+14
000415 85bf      	LDD  R27,Y+14+1
000416 9614      	ADIW R26,4
000417 910d      	LD   R16,X+
000418 911c      	LD   R17,X
000419 9508      	RET
                 
                 ;OPTIMIZER ADDED SUBROUTINE, CALLED 2 TIMES, CODE SIZE REDUCTION:1 WORDS
                 SUBOPT_0x8:
00041a 01de      	MOVW R26,R28
00041b 9617      	ADIW R26,7
00041c 940e 043b 	CALL __ADDW2R15
00041e 940e 0481 	CALL __GETW1P
000420 9508      	RET
                 
                 ;OPTIMIZER ADDED SUBROUTINE, CALLED 2 TIMES, CODE SIZE REDUCTION:1 WORDS
                 SUBOPT_0x9:
000421 81ae      	LDD  R26,Y+6
000422 81bf      	LDD  R27,Y+6+1
000423 9611      	ADIW R26,1
000424 83ae      	STD  Y+6,R26
000425 83bf      	STD  Y+6+1,R27
000426 9711      	SBIW R26,1
000427 9508      	RET
                 
                 ;OPTIMIZER ADDED SUBROUTINE, CALLED 2 TIMES, CODE SIZE REDUCTION:3 WORDS
                 SUBOPT_0xA:
                +
000428 81ea     +LDD R30 , Y + 2
000429 81fb     +LDD R31 , Y + 2 + 1
00042a 816c     +LDD R22 , Y + 2 + 2
00042b 817d     +LDD R23 , Y + 2 + 3
                 	__GETD1S 2
                +
00042c 85a8     +LDD R26 , Y + 8
00042d 85b9     +LDD R27 , Y + 8 + 1
00042e 858a     +LDD R24 , Y + 8 + 2
00042f 859b     +LDD R25 , Y + 8 + 3
                 	__GETD2S 8
000430 9508      	RET
                 
                 
                 	.CSEG
                 _delay_ms:
000431 9610      	adiw r26,0
000432 f039      	breq __delay_ms1
                 __delay_ms0:
                +
000433 ed80     +LDI R24 , LOW ( 0x7D0 )
000434 e097     +LDI R25 , HIGH ( 0x7D0 )
                +__DELAY_USW_LOOP :
000435 9701     +SBIW R24 , 1
000436 f7f1     +BRNE __DELAY_USW_LOOP
                 	__DELAY_USW 0x7D0
000437 95a8      	wdr
000438 9711      	sbiw r26,1
000439 f7c9      	brne __delay_ms0
                 __delay_ms1:
00043a 9508      	ret
                 
                 __ADDW2R15:
00043b 2400      	CLR  R0
00043c 0daf      	ADD  R26,R15
00043d 1db0      	ADC  R27,R0
00043e 9508      	RET
                 
                 __ANEGW1:
00043f 95f1      	NEG  R31
000440 95e1      	NEG  R30
000441 40f0      	SBCI R31,0
000442 9508      	RET
                 
                 __ANEGD1:
000443 95f0      	COM  R31
000444 9560      	COM  R22
000445 9570      	COM  R23
000446 95e1      	NEG  R30
000447 4fff      	SBCI R31,-1
000448 4f6f      	SBCI R22,-1
000449 4f7f      	SBCI R23,-1
00044a 9508      	RET
                 
                 __CWD1:
00044b 2f6f      	MOV  R22,R31
00044c 0f66      	ADD  R22,R22
00044d 0b66      	SBC  R22,R22
00044e 2f76      	MOV  R23,R22
00044f 9508      	RET
                 
                 __MULW12U:
000450 9ffa      	MUL  R31,R26
000451 2df0      	MOV  R31,R0
000452 9feb      	MUL  R30,R27
000453 0df0      	ADD  R31,R0
000454 9fea      	MUL  R30,R26
000455 2de0      	MOV  R30,R0
000456 0df1      	ADD  R31,R1
000457 9508      	RET
                 
                 __DIVD21U:
000458 933f      	PUSH R19
000459 934f      	PUSH R20
00045a 935f      	PUSH R21
00045b 2400      	CLR  R0
00045c 2411      	CLR  R1
00045d 2744      	CLR  R20
00045e 2755      	CLR  R21
00045f e230      	LDI  R19,32
                 __DIVD21U1:
000460 0faa      	LSL  R26
000461 1fbb      	ROL  R27
000462 1f88      	ROL  R24
000463 1f99      	ROL  R25
000464 1c00      	ROL  R0
000465 1c11      	ROL  R1
000466 1f44      	ROL  R20
000467 1f55      	ROL  R21
000468 1a0e      	SUB  R0,R30
000469 0a1f      	SBC  R1,R31
00046a 0b46      	SBC  R20,R22
00046b 0b57      	SBC  R21,R23
00046c f428      	BRCC __DIVD21U2
00046d 0e0e      	ADD  R0,R30
00046e 1e1f      	ADC  R1,R31
00046f 1f46      	ADC  R20,R22
000470 1f57      	ADC  R21,R23
000471 c001      	RJMP __DIVD21U3
                 __DIVD21U2:
000472 60a1      	SBR  R26,1
                 __DIVD21U3:
000473 953a      	DEC  R19
000474 f759      	BRNE __DIVD21U1
000475 01fd      	MOVW R30,R26
000476 01bc      	MOVW R22,R24
000477 01d0      	MOVW R26,R0
000478 01ca      	MOVW R24,R20
000479 915f      	POP  R21
00047a 914f      	POP  R20
00047b 913f      	POP  R19
00047c 9508      	RET
                 
                 __MODD21U:
00047d dfda      	RCALL __DIVD21U
00047e 01fd      	MOVW R30,R26
00047f 01bc      	MOVW R22,R24
000480 9508      	RET
                 
                 __GETW1P:
000481 91ed      	LD   R30,X+
000482 91fc      	LD   R31,X
000483 9711      	SBIW R26,1
000484 9508      	RET
                 
                 __PUTPARD1:
000485 937a      	ST   -Y,R23
000486 936a      	ST   -Y,R22
000487 93fa      	ST   -Y,R31
000488 93ea      	ST   -Y,R30
000489 9508      	RET
                 
                 __CPD10:
00048a 9730      	SBIW R30,0
00048b 4060      	SBCI R22,0
00048c 4070      	SBCI R23,0
00048d 9508      	RET
                 
                 __SAVELOCR6:
00048e 935a      	ST   -Y,R21
                 __SAVELOCR5:
00048f 934a      	ST   -Y,R20
                 __SAVELOCR4:
000490 933a      	ST   -Y,R19
                 __SAVELOCR3:
000491 932a      	ST   -Y,R18
                 __SAVELOCR2:
000492 931a      	ST   -Y,R17
000493 930a      	ST   -Y,R16
000494 9508      	RET
                 
                 __LOADLOCR6:
000495 815d      	LDD  R21,Y+5
                 __LOADLOCR5:
000496 814c      	LDD  R20,Y+4
                 __LOADLOCR4:
000497 813b      	LDD  R19,Y+3
                 __LOADLOCR3:
000498 812a      	LDD  R18,Y+2
                 __LOADLOCR2:
000499 8119      	LDD  R17,Y+1
00049a 8108      	LD   R16,Y
00049b 9508      	RET
                 
                 ;END OF CODE MARKER
                 __END_OF_CODE:


RESOURCE USE INFORMATION
------------------------

Notice:
The register and instruction counts are symbol table hit counts,
and hence implicitly used resources are not counted, eg, the
'lpm' instruction without operands implicitly uses r0 and z,
none of which are counted.

x,y,z are separate entities in the symbol table and are
counted separately from r26..r31 here.

.dseg memory usage only counts static data declared with .byte

ATmega16 register use summary:
r0 :  17 r1 :   8 r2 :   0 r3 :   0 r4 :   0 r5 :   0 r6 :   2 r7 :   0 
r8 :   0 r9 :   0 r10:   0 r11:   0 r12:   0 r13:   0 r14:   0 r15:  16 
r16:  17 r17:  23 r18:   9 r19:  33 r20:  25 r21:  18 r22:  32 r23:  23 
r24:  34 r25:  13 r26: 117 r27:  42 r28:  16 r29:   1 r30: 266 r31: 107 
x  :  26 y  : 215 z  :  12 
Registers used: 23 out of 35 (65.7%)

ATmega16 instruction use summary:
.lds  :   0 .lds.l:   0 .sts  :   0 .sts.l:   0 adc   :   7 add   :  10 
adiw  :  21 and   :   0 andi  :   3 asr   :   0 bclr  :   0 bld   :   7 
brbc  :   0 brbs  :   0 brcc  :   1 brcs  :   4 break :   0 breq  :  19 
brge  :   6 brhc  :   0 brhs  :   0 brid  :   0 brie  :   0 brlo  :   9 
brlt  :   0 brmi  :   0 brne  :  34 brpl  :   1 brsh  :   1 brtc  :   0 
brts  :   0 brvc  :   0 brvs  :   0 bset  :   0 bst   :   0 call  :  63 
cbi   :   5 cbr   :   0 clc   :   0 clh   :   0 cli   :   1 cln   :   0 
clr   :  12 cls   :   0 clt   :   3 clv   :   0 clz   :   0 com   :   3 
cp    :   2 cpc   :   3 cpi   :  45 cpse  :   0 dec   :   6 des   :   0 
eor   :   0 fmul  :   0 fmuls :   0 fmulsu:   0 icall :   1 ijmp  :   0 
in    :  18 inc   :   0 jmp   :  25 ld    :  41 ldd   :  78 ldi   : 130 
lds   :  13 lpm   :  10 lsl   :   2 lsr   :   0 mov   :  36 movw  :  21 
mul   :   4 muls  :   0 mulsu :   0 neg   :   3 nop   :   0 or    :   1 
ori   :   1 out   :  26 pop   :  13 push  :  13 rcall :  16 ret   :  32 
reti  :   2 rjmp  :  52 rol   :   8 ror   :   0 sbc   :   4 sbci  :   8 
sbi   :   5 sbic  :   0 sbis  :   0 sbiw  :  18 sbr   :   1 sbrc  :   2 
sbrs  :   1 sec   :   0 seh   :   0 sei   :   1 sen   :   0 ser   :   0 
ses   :   0 set   :   3 sev   :   0 sez   :   0 sleep :   0 spm   :   0 
st    :  87 std   :  38 sts   :  17 sub   :   1 subi  :  15 swap  :   1 
tst   :   1 wdr   :   1 
Instructions used: 63 out of 116 (54.3%)

ATmega16 memory use summary [bytes]:
Segment   Begin    End      Code   Data   Used    Size   Use%
---------------------------------------------------------------
[.cseg] 0x000000 0x000938   2266     94   2360   16384  14.4%
[.dseg] 0x000060 0x000294      0    308    308    1024  30.1%
[.eseg] 0x000000 0x000000      0      0      0     512   0.0%

Assembly complete, 0 errors, 14 warnings
