
AVRASM ver. 2.1.30  C:\Users\Alireza\Desktop\MicroProcessorLabProjects\Project3\CodeVision\Version-1.0.1\Debug\List\again.asm Sun Oct 27 20:05:18 2019

C:\Users\Alireza\Desktop\MicroProcessorLabProjects\Project3\CodeVision\Version-1.0.1\Debug\List\again.asm(1088): warning: Register r5 already defined by the .DEF directive
C:\Users\Alireza\Desktop\MicroProcessorLabProjects\Project3\CodeVision\Version-1.0.1\Debug\List\again.asm(1089): warning: Register r6 already defined by the .DEF directive
C:\Users\Alireza\Desktop\MicroProcessorLabProjects\Project3\CodeVision\Version-1.0.1\Debug\List\again.asm(1090): warning: Register r7 already defined by the .DEF directive
C:\Users\Alireza\Desktop\MicroProcessorLabProjects\Project3\CodeVision\Version-1.0.1\Debug\List\again.asm(1091): warning: Register r8 already defined by the .DEF directive
C:\Users\Alireza\Desktop\MicroProcessorLabProjects\Project3\CodeVision\Version-1.0.1\Debug\List\again.asm(1092): warning: Register r9 already defined by the .DEF directive
C:\Users\Alireza\Desktop\MicroProcessorLabProjects\Project3\CodeVision\Version-1.0.1\Debug\List\again.asm(1093): warning: Register r10 already defined by the .DEF directive
C:\Users\Alireza\Desktop\MicroProcessorLabProjects\Project3\CodeVision\Version-1.0.1\Debug\List\again.asm(1094): warning: Register r11 already defined by the .DEF directive
C:\Users\Alireza\Desktop\MicroProcessorLabProjects\Project3\CodeVision\Version-1.0.1\Debug\List\again.asm(1095): warning: Register r4 already defined by the .DEF directive
C:\Users\Alireza\Desktop\MicroProcessorLabProjects\Project3\CodeVision\Version-1.0.1\Debug\List\again.asm(1096): warning: Register r13 already defined by the .DEF directive
C:\Users\Alireza\Desktop\MicroProcessorLabProjects\Project3\CodeVision\Version-1.0.1\Debug\List\again.asm(1097): warning: Register r12 already defined by the .DEF directive
                 
                 
                 ;CodeVisionAVR C Compiler V3.12 Advanced
                 ;(C) Copyright 1998-2014 Pavel Haiduc, HP InfoTech s.r.l.
                 ;http://www.hpinfotech.com
                 
                 ;Build configuration    : Debug
                 ;Chip type              : ATmega16
                 ;Program type           : Application
                 ;Clock frequency        : 8/000000 MHz
                 ;Memory model           : Small
                 ;Optimize for           : Size
                 ;(s)printf features     : int, width
                 ;(s)scanf features      : int, width
                 ;External RAM size      : 0
                 ;Data Stack size        : 256 byte(s)
                 ;Heap size              : 0 byte(s)
                 ;Promote 'char' to 'int': Yes
                 ;'char' is unsigned     : Yes
                 ;8 bit enums            : Yes
                 ;Global 'const' stored in FLASH: No
                 ;Enhanced function parameter passing: Yes
                 ;Enhanced core instructions: On
                 ;Automatic register allocation for global variables: On
                 ;Smart register allocation: On
                 
                 	#define _MODEL_SMALL_
                 
                 	#pragma AVRPART ADMIN PART_NAME ATmega16
                 	#pragma AVRPART MEMORY PROG_FLASH 16384
                 	#pragma AVRPART MEMORY EEPROM 512
                 	#pragma AVRPART MEMORY INT_SRAM SIZE 1024
                 	#pragma AVRPART MEMORY INT_SRAM START_ADDR 0x60
                 
                 	#define CALL_SUPPORTED 1
                 
                 	.LISTMAC
                 	.EQU UDRE=0x5
                 	.EQU RXC=0x7
                 	.EQU USR=0xB
                 	.EQU UDR=0xC
                 	.EQU SPSR=0xE
                 	.EQU SPDR=0xF
                 	.EQU EERE=0x0
                 	.EQU EEWE=0x1
                 	.EQU EEMWE=0x2
                 	.EQU EECR=0x1C
                 	.EQU EEDR=0x1D
                 	.EQU EEARL=0x1E
                 	.EQU EEARH=0x1F
                 	.EQU WDTCR=0x21
                 	.EQU MCUCR=0x35
                 	.EQU GICR=0x3B
                 	.EQU SPL=0x3D
                 	.EQU SPH=0x3E
                 	.EQU SREG=0x3F
                 
                 	.DEF R0X0=R0
                 	.DEF R0X1=R1
                 	.DEF R0X2=R2
                 	.DEF R0X3=R3
                 	.DEF R0X4=R4
                 	.DEF R0X5=R5
                 	.DEF R0X6=R6
                 	.DEF R0X7=R7
                 	.DEF R0X8=R8
                 	.DEF R0X9=R9
                 	.DEF R0XA=R10
                 	.DEF R0XB=R11
                 	.DEF R0XC=R12
                 	.DEF R0XD=R13
                 	.DEF R0XE=R14
                 	.DEF R0XF=R15
                 	.DEF R0X10=R16
                 	.DEF R0X11=R17
                 	.DEF R0X12=R18
                 	.DEF R0X13=R19
                 	.DEF R0X14=R20
                 	.DEF R0X15=R21
                 	.DEF R0X16=R22
                 	.DEF R0X17=R23
                 	.DEF R0X18=R24
                 	.DEF R0X19=R25
                 	.DEF R0X1A=R26
                 	.DEF R0X1B=R27
                 	.DEF R0X1C=R28
                 	.DEF R0X1D=R29
                 	.DEF R0X1E=R30
                 	.DEF R0X1F=R31
                 
                 	.EQU __SRAM_START=0x0060
                 	.EQU __SRAM_END=0x045F
                 	.EQU __DSTACK_SIZE=0x0100
                 	.EQU __HEAP_SIZE=0x0000
                 	.EQU __CLEAR_SRAM_SIZE=__SRAM_END-__SRAM_START+1
                 
                 	.MACRO __CPD1N
                 	CPI  R30,LOW(@0)
                 	LDI  R26,HIGH(@0)
                 	CPC  R31,R26
                 	LDI  R26,BYTE3(@0)
                 	CPC  R22,R26
                 	LDI  R26,BYTE4(@0)
                 	CPC  R23,R26
                 	.ENDM
                 
                 	.MACRO __CPD2N
                 	CPI  R26,LOW(@0)
                 	LDI  R30,HIGH(@0)
                 	CPC  R27,R30
                 	LDI  R30,BYTE3(@0)
                 	CPC  R24,R30
                 	LDI  R30,BYTE4(@0)
                 	CPC  R25,R30
                 	.ENDM
                 
                 	.MACRO __CPWRR
                 	CP   R@0,R@2
                 	CPC  R@1,R@3
                 	.ENDM
                 
                 	.MACRO __CPWRN
                 	CPI  R@0,LOW(@2)
                 	LDI  R30,HIGH(@2)
                 	CPC  R@1,R30
                 	.ENDM
                 
                 	.MACRO __ADDB1MN
                 	SUBI R30,LOW(-@0-(@1))
                 	.ENDM
                 
                 	.MACRO __ADDB2MN
                 	SUBI R26,LOW(-@0-(@1))
                 	.ENDM
                 
                 	.MACRO __ADDW1MN
                 	SUBI R30,LOW(-@0-(@1))
                 	SBCI R31,HIGH(-@0-(@1))
                 	.ENDM
                 
                 	.MACRO __ADDW2MN
                 	SUBI R26,LOW(-@0-(@1))
                 	SBCI R27,HIGH(-@0-(@1))
                 	.ENDM
                 
                 	.MACRO __ADDW1FN
                 	SUBI R30,LOW(-2*@0-(@1))
                 	SBCI R31,HIGH(-2*@0-(@1))
                 	.ENDM
                 
                 	.MACRO __ADDD1FN
                 	SUBI R30,LOW(-2*@0-(@1))
                 	SBCI R31,HIGH(-2*@0-(@1))
                 	SBCI R22,BYTE3(-2*@0-(@1))
                 	.ENDM
                 
                 	.MACRO __ADDD1N
                 	SUBI R30,LOW(-@0)
                 	SBCI R31,HIGH(-@0)
                 	SBCI R22,BYTE3(-@0)
                 	SBCI R23,BYTE4(-@0)
                 	.ENDM
                 
                 	.MACRO __ADDD2N
                 	SUBI R26,LOW(-@0)
                 	SBCI R27,HIGH(-@0)
                 	SBCI R24,BYTE3(-@0)
                 	SBCI R25,BYTE4(-@0)
                 	.ENDM
                 
                 	.MACRO __SUBD1N
                 	SUBI R30,LOW(@0)
                 	SBCI R31,HIGH(@0)
                 	SBCI R22,BYTE3(@0)
                 	SBCI R23,BYTE4(@0)
                 	.ENDM
                 
                 	.MACRO __SUBD2N
                 	SUBI R26,LOW(@0)
                 	SBCI R27,HIGH(@0)
                 	SBCI R24,BYTE3(@0)
                 	SBCI R25,BYTE4(@0)
                 	.ENDM
                 
                 	.MACRO __ANDBMNN
                 	LDS  R30,@0+(@1)
                 	ANDI R30,LOW(@2)
                 	STS  @0+(@1),R30
                 	.ENDM
                 
                 	.MACRO __ANDWMNN
                 	LDS  R30,@0+(@1)
                 	ANDI R30,LOW(@2)
                 	STS  @0+(@1),R30
                 	LDS  R30,@0+(@1)+1
                 	ANDI R30,HIGH(@2)
                 	STS  @0+(@1)+1,R30
                 	.ENDM
                 
                 	.MACRO __ANDD1N
                 	ANDI R30,LOW(@0)
                 	ANDI R31,HIGH(@0)
                 	ANDI R22,BYTE3(@0)
                 	ANDI R23,BYTE4(@0)
                 	.ENDM
                 
                 	.MACRO __ANDD2N
                 	ANDI R26,LOW(@0)
                 	ANDI R27,HIGH(@0)
                 	ANDI R24,BYTE3(@0)
                 	ANDI R25,BYTE4(@0)
                 	.ENDM
                 
                 	.MACRO __ORBMNN
                 	LDS  R30,@0+(@1)
                 	ORI  R30,LOW(@2)
                 	STS  @0+(@1),R30
                 	.ENDM
                 
                 	.MACRO __ORWMNN
                 	LDS  R30,@0+(@1)
                 	ORI  R30,LOW(@2)
                 	STS  @0+(@1),R30
                 	LDS  R30,@0+(@1)+1
                 	ORI  R30,HIGH(@2)
                 	STS  @0+(@1)+1,R30
                 	.ENDM
                 
                 	.MACRO __ORD1N
                 	ORI  R30,LOW(@0)
                 	ORI  R31,HIGH(@0)
                 	ORI  R22,BYTE3(@0)
                 	ORI  R23,BYTE4(@0)
                 	.ENDM
                 
                 	.MACRO __ORD2N
                 	ORI  R26,LOW(@0)
                 	ORI  R27,HIGH(@0)
                 	ORI  R24,BYTE3(@0)
                 	ORI  R25,BYTE4(@0)
                 	.ENDM
                 
                 	.MACRO __DELAY_USB
                 	LDI  R24,LOW(@0)
                 __DELAY_USB_LOOP:
                 	DEC  R24
                 	BRNE __DELAY_USB_LOOP
                 	.ENDM
                 
                 	.MACRO __DELAY_USW
                 	LDI  R24,LOW(@0)
                 	LDI  R25,HIGH(@0)
                 __DELAY_USW_LOOP:
                 	SBIW R24,1
                 	BRNE __DELAY_USW_LOOP
                 	.ENDM
                 
                 	.MACRO __GETD1S
                 	LDD  R30,Y+@0
                 	LDD  R31,Y+@0+1
                 	LDD  R22,Y+@0+2
                 	LDD  R23,Y+@0+3
                 	.ENDM
                 
                 	.MACRO __GETD2S
                 	LDD  R26,Y+@0
                 	LDD  R27,Y+@0+1
                 	LDD  R24,Y+@0+2
                 	LDD  R25,Y+@0+3
                 	.ENDM
                 
                 	.MACRO __PUTD1S
                 	STD  Y+@0,R30
                 	STD  Y+@0+1,R31
                 	STD  Y+@0+2,R22
                 	STD  Y+@0+3,R23
                 	.ENDM
                 
                 	.MACRO __PUTD2S
                 	STD  Y+@0,R26
                 	STD  Y+@0+1,R27
                 	STD  Y+@0+2,R24
                 	STD  Y+@0+3,R25
                 	.ENDM
                 
                 	.MACRO __PUTDZ2
                 	STD  Z+@0,R26
                 	STD  Z+@0+1,R27
                 	STD  Z+@0+2,R24
                 	STD  Z+@0+3,R25
                 	.ENDM
                 
                 	.MACRO __CLRD1S
                 	STD  Y+@0,R30
                 	STD  Y+@0+1,R30
                 	STD  Y+@0+2,R30
                 	STD  Y+@0+3,R30
                 	.ENDM
                 
                 	.MACRO __POINTB1MN
                 	LDI  R30,LOW(@0+(@1))
                 	.ENDM
                 
                 	.MACRO __POINTW1MN
                 	LDI  R30,LOW(@0+(@1))
                 	LDI  R31,HIGH(@0+(@1))
                 	.ENDM
                 
                 	.MACRO __POINTD1M
                 	LDI  R30,LOW(@0)
                 	LDI  R31,HIGH(@0)
                 	LDI  R22,BYTE3(@0)
                 	LDI  R23,BYTE4(@0)
                 	.ENDM
                 
                 	.MACRO __POINTW1FN
                 	LDI  R30,LOW(2*@0+(@1))
                 	LDI  R31,HIGH(2*@0+(@1))
                 	.ENDM
                 
                 	.MACRO __POINTD1FN
                 	LDI  R30,LOW(2*@0+(@1))
                 	LDI  R31,HIGH(2*@0+(@1))
                 	LDI  R22,BYTE3(2*@0+(@1))
                 	LDI  R23,BYTE4(2*@0+(@1))
                 	.ENDM
                 
                 	.MACRO __POINTB2MN
                 	LDI  R26,LOW(@0+(@1))
                 	.ENDM
                 
                 	.MACRO __POINTW2MN
                 	LDI  R26,LOW(@0+(@1))
                 	LDI  R27,HIGH(@0+(@1))
                 	.ENDM
                 
                 	.MACRO __POINTW2FN
                 	LDI  R26,LOW(2*@0+(@1))
                 	LDI  R27,HIGH(2*@0+(@1))
                 	.ENDM
                 
                 	.MACRO __POINTD2FN
                 	LDI  R26,LOW(2*@0+(@1))
                 	LDI  R27,HIGH(2*@0+(@1))
                 	LDI  R24,BYTE3(2*@0+(@1))
                 	LDI  R25,BYTE4(2*@0+(@1))
                 	.ENDM
                 
                 	.MACRO __POINTBRM
                 	LDI  R@0,LOW(@1)
                 	.ENDM
                 
                 	.MACRO __POINTWRM
                 	LDI  R@0,LOW(@2)
                 	LDI  R@1,HIGH(@2)
                 	.ENDM
                 
                 	.MACRO __POINTBRMN
                 	LDI  R@0,LOW(@1+(@2))
                 	.ENDM
                 
                 	.MACRO __POINTWRMN
                 	LDI  R@0,LOW(@2+(@3))
                 	LDI  R@1,HIGH(@2+(@3))
                 	.ENDM
                 
                 	.MACRO __POINTWRFN
                 	LDI  R@0,LOW(@2*2+(@3))
                 	LDI  R@1,HIGH(@2*2+(@3))
                 	.ENDM
                 
                 	.MACRO __GETD1N
                 	LDI  R30,LOW(@0)
                 	LDI  R31,HIGH(@0)
                 	LDI  R22,BYTE3(@0)
                 	LDI  R23,BYTE4(@0)
                 	.ENDM
                 
                 	.MACRO __GETD2N
                 	LDI  R26,LOW(@0)
                 	LDI  R27,HIGH(@0)
                 	LDI  R24,BYTE3(@0)
                 	LDI  R25,BYTE4(@0)
                 	.ENDM
                 
                 	.MACRO __GETB1MN
                 	LDS  R30,@0+(@1)
                 	.ENDM
                 
                 	.MACRO __GETB1HMN
                 	LDS  R31,@0+(@1)
                 	.ENDM
                 
                 	.MACRO __GETW1MN
                 	LDS  R30,@0+(@1)
                 	LDS  R31,@0+(@1)+1
                 	.ENDM
                 
                 	.MACRO __GETD1MN
                 	LDS  R30,@0+(@1)
                 	LDS  R31,@0+(@1)+1
                 	LDS  R22,@0+(@1)+2
                 	LDS  R23,@0+(@1)+3
                 	.ENDM
                 
                 	.MACRO __GETBRMN
                 	LDS  R@0,@1+(@2)
                 	.ENDM
                 
                 	.MACRO __GETWRMN
                 	LDS  R@0,@2+(@3)
                 	LDS  R@1,@2+(@3)+1
                 	.ENDM
                 
                 	.MACRO __GETWRZ
                 	LDD  R@0,Z+@2
                 	LDD  R@1,Z+@2+1
                 	.ENDM
                 
                 	.MACRO __GETD2Z
                 	LDD  R26,Z+@0
                 	LDD  R27,Z+@0+1
                 	LDD  R24,Z+@0+2
                 	LDD  R25,Z+@0+3
                 	.ENDM
                 
                 	.MACRO __GETB2MN
                 	LDS  R26,@0+(@1)
                 	.ENDM
                 
                 	.MACRO __GETW2MN
                 	LDS  R26,@0+(@1)
                 	LDS  R27,@0+(@1)+1
                 	.ENDM
                 
                 	.MACRO __GETD2MN
                 	LDS  R26,@0+(@1)
                 	LDS  R27,@0+(@1)+1
                 	LDS  R24,@0+(@1)+2
                 	LDS  R25,@0+(@1)+3
                 	.ENDM
                 
                 	.MACRO __PUTB1MN
                 	STS  @0+(@1),R30
                 	.ENDM
                 
                 	.MACRO __PUTW1MN
                 	STS  @0+(@1),R30
                 	STS  @0+(@1)+1,R31
                 	.ENDM
                 
                 	.MACRO __PUTD1MN
                 	STS  @0+(@1),R30
                 	STS  @0+(@1)+1,R31
                 	STS  @0+(@1)+2,R22
                 	STS  @0+(@1)+3,R23
                 	.ENDM
                 
                 	.MACRO __PUTB1EN
                 	LDI  R26,LOW(@0+(@1))
                 	LDI  R27,HIGH(@0+(@1))
                 	CALL __EEPROMWRB
                 	.ENDM
                 
                 	.MACRO __PUTW1EN
                 	LDI  R26,LOW(@0+(@1))
                 	LDI  R27,HIGH(@0+(@1))
                 	CALL __EEPROMWRW
                 	.ENDM
                 
                 	.MACRO __PUTD1EN
                 	LDI  R26,LOW(@0+(@1))
                 	LDI  R27,HIGH(@0+(@1))
                 	CALL __EEPROMWRD
                 	.ENDM
                 
                 	.MACRO __PUTBR0MN
                 	STS  @0+(@1),R0
                 	.ENDM
                 
                 	.MACRO __PUTBMRN
                 	STS  @0+(@1),R@2
                 	.ENDM
                 
                 	.MACRO __PUTWMRN
                 	STS  @0+(@1),R@2
                 	STS  @0+(@1)+1,R@3
                 	.ENDM
                 
                 	.MACRO __PUTBZR
                 	STD  Z+@1,R@0
                 	.ENDM
                 
                 	.MACRO __PUTWZR
                 	STD  Z+@2,R@0
                 	STD  Z+@2+1,R@1
                 	.ENDM
                 
                 	.MACRO __GETW1R
                 	MOV  R30,R@0
                 	MOV  R31,R@1
                 	.ENDM
                 
                 	.MACRO __GETW2R
                 	MOV  R26,R@0
                 	MOV  R27,R@1
                 	.ENDM
                 
                 	.MACRO __GETWRN
                 	LDI  R@0,LOW(@2)
                 	LDI  R@1,HIGH(@2)
                 	.ENDM
                 
                 	.MACRO __PUTW1R
                 	MOV  R@0,R30
                 	MOV  R@1,R31
                 	.ENDM
                 
                 	.MACRO __PUTW2R
                 	MOV  R@0,R26
                 	MOV  R@1,R27
                 	.ENDM
                 
                 	.MACRO __ADDWRN
                 	SUBI R@0,LOW(-@2)
                 	SBCI R@1,HIGH(-@2)
                 	.ENDM
                 
                 	.MACRO __ADDWRR
                 	ADD  R@0,R@2
                 	ADC  R@1,R@3
                 	.ENDM
                 
                 	.MACRO __SUBWRN
                 	SUBI R@0,LOW(@2)
                 	SBCI R@1,HIGH(@2)
                 	.ENDM
                 
                 	.MACRO __SUBWRR
                 	SUB  R@0,R@2
                 	SBC  R@1,R@3
                 	.ENDM
                 
                 	.MACRO __ANDWRN
                 	ANDI R@0,LOW(@2)
                 	ANDI R@1,HIGH(@2)
                 	.ENDM
                 
                 	.MACRO __ANDWRR
                 	AND  R@0,R@2
                 	AND  R@1,R@3
                 	.ENDM
                 
                 	.MACRO __ORWRN
                 	ORI  R@0,LOW(@2)
                 	ORI  R@1,HIGH(@2)
                 	.ENDM
                 
                 	.MACRO __ORWRR
                 	OR   R@0,R@2
                 	OR   R@1,R@3
                 	.ENDM
                 
                 	.MACRO __EORWRR
                 	EOR  R@0,R@2
                 	EOR  R@1,R@3
                 	.ENDM
                 
                 	.MACRO __GETWRS
                 	LDD  R@0,Y+@2
                 	LDD  R@1,Y+@2+1
                 	.ENDM
                 
                 	.MACRO __PUTBSR
                 	STD  Y+@1,R@0
                 	.ENDM
                 
                 	.MACRO __PUTWSR
                 	STD  Y+@2,R@0
                 	STD  Y+@2+1,R@1
                 	.ENDM
                 
                 	.MACRO __MOVEWRR
                 	MOV  R@0,R@2
                 	MOV  R@1,R@3
                 	.ENDM
                 
                 	.MACRO __INWR
                 	IN   R@0,@2
                 	IN   R@1,@2+1
                 	.ENDM
                 
                 	.MACRO __OUTWR
                 	OUT  @2+1,R@1
                 	OUT  @2,R@0
                 	.ENDM
                 
                 	.MACRO __CALL1MN
                 	LDS  R30,@0+(@1)
                 	LDS  R31,@0+(@1)+1
                 	ICALL
                 	.ENDM
                 
                 	.MACRO __CALL1FN
                 	LDI  R30,LOW(2*@0+(@1))
                 	LDI  R31,HIGH(2*@0+(@1))
                 	CALL __GETW1PF
                 	ICALL
                 	.ENDM
                 
                 	.MACRO __CALL2EN
                 	PUSH R26
                 	PUSH R27
                 	LDI  R26,LOW(@0+(@1))
                 	LDI  R27,HIGH(@0+(@1))
                 	CALL __EEPROMRDW
                 	POP  R27
                 	POP  R26
                 	ICALL
                 	.ENDM
                 
                 	.MACRO __CALL2EX
                 	SUBI R26,LOW(-@0)
                 	SBCI R27,HIGH(-@0)
                 	CALL __EEPROMRDD
                 	ICALL
                 	.ENDM
                 
                 	.MACRO __GETW1STACK
                 	IN   R30,SPL
                 	IN   R31,SPH
                 	ADIW R30,@0+1
                 	LD   R0,Z+
                 	LD   R31,Z
                 	MOV  R30,R0
                 	.ENDM
                 
                 	.MACRO __GETD1STACK
                 	IN   R30,SPL
                 	IN   R31,SPH
                 	ADIW R30,@0+1
                 	LD   R0,Z+
                 	LD   R1,Z+
                 	LD   R22,Z
                 	MOVW R30,R0
                 	.ENDM
                 
                 	.MACRO __NBST
                 	BST  R@0,@1
                 	IN   R30,SREG
                 	LDI  R31,0x40
                 	EOR  R30,R31
                 	OUT  SREG,R30
                 	.ENDM
                 
                 
                 	.MACRO __PUTB1SN
                 	LDD  R26,Y+@0
                 	LDD  R27,Y+@0+1
                 	SUBI R26,LOW(-@1)
                 	SBCI R27,HIGH(-@1)
                 	ST   X,R30
                 	.ENDM
                 
                 	.MACRO __PUTW1SN
                 	LDD  R26,Y+@0
                 	LDD  R27,Y+@0+1
                 	SUBI R26,LOW(-@1)
                 	SBCI R27,HIGH(-@1)
                 	ST   X+,R30
                 	ST   X,R31
                 	.ENDM
                 
                 	.MACRO __PUTD1SN
                 	LDD  R26,Y+@0
                 	LDD  R27,Y+@0+1
                 	SUBI R26,LOW(-@1)
                 	SBCI R27,HIGH(-@1)
                 	CALL __PUTDP1
                 	.ENDM
                 
                 	.MACRO __PUTB1SNS
                 	LDD  R26,Y+@0
                 	LDD  R27,Y+@0+1
                 	ADIW R26,@1
                 	ST   X,R30
                 	.ENDM
                 
                 	.MACRO __PUTW1SNS
                 	LDD  R26,Y+@0
                 	LDD  R27,Y+@0+1
                 	ADIW R26,@1
                 	ST   X+,R30
                 	ST   X,R31
                 	.ENDM
                 
                 	.MACRO __PUTD1SNS
                 	LDD  R26,Y+@0
                 	LDD  R27,Y+@0+1
                 	ADIW R26,@1
                 	CALL __PUTDP1
                 	.ENDM
                 
                 	.MACRO __PUTB1PMN
                 	LDS  R26,@0
                 	LDS  R27,@0+1
                 	SUBI R26,LOW(-@1)
                 	SBCI R27,HIGH(-@1)
                 	ST   X,R30
                 	.ENDM
                 
                 	.MACRO __PUTW1PMN
                 	LDS  R26,@0
                 	LDS  R27,@0+1
                 	SUBI R26,LOW(-@1)
                 	SBCI R27,HIGH(-@1)
                 	ST   X+,R30
                 	ST   X,R31
                 	.ENDM
                 
                 	.MACRO __PUTD1PMN
                 	LDS  R26,@0
                 	LDS  R27,@0+1
                 	SUBI R26,LOW(-@1)
                 	SBCI R27,HIGH(-@1)
                 	CALL __PUTDP1
                 	.ENDM
                 
                 	.MACRO __PUTB1PMNS
                 	LDS  R26,@0
                 	LDS  R27,@0+1
                 	ADIW R26,@1
                 	ST   X,R30
                 	.ENDM
                 
                 	.MACRO __PUTW1PMNS
                 	LDS  R26,@0
                 	LDS  R27,@0+1
                 	ADIW R26,@1
                 	ST   X+,R30
                 	ST   X,R31
                 	.ENDM
                 
                 	.MACRO __PUTD1PMNS
                 	LDS  R26,@0
                 	LDS  R27,@0+1
                 	ADIW R26,@1
                 	CALL __PUTDP1
                 	.ENDM
                 
                 	.MACRO __PUTB1RN
                 	MOVW R26,R@0
                 	SUBI R26,LOW(-@1)
                 	SBCI R27,HIGH(-@1)
                 	ST   X,R30
                 	.ENDM
                 
                 	.MACRO __PUTW1RN
                 	MOVW R26,R@0
                 	SUBI R26,LOW(-@1)
                 	SBCI R27,HIGH(-@1)
                 	ST   X+,R30
                 	ST   X,R31
                 	.ENDM
                 
                 	.MACRO __PUTD1RN
                 	MOVW R26,R@0
                 	SUBI R26,LOW(-@1)
                 	SBCI R27,HIGH(-@1)
                 	CALL __PUTDP1
                 	.ENDM
                 
                 	.MACRO __PUTB1RNS
                 	MOVW R26,R@0
                 	ADIW R26,@1
                 	ST   X,R30
                 	.ENDM
                 
                 	.MACRO __PUTW1RNS
                 	MOVW R26,R@0
                 	ADIW R26,@1
                 	ST   X+,R30
                 	ST   X,R31
                 	.ENDM
                 
                 	.MACRO __PUTD1RNS
                 	MOVW R26,R@0
                 	ADIW R26,@1
                 	CALL __PUTDP1
                 	.ENDM
                 
                 	.MACRO __PUTB1RON
                 	MOV  R26,R@0
                 	MOV  R27,R@1
                 	SUBI R26,LOW(-@2)
                 	SBCI R27,HIGH(-@2)
                 	ST   X,R30
                 	.ENDM
                 
                 	.MACRO __PUTW1RON
                 	MOV  R26,R@0
                 	MOV  R27,R@1
                 	SUBI R26,LOW(-@2)
                 	SBCI R27,HIGH(-@2)
                 	ST   X+,R30
                 	ST   X,R31
                 	.ENDM
                 
                 	.MACRO __PUTD1RON
                 	MOV  R26,R@0
                 	MOV  R27,R@1
                 	SUBI R26,LOW(-@2)
                 	SBCI R27,HIGH(-@2)
                 	CALL __PUTDP1
                 	.ENDM
                 
                 	.MACRO __PUTB1RONS
                 	MOV  R26,R@0
                 	MOV  R27,R@1
                 	ADIW R26,@2
                 	ST   X,R30
                 	.ENDM
                 
                 	.MACRO __PUTW1RONS
                 	MOV  R26,R@0
                 	MOV  R27,R@1
                 	ADIW R26,@2
                 	ST   X+,R30
                 	ST   X,R31
                 	.ENDM
                 
                 	.MACRO __PUTD1RONS
                 	MOV  R26,R@0
                 	MOV  R27,R@1
                 	ADIW R26,@2
                 	CALL __PUTDP1
                 	.ENDM
                 
                 
                 	.MACRO __GETB1SX
                 	MOVW R30,R28
                 	SUBI R30,LOW(-@0)
                 	SBCI R31,HIGH(-@0)
                 	LD   R30,Z
                 	.ENDM
                 
                 	.MACRO __GETB1HSX
                 	MOVW R30,R28
                 	SUBI R30,LOW(-@0)
                 	SBCI R31,HIGH(-@0)
                 	LD   R31,Z
                 	.ENDM
                 
                 	.MACRO __GETW1SX
                 	MOVW R30,R28
                 	SUBI R30,LOW(-@0)
                 	SBCI R31,HIGH(-@0)
                 	LD   R0,Z+
                 	LD   R31,Z
                 	MOV  R30,R0
                 	.ENDM
                 
                 	.MACRO __GETD1SX
                 	MOVW R30,R28
                 	SUBI R30,LOW(-@0)
                 	SBCI R31,HIGH(-@0)
                 	LD   R0,Z+
                 	LD   R1,Z+
                 	LD   R22,Z+
                 	LD   R23,Z
                 	MOVW R30,R0
                 	.ENDM
                 
                 	.MACRO __GETB2SX
                 	MOVW R26,R28
                 	SUBI R26,LOW(-@0)
                 	SBCI R27,HIGH(-@0)
                 	LD   R26,X
                 	.ENDM
                 
                 	.MACRO __GETW2SX
                 	MOVW R26,R28
                 	SUBI R26,LOW(-@0)
                 	SBCI R27,HIGH(-@0)
                 	LD   R0,X+
                 	LD   R27,X
                 	MOV  R26,R0
                 	.ENDM
                 
                 	.MACRO __GETD2SX
                 	MOVW R26,R28
                 	SUBI R26,LOW(-@0)
                 	SBCI R27,HIGH(-@0)
                 	LD   R0,X+
                 	LD   R1,X+
                 	LD   R24,X+
                 	LD   R25,X
                 	MOVW R26,R0
                 	.ENDM
                 
                 	.MACRO __GETBRSX
                 	MOVW R30,R28
                 	SUBI R30,LOW(-@1)
                 	SBCI R31,HIGH(-@1)
                 	LD   R@0,Z
                 	.ENDM
                 
                 	.MACRO __GETWRSX
                 	MOVW R30,R28
                 	SUBI R30,LOW(-@2)
                 	SBCI R31,HIGH(-@2)
                 	LD   R@0,Z+
                 	LD   R@1,Z
                 	.ENDM
                 
                 	.MACRO __GETBRSX2
                 	MOVW R26,R28
                 	SUBI R26,LOW(-@1)
                 	SBCI R27,HIGH(-@1)
                 	LD   R@0,X
                 	.ENDM
                 
                 	.MACRO __GETWRSX2
                 	MOVW R26,R28
                 	SUBI R26,LOW(-@2)
                 	SBCI R27,HIGH(-@2)
                 	LD   R@0,X+
                 	LD   R@1,X
                 	.ENDM
                 
                 	.MACRO __LSLW8SX
                 	MOVW R30,R28
                 	SUBI R30,LOW(-@0)
                 	SBCI R31,HIGH(-@0)
                 	LD   R31,Z
                 	CLR  R30
                 	.ENDM
                 
                 	.MACRO __PUTB1SX
                 	MOVW R26,R28
                 	SUBI R26,LOW(-@0)
                 	SBCI R27,HIGH(-@0)
                 	ST   X,R30
                 	.ENDM
                 
                 	.MACRO __PUTW1SX
                 	MOVW R26,R28
                 	SUBI R26,LOW(-@0)
                 	SBCI R27,HIGH(-@0)
                 	ST   X+,R30
                 	ST   X,R31
                 	.ENDM
                 
                 	.MACRO __PUTD1SX
                 	MOVW R26,R28
                 	SUBI R26,LOW(-@0)
                 	SBCI R27,HIGH(-@0)
                 	ST   X+,R30
                 	ST   X+,R31
                 	ST   X+,R22
                 	ST   X,R23
                 	.ENDM
                 
                 	.MACRO __CLRW1SX
                 	MOVW R26,R28
                 	SUBI R26,LOW(-@0)
                 	SBCI R27,HIGH(-@0)
                 	ST   X+,R30
                 	ST   X,R30
                 	.ENDM
                 
                 	.MACRO __CLRD1SX
                 	MOVW R26,R28
                 	SUBI R26,LOW(-@0)
                 	SBCI R27,HIGH(-@0)
                 	ST   X+,R30
                 	ST   X+,R30
                 	ST   X+,R30
                 	ST   X,R30
                 	.ENDM
                 
                 	.MACRO __PUTB2SX
                 	MOVW R30,R28
                 	SUBI R30,LOW(-@0)
                 	SBCI R31,HIGH(-@0)
                 	ST   Z,R26
                 	.ENDM
                 
                 	.MACRO __PUTW2SX
                 	MOVW R30,R28
                 	SUBI R30,LOW(-@0)
                 	SBCI R31,HIGH(-@0)
                 	ST   Z+,R26
                 	ST   Z,R27
                 	.ENDM
                 
                 	.MACRO __PUTD2SX
                 	MOVW R30,R28
                 	SUBI R30,LOW(-@0)
                 	SBCI R31,HIGH(-@0)
                 	ST   Z+,R26
                 	ST   Z+,R27
                 	ST   Z+,R24
                 	ST   Z,R25
                 	.ENDM
                 
                 	.MACRO __PUTBSRX
                 	MOVW R30,R28
                 	SUBI R30,LOW(-@1)
                 	SBCI R31,HIGH(-@1)
                 	ST   Z,R@0
                 	.ENDM
                 
                 	.MACRO __PUTWSRX
                 	MOVW R30,R28
                 	SUBI R30,LOW(-@2)
                 	SBCI R31,HIGH(-@2)
                 	ST   Z+,R@0
                 	ST   Z,R@1
                 	.ENDM
                 
                 	.MACRO __PUTB1SNX
                 	MOVW R26,R28
                 	SUBI R26,LOW(-@0)
                 	SBCI R27,HIGH(-@0)
                 	LD   R0,X+
                 	LD   R27,X
                 	MOV  R26,R0
                 	SUBI R26,LOW(-@1)
                 	SBCI R27,HIGH(-@1)
                 	ST   X,R30
                 	.ENDM
                 
                 	.MACRO __PUTW1SNX
                 	MOVW R26,R28
                 	SUBI R26,LOW(-@0)
                 	SBCI R27,HIGH(-@0)
                 	LD   R0,X+
                 	LD   R27,X
                 	MOV  R26,R0
                 	SUBI R26,LOW(-@1)
                 	SBCI R27,HIGH(-@1)
                 	ST   X+,R30
                 	ST   X,R31
                 	.ENDM
                 
                 	.MACRO __PUTD1SNX
                 	MOVW R26,R28
                 	SUBI R26,LOW(-@0)
                 	SBCI R27,HIGH(-@0)
                 	LD   R0,X+
                 	LD   R27,X
                 	MOV  R26,R0
                 	SUBI R26,LOW(-@1)
                 	SBCI R27,HIGH(-@1)
                 	ST   X+,R30
                 	ST   X+,R31
                 	ST   X+,R22
                 	ST   X,R23
                 	.ENDM
                 
                 	.MACRO __MULBRR
                 	MULS R@0,R@1
                 	MOVW R30,R0
                 	.ENDM
                 
                 	.MACRO __MULBRRU
                 	MUL  R@0,R@1
                 	MOVW R30,R0
                 	.ENDM
                 
                 	.MACRO __MULBRR0
                 	MULS R@0,R@1
                 	.ENDM
                 
                 	.MACRO __MULBRRU0
                 	MUL  R@0,R@1
                 	.ENDM
                 
                 	.MACRO __MULBNWRU
                 	LDI  R26,@2
                 	MUL  R26,R@0
                 	MOVW R30,R0
                 	MUL  R26,R@1
                 	ADD  R31,R0
                 	.ENDM
                 
                 ;NAME DEFINITIONS FOR GLOBAL VARIABLES ALLOCATED TO REGISTERS
                 	.DEF _ov_counter=R5
                 	.DEF _starting_edge=R6
                 	.DEF _starting_edge_msb=R7
                 	.DEF _ending_edge=R8
                 	.DEF _ending_edge_msb=R9
                 	.DEF _clocks=R10
                 	.DEF _clocks_msb=R11
                 	.DEF __lcd_x=R4
                 	.DEF __lcd_y=R13
                 	.DEF __lcd_maxx=R12
                 
                 	.CSEG
                 	.ORG 0x00
                 
                 ;START OF CODE MARKER
                 __START_OF_CODE:
                 
                 ;INTERRUPT VECTORS
000000 940c 003e 	JMP  __RESET
000002 940c 0000 	JMP  0x00
000004 940c 0000 	JMP  0x00
000006 940c 0000 	JMP  0x00
000008 940c 0000 	JMP  0x00
00000a 940c 0071 	JMP  _timer1_capt_isr
00000c 940c 0000 	JMP  0x00
00000e 940c 0000 	JMP  0x00
000010 940c 006b 	JMP  _timer1_ovf_isr
000012 940c 0000 	JMP  0x00
000014 940c 0000 	JMP  0x00
000016 940c 0000 	JMP  0x00
000018 940c 0000 	JMP  0x00
00001a 940c 0000 	JMP  0x00
00001c 940c 0000 	JMP  0x00
00001e 940c 0000 	JMP  0x00
000020 940c 0000 	JMP  0x00
000022 940c 0000 	JMP  0x00
000024 940c 0000 	JMP  0x00
000026 940c 0000 	JMP  0x00
000028 940c 0000 	JMP  0x00
                 
                 _0x0:
00002a 6548
00002b 6c6c
00002c 006f      	.DB  0x48,0x65,0x6C,0x6C,0x6F,0x0
                 _0x2000003:
00002d c080      	.DB  0x80,0xC0
                 _0x2020060:
C:\Users\Alireza\Desktop\MicroProcessorLabProjects\Project3\CodeVision\Version-1.0.1\Debug\List\again.asm(1133): warning: .cseg .db misalignment - padding zero byte
00002e 0001      	.DB  0x1
                 _0x2020000:
00002f 4e2d
000030 4e41
000031 4900
000032 464e      	.DB  0x2D,0x4E,0x41,0x4E,0x0,0x49,0x4E,0x46
C:\Users\Alireza\Desktop\MicroProcessorLabProjects\Project3\CodeVision\Version-1.0.1\Debug\List\again.asm(1136): warning: .cseg .db misalignment - padding zero byte
000033 0000      	.DB  0x0
                 
                 __GLOBAL_INI_TBL:
000034 0006      	.DW  0x06
000035 0160      	.DW  _0x3
000036 0054      	.DW  _0x0*2
                 
000037 0002      	.DW  0x02
000038 0265      	.DW  __base_y_G100
000039 005a      	.DW  _0x2000003*2
                 
00003a 0001      	.DW  0x01
00003b 0269      	.DW  __seed_G101
00003c 005c      	.DW  _0x2020060*2
                 
                 _0xFFFFFFFF:
00003d 0000      	.DW  0
                 
                 #define __GLOBAL_INI_TBL_PRESENT 1
                 
                 __RESET:
00003e 94f8      	CLI
00003f 27ee      	CLR  R30
000040 bbec      	OUT  EECR,R30
                 
                 ;INTERRUPT VECTORS ARE PLACED
                 ;AT THE START OF FLASH
000041 e0f1      	LDI  R31,1
000042 bffb      	OUT  GICR,R31
000043 bfeb      	OUT  GICR,R30
000044 bfe5      	OUT  MCUCR,R30
                 
                 ;CLEAR R2-R14
000045 e08d      	LDI  R24,(14-2)+1
000046 e0a2      	LDI  R26,2
000047 27bb      	CLR  R27
                 __CLEAR_REG:
000048 93ed      	ST   X+,R30
000049 958a      	DEC  R24
00004a f7e9      	BRNE __CLEAR_REG
                 
                 ;CLEAR SRAM
00004b e080      	LDI  R24,LOW(__CLEAR_SRAM_SIZE)
00004c e094      	LDI  R25,HIGH(__CLEAR_SRAM_SIZE)
00004d e6a0      	LDI  R26,__SRAM_START
                 __CLEAR_SRAM:
00004e 93ed      	ST   X+,R30
00004f 9701      	SBIW R24,1
000050 f7e9      	BRNE __CLEAR_SRAM
                 
                 ;GLOBAL VARIABLES INITIALIZATION
000051 e6e8      	LDI  R30,LOW(__GLOBAL_INI_TBL*2)
000052 e0f0      	LDI  R31,HIGH(__GLOBAL_INI_TBL*2)
                 __GLOBAL_INI_NEXT:
000053 9185      	LPM  R24,Z+
000054 9195      	LPM  R25,Z+
000055 9700      	SBIW R24,0
000056 f061      	BREQ __GLOBAL_INI_END
000057 91a5      	LPM  R26,Z+
000058 91b5      	LPM  R27,Z+
000059 9005      	LPM  R0,Z+
00005a 9015      	LPM  R1,Z+
00005b 01bf      	MOVW R22,R30
00005c 01f0      	MOVW R30,R0
                 __GLOBAL_INI_LOOP:
00005d 9005      	LPM  R0,Z+
00005e 920d      	ST   X+,R0
00005f 9701      	SBIW R24,1
000060 f7e1      	BRNE __GLOBAL_INI_LOOP
000061 01fb      	MOVW R30,R22
000062 cff0      	RJMP __GLOBAL_INI_NEXT
                 __GLOBAL_INI_END:
                 
                 ;HARDWARE STACK POINTER INITIALIZATION
000063 e5ef      	LDI  R30,LOW(__SRAM_END-__HEAP_SIZE)
000064 bfed      	OUT  SPL,R30
000065 e0e4      	LDI  R30,HIGH(__SRAM_END-__HEAP_SIZE)
000066 bfee      	OUT  SPH,R30
                 
                 ;DATA STACK POINTER INITIALIZATION
000067 e6c0      	LDI  R28,LOW(__SRAM_START+__DSTACK_SIZE)
000068 e0d1      	LDI  R29,HIGH(__SRAM_START+__DSTACK_SIZE)
                 
000069 940c 00bd 	JMP  _main
                 
                 	.ESEG
                 	.ORG 0
                 
                 	.DSEG
                 	.ORG 0x160
                 
                 	.CSEG
                 ;/*
                 ; * again.c
                 ; *
                 ; * Created: 24/10/2019 05:41:35 È.Ù
                 ; * Author: Alireza
                 ; */
                 ;#include <mega16.h>
                 	#ifndef __SLEEP_DEFINED__
                 	#define __SLEEP_DEFINED__
                 	.EQU __se_bit=0x40
                 	.EQU __sm_mask=0xB0
                 	.EQU __sm_powerdown=0x20
                 	.EQU __sm_powersave=0x30
                 	.EQU __sm_standby=0xA0
                 	.EQU __sm_ext_standby=0xB0
                 	.EQU __sm_adc_noise_red=0x10
                 	.SET power_ctrl_reg=mcucr
                 	#endif
                 ;#include <alcd.h>
                 ;#include <stdlib.h>
                 ;char str[255];
                 ;/*define Port C as output for pulse width*/ #define period_out PORTC
                 ;unsigned char ov_counter;   /*counter for timer 1 overflow*/ unsigned int starting_edge, ending_edge;  /*storage for tim ...
                 ;/*Timer 1 overflow ISR*/ interrupt [TIM1_OVF] void timer1_ovf_isr(void) { ++ov_counter;   /*increment counter when overf ...
                 ; 0000 000D  interrupt [9] void timer1_ovf_isr(void) { ++ov_counter;    }
                 
                 	.CSEG
                 _timer1_ovf_isr:
                 ; .FSTART _timer1_ovf_isr
00006b 93ea      	ST   -Y,R30
00006c b7ef      	IN   R30,SREG
00006d 9453      	INC  R5
00006e bfef      	OUT  SREG,R30
00006f 91e9      	LD   R30,Y+
000070 9518      	RETI
                 ; .FEND
                 ;/*Timer 1 input capture ISR*/ interrupt [TIM1_CAPT] void timer1_capt_isr(void) {
                 ; 0000 000E  interrupt [6] void timer1_capt_isr(void) {
                 _timer1_capt_isr:
                 ; .FSTART _timer1_capt_isr
000071 920a      	ST   -Y,R0
000072 921a      	ST   -Y,R1
000073 92fa      	ST   -Y,R15
000074 936a      	ST   -Y,R22
000075 937a      	ST   -Y,R23
000076 938a      	ST   -Y,R24
000077 939a      	ST   -Y,R25
000078 93aa      	ST   -Y,R26
000079 93ba      	ST   -Y,R27
00007a 93ea      	ST   -Y,R30
00007b 93fa      	ST   -Y,R31
00007c b7ef      	IN   R30,SREG
00007d 93ea      	ST   -Y,R30
                 ; 0000 000F /*combine the two 8-bit capture registers into the 16-bit count*/ ending_edge = 256*ICR1H + ICR1L; /*get end time for pe ...
00007e b5e7      	IN   R30,0x27
00007f 2ffe      	MOV  R31,R30
000080 e0e0      	LDI  R30,0
000081 01df      	MOVW R26,R30
000082 b5e6      	IN   R30,0x26
000083 e0f0      	LDI  R31,0
000084 0fea      	ADD  R30,R26
000085 1ffb      	ADC  R31,R27
000086 014f      	MOVW R8,R30
000087 2da5      	MOV  R26,R5
000088 e0e0      	LDI  R30,LOW(0)
000089 9fea      	MUL  R30,R26
00008a 01f0      	MOVW R30,R0
00008b 0de8      	ADD  R30,R8
00008c 1df9      	ADC  R31,R9
00008d 19e6      	SUB  R30,R6
00008e 09f7      	SBC  R31,R7
00008f 015f      	MOVW R10,R30
000090 01d5      	MOVW R26,R10
000091 eeee      	LDI  R30,LOW(750)
000092 e0f2      	LDI  R31,HIGH(750)
000093 940e 01e2 	CALL __DIVW21U
000095 95e0      	COM  R30
000096 bbe5      	OUT  0x15,R30
000097 2455      	CLR  R5
000098 0134      	MOVW R6,R8
                 ; 0000 0010 ltoa(~(clocks / 750), str);
000099 01d5      	MOVW R26,R10
00009a eeee      	LDI  R30,LOW(750)
00009b e0f2      	LDI  R31,HIGH(750)
00009c 940e 01e2 	CALL __DIVW21U
00009e 95e0      	COM  R30
00009f 95f0      	COM  R31
0000a0 2766      	CLR  R22
0000a1 2777      	CLR  R23
0000a2 940e 021e 	CALL __PUTPARD1
0000a4 e6a6      	LDI  R26,LOW(_str)
0000a5 e0b1      	LDI  R27,HIGH(_str)
0000a6 940e 0157 	CALL _ltoa
                 ; 0000 0011 lcd_gotoxy(0,0);
0000a8 e0e0      	LDI  R30,LOW(0)
0000a9 93ea      	ST   -Y,R30
0000aa e0a0      	LDI  R26,LOW(0)
0000ab d03e      	RCALL _lcd_gotoxy
                 ; 0000 0012 lcd_puts("Hello");
                +
0000ac e6a0     +LDI R26 , LOW ( _0x3 + ( 0 ) )
0000ad e0b1     +LDI R27 , HIGH ( _0x3 + ( 0 ) )
                 	__POINTW2MN _0x3,0
0000ae d069      	RCALL _lcd_puts
                 ; 0000 0013 }
0000af 91e9      	LD   R30,Y+
0000b0 bfef      	OUT  SREG,R30
0000b1 91f9      	LD   R31,Y+
0000b2 91e9      	LD   R30,Y+
0000b3 91b9      	LD   R27,Y+
0000b4 91a9      	LD   R26,Y+
0000b5 9199      	LD   R25,Y+
0000b6 9189      	LD   R24,Y+
0000b7 9179      	LD   R23,Y+
0000b8 9169      	LD   R22,Y+
0000b9 90f9      	LD   R15,Y+
0000ba 9019      	LD   R1,Y+
0000bb 9009      	LD   R0,Y+
0000bc 9518      	RETI
                 ; .FEND
                 
                 	.DSEG
                 _0x3:
000160           	.BYTE 0x6
                 ;void main(void) { DDRC=0xFF;  /*set Port C for output*/ TCCR1A = 0;  /*disable all waveform functions*/ TCCR1B = 0xC2;/* ...
                 ; 0000 0014 void main(void) { DDRC=0xFF;   TCCR1A = 0;   TCCR1B = 0xC2; TIMSK = 0x24;
                 
                 	.CSEG
                 _main:
                 ; .FSTART _main
0000bd efef      	LDI  R30,LOW(255)
0000be bbe4      	OUT  0x14,R30
0000bf e0e0      	LDI  R30,LOW(0)
0000c0 bdef      	OUT  0x2F,R30
0000c1 ece2      	LDI  R30,LOW(194)
0000c2 bdee      	OUT  0x2E,R30
0000c3 e2e4      	LDI  R30,LOW(36)
0000c4 bfe9      	OUT  0x39,R30
                 ; 0000 0015 lcd_init(16);
0000c5 e1a0      	LDI  R26,LOW(16)
0000c6 d062      	RCALL _lcd_init
                 ; 0000 0016 #asm("sei") /*enable global interrupt bit*/
0000c7 9478      	sei
                 ; 0000 0017 while (1) { ; /*do nothing here*/      }
                 _0x4:
0000c8 cfff      	RJMP _0x4
                 ; 0000 0018 }
                 _0x7:
0000c9 cfff      	RJMP _0x7
                 ; .FEND
                 	#ifndef __SLEEP_DEFINED__
                 	#endif
                 
                 	.DSEG
                 
                 	.CSEG
                 __lcd_write_nibble_G100:
                 ; .FSTART __lcd_write_nibble_G100
0000ca 93aa      	ST   -Y,R26
0000cb b3e8      	IN   R30,0x18
0000cc 70ef      	ANDI R30,LOW(0xF)
0000cd 2fae      	MOV  R26,R30
0000ce 81e8      	LD   R30,Y
0000cf 7fe0      	ANDI R30,LOW(0xF0)
0000d0 2bea      	OR   R30,R26
0000d1 bbe8      	OUT  0x18,R30
                +
0000d2 e08d     +LDI R24 , LOW ( 13 )
                +__DELAY_USB_LOOP :
0000d3 958a     +DEC R24
0000d4 f7f1     +BRNE __DELAY_USB_LOOP
                 	__DELAY_USB 13
0000d5 9ac2      	SBI  0x18,2
                +
0000d6 e08d     +LDI R24 , LOW ( 13 )
                +__DELAY_USB_LOOP :
0000d7 958a     +DEC R24
0000d8 f7f1     +BRNE __DELAY_USB_LOOP
                 	__DELAY_USB 13
0000d9 98c2      	CBI  0x18,2
                +
0000da e08d     +LDI R24 , LOW ( 13 )
                +__DELAY_USB_LOOP :
0000db 958a     +DEC R24
0000dc f7f1     +BRNE __DELAY_USB_LOOP
                 	__DELAY_USB 13
0000dd c077      	RJMP _0x20A0001
                 ; .FEND
                 __lcd_write_data:
                 ; .FSTART __lcd_write_data
0000de 93aa      	ST   -Y,R26
0000df 81a8      	LD   R26,Y
0000e0 dfe9      	RCALL __lcd_write_nibble_G100
0000e1 81e8          ld    r30,y
0000e2 95e2          swap  r30
0000e3 83e8          st    y,r30
0000e4 81a8      	LD   R26,Y
0000e5 dfe4      	RCALL __lcd_write_nibble_G100
                +
0000e6 e885     +LDI R24 , LOW ( 133 )
                +__DELAY_USB_LOOP :
0000e7 958a     +DEC R24
0000e8 f7f1     +BRNE __DELAY_USB_LOOP
                 	__DELAY_USB 133
0000e9 c06b      	RJMP _0x20A0001
                 ; .FEND
                 _lcd_gotoxy:
                 ; .FSTART _lcd_gotoxy
0000ea 93aa      	ST   -Y,R26
0000eb 81e8      	LD   R30,Y
0000ec e0f0      	LDI  R31,0
0000ed 59eb      	SUBI R30,LOW(-__base_y_G100)
0000ee 4ffd      	SBCI R31,HIGH(-__base_y_G100)
0000ef 81e0      	LD   R30,Z
0000f0 81a9      	LDD  R26,Y+1
0000f1 0fae      	ADD  R26,R30
0000f2 dfeb      	RCALL __lcd_write_data
0000f3 8049      	LDD  R4,Y+1
0000f4 80d8      	LDD  R13,Y+0
0000f5 9622      	ADIW R28,2
0000f6 9508      	RET
                 ; .FEND
                 _lcd_clear:
                 ; .FSTART _lcd_clear
0000f7 e0a2      	LDI  R26,LOW(2)
0000f8 940e 01b2 	CALL SUBOPT_0x0
0000fa e0ac      	LDI  R26,LOW(12)
0000fb dfe2      	RCALL __lcd_write_data
0000fc e0a1      	LDI  R26,LOW(1)
0000fd 940e 01b2 	CALL SUBOPT_0x0
0000ff e0e0      	LDI  R30,LOW(0)
000100 2ede      	MOV  R13,R30
000101 2e4e      	MOV  R4,R30
000102 9508      	RET
                 ; .FEND
                 _lcd_putchar:
                 ; .FSTART _lcd_putchar
000103 93aa      	ST   -Y,R26
000104 81a8      	LD   R26,Y
000105 30aa      	CPI  R26,LOW(0xA)
000106 f011      	BREQ _0x2000005
000107 144c      	CP   R4,R12
000108 f048      	BRLO _0x2000004
                 _0x2000005:
000109 e0e0      	LDI  R30,LOW(0)
00010a 93ea      	ST   -Y,R30
00010b 94d3      	INC  R13
00010c 2dad      	MOV  R26,R13
00010d dfdc      	RCALL _lcd_gotoxy
00010e 81a8      	LD   R26,Y
00010f 30aa      	CPI  R26,LOW(0xA)
000110 f409      	BRNE _0x2000007
000111 c043      	RJMP _0x20A0001
                 _0x2000007:
                 _0x2000004:
000112 9443      	INC  R4
000113 9ac0      	SBI  0x18,0
000114 81a8      	LD   R26,Y
000115 dfc8      	RCALL __lcd_write_data
000116 98c0      	CBI  0x18,0
000117 c03d      	RJMP _0x20A0001
                 ; .FEND
                 _lcd_puts:
                 ; .FSTART _lcd_puts
000118 93ba      	ST   -Y,R27
000119 93aa      	ST   -Y,R26
00011a 931a      	ST   -Y,R17
                 _0x2000008:
00011b 81a9      	LDD  R26,Y+1
00011c 81ba      	LDD  R27,Y+1+1
00011d 91ed      	LD   R30,X+
00011e 83a9      	STD  Y+1,R26
00011f 83ba      	STD  Y+1+1,R27
000120 2f1e      	MOV  R17,R30
000121 30e0      	CPI  R30,0
000122 f019      	BREQ _0x200000A
000123 2fa1      	MOV  R26,R17
000124 dfde      	RCALL _lcd_putchar
000125 cff5      	RJMP _0x2000008
                 _0x200000A:
000126 8118      	LDD  R17,Y+0
000127 9623      	ADIW R28,3
000128 9508      	RET
                 ; .FEND
                 _lcd_init:
                 ; .FSTART _lcd_init
000129 93aa      	ST   -Y,R26
00012a b3e7      	IN   R30,0x17
00012b 6fe0      	ORI  R30,LOW(0xF0)
00012c bbe7      	OUT  0x17,R30
00012d 9aba      	SBI  0x17,2
00012e 9ab8      	SBI  0x17,0
00012f 9ab9      	SBI  0x17,1
000130 98c2      	CBI  0x18,2
000131 98c0      	CBI  0x18,0
000132 98c1      	CBI  0x18,1
000133 80c8      	LDD  R12,Y+0
000134 81e8      	LD   R30,Y
000135 58e0      	SUBI R30,-LOW(128)
                +
000136 93e0 0267+STS __base_y_G100 + ( 2 ) , R30
                 	__PUTB1MN __base_y_G100,2
000138 81e8      	LD   R30,Y
000139 54e0      	SUBI R30,-LOW(192)
                +
00013a 93e0 0268+STS __base_y_G100 + ( 3 ) , R30
                 	__PUTB1MN __base_y_G100,3
00013c e1a4      	LDI  R26,LOW(20)
00013d e0b0      	LDI  R27,0
00013e 940e 01d0 	CALL _delay_ms
000140 940e 01b8 	CALL SUBOPT_0x1
000142 940e 01b8 	CALL SUBOPT_0x1
000144 940e 01b8 	CALL SUBOPT_0x1
000146 e2a0      	LDI  R26,LOW(32)
000147 df82      	RCALL __lcd_write_nibble_G100
                +
000148 ec88     +LDI R24 , LOW ( 200 )
000149 e090     +LDI R25 , HIGH ( 200 )
                +__DELAY_USW_LOOP :
00014a 9701     +SBIW R24 , 1
00014b f7f1     +BRNE __DELAY_USW_LOOP
                 	__DELAY_USW 200
00014c e2a8      	LDI  R26,LOW(40)
00014d df90      	RCALL __lcd_write_data
00014e e0a4      	LDI  R26,LOW(4)
00014f df8e      	RCALL __lcd_write_data
000150 e8a5      	LDI  R26,LOW(133)
000151 df8c      	RCALL __lcd_write_data
000152 e0a6      	LDI  R26,LOW(6)
000153 df8a      	RCALL __lcd_write_data
000154 dfa2      	RCALL _lcd_clear
                 _0x20A0001:
000155 9621      	ADIW R28,1
000156 9508      	RET
                 ; .FEND
                 
                 	.CSEG
                 _ltoa:
                 ; .FSTART _ltoa
000157 93ba      	ST   -Y,R27
000158 93aa      	ST   -Y,R26
000159 9724      	SBIW R28,4
00015a 931a      	ST   -Y,R17
00015b 930a      	ST   -Y,R16
                +
00015c e0e0     +LDI R30 , LOW ( 0x3B9ACA00 )
00015d ecfa     +LDI R31 , HIGH ( 0x3B9ACA00 )
00015e e96a     +LDI R22 , BYTE3 ( 0x3B9ACA00 )
00015f e37b     +LDI R23 , BYTE4 ( 0x3B9ACA00 )
                 	__GETD1N 0x3B9ACA00
                +
000160 83ea     +STD Y + 2 , R30
000161 83fb     +STD Y + 2 + 1 , R31
000162 836c     +STD Y + 2 + 2 , R22
000163 837d     +STD Y + 2 + 3 , R23
                 	__PUTD1S 2
000164 e000      	LDI  R16,LOW(0)
000165 85ab      	LDD  R26,Y+11
000166 23aa      	TST  R26
000167 f472      	BRPL _0x2020003
                +
000168 85e8     +LDD R30 , Y + 8
000169 85f9     +LDD R31 , Y + 8 + 1
00016a 856a     +LDD R22 , Y + 8 + 2
00016b 857b     +LDD R23 , Y + 8 + 3
                 	__GETD1S 8
00016c 940e 01da 	CALL __ANEGD1
                +
00016e 87e8     +STD Y + 8 , R30
00016f 87f9     +STD Y + 8 + 1 , R31
000170 876a     +STD Y + 8 + 2 , R22
000171 877b     +STD Y + 8 + 3 , R23
                 	__PUTD1S 8
000172 940e 01c0 	CALL SUBOPT_0x2
000174 e2ed      	LDI  R30,LOW(45)
000175 93ec      	ST   X,R30
                 _0x2020003:
                 _0x2020005:
000176 940e 01c7 	CALL SUBOPT_0x3
000178 940e 01f5 	CALL __DIVD21U
00017a 2f1e      	MOV  R17,R30
00017b 3010      	CPI  R17,0
00017c f471      	BRNE _0x2020008
00017d 3000      	CPI  R16,0
00017e f461      	BRNE _0x2020008
                +
00017f 81aa     +LDD R26 , Y + 2
000180 81bb     +LDD R27 , Y + 2 + 1
000181 818c     +LDD R24 , Y + 2 + 2
000182 819d     +LDD R25 , Y + 2 + 3
                 	__GETD2S 2
                +
000183 30a1     +CPI R26 , LOW ( 0x1 )
000184 e0e0     +LDI R30 , HIGH ( 0x1 )
000185 07be     +CPC R27 , R30
000186 e0e0     +LDI R30 , BYTE3 ( 0x1 )
000187 078e     +CPC R24 , R30
000188 e0e0     +LDI R30 , BYTE4 ( 0x1 )
000189 079e     +CPC R25 , R30
                 	__CPD2N 0x1
00018a f431      	BRNE _0x2020007
                 _0x2020008:
00018b 940e 01c0 	CALL SUBOPT_0x2
00018d 2fe1      	MOV  R30,R17
00018e 5de0      	SUBI R30,-LOW(48)
00018f 93ec      	ST   X,R30
000190 e001      	LDI  R16,LOW(1)
                 _0x2020007:
000191 940e 01c7 	CALL SUBOPT_0x3
000193 940e 021a 	CALL __MODD21U
                +
000195 87e8     +STD Y + 8 , R30
000196 87f9     +STD Y + 8 + 1 , R31
000197 876a     +STD Y + 8 + 2 , R22
000198 877b     +STD Y + 8 + 3 , R23
                 	__PUTD1S 8
                +
000199 81aa     +LDD R26 , Y + 2
00019a 81bb     +LDD R27 , Y + 2 + 1
00019b 818c     +LDD R24 , Y + 2 + 2
00019c 819d     +LDD R25 , Y + 2 + 3
                 	__GETD2S 2
                +
00019d e0ea     +LDI R30 , LOW ( 0xA )
00019e e0f0     +LDI R31 , HIGH ( 0xA )
00019f e060     +LDI R22 , BYTE3 ( 0xA )
0001a0 e070     +LDI R23 , BYTE4 ( 0xA )
                 	__GETD1N 0xA
0001a1 940e 01f5 	CALL __DIVD21U
                +
0001a3 83ea     +STD Y + 2 , R30
0001a4 83fb     +STD Y + 2 + 1 , R31
0001a5 836c     +STD Y + 2 + 2 , R22
0001a6 837d     +STD Y + 2 + 3 , R23
                 	__PUTD1S 2
0001a7 940e 0223 	CALL __CPD10
0001a9 f661      	BRNE _0x2020005
0001aa 81ae      	LDD  R26,Y+6
0001ab 81bf      	LDD  R27,Y+6+1
0001ac e0e0      	LDI  R30,LOW(0)
0001ad 93ec      	ST   X,R30
0001ae 8119      	LDD  R17,Y+1
0001af 8108      	LDD  R16,Y+0
0001b0 962c      	ADIW R28,12
0001b1 9508      	RET
                 ; .FEND
                 
                 	.DSEG
                 
                 	.CSEG
                 
                 	.CSEG
                 
                 	.CSEG
                 
                 	.CSEG
                 
                 	.DSEG
                 _str:
000166           	.BYTE 0xFF
                 __base_y_G100:
000265           	.BYTE 0x4
                 __seed_G101:
000269           	.BYTE 0x4
                 
                 	.CSEG
                 ;OPTIMIZER ADDED SUBROUTINE, CALLED 2 TIMES, CODE SIZE REDUCTION:1 WORDS
                 SUBOPT_0x0:
0001b2 940e 00de 	CALL __lcd_write_data
0001b4 e0a3      	LDI  R26,LOW(3)
0001b5 e0b0      	LDI  R27,0
0001b6 940c 01d0 	JMP  _delay_ms
                 
                 ;OPTIMIZER ADDED SUBROUTINE, CALLED 3 TIMES, CODE SIZE REDUCTION:7 WORDS
                 SUBOPT_0x1:
0001b8 e3a0      	LDI  R26,LOW(48)
0001b9 940e 00ca 	CALL __lcd_write_nibble_G100
                +
0001bb ec88     +LDI R24 , LOW ( 200 )
0001bc e090     +LDI R25 , HIGH ( 200 )
                +__DELAY_USW_LOOP :
0001bd 9701     +SBIW R24 , 1
0001be f7f1     +BRNE __DELAY_USW_LOOP
                 	__DELAY_USW 200
0001bf 9508      	RET
                 
                 ;OPTIMIZER ADDED SUBROUTINE, CALLED 2 TIMES, CODE SIZE REDUCTION:1 WORDS
                 SUBOPT_0x2:
0001c0 81ae      	LDD  R26,Y+6
0001c1 81bf      	LDD  R27,Y+6+1
0001c2 9611      	ADIW R26,1
0001c3 83ae      	STD  Y+6,R26
0001c4 83bf      	STD  Y+6+1,R27
0001c5 9711      	SBIW R26,1
0001c6 9508      	RET
                 
                 ;OPTIMIZER ADDED SUBROUTINE, CALLED 2 TIMES, CODE SIZE REDUCTION:3 WORDS
                 SUBOPT_0x3:
                +
0001c7 81ea     +LDD R30 , Y + 2
0001c8 81fb     +LDD R31 , Y + 2 + 1
0001c9 816c     +LDD R22 , Y + 2 + 2
0001ca 817d     +LDD R23 , Y + 2 + 3
                 	__GETD1S 2
                +
0001cb 85a8     +LDD R26 , Y + 8
0001cc 85b9     +LDD R27 , Y + 8 + 1
0001cd 858a     +LDD R24 , Y + 8 + 2
0001ce 859b     +LDD R25 , Y + 8 + 3
                 	__GETD2S 8
0001cf 9508      	RET
                 
                 
                 	.CSEG
                 _delay_ms:
0001d0 9610      	adiw r26,0
0001d1 f039      	breq __delay_ms1
                 __delay_ms0:
                +
0001d2 ed80     +LDI R24 , LOW ( 0x7D0 )
0001d3 e097     +LDI R25 , HIGH ( 0x7D0 )
                +__DELAY_USW_LOOP :
0001d4 9701     +SBIW R24 , 1
0001d5 f7f1     +BRNE __DELAY_USW_LOOP
                 	__DELAY_USW 0x7D0
0001d6 95a8      	wdr
0001d7 9711      	sbiw r26,1
0001d8 f7c9      	brne __delay_ms0
                 __delay_ms1:
0001d9 9508      	ret
                 
                 __ANEGD1:
0001da 95f0      	COM  R31
0001db 9560      	COM  R22
0001dc 9570      	COM  R23
0001dd 95e1      	NEG  R30
0001de 4fff      	SBCI R31,-1
0001df 4f6f      	SBCI R22,-1
0001e0 4f7f      	SBCI R23,-1
0001e1 9508      	RET
                 
                 __DIVW21U:
0001e2 2400      	CLR  R0
0001e3 2411      	CLR  R1
0001e4 e190      	LDI  R25,16
                 __DIVW21U1:
0001e5 0faa      	LSL  R26
0001e6 1fbb      	ROL  R27
0001e7 1c00      	ROL  R0
0001e8 1c11      	ROL  R1
0001e9 1a0e      	SUB  R0,R30
0001ea 0a1f      	SBC  R1,R31
0001eb f418      	BRCC __DIVW21U2
0001ec 0e0e      	ADD  R0,R30
0001ed 1e1f      	ADC  R1,R31
0001ee c001      	RJMP __DIVW21U3
                 __DIVW21U2:
0001ef 60a1      	SBR  R26,1
                 __DIVW21U3:
0001f0 959a      	DEC  R25
0001f1 f799      	BRNE __DIVW21U1
0001f2 01fd      	MOVW R30,R26
0001f3 01d0      	MOVW R26,R0
0001f4 9508      	RET
                 
                 __DIVD21U:
0001f5 933f      	PUSH R19
0001f6 934f      	PUSH R20
0001f7 935f      	PUSH R21
0001f8 2400      	CLR  R0
0001f9 2411      	CLR  R1
0001fa 2744      	CLR  R20
0001fb 2755      	CLR  R21
0001fc e230      	LDI  R19,32
                 __DIVD21U1:
0001fd 0faa      	LSL  R26
0001fe 1fbb      	ROL  R27
0001ff 1f88      	ROL  R24
000200 1f99      	ROL  R25
000201 1c00      	ROL  R0
000202 1c11      	ROL  R1
000203 1f44      	ROL  R20
000204 1f55      	ROL  R21
000205 1a0e      	SUB  R0,R30
000206 0a1f      	SBC  R1,R31
000207 0b46      	SBC  R20,R22
000208 0b57      	SBC  R21,R23
000209 f428      	BRCC __DIVD21U2
00020a 0e0e      	ADD  R0,R30
00020b 1e1f      	ADC  R1,R31
00020c 1f46      	ADC  R20,R22
00020d 1f57      	ADC  R21,R23
00020e c001      	RJMP __DIVD21U3
                 __DIVD21U2:
00020f 60a1      	SBR  R26,1
                 __DIVD21U3:
000210 953a      	DEC  R19
000211 f759      	BRNE __DIVD21U1
000212 01fd      	MOVW R30,R26
000213 01bc      	MOVW R22,R24
000214 01d0      	MOVW R26,R0
000215 01ca      	MOVW R24,R20
000216 915f      	POP  R21
000217 914f      	POP  R20
000218 913f      	POP  R19
000219 9508      	RET
                 
                 __MODD21U:
00021a dfda      	RCALL __DIVD21U
00021b 01fd      	MOVW R30,R26
00021c 01bc      	MOVW R22,R24
00021d 9508      	RET
                 
                 __PUTPARD1:
00021e 937a      	ST   -Y,R23
00021f 936a      	ST   -Y,R22
000220 93fa      	ST   -Y,R31
000221 93ea      	ST   -Y,R30
000222 9508      	RET
                 
                 __CPD10:
000223 9730      	SBIW R30,0
000224 4060      	SBCI R22,0
000225 4070      	SBCI R23,0
000226 9508      	RET
                 
                 ;END OF CODE MARKER
                 __END_OF_CODE:


RESOURCE USE INFORMATION
------------------------

Notice:
The register and instruction counts are symbol table hit counts,
and hence implicitly used resources are not counted, eg, the
'lpm' instruction without operands implicitly uses r0 and z,
none of which are counted.

x,y,z are separate entities in the symbol table and are
counted separately from r26..r31 here.

.dseg memory usage only counts static data declared with .byte

ATmega16 register use summary:
r0 :  17 r1 :  11 r2 :   0 r3 :   0 r4 :   4 r5 :   3 r6 :   2 r7 :   1 
r8 :   3 r9 :   1 r10:   3 r11:   0 r12:   2 r13:   4 r14:   0 r15:   2 
r16:   5 r17:   9 r18:   0 r19:   4 r20:   7 r21:   6 r22:  21 r23:  17 
r24:  31 r25:  14 r26:  70 r27:  22 r28:   6 r29:   1 r30: 115 r31:  30 
x  :   7 y  : 109 z  :   8 
Registers used: 30 out of 35 (85.7%)

ATmega16 instruction use summary:
.lds  :   0 .lds.l:   0 .sts  :   0 .sts.l:   0 adc   :   6 add   :   5 
adiw  :   6 and   :   0 andi  :   2 asr   :   0 bclr  :   0 bld   :   0 
brbc  :   0 brbs  :   0 brcc  :   2 brcs  :   0 break :   0 breq  :   4 
brge  :   0 brhc  :   0 brhs  :   0 brid  :   0 brie  :   0 brlo  :   1 
brlt  :   0 brmi  :   0 brne  :  18 brpl  :   1 brsh  :   0 brtc  :   0 
brts  :   0 brvc  :   0 brvs  :   0 bset  :   0 bst   :   0 call  :  21 
cbi   :   5 cbr   :   0 clc   :   0 clh   :   0 cli   :   1 cln   :   0 
clr   :  11 cls   :   0 clt   :   0 clv   :   0 clz   :   0 com   :   6 
cp    :   1 cpc   :   3 cpi   :   6 cpse  :   0 dec   :   7 des   :   0 
eor   :   0 fmul  :   0 fmuls :   0 fmulsu:   0 icall :   0 ijmp  :   0 
in    :   6 inc   :   3 jmp   :  23 ld    :  25 ldd   :  34 ldi   :  73 
lds   :   0 lpm   :   7 lsl   :   2 lsr   :   0 mov   :  10 movw  :  18 
mul   :   1 muls  :   0 mulsu :   0 neg   :   1 nop   :   0 or    :   1 
ori   :   1 out   :  15 pop   :   3 push  :   3 rcall :  17 ret   :  15 
reti  :   2 rjmp  :  10 rol   :  10 ror   :   0 sbc   :   5 sbci  :   6 
sbi   :   5 sbic  :   0 sbis  :   0 sbiw  :  10 sbr   :   2 sbrc  :   0 
sbrs  :   0 sec   :   0 seh   :   0 sei   :   1 sen   :   0 ser   :   0 
ses   :   0 set   :   0 sev   :   0 sez   :   0 sleep :   0 spm   :   0 
st    :  38 std   :  20 sts   :   2 sub   :   3 subi  :   4 swap  :   1 
tst   :   1 wdr   :   1 
Instructions used: 54 out of 116 (46.6%)

ATmega16 memory use summary [bytes]:
Segment   Begin    End      Code   Data   Used    Size   Use%
---------------------------------------------------------------
[.cseg] 0x000000 0x00044e   1062     40   1102   16384   6.7%
[.dseg] 0x000060 0x00026d      0    269    269    1024  26.3%
[.eseg] 0x000000 0x000000      0      0      0     512   0.0%

Assembly complete, 0 errors, 12 warnings
