
AVRASM ver. 2.1.30  C:\Users\Alireza\Desktop\MicroProcessorLabProjects\Project2\CodeVision\Version-1.0.0\Debug\List\Opener.asm Sun Oct 13 20:30:19 2019

C:\Users\Alireza\Desktop\MicroProcessorLabProjects\Project2\CodeVision\Version-1.0.0\Debug\List\Opener.asm(1088): warning: Register r4 already defined by the .DEF directive
C:\Users\Alireza\Desktop\MicroProcessorLabProjects\Project2\CodeVision\Version-1.0.0\Debug\List\Opener.asm(1089): warning: Register r5 already defined by the .DEF directive
C:\Users\Alireza\Desktop\MicroProcessorLabProjects\Project2\CodeVision\Version-1.0.0\Debug\List\Opener.asm(1090): warning: Register r7 already defined by the .DEF directive
C:\Users\Alireza\Desktop\MicroProcessorLabProjects\Project2\CodeVision\Version-1.0.0\Debug\List\Opener.asm(1091): warning: Register r6 already defined by the .DEF directive
C:\Users\Alireza\Desktop\MicroProcessorLabProjects\Project2\CodeVision\Version-1.0.0\Debug\List\Opener.asm(1092): warning: Register r8 already defined by the .DEF directive
C:\Users\Alireza\Desktop\MicroProcessorLabProjects\Project2\CodeVision\Version-1.0.0\Debug\List\Opener.asm(1093): warning: Register r9 already defined by the .DEF directive
C:\Users\Alireza\Desktop\MicroProcessorLabProjects\Project2\CodeVision\Version-1.0.0\Debug\List\Opener.asm(1094): warning: Register r10 already defined by the .DEF directive
C:\Users\Alireza\Desktop\MicroProcessorLabProjects\Project2\CodeVision\Version-1.0.0\Debug\List\Opener.asm(1095): warning: Register r11 already defined by the .DEF directive
                 
                 
                 ;CodeVisionAVR C Compiler V3.12 Advanced
                 ;(C) Copyright 1998-2014 Pavel Haiduc, HP InfoTech s.r.l.
                 ;http://www.hpinfotech.com
                 
                 ;Build configuration    : Debug
                 ;Chip type              : ATmega16
                 ;Program type           : Application
                 ;Clock frequency        : 8/000000 MHz
                 ;Memory model           : Small
                 ;Optimize for           : Size
                 ;(s)printf features     : int, width
                 ;(s)scanf features      : int, width
                 ;External RAM size      : 0
                 ;Data Stack size        : 256 byte(s)
                 ;Heap size              : 0 byte(s)
                 ;Promote 'char' to 'int': Yes
                 ;'char' is unsigned     : Yes
                 ;8 bit enums            : Yes
                 ;Global 'const' stored in FLASH: No
                 ;Enhanced function parameter passing: Yes
                 ;Enhanced core instructions: On
                 ;Automatic register allocation for global variables: On
                 ;Smart register allocation: On
                 
                 	#define _MODEL_SMALL_
                 
                 	#pragma AVRPART ADMIN PART_NAME ATmega16
                 	#pragma AVRPART MEMORY PROG_FLASH 16384
                 	#pragma AVRPART MEMORY EEPROM 512
                 	#pragma AVRPART MEMORY INT_SRAM SIZE 1024
                 	#pragma AVRPART MEMORY INT_SRAM START_ADDR 0x60
                 
                 	#define CALL_SUPPORTED 1
                 
                 	.LISTMAC
                 	.EQU UDRE=0x5
                 	.EQU RXC=0x7
                 	.EQU USR=0xB
                 	.EQU UDR=0xC
                 	.EQU SPSR=0xE
                 	.EQU SPDR=0xF
                 	.EQU EERE=0x0
                 	.EQU EEWE=0x1
                 	.EQU EEMWE=0x2
                 	.EQU EECR=0x1C
                 	.EQU EEDR=0x1D
                 	.EQU EEARL=0x1E
                 	.EQU EEARH=0x1F
                 	.EQU WDTCR=0x21
                 	.EQU MCUCR=0x35
                 	.EQU GICR=0x3B
                 	.EQU SPL=0x3D
                 	.EQU SPH=0x3E
                 	.EQU SREG=0x3F
                 
                 	.DEF R0X0=R0
                 	.DEF R0X1=R1
                 	.DEF R0X2=R2
                 	.DEF R0X3=R3
                 	.DEF R0X4=R4
                 	.DEF R0X5=R5
                 	.DEF R0X6=R6
                 	.DEF R0X7=R7
                 	.DEF R0X8=R8
                 	.DEF R0X9=R9
                 	.DEF R0XA=R10
                 	.DEF R0XB=R11
                 	.DEF R0XC=R12
                 	.DEF R0XD=R13
                 	.DEF R0XE=R14
                 	.DEF R0XF=R15
                 	.DEF R0X10=R16
                 	.DEF R0X11=R17
                 	.DEF R0X12=R18
                 	.DEF R0X13=R19
                 	.DEF R0X14=R20
                 	.DEF R0X15=R21
                 	.DEF R0X16=R22
                 	.DEF R0X17=R23
                 	.DEF R0X18=R24
                 	.DEF R0X19=R25
                 	.DEF R0X1A=R26
                 	.DEF R0X1B=R27
                 	.DEF R0X1C=R28
                 	.DEF R0X1D=R29
                 	.DEF R0X1E=R30
                 	.DEF R0X1F=R31
                 
                 	.EQU __SRAM_START=0x0060
                 	.EQU __SRAM_END=0x045F
                 	.EQU __DSTACK_SIZE=0x0100
                 	.EQU __HEAP_SIZE=0x0000
                 	.EQU __CLEAR_SRAM_SIZE=__SRAM_END-__SRAM_START+1
                 
                 	.MACRO __CPD1N
                 	CPI  R30,LOW(@0)
                 	LDI  R26,HIGH(@0)
                 	CPC  R31,R26
                 	LDI  R26,BYTE3(@0)
                 	CPC  R22,R26
                 	LDI  R26,BYTE4(@0)
                 	CPC  R23,R26
                 	.ENDM
                 
                 	.MACRO __CPD2N
                 	CPI  R26,LOW(@0)
                 	LDI  R30,HIGH(@0)
                 	CPC  R27,R30
                 	LDI  R30,BYTE3(@0)
                 	CPC  R24,R30
                 	LDI  R30,BYTE4(@0)
                 	CPC  R25,R30
                 	.ENDM
                 
                 	.MACRO __CPWRR
                 	CP   R@0,R@2
                 	CPC  R@1,R@3
                 	.ENDM
                 
                 	.MACRO __CPWRN
                 	CPI  R@0,LOW(@2)
                 	LDI  R30,HIGH(@2)
                 	CPC  R@1,R30
                 	.ENDM
                 
                 	.MACRO __ADDB1MN
                 	SUBI R30,LOW(-@0-(@1))
                 	.ENDM
                 
                 	.MACRO __ADDB2MN
                 	SUBI R26,LOW(-@0-(@1))
                 	.ENDM
                 
                 	.MACRO __ADDW1MN
                 	SUBI R30,LOW(-@0-(@1))
                 	SBCI R31,HIGH(-@0-(@1))
                 	.ENDM
                 
                 	.MACRO __ADDW2MN
                 	SUBI R26,LOW(-@0-(@1))
                 	SBCI R27,HIGH(-@0-(@1))
                 	.ENDM
                 
                 	.MACRO __ADDW1FN
                 	SUBI R30,LOW(-2*@0-(@1))
                 	SBCI R31,HIGH(-2*@0-(@1))
                 	.ENDM
                 
                 	.MACRO __ADDD1FN
                 	SUBI R30,LOW(-2*@0-(@1))
                 	SBCI R31,HIGH(-2*@0-(@1))
                 	SBCI R22,BYTE3(-2*@0-(@1))
                 	.ENDM
                 
                 	.MACRO __ADDD1N
                 	SUBI R30,LOW(-@0)
                 	SBCI R31,HIGH(-@0)
                 	SBCI R22,BYTE3(-@0)
                 	SBCI R23,BYTE4(-@0)
                 	.ENDM
                 
                 	.MACRO __ADDD2N
                 	SUBI R26,LOW(-@0)
                 	SBCI R27,HIGH(-@0)
                 	SBCI R24,BYTE3(-@0)
                 	SBCI R25,BYTE4(-@0)
                 	.ENDM
                 
                 	.MACRO __SUBD1N
                 	SUBI R30,LOW(@0)
                 	SBCI R31,HIGH(@0)
                 	SBCI R22,BYTE3(@0)
                 	SBCI R23,BYTE4(@0)
                 	.ENDM
                 
                 	.MACRO __SUBD2N
                 	SUBI R26,LOW(@0)
                 	SBCI R27,HIGH(@0)
                 	SBCI R24,BYTE3(@0)
                 	SBCI R25,BYTE4(@0)
                 	.ENDM
                 
                 	.MACRO __ANDBMNN
                 	LDS  R30,@0+(@1)
                 	ANDI R30,LOW(@2)
                 	STS  @0+(@1),R30
                 	.ENDM
                 
                 	.MACRO __ANDWMNN
                 	LDS  R30,@0+(@1)
                 	ANDI R30,LOW(@2)
                 	STS  @0+(@1),R30
                 	LDS  R30,@0+(@1)+1
                 	ANDI R30,HIGH(@2)
                 	STS  @0+(@1)+1,R30
                 	.ENDM
                 
                 	.MACRO __ANDD1N
                 	ANDI R30,LOW(@0)
                 	ANDI R31,HIGH(@0)
                 	ANDI R22,BYTE3(@0)
                 	ANDI R23,BYTE4(@0)
                 	.ENDM
                 
                 	.MACRO __ANDD2N
                 	ANDI R26,LOW(@0)
                 	ANDI R27,HIGH(@0)
                 	ANDI R24,BYTE3(@0)
                 	ANDI R25,BYTE4(@0)
                 	.ENDM
                 
                 	.MACRO __ORBMNN
                 	LDS  R30,@0+(@1)
                 	ORI  R30,LOW(@2)
                 	STS  @0+(@1),R30
                 	.ENDM
                 
                 	.MACRO __ORWMNN
                 	LDS  R30,@0+(@1)
                 	ORI  R30,LOW(@2)
                 	STS  @0+(@1),R30
                 	LDS  R30,@0+(@1)+1
                 	ORI  R30,HIGH(@2)
                 	STS  @0+(@1)+1,R30
                 	.ENDM
                 
                 	.MACRO __ORD1N
                 	ORI  R30,LOW(@0)
                 	ORI  R31,HIGH(@0)
                 	ORI  R22,BYTE3(@0)
                 	ORI  R23,BYTE4(@0)
                 	.ENDM
                 
                 	.MACRO __ORD2N
                 	ORI  R26,LOW(@0)
                 	ORI  R27,HIGH(@0)
                 	ORI  R24,BYTE3(@0)
                 	ORI  R25,BYTE4(@0)
                 	.ENDM
                 
                 	.MACRO __DELAY_USB
                 	LDI  R24,LOW(@0)
                 __DELAY_USB_LOOP:
                 	DEC  R24
                 	BRNE __DELAY_USB_LOOP
                 	.ENDM
                 
                 	.MACRO __DELAY_USW
                 	LDI  R24,LOW(@0)
                 	LDI  R25,HIGH(@0)
                 __DELAY_USW_LOOP:
                 	SBIW R24,1
                 	BRNE __DELAY_USW_LOOP
                 	.ENDM
                 
                 	.MACRO __GETD1S
                 	LDD  R30,Y+@0
                 	LDD  R31,Y+@0+1
                 	LDD  R22,Y+@0+2
                 	LDD  R23,Y+@0+3
                 	.ENDM
                 
                 	.MACRO __GETD2S
                 	LDD  R26,Y+@0
                 	LDD  R27,Y+@0+1
                 	LDD  R24,Y+@0+2
                 	LDD  R25,Y+@0+3
                 	.ENDM
                 
                 	.MACRO __PUTD1S
                 	STD  Y+@0,R30
                 	STD  Y+@0+1,R31
                 	STD  Y+@0+2,R22
                 	STD  Y+@0+3,R23
                 	.ENDM
                 
                 	.MACRO __PUTD2S
                 	STD  Y+@0,R26
                 	STD  Y+@0+1,R27
                 	STD  Y+@0+2,R24
                 	STD  Y+@0+3,R25
                 	.ENDM
                 
                 	.MACRO __PUTDZ2
                 	STD  Z+@0,R26
                 	STD  Z+@0+1,R27
                 	STD  Z+@0+2,R24
                 	STD  Z+@0+3,R25
                 	.ENDM
                 
                 	.MACRO __CLRD1S
                 	STD  Y+@0,R30
                 	STD  Y+@0+1,R30
                 	STD  Y+@0+2,R30
                 	STD  Y+@0+3,R30
                 	.ENDM
                 
                 	.MACRO __POINTB1MN
                 	LDI  R30,LOW(@0+(@1))
                 	.ENDM
                 
                 	.MACRO __POINTW1MN
                 	LDI  R30,LOW(@0+(@1))
                 	LDI  R31,HIGH(@0+(@1))
                 	.ENDM
                 
                 	.MACRO __POINTD1M
                 	LDI  R30,LOW(@0)
                 	LDI  R31,HIGH(@0)
                 	LDI  R22,BYTE3(@0)
                 	LDI  R23,BYTE4(@0)
                 	.ENDM
                 
                 	.MACRO __POINTW1FN
                 	LDI  R30,LOW(2*@0+(@1))
                 	LDI  R31,HIGH(2*@0+(@1))
                 	.ENDM
                 
                 	.MACRO __POINTD1FN
                 	LDI  R30,LOW(2*@0+(@1))
                 	LDI  R31,HIGH(2*@0+(@1))
                 	LDI  R22,BYTE3(2*@0+(@1))
                 	LDI  R23,BYTE4(2*@0+(@1))
                 	.ENDM
                 
                 	.MACRO __POINTB2MN
                 	LDI  R26,LOW(@0+(@1))
                 	.ENDM
                 
                 	.MACRO __POINTW2MN
                 	LDI  R26,LOW(@0+(@1))
                 	LDI  R27,HIGH(@0+(@1))
                 	.ENDM
                 
                 	.MACRO __POINTW2FN
                 	LDI  R26,LOW(2*@0+(@1))
                 	LDI  R27,HIGH(2*@0+(@1))
                 	.ENDM
                 
                 	.MACRO __POINTD2FN
                 	LDI  R26,LOW(2*@0+(@1))
                 	LDI  R27,HIGH(2*@0+(@1))
                 	LDI  R24,BYTE3(2*@0+(@1))
                 	LDI  R25,BYTE4(2*@0+(@1))
                 	.ENDM
                 
                 	.MACRO __POINTBRM
                 	LDI  R@0,LOW(@1)
                 	.ENDM
                 
                 	.MACRO __POINTWRM
                 	LDI  R@0,LOW(@2)
                 	LDI  R@1,HIGH(@2)
                 	.ENDM
                 
                 	.MACRO __POINTBRMN
                 	LDI  R@0,LOW(@1+(@2))
                 	.ENDM
                 
                 	.MACRO __POINTWRMN
                 	LDI  R@0,LOW(@2+(@3))
                 	LDI  R@1,HIGH(@2+(@3))
                 	.ENDM
                 
                 	.MACRO __POINTWRFN
                 	LDI  R@0,LOW(@2*2+(@3))
                 	LDI  R@1,HIGH(@2*2+(@3))
                 	.ENDM
                 
                 	.MACRO __GETD1N
                 	LDI  R30,LOW(@0)
                 	LDI  R31,HIGH(@0)
                 	LDI  R22,BYTE3(@0)
                 	LDI  R23,BYTE4(@0)
                 	.ENDM
                 
                 	.MACRO __GETD2N
                 	LDI  R26,LOW(@0)
                 	LDI  R27,HIGH(@0)
                 	LDI  R24,BYTE3(@0)
                 	LDI  R25,BYTE4(@0)
                 	.ENDM
                 
                 	.MACRO __GETB1MN
                 	LDS  R30,@0+(@1)
                 	.ENDM
                 
                 	.MACRO __GETB1HMN
                 	LDS  R31,@0+(@1)
                 	.ENDM
                 
                 	.MACRO __GETW1MN
                 	LDS  R30,@0+(@1)
                 	LDS  R31,@0+(@1)+1
                 	.ENDM
                 
                 	.MACRO __GETD1MN
                 	LDS  R30,@0+(@1)
                 	LDS  R31,@0+(@1)+1
                 	LDS  R22,@0+(@1)+2
                 	LDS  R23,@0+(@1)+3
                 	.ENDM
                 
                 	.MACRO __GETBRMN
                 	LDS  R@0,@1+(@2)
                 	.ENDM
                 
                 	.MACRO __GETWRMN
                 	LDS  R@0,@2+(@3)
                 	LDS  R@1,@2+(@3)+1
                 	.ENDM
                 
                 	.MACRO __GETWRZ
                 	LDD  R@0,Z+@2
                 	LDD  R@1,Z+@2+1
                 	.ENDM
                 
                 	.MACRO __GETD2Z
                 	LDD  R26,Z+@0
                 	LDD  R27,Z+@0+1
                 	LDD  R24,Z+@0+2
                 	LDD  R25,Z+@0+3
                 	.ENDM
                 
                 	.MACRO __GETB2MN
                 	LDS  R26,@0+(@1)
                 	.ENDM
                 
                 	.MACRO __GETW2MN
                 	LDS  R26,@0+(@1)
                 	LDS  R27,@0+(@1)+1
                 	.ENDM
                 
                 	.MACRO __GETD2MN
                 	LDS  R26,@0+(@1)
                 	LDS  R27,@0+(@1)+1
                 	LDS  R24,@0+(@1)+2
                 	LDS  R25,@0+(@1)+3
                 	.ENDM
                 
                 	.MACRO __PUTB1MN
                 	STS  @0+(@1),R30
                 	.ENDM
                 
                 	.MACRO __PUTW1MN
                 	STS  @0+(@1),R30
                 	STS  @0+(@1)+1,R31
                 	.ENDM
                 
                 	.MACRO __PUTD1MN
                 	STS  @0+(@1),R30
                 	STS  @0+(@1)+1,R31
                 	STS  @0+(@1)+2,R22
                 	STS  @0+(@1)+3,R23
                 	.ENDM
                 
                 	.MACRO __PUTB1EN
                 	LDI  R26,LOW(@0+(@1))
                 	LDI  R27,HIGH(@0+(@1))
                 	CALL __EEPROMWRB
                 	.ENDM
                 
                 	.MACRO __PUTW1EN
                 	LDI  R26,LOW(@0+(@1))
                 	LDI  R27,HIGH(@0+(@1))
                 	CALL __EEPROMWRW
                 	.ENDM
                 
                 	.MACRO __PUTD1EN
                 	LDI  R26,LOW(@0+(@1))
                 	LDI  R27,HIGH(@0+(@1))
                 	CALL __EEPROMWRD
                 	.ENDM
                 
                 	.MACRO __PUTBR0MN
                 	STS  @0+(@1),R0
                 	.ENDM
                 
                 	.MACRO __PUTBMRN
                 	STS  @0+(@1),R@2
                 	.ENDM
                 
                 	.MACRO __PUTWMRN
                 	STS  @0+(@1),R@2
                 	STS  @0+(@1)+1,R@3
                 	.ENDM
                 
                 	.MACRO __PUTBZR
                 	STD  Z+@1,R@0
                 	.ENDM
                 
                 	.MACRO __PUTWZR
                 	STD  Z+@2,R@0
                 	STD  Z+@2+1,R@1
                 	.ENDM
                 
                 	.MACRO __GETW1R
                 	MOV  R30,R@0
                 	MOV  R31,R@1
                 	.ENDM
                 
                 	.MACRO __GETW2R
                 	MOV  R26,R@0
                 	MOV  R27,R@1
                 	.ENDM
                 
                 	.MACRO __GETWRN
                 	LDI  R@0,LOW(@2)
                 	LDI  R@1,HIGH(@2)
                 	.ENDM
                 
                 	.MACRO __PUTW1R
                 	MOV  R@0,R30
                 	MOV  R@1,R31
                 	.ENDM
                 
                 	.MACRO __PUTW2R
                 	MOV  R@0,R26
                 	MOV  R@1,R27
                 	.ENDM
                 
                 	.MACRO __ADDWRN
                 	SUBI R@0,LOW(-@2)
                 	SBCI R@1,HIGH(-@2)
                 	.ENDM
                 
                 	.MACRO __ADDWRR
                 	ADD  R@0,R@2
                 	ADC  R@1,R@3
                 	.ENDM
                 
                 	.MACRO __SUBWRN
                 	SUBI R@0,LOW(@2)
                 	SBCI R@1,HIGH(@2)
                 	.ENDM
                 
                 	.MACRO __SUBWRR
                 	SUB  R@0,R@2
                 	SBC  R@1,R@3
                 	.ENDM
                 
                 	.MACRO __ANDWRN
                 	ANDI R@0,LOW(@2)
                 	ANDI R@1,HIGH(@2)
                 	.ENDM
                 
                 	.MACRO __ANDWRR
                 	AND  R@0,R@2
                 	AND  R@1,R@3
                 	.ENDM
                 
                 	.MACRO __ORWRN
                 	ORI  R@0,LOW(@2)
                 	ORI  R@1,HIGH(@2)
                 	.ENDM
                 
                 	.MACRO __ORWRR
                 	OR   R@0,R@2
                 	OR   R@1,R@3
                 	.ENDM
                 
                 	.MACRO __EORWRR
                 	EOR  R@0,R@2
                 	EOR  R@1,R@3
                 	.ENDM
                 
                 	.MACRO __GETWRS
                 	LDD  R@0,Y+@2
                 	LDD  R@1,Y+@2+1
                 	.ENDM
                 
                 	.MACRO __PUTBSR
                 	STD  Y+@1,R@0
                 	.ENDM
                 
                 	.MACRO __PUTWSR
                 	STD  Y+@2,R@0
                 	STD  Y+@2+1,R@1
                 	.ENDM
                 
                 	.MACRO __MOVEWRR
                 	MOV  R@0,R@2
                 	MOV  R@1,R@3
                 	.ENDM
                 
                 	.MACRO __INWR
                 	IN   R@0,@2
                 	IN   R@1,@2+1
                 	.ENDM
                 
                 	.MACRO __OUTWR
                 	OUT  @2+1,R@1
                 	OUT  @2,R@0
                 	.ENDM
                 
                 	.MACRO __CALL1MN
                 	LDS  R30,@0+(@1)
                 	LDS  R31,@0+(@1)+1
                 	ICALL
                 	.ENDM
                 
                 	.MACRO __CALL1FN
                 	LDI  R30,LOW(2*@0+(@1))
                 	LDI  R31,HIGH(2*@0+(@1))
                 	CALL __GETW1PF
                 	ICALL
                 	.ENDM
                 
                 	.MACRO __CALL2EN
                 	PUSH R26
                 	PUSH R27
                 	LDI  R26,LOW(@0+(@1))
                 	LDI  R27,HIGH(@0+(@1))
                 	CALL __EEPROMRDW
                 	POP  R27
                 	POP  R26
                 	ICALL
                 	.ENDM
                 
                 	.MACRO __CALL2EX
                 	SUBI R26,LOW(-@0)
                 	SBCI R27,HIGH(-@0)
                 	CALL __EEPROMRDD
                 	ICALL
                 	.ENDM
                 
                 	.MACRO __GETW1STACK
                 	IN   R30,SPL
                 	IN   R31,SPH
                 	ADIW R30,@0+1
                 	LD   R0,Z+
                 	LD   R31,Z
                 	MOV  R30,R0
                 	.ENDM
                 
                 	.MACRO __GETD1STACK
                 	IN   R30,SPL
                 	IN   R31,SPH
                 	ADIW R30,@0+1
                 	LD   R0,Z+
                 	LD   R1,Z+
                 	LD   R22,Z
                 	MOVW R30,R0
                 	.ENDM
                 
                 	.MACRO __NBST
                 	BST  R@0,@1
                 	IN   R30,SREG
                 	LDI  R31,0x40
                 	EOR  R30,R31
                 	OUT  SREG,R30
                 	.ENDM
                 
                 
                 	.MACRO __PUTB1SN
                 	LDD  R26,Y+@0
                 	LDD  R27,Y+@0+1
                 	SUBI R26,LOW(-@1)
                 	SBCI R27,HIGH(-@1)
                 	ST   X,R30
                 	.ENDM
                 
                 	.MACRO __PUTW1SN
                 	LDD  R26,Y+@0
                 	LDD  R27,Y+@0+1
                 	SUBI R26,LOW(-@1)
                 	SBCI R27,HIGH(-@1)
                 	ST   X+,R30
                 	ST   X,R31
                 	.ENDM
                 
                 	.MACRO __PUTD1SN
                 	LDD  R26,Y+@0
                 	LDD  R27,Y+@0+1
                 	SUBI R26,LOW(-@1)
                 	SBCI R27,HIGH(-@1)
                 	CALL __PUTDP1
                 	.ENDM
                 
                 	.MACRO __PUTB1SNS
                 	LDD  R26,Y+@0
                 	LDD  R27,Y+@0+1
                 	ADIW R26,@1
                 	ST   X,R30
                 	.ENDM
                 
                 	.MACRO __PUTW1SNS
                 	LDD  R26,Y+@0
                 	LDD  R27,Y+@0+1
                 	ADIW R26,@1
                 	ST   X+,R30
                 	ST   X,R31
                 	.ENDM
                 
                 	.MACRO __PUTD1SNS
                 	LDD  R26,Y+@0
                 	LDD  R27,Y+@0+1
                 	ADIW R26,@1
                 	CALL __PUTDP1
                 	.ENDM
                 
                 	.MACRO __PUTB1PMN
                 	LDS  R26,@0
                 	LDS  R27,@0+1
                 	SUBI R26,LOW(-@1)
                 	SBCI R27,HIGH(-@1)
                 	ST   X,R30
                 	.ENDM
                 
                 	.MACRO __PUTW1PMN
                 	LDS  R26,@0
                 	LDS  R27,@0+1
                 	SUBI R26,LOW(-@1)
                 	SBCI R27,HIGH(-@1)
                 	ST   X+,R30
                 	ST   X,R31
                 	.ENDM
                 
                 	.MACRO __PUTD1PMN
                 	LDS  R26,@0
                 	LDS  R27,@0+1
                 	SUBI R26,LOW(-@1)
                 	SBCI R27,HIGH(-@1)
                 	CALL __PUTDP1
                 	.ENDM
                 
                 	.MACRO __PUTB1PMNS
                 	LDS  R26,@0
                 	LDS  R27,@0+1
                 	ADIW R26,@1
                 	ST   X,R30
                 	.ENDM
                 
                 	.MACRO __PUTW1PMNS
                 	LDS  R26,@0
                 	LDS  R27,@0+1
                 	ADIW R26,@1
                 	ST   X+,R30
                 	ST   X,R31
                 	.ENDM
                 
                 	.MACRO __PUTD1PMNS
                 	LDS  R26,@0
                 	LDS  R27,@0+1
                 	ADIW R26,@1
                 	CALL __PUTDP1
                 	.ENDM
                 
                 	.MACRO __PUTB1RN
                 	MOVW R26,R@0
                 	SUBI R26,LOW(-@1)
                 	SBCI R27,HIGH(-@1)
                 	ST   X,R30
                 	.ENDM
                 
                 	.MACRO __PUTW1RN
                 	MOVW R26,R@0
                 	SUBI R26,LOW(-@1)
                 	SBCI R27,HIGH(-@1)
                 	ST   X+,R30
                 	ST   X,R31
                 	.ENDM
                 
                 	.MACRO __PUTD1RN
                 	MOVW R26,R@0
                 	SUBI R26,LOW(-@1)
                 	SBCI R27,HIGH(-@1)
                 	CALL __PUTDP1
                 	.ENDM
                 
                 	.MACRO __PUTB1RNS
                 	MOVW R26,R@0
                 	ADIW R26,@1
                 	ST   X,R30
                 	.ENDM
                 
                 	.MACRO __PUTW1RNS
                 	MOVW R26,R@0
                 	ADIW R26,@1
                 	ST   X+,R30
                 	ST   X,R31
                 	.ENDM
                 
                 	.MACRO __PUTD1RNS
                 	MOVW R26,R@0
                 	ADIW R26,@1
                 	CALL __PUTDP1
                 	.ENDM
                 
                 	.MACRO __PUTB1RON
                 	MOV  R26,R@0
                 	MOV  R27,R@1
                 	SUBI R26,LOW(-@2)
                 	SBCI R27,HIGH(-@2)
                 	ST   X,R30
                 	.ENDM
                 
                 	.MACRO __PUTW1RON
                 	MOV  R26,R@0
                 	MOV  R27,R@1
                 	SUBI R26,LOW(-@2)
                 	SBCI R27,HIGH(-@2)
                 	ST   X+,R30
                 	ST   X,R31
                 	.ENDM
                 
                 	.MACRO __PUTD1RON
                 	MOV  R26,R@0
                 	MOV  R27,R@1
                 	SUBI R26,LOW(-@2)
                 	SBCI R27,HIGH(-@2)
                 	CALL __PUTDP1
                 	.ENDM
                 
                 	.MACRO __PUTB1RONS
                 	MOV  R26,R@0
                 	MOV  R27,R@1
                 	ADIW R26,@2
                 	ST   X,R30
                 	.ENDM
                 
                 	.MACRO __PUTW1RONS
                 	MOV  R26,R@0
                 	MOV  R27,R@1
                 	ADIW R26,@2
                 	ST   X+,R30
                 	ST   X,R31
                 	.ENDM
                 
                 	.MACRO __PUTD1RONS
                 	MOV  R26,R@0
                 	MOV  R27,R@1
                 	ADIW R26,@2
                 	CALL __PUTDP1
                 	.ENDM
                 
                 
                 	.MACRO __GETB1SX
                 	MOVW R30,R28
                 	SUBI R30,LOW(-@0)
                 	SBCI R31,HIGH(-@0)
                 	LD   R30,Z
                 	.ENDM
                 
                 	.MACRO __GETB1HSX
                 	MOVW R30,R28
                 	SUBI R30,LOW(-@0)
                 	SBCI R31,HIGH(-@0)
                 	LD   R31,Z
                 	.ENDM
                 
                 	.MACRO __GETW1SX
                 	MOVW R30,R28
                 	SUBI R30,LOW(-@0)
                 	SBCI R31,HIGH(-@0)
                 	LD   R0,Z+
                 	LD   R31,Z
                 	MOV  R30,R0
                 	.ENDM
                 
                 	.MACRO __GETD1SX
                 	MOVW R30,R28
                 	SUBI R30,LOW(-@0)
                 	SBCI R31,HIGH(-@0)
                 	LD   R0,Z+
                 	LD   R1,Z+
                 	LD   R22,Z+
                 	LD   R23,Z
                 	MOVW R30,R0
                 	.ENDM
                 
                 	.MACRO __GETB2SX
                 	MOVW R26,R28
                 	SUBI R26,LOW(-@0)
                 	SBCI R27,HIGH(-@0)
                 	LD   R26,X
                 	.ENDM
                 
                 	.MACRO __GETW2SX
                 	MOVW R26,R28
                 	SUBI R26,LOW(-@0)
                 	SBCI R27,HIGH(-@0)
                 	LD   R0,X+
                 	LD   R27,X
                 	MOV  R26,R0
                 	.ENDM
                 
                 	.MACRO __GETD2SX
                 	MOVW R26,R28
                 	SUBI R26,LOW(-@0)
                 	SBCI R27,HIGH(-@0)
                 	LD   R0,X+
                 	LD   R1,X+
                 	LD   R24,X+
                 	LD   R25,X
                 	MOVW R26,R0
                 	.ENDM
                 
                 	.MACRO __GETBRSX
                 	MOVW R30,R28
                 	SUBI R30,LOW(-@1)
                 	SBCI R31,HIGH(-@1)
                 	LD   R@0,Z
                 	.ENDM
                 
                 	.MACRO __GETWRSX
                 	MOVW R30,R28
                 	SUBI R30,LOW(-@2)
                 	SBCI R31,HIGH(-@2)
                 	LD   R@0,Z+
                 	LD   R@1,Z
                 	.ENDM
                 
                 	.MACRO __GETBRSX2
                 	MOVW R26,R28
                 	SUBI R26,LOW(-@1)
                 	SBCI R27,HIGH(-@1)
                 	LD   R@0,X
                 	.ENDM
                 
                 	.MACRO __GETWRSX2
                 	MOVW R26,R28
                 	SUBI R26,LOW(-@2)
                 	SBCI R27,HIGH(-@2)
                 	LD   R@0,X+
                 	LD   R@1,X
                 	.ENDM
                 
                 	.MACRO __LSLW8SX
                 	MOVW R30,R28
                 	SUBI R30,LOW(-@0)
                 	SBCI R31,HIGH(-@0)
                 	LD   R31,Z
                 	CLR  R30
                 	.ENDM
                 
                 	.MACRO __PUTB1SX
                 	MOVW R26,R28
                 	SUBI R26,LOW(-@0)
                 	SBCI R27,HIGH(-@0)
                 	ST   X,R30
                 	.ENDM
                 
                 	.MACRO __PUTW1SX
                 	MOVW R26,R28
                 	SUBI R26,LOW(-@0)
                 	SBCI R27,HIGH(-@0)
                 	ST   X+,R30
                 	ST   X,R31
                 	.ENDM
                 
                 	.MACRO __PUTD1SX
                 	MOVW R26,R28
                 	SUBI R26,LOW(-@0)
                 	SBCI R27,HIGH(-@0)
                 	ST   X+,R30
                 	ST   X+,R31
                 	ST   X+,R22
                 	ST   X,R23
                 	.ENDM
                 
                 	.MACRO __CLRW1SX
                 	MOVW R26,R28
                 	SUBI R26,LOW(-@0)
                 	SBCI R27,HIGH(-@0)
                 	ST   X+,R30
                 	ST   X,R30
                 	.ENDM
                 
                 	.MACRO __CLRD1SX
                 	MOVW R26,R28
                 	SUBI R26,LOW(-@0)
                 	SBCI R27,HIGH(-@0)
                 	ST   X+,R30
                 	ST   X+,R30
                 	ST   X+,R30
                 	ST   X,R30
                 	.ENDM
                 
                 	.MACRO __PUTB2SX
                 	MOVW R30,R28
                 	SUBI R30,LOW(-@0)
                 	SBCI R31,HIGH(-@0)
                 	ST   Z,R26
                 	.ENDM
                 
                 	.MACRO __PUTW2SX
                 	MOVW R30,R28
                 	SUBI R30,LOW(-@0)
                 	SBCI R31,HIGH(-@0)
                 	ST   Z+,R26
                 	ST   Z,R27
                 	.ENDM
                 
                 	.MACRO __PUTD2SX
                 	MOVW R30,R28
                 	SUBI R30,LOW(-@0)
                 	SBCI R31,HIGH(-@0)
                 	ST   Z+,R26
                 	ST   Z+,R27
                 	ST   Z+,R24
                 	ST   Z,R25
                 	.ENDM
                 
                 	.MACRO __PUTBSRX
                 	MOVW R30,R28
                 	SUBI R30,LOW(-@1)
                 	SBCI R31,HIGH(-@1)
                 	ST   Z,R@0
                 	.ENDM
                 
                 	.MACRO __PUTWSRX
                 	MOVW R30,R28
                 	SUBI R30,LOW(-@2)
                 	SBCI R31,HIGH(-@2)
                 	ST   Z+,R@0
                 	ST   Z,R@1
                 	.ENDM
                 
                 	.MACRO __PUTB1SNX
                 	MOVW R26,R28
                 	SUBI R26,LOW(-@0)
                 	SBCI R27,HIGH(-@0)
                 	LD   R0,X+
                 	LD   R27,X
                 	MOV  R26,R0
                 	SUBI R26,LOW(-@1)
                 	SBCI R27,HIGH(-@1)
                 	ST   X,R30
                 	.ENDM
                 
                 	.MACRO __PUTW1SNX
                 	MOVW R26,R28
                 	SUBI R26,LOW(-@0)
                 	SBCI R27,HIGH(-@0)
                 	LD   R0,X+
                 	LD   R27,X
                 	MOV  R26,R0
                 	SUBI R26,LOW(-@1)
                 	SBCI R27,HIGH(-@1)
                 	ST   X+,R30
                 	ST   X,R31
                 	.ENDM
                 
                 	.MACRO __PUTD1SNX
                 	MOVW R26,R28
                 	SUBI R26,LOW(-@0)
                 	SBCI R27,HIGH(-@0)
                 	LD   R0,X+
                 	LD   R27,X
                 	MOV  R26,R0
                 	SUBI R26,LOW(-@1)
                 	SBCI R27,HIGH(-@1)
                 	ST   X+,R30
                 	ST   X+,R31
                 	ST   X+,R22
                 	ST   X,R23
                 	.ENDM
                 
                 	.MACRO __MULBRR
                 	MULS R@0,R@1
                 	MOVW R30,R0
                 	.ENDM
                 
                 	.MACRO __MULBRRU
                 	MUL  R@0,R@1
                 	MOVW R30,R0
                 	.ENDM
                 
                 	.MACRO __MULBRR0
                 	MULS R@0,R@1
                 	.ENDM
                 
                 	.MACRO __MULBRRU0
                 	MUL  R@0,R@1
                 	.ENDM
                 
                 	.MACRO __MULBNWRU
                 	LDI  R26,@2
                 	MUL  R26,R@0
                 	MOVW R30,R0
                 	MUL  R26,R@1
                 	ADD  R31,R0
                 	.ENDM
                 
                 ;NAME DEFINITIONS FOR GLOBAL VARIABLES ALLOCATED TO REGISTERS
                 	.DEF _validationCodeLength=R4
                 	.DEF _validationCodeLength_msb=R5
                 	.DEF _opened=R7
                 	.DEF _pressed=R6
                 	.DEF _counter=R8
                 	.DEF _counter_msb=R9
                 	.DEF _codeLength=R10
                 	.DEF _codeLength_msb=R11
                 
                 	.CSEG
                 	.ORG 0x00
                 
                 ;START OF CODE MARKER
                 __START_OF_CODE:
                 
                 ;INTERRUPT VECTORS
000000 940c 004f 	JMP  __RESET
000002 940c 00f0 	JMP  _ext_int0_isr
000004 940c 0102 	JMP  _ext_int1_isr
000006 940c 0000 	JMP  0x00
000008 940c 0000 	JMP  0x00
00000a 940c 0000 	JMP  0x00
00000c 940c 0000 	JMP  0x00
00000e 940c 0000 	JMP  0x00
000010 940c 0000 	JMP  0x00
000012 940c 00a3 	JMP  _timer0_ovf_isr
000014 940c 0000 	JMP  0x00
000016 940c 0000 	JMP  0x00
000018 940c 0000 	JMP  0x00
00001a 940c 0000 	JMP  0x00
00001c 940c 0000 	JMP  0x00
00001e 940c 0000 	JMP  0x00
000020 940c 0000 	JMP  0x00
000022 940c 0000 	JMP  0x00
000024 940c 0000 	JMP  0x00
000026 940c 0000 	JMP  0x00
000028 940c 0000 	JMP  0x00
                 
                 _tbl10_G100:
00002a 2710
00002b 03e8
00002c 0064
00002d 000a      	.DB  0x10,0x27,0xE8,0x3,0x64,0x0,0xA,0x0
00002e 0001      	.DB  0x1,0x0
                 _tbl16_G100:
00002f 1000
000030 0100
000031 0010
000032 0001      	.DB  0x0,0x10,0x0,0x1,0x10,0x0,0x1,0x0
                 
                 ;GLOBAL REGISTER VARIABLES INITIALIZATION
                 __REG_VARS:
000033 0004
000034 0000      	.DB  0x4,0x0,0x0,0x0
000035 0000
000036 0000      	.DB  0x0,0x0,0x0,0x0
                 
                 _0x3:
000037 0001
000038 0001
000039 0001
C:\Users\Alireza\Desktop\MicroProcessorLabProjects\Project2\CodeVision\Version-1.0.0\Debug\List\Opener.asm(1138): warning: .cseg .db misalignment - padding zero byte
00003a 0001      	.DB  0x1,0x0,0x1,0x0,0x1,0x0,0x1
                 _0x4:
00003b 003f
00003c 0006
C:\Users\Alireza\Desktop\MicroProcessorLabProjects\Project2\CodeVision\Version-1.0.0\Debug\List\Opener.asm(1140): warning: .cseg .db misalignment - padding zero byte
00003d 0040      	.DB  0x3F,0x0,0x6,0x0,0x40
                 _0x5:
00003e ffff
00003f ffff
000040 ffff
000041 ffff      	.DB  0xFF,0xFF,0xFF,0xFF,0xFF,0xFF,0xFF,0xFF
                 
                 __GLOBAL_INI_TBL:
000042 0008      	.DW  0x08
000043 0004      	.DW  0x04
000044 0066      	.DW  __REG_VARS*2
                 
000045 0007      	.DW  0x07
000046 0160      	.DW  _validationCode
000047 006e      	.DW  _0x3*2
                 
000048 0005      	.DW  0x05
000049 0168      	.DW  _digits
00004a 0076      	.DW  _0x4*2
                 
00004b 0008      	.DW  0x08
00004c 0170      	.DW  _code
00004d 007c      	.DW  _0x5*2
                 
                 _0xFFFFFFFF:
00004e 0000      	.DW  0
                 
                 #define __GLOBAL_INI_TBL_PRESENT 1
                 
                 __RESET:
00004f 94f8      	CLI
000050 27ee      	CLR  R30
000051 bbec      	OUT  EECR,R30
                 
                 ;INTERRUPT VECTORS ARE PLACED
                 ;AT THE START OF FLASH
000052 e0f1      	LDI  R31,1
000053 bffb      	OUT  GICR,R31
000054 bfeb      	OUT  GICR,R30
000055 bfe5      	OUT  MCUCR,R30
                 
                 ;CLEAR R2-R14
000056 e08d      	LDI  R24,(14-2)+1
000057 e0a2      	LDI  R26,2
000058 27bb      	CLR  R27
                 __CLEAR_REG:
000059 93ed      	ST   X+,R30
00005a 958a      	DEC  R24
00005b f7e9      	BRNE __CLEAR_REG
                 
                 ;CLEAR SRAM
00005c e080      	LDI  R24,LOW(__CLEAR_SRAM_SIZE)
00005d e094      	LDI  R25,HIGH(__CLEAR_SRAM_SIZE)
00005e e6a0      	LDI  R26,__SRAM_START
                 __CLEAR_SRAM:
00005f 93ed      	ST   X+,R30
000060 9701      	SBIW R24,1
000061 f7e9      	BRNE __CLEAR_SRAM
                 
                 ;GLOBAL VARIABLES INITIALIZATION
000062 e8e4      	LDI  R30,LOW(__GLOBAL_INI_TBL*2)
000063 e0f0      	LDI  R31,HIGH(__GLOBAL_INI_TBL*2)
                 __GLOBAL_INI_NEXT:
000064 9185      	LPM  R24,Z+
000065 9195      	LPM  R25,Z+
000066 9700      	SBIW R24,0
000067 f061      	BREQ __GLOBAL_INI_END
000068 91a5      	LPM  R26,Z+
000069 91b5      	LPM  R27,Z+
00006a 9005      	LPM  R0,Z+
00006b 9015      	LPM  R1,Z+
00006c 01bf      	MOVW R22,R30
00006d 01f0      	MOVW R30,R0
                 __GLOBAL_INI_LOOP:
00006e 9005      	LPM  R0,Z+
00006f 920d      	ST   X+,R0
000070 9701      	SBIW R24,1
000071 f7e1      	BRNE __GLOBAL_INI_LOOP
000072 01fb      	MOVW R30,R22
000073 cff0      	RJMP __GLOBAL_INI_NEXT
                 __GLOBAL_INI_END:
                 
                 ;HARDWARE STACK POINTER INITIALIZATION
000074 e5ef      	LDI  R30,LOW(__SRAM_END-__HEAP_SIZE)
000075 bfed      	OUT  SPL,R30
000076 e0e4      	LDI  R30,HIGH(__SRAM_END-__HEAP_SIZE)
000077 bfee      	OUT  SPH,R30
                 
                 ;DATA STACK POINTER INITIALIZATION
000078 e6c0      	LDI  R28,LOW(__SRAM_START+__DSTACK_SIZE)
000079 e0d1      	LDI  R29,HIGH(__SRAM_START+__DSTACK_SIZE)
                 
00007a 940c 012b 	JMP  _main
                 
                 	.ESEG
                 	.ORG 0
                 
                 	.DSEG
                 	.ORG 0x160
                 
                 	.CSEG
                 ;/*
                 ; * Opener.c
                 ; *
                 ; * Created: 13/10/2019 12:55:10 È.Ù
                 ; * Author: Alireza
                 ; */
                 ;#include <io.h>
                 	#ifndef __SLEEP_DEFINED__
                 	#define __SLEEP_DEFINED__
                 	.EQU __se_bit=0x40
                 	.EQU __sm_mask=0xB0
                 	.EQU __sm_powerdown=0x20
                 	.EQU __sm_powersave=0x30
                 	.EQU __sm_standby=0xA0
                 	.EQU __sm_ext_standby=0xB0
                 	.EQU __sm_adc_noise_red=0x10
                 	.SET power_ctrl_reg=mcucr
                 	#endif
                 ;#include <stdbool.h>
                 ;#include <stdio.h>
                 ;    int validationCode[] = {1, 1, 1, 1};
                 
                 	.DSEG
                 ;    int validationCodeLength = 4 ;
                 ;    //,1,1, 0,0,0};
                 ;    bool opened = false;
                 ;    bool pressed = false;
                 ;    int counter = 0;
                 ;    int codeLength = 0;
                 ;    unsigned int digits[4] = {0x3f, 0x06, 0b01000000};
                 ;    int code[validationCodeLength] = {-1, -1, -1, -1};
                 ;    void checkCode(){
                 ; 0000 0013 void checkCode(){
                 
                 	.CSEG
                 _checkCode:
                 ; .FSTART _checkCode
                 ; 0000 0014     bool correct = true;
                 ; 0000 0015     int a = 0;
                 ; 0000 0016     //if (codeLength == validationCodeLength)
                 ; 0000 0017     for (a = 0; a<validationCodeLength ; a++){
00007c 940e 0157 	CALL __SAVELOCR4
                 ;	correct -> R17
                 ;	a -> R18,R19
00007e e011      	LDI  R17,1
                +
00007f e020     +LDI R18 , LOW ( 0 )
000080 e030     +LDI R19 , HIGH ( 0 )
                 	__GETWRN 18,19,0
                +
000081 e020     +LDI R18 , LOW ( 0 )
000082 e030     +LDI R19 , HIGH ( 0 )
                 	__GETWRN 18,19,0
                 _0x7:
                +
000083 1524     +CP R18 , R4
000084 0535     +CPC R19 , R5
                 	__CPWRR 18,19,4,5
000085 f49c      	BRGE _0x8
                 ; 0000 0018         if (validationCode[a] != code[a])
000086 01f9      	MOVW R30,R18
000087 e6a0      	LDI  R26,LOW(_validationCode)
000088 e0b1      	LDI  R27,HIGH(_validationCode)
000089 940e 014b 	CALL SUBOPT_0x0
00008b 900d      	LD   R0,X+
00008c 901c      	LD   R1,X
00008d 01f9      	MOVW R30,R18
00008e 940e 0150 	CALL SUBOPT_0x1
000090 940e 0153 	CALL __GETW1P
000092 15e0      	CP   R30,R0
000093 05f1      	CPC  R31,R1
000094 f009      	BREQ _0x9
                 ; 0000 0019             correct = false;
000095 e010      	LDI  R17,LOW(0)
                 ; 0000 001A     }// else correct = false;
                 _0x9:
                +
000096 5f2f     +SUBI R18 , LOW ( - 1 )
000097 4f3f     +SBCI R19 , HIGH ( - 1 )
                 	__ADDWRN 18,19,1
000098 cfea      	RJMP _0x7
                 _0x8:
                 ; 0000 001B         if (correct){
000099 3010      	CPI  R17,0
00009a f021      	BREQ _0xA
                 ; 0000 001C           PORTC = digits[3];
                +
00009b 91e0 016e+LDS R30 , _digits + ( 6 )
                 	__GETB1MN _digits,6
00009d bbe5      	OUT  0x15,R30
                 ; 0000 001D           PORTA.0 = 1;
00009e 9ad8      	SBI  0x1B,0
                 ; 0000 001E         }
                 ; 0000 001F     }
                 _0xA:
00009f 940e 015c 	CALL __LOADLOCR4
0000a1 9624      	ADIW R28,4
0000a2 9508      	RET
                 ; .FEND
                 ;
                 ;    interrupt [TIM0_OVF] void timer0_ovf_isr(void){
                 ; 0000 0021 interrupt [10] void timer0_ovf_isr(void){
                 _timer0_ovf_isr:
                 ; .FSTART _timer0_ovf_isr
0000a3 920a      	ST   -Y,R0
0000a4 921a      	ST   -Y,R1
0000a5 92fa      	ST   -Y,R15
0000a6 936a      	ST   -Y,R22
0000a7 937a      	ST   -Y,R23
0000a8 938a      	ST   -Y,R24
0000a9 939a      	ST   -Y,R25
0000aa 93aa      	ST   -Y,R26
0000ab 93ba      	ST   -Y,R27
0000ac 93ea      	ST   -Y,R30
0000ad 93fa      	ST   -Y,R31
0000ae b7ef      	IN   R30,SREG
0000af 93ea      	ST   -Y,R30
                 ; 0000 0022         TCNT0=0xB2;
0000b0 ebe2      	LDI  R30,LOW(178)
0000b1 bfe2      	OUT  0x32,R30
                 ; 0000 0023         opened = ~opened;
0000b2 9470      	COM  R7
                 ; 0000 0024         if (pressed)
0000b3 2066      	TST  R6
0000b4 f019      	BREQ _0xD
                 ; 0000 0025             counter++;
0000b5 01f4      	MOVW R30,R8
0000b6 9631      	ADIW R30,1
0000b7 014f      	MOVW R8,R30
                 ; 0000 0026             if (pressed && counter == 7){
                 _0xD:
0000b8 2066      	TST  R6
0000b9 f029      	BREQ _0xF
0000ba e0e7      	LDI  R30,LOW(7)
0000bb e0f0      	LDI  R31,HIGH(7)
0000bc 15e8      	CP   R30,R8
0000bd 05f9      	CPC  R31,R9
0000be f009      	BREQ _0x10
                 _0xF:
0000bf c00e      	RJMP _0xE
                 _0x10:
                 ; 0000 0027               PORTC = digits[0];
0000c0 91e0 0168 	LDS  R30,_digits
0000c2 bbe5      	OUT  0x15,R30
                 ; 0000 0028               code[codeLength] = 0;
0000c3 01f5      	MOVW R30,R10
0000c4 940e 0150 	CALL SUBOPT_0x1
0000c6 e0e0      	LDI  R30,LOW(0)
0000c7 e0f0      	LDI  R31,HIGH(0)
0000c8 93ed      	ST   X+,R30
0000c9 93fc      	ST   X,R31
                 ; 0000 0029               codeLength++;
0000ca 01f5      	MOVW R30,R10
0000cb 9631      	ADIW R30,1
0000cc 015f      	MOVW R10,R30
                 ; 0000 002A               checkCode();
0000cd dfae      	RCALL _checkCode
                 ; 0000 002B               }
                 ; 0000 002C               if (pressed && counter == 15){
                 _0xE:
0000ce 2066      	TST  R6
0000cf f029      	BREQ _0x12
0000d0 e0ef      	LDI  R30,LOW(15)
0000d1 e0f0      	LDI  R31,HIGH(15)
0000d2 15e8      	CP   R30,R8
0000d3 05f9      	CPC  R31,R9
0000d4 f009      	BREQ _0x13
                 _0x12:
0000d5 c00c      	RJMP _0x11
                 _0x13:
                 ; 0000 002D               PORTC = digits[1];
                +
0000d6 91e0 016a+LDS R30 , _digits + ( 2 )
                 	__GETB1MN _digits,2
0000d8 bbe5      	OUT  0x15,R30
                 ; 0000 002E               code[codeLength-1] = 1;
0000d9 01f5      	MOVW R30,R10
0000da 9731      	SBIW R30,1
0000db 940e 0150 	CALL SUBOPT_0x1
0000dd e0e1      	LDI  R30,LOW(1)
0000de e0f0      	LDI  R31,HIGH(1)
0000df 93ed      	ST   X+,R30
0000e0 93fc      	ST   X,R31
                 ; 0000 002F               checkCode();
0000e1 df9a      	RCALL _checkCode
                 ; 0000 0030               }
                 ; 0000 0031 
                 ; 0000 0032         //if (opened)
                 ; 0000 0033           //  PORTA.0 = 1;
                 ; 0000 0034           //  else PORTA.0 = 0;
                 ; 0000 0035     }
                 _0x11:
0000e2 91e9      	LD   R30,Y+
0000e3 bfef      	OUT  SREG,R30
0000e4 91f9      	LD   R31,Y+
0000e5 91e9      	LD   R30,Y+
0000e6 91b9      	LD   R27,Y+
0000e7 91a9      	LD   R26,Y+
0000e8 9199      	LD   R25,Y+
0000e9 9189      	LD   R24,Y+
0000ea 9179      	LD   R23,Y+
0000eb 9169      	LD   R22,Y+
0000ec 90f9      	LD   R15,Y+
0000ed 9019      	LD   R1,Y+
0000ee 9009      	LD   R0,Y+
0000ef 9518      	RETI
                 ; .FEND
                 ;
                 ;    interrupt [EXT_INT0] void ext_int0_isr(void){
                 ; 0000 0037 interrupt [2] void ext_int0_isr(void){
                 _ext_int0_isr:
                 ; .FSTART _ext_int0_isr
0000f0 93ea      	ST   -Y,R30
0000f1 b7ef      	IN   R30,SREG
0000f2 93ea      	ST   -Y,R30
                 ; 0000 0038     if (PIND.2 == 1)
0000f3 9b82      	SBIS 0x10,2
0000f4 c003      	RJMP _0x14
                 ; 0000 0039         pressed = true;
0000f5 e0e1      	LDI  R30,LOW(1)
0000f6 2e6e      	MOV  R6,R30
                 ; 0000 003A         else {pressed = false;
0000f7 c006      	RJMP _0x15
                 _0x14:
0000f8 2466      	CLR  R6
                 ; 0000 003B         counter = 0;
0000f9 2488      	CLR  R8
0000fa 2499      	CLR  R9
                 ; 0000 003C         PORTC = digits[2];
                +
0000fb 91e0 016c+LDS R30 , _digits + ( 4 )
                 	__GETB1MN _digits,4
0000fd bbe5      	OUT  0x15,R30
                 ; 0000 003D         }
                 _0x15:
                 ; 0000 003E 
                 ; 0000 003F     }
0000fe 91e9      	LD   R30,Y+
0000ff bfef      	OUT  SREG,R30
000100 91e9      	LD   R30,Y+
000101 9518      	RETI
                 ; .FEND
                 ;
                 ;    interrupt [EXT_INT1] void ext_int1_isr(void){
                 ; 0000 0041 interrupt [3] void ext_int1_isr(void){
                 _ext_int1_isr:
                 ; .FSTART _ext_int1_isr
000102 93aa      	ST   -Y,R26
000103 93ba      	ST   -Y,R27
000104 93ea      	ST   -Y,R30
000105 93fa      	ST   -Y,R31
000106 b7ef      	IN   R30,SREG
000107 93ea      	ST   -Y,R30
                 ; 0000 0042     int b = 0;
                 ; 0000 0043         if (PIND.3 == 1){
000108 931a      	ST   -Y,R17
000109 930a      	ST   -Y,R16
                 ;	b -> R16,R17
                +
00010a e000     +LDI R16 , LOW ( 0 )
00010b e010     +LDI R17 , HIGH ( 0 )
                 	__GETWRN 16,17,0
00010c 9b83      	SBIS 0x10,3
00010d c014      	RJMP _0x16
                 ; 0000 0044         counter = 0;
00010e 2488      	CLR  R8
00010f 2499      	CLR  R9
                 ; 0000 0045         codeLength = 0;
000110 24aa      	CLR  R10
000111 24bb      	CLR  R11
                 ; 0000 0046         for (b = 0; b<validationCodeLength; b++)
                +
000112 e000     +LDI R16 , LOW ( 0 )
000113 e010     +LDI R17 , HIGH ( 0 )
                 	__GETWRN 16,17,0
                 _0x18:
                +
000114 1504     +CP R16 , R4
000115 0515     +CPC R17 , R5
                 	__CPWRR 16,17,4,5
000116 f454      	BRGE _0x19
                 ; 0000 0047         code[b] = -1;
000117 01f8      	MOVW R30,R16
000118 940e 0150 	CALL SUBOPT_0x1
00011a efef      	LDI  R30,LOW(65535)
00011b efff      	LDI  R31,HIGH(65535)
00011c 93ed      	ST   X+,R30
00011d 93fc      	ST   X,R31
                +
00011e 5f0f     +SUBI R16 , LOW ( - 1 )
00011f 4f1f     +SBCI R17 , HIGH ( - 1 )
                 	__ADDWRN 16,17,1
000120 cff3      	RJMP _0x18
                 _0x19:
                 ; 0000 0048 PORTA.0 = 0;
000121 98d8      	CBI  0x1B,0
                 ; 0000 0049         }
                 ; 0000 004A     }
                 _0x16:
000122 9109      	LD   R16,Y+
000123 9119      	LD   R17,Y+
000124 91e9      	LD   R30,Y+
000125 bfef      	OUT  SREG,R30
000126 91f9      	LD   R31,Y+
000127 91e9      	LD   R30,Y+
000128 91b9      	LD   R27,Y+
000129 91a9      	LD   R26,Y+
00012a 9518      	RETI
                 ; .FEND
                 ;
                 ;void main(void){
                 ; 0000 004C void main(void){
                 _main:
                 ; .FSTART _main
                 ; 0000 004D     DDRA = 0b00000001;
00012b e0e1      	LDI  R30,LOW(1)
00012c bbea      	OUT  0x1A,R30
                 ; 0000 004E     DDRD = 0b00000000;
00012d e0e0      	LDI  R30,LOW(0)
00012e bbe1      	OUT  0x11,R30
                 ; 0000 004F     DDRC = 0xff;
00012f efef      	LDI  R30,LOW(255)
000130 bbe4      	OUT  0x14,R30
                 ; 0000 0050     PORTC = 0b00000000;
000131 e0e0      	LDI  R30,LOW(0)
000132 bbe5      	OUT  0x15,R30
                 ; 0000 0051     PORTC = digits[2];
                +
000133 91e0 016c+LDS R30 , _digits + ( 4 )
                 	__GETB1MN _digits,4
000135 bbe5      	OUT  0x15,R30
                 ; 0000 0052     PORTA.0 = 0;
000136 98d8      	CBI  0x1B,0
                 ; 0000 0053     TCCR0=(0<<WGM00) | (0<<COM01) | (0<<COM00) | (0<<WGM01) | (1<<CS02) | (0<<CS01) | (1<<CS00);
000137 e0e5      	LDI  R30,LOW(5)
000138 bfe3      	OUT  0x33,R30
                 ; 0000 0054     TCNT0=0x06;
000139 e0e6      	LDI  R30,LOW(6)
00013a bfe2      	OUT  0x32,R30
                 ; 0000 0055     OCR0=0x00;
00013b e0e0      	LDI  R30,LOW(0)
00013c bfec      	OUT  0x3C,R30
                 ; 0000 0056     TIMSK=(0<<OCIE2) | (0<<TOIE2) | (0<<TICIE1) | (0<<OCIE1A) | (0<<OCIE1B) | (0<<TOIE1) | (0<<OCIE0) | (1<<TOIE0);
00013d e0e1      	LDI  R30,LOW(1)
00013e bfe9      	OUT  0x39,R30
                 ; 0000 0057     GICR|=(1<<INT1) | (1<<INT0) | (0<<INT2);
00013f b7eb      	IN   R30,0x3B
000140 6ce0      	ORI  R30,LOW(0xC0)
000141 bfeb      	OUT  0x3B,R30
                 ; 0000 0058     MCUCR=(0<<ISC11) | (1<<ISC10) | (0<<ISC01) | (1<<ISC00);
000142 e0e5      	LDI  R30,LOW(5)
000143 bfe5      	OUT  0x35,R30
                 ; 0000 0059     MCUCSR=(0<<ISC2);
000144 e0e0      	LDI  R30,LOW(0)
000145 bfe4      	OUT  0x34,R30
                 ; 0000 005A     GIFR=(1<<INTF1) | (1<<INTF0) | (0<<INTF2);
000146 ece0      	LDI  R30,LOW(192)
000147 bfea      	OUT  0x3A,R30
                 ; 0000 005B 
                 ; 0000 005C     #asm("sei");
000148 9478      	sei
                 ; 0000 005D while (1){
                 _0x1E:
                 ; 0000 005E 
                 ; 0000 005F     }
000149 cfff      	RJMP _0x1E
                 ; 0000 0060 }
                 _0x21:
00014a cfff      	RJMP _0x21
                 ; .FEND
                 	#ifndef __SLEEP_DEFINED__
                 	#endif
                 
                 	.CSEG
                 
                 	.CSEG
                 
                 	.CSEG
                 
                 	.DSEG
                 _validationCode:
000160           	.BYTE 0x8
                 _digits:
000168           	.BYTE 0x8
                 _code:
000170           	.BYTE 0x8
                 
                 	.CSEG
                 ;OPTIMIZER ADDED SUBROUTINE, CALLED 5 TIMES, CODE SIZE REDUCTION:5 WORDS
                 SUBOPT_0x0:
00014b 0fee      	LSL  R30
00014c 1fff      	ROL  R31
00014d 0fae      	ADD  R26,R30
00014e 1fbf      	ADC  R27,R31
00014f 9508      	RET
                 
                 ;OPTIMIZER ADDED SUBROUTINE, CALLED 4 TIMES, CODE SIZE REDUCTION:3 WORDS
                 SUBOPT_0x1:
000150 e7a0      	LDI  R26,LOW(_code)
000151 e0b1      	LDI  R27,HIGH(_code)
000152 cff8      	RJMP SUBOPT_0x0
                 
                 
                 	.CSEG
                 __GETW1P:
000153 91ed      	LD   R30,X+
000154 91fc      	LD   R31,X
000155 9711      	SBIW R26,1
000156 9508      	RET
                 
                 __SAVELOCR4:
000157 933a      	ST   -Y,R19
                 __SAVELOCR3:
000158 932a      	ST   -Y,R18
                 __SAVELOCR2:
000159 931a      	ST   -Y,R17
00015a 930a      	ST   -Y,R16
00015b 9508      	RET
                 
                 __LOADLOCR4:
00015c 813b      	LDD  R19,Y+3
                 __LOADLOCR3:
00015d 812a      	LDD  R18,Y+2
                 __LOADLOCR2:
00015e 8119      	LDD  R17,Y+1
00015f 8108      	LD   R16,Y
000160 9508      	RET
                 
                 ;END OF CODE MARKER
                 __END_OF_CODE:


RESOURCE USE INFORMATION
------------------------

Notice:
The register and instruction counts are symbol table hit counts,
and hence implicitly used resources are not counted, eg, the
'lpm' instruction without operands implicitly uses r0 and z,
none of which are counted.

x,y,z are separate entities in the symbol table and are
counted separately from r26..r31 here.

.dseg memory usage only counts static data declared with .byte

ATmega16 register use summary:
r0 :   8 r1 :   5 r2 :   0 r3 :   0 r4 :   2 r5 :   2 r6 :   5 r7 :   1 
r8 :   6 r9 :   4 r10:   5 r11:   1 r12:   0 r13:   0 r14:   0 r15:   2 
r16:   9 r17:  11 r18:   8 r19:   6 r20:   0 r21:   0 r22:   4 r23:   2 
r24:   9 r25:   4 r26:  11 r27:   9 r28:   2 r29:   1 r30:  97 r31:  21 
x  :  13 y  :  50 z  :   7 
Registers used: 28 out of 35 (80.0%)

ATmega16 instruction use summary:
.lds  :   0 .lds.l:   0 .sts  :   0 .sts.l:   0 adc   :   1 add   :   1 
adiw  :   3 and   :   0 andi  :   0 asr   :   0 bclr  :   0 bld   :   0 
brbc  :   0 brbs  :   0 brcc  :   0 brcs  :   0 break :   0 breq  :   8 
brge  :   2 brhc  :   0 brhs  :   0 brid  :   0 brie  :   0 brlo  :   0 
brlt  :   0 brmi  :   0 brne  :   3 brpl  :   0 brsh  :   0 brtc  :   0 
brts  :   0 brvc  :   0 brvs  :   0 bset  :   0 bst   :   0 call  :   8 
cbi   :   2 cbr   :   0 clc   :   0 clh   :   0 cli   :   1 cln   :   0 
clr   :   9 cls   :   0 clt   :   0 clv   :   0 clz   :   0 com   :   1 
cp    :   5 cpc   :   5 cpi   :   1 cpse  :   0 dec   :   1 des   :   0 
eor   :   0 fmul  :   0 fmuls :   0 fmulsu:   0 icall :   0 ijmp  :   0 
in    :   4 inc   :   0 jmp   :  22 ld    :  26 ldd   :   3 ldi   :  49 
lds   :   5 lpm   :   7 lsl   :   1 lsr   :   0 mov   :   1 movw  :  12 
mul   :   0 muls  :   0 mulsu :   0 neg   :   0 nop   :   0 or    :   0 
ori   :   1 out   :  27 pop   :   0 push  :   0 rcall :   2 ret   :   5 
reti  :   3 rjmp  :  11 rol   :   1 ror   :   0 sbc   :   0 sbci  :   2 
sbi   :   1 sbic  :   0 sbis  :   2 sbiw  :   5 sbr   :   0 sbrc  :   0 
sbrs  :   0 sec   :   0 seh   :   0 sei   :   1 sen   :   0 ser   :   0 
ses   :   0 set   :   0 sev   :   0 sez   :   0 sleep :   0 spm   :   0 
st    :  34 std   :   0 sts   :   0 sub   :   0 subi  :   2 swap  :   0 
tst   :   3 wdr   :   0 
Instructions used: 40 out of 116 (34.5%)

ATmega16 memory use summary [bytes]:
Segment   Begin    End      Code   Data   Used    Size   Use%
---------------------------------------------------------------
[.cseg] 0x000000 0x0002c2    632     74    706   16384   4.3%
[.dseg] 0x000060 0x000178      0     24     24    1024   2.3%
[.eseg] 0x000000 0x000000      0      0      0     512   0.0%

Assembly complete, 0 errors, 10 warnings
